#
# There is insufficient memory for the Java Runtime Environment to continue.
# Native memory allocation (malloc) failed to allocate 32744 bytes for ChunkPool::allocate
# Possible reasons:
#   The system is out of physical RAM or swap space
#   The process is running with CompressedOops enabled, and the Java Heap may be blocking the growth of the native heap
# Possible solutions:
#   Reduce memory load on the system
#   Increase physical memory or swap space
#   Check if swap backing store is full
#   Decrease Java heap size (-Xmx/-Xms)
#   Decrease number of Java threads
#   Decrease Java thread stack sizes (-Xss)
#   Set larger code cache with -XX:ReservedCodeCacheSize=
#   JVM is running with Zero Based Compressed Oops mode in which the Java heap is
#     placed in the first 32GB address space. The Java Heap base address is the
#     maximum limit for the native heap growth. Please use -XX:HeapBaseMinAddress
#     to set the Java Heap base and to place the Java Heap above 32GB virtual address.
# This output file may be truncated or incomplete.
#
#  Out of Memory Error (./src/hotspot/share/memory/arena.cpp:81), pid=22368, tid=22120
#
# JRE version: OpenJDK Runtime Environment (11.0.15.1+2) (build 11.0.15.1+2-LTS)
# Java VM: OpenJDK 64-Bit Server VM (11.0.15.1+2-LTS, mixed mode, tiered, compressed oops, g1 gc, windows-amd64)
# No core dump will be written. Minidumps are not enabled by default on client versions of Windows
#

---------------  S U M M A R Y ------------

Command Line: -agentlib:jdwp=transport=dt_socket,server=n,suspend=y,address=127.0.0.1:62496 -Dfile.encoding=windows-1251 -Duser.country=RU -Duser.language=ru -Duser.variant com.example.demo.ConfigurationpropertiesApplication

Host: AMD Ryzen 5 4600H with Radeon Graphics         , 12 cores, 15G,  Windows 10 , 64 bit Build 19041 (10.0.19041.1806)
Time: Mon Jul 11 08:54:01 2022 RTZ 2 (s 10 , 64 bit Build 19041 (10.0.19041.1806) elapsed time: 4.428756 seconds (0d 0h 0m 4s)

---------------  T H R E A D  ---------------

Current thread (0x000001a7a951a000):  JavaThread "C2 CompilerThread1" daemon [_thread_in_native, id=22120, stack(0x00000034cc100000,0x00000034cc200000)]


Current CompileTask:
C2:   4428 3832 % !   4       com.sun.crypto.provider.PBKDF2KeyImpl::deriveKey @ 191 (295 bytes)

Stack: [0x00000034cc100000,0x00000034cc200000]
Native frames: (J=compiled Java code, j=interpreted, Vv=VM code, C=native code)
V  [jvm.dll+0x61a02a]
V  [jvm.dll+0x7a4a49]
V  [jvm.dll+0x7a6229]
V  [jvm.dll+0x7a6913]
V  [jvm.dll+0x24dfe8]
V  [jvm.dll+0xc245b]
V  [jvm.dll+0xc27bc]
V  [jvm.dll+0x35cc98]
V  [jvm.dll+0x35c141]
V  [jvm.dll+0x35c184]
V  [jvm.dll+0x35656f]
V  [jvm.dll+0x19e7a4]
V  [jvm.dll+0x207a92]
V  [jvm.dll+0x206b9d]
V  [jvm.dll+0x18a411]
V  [jvm.dll+0x216004]
V  [jvm.dll+0x21424b]
V  [jvm.dll+0x767850]
V  [jvm.dll+0x7606e4]
V  [jvm.dll+0x618e86]
C  [ucrtbase.dll+0x21bb2]
C  [KERNEL32.DLL+0x17034]
C  [ntdll.dll+0x52651]


---------------  P R O C E S S  ---------------

Threads class SMR info:
_java_thread_list=0x000001a7aac97070, length=20, elements={
0x000001a7f96da000, 0x000001a7a42b2800, 0x000001a7a42b4000, 0x000001a7a4bbb800,
0x000001a7a4bbc800, 0x000001a7a4bbd800, 0x000001a7a4bc4000, 0x000001a7a4bc6000,
0x000001a7a4bcc800, 0x000001a7a4ded000, 0x000001a7a4dd9800, 0x000001a7a4dda800,
0x000001a7a4e14800, 0x000001a7a5b41000, 0x000001a7a5b45000, 0x000001a7a951a000,
0x000001a7aac9c000, 0x000001a7ab490800, 0x000001a7aac4c000, 0x000001a7ab36a800
}

Java Threads: ( => current thread )
  0x000001a7f96da000 JavaThread "main" [_thread_blocked, id=14908, stack(0x00000034cad00000,0x00000034cae00000)]
  0x000001a7a42b2800 JavaThread "Reference Handler" daemon [_thread_blocked, id=12852, stack(0x00000034cb400000,0x00000034cb500000)]
  0x000001a7a42b4000 JavaThread "Finalizer" daemon [_thread_blocked, id=15440, stack(0x00000034cb500000,0x00000034cb600000)]
  0x000001a7a4bbb800 JavaThread "Signal Dispatcher" daemon [_thread_blocked, id=6820, stack(0x00000034cb600000,0x00000034cb700000)]
  0x000001a7a4bbc800 JavaThread "Attach Listener" daemon [_thread_blocked, id=20476, stack(0x00000034cb700000,0x00000034cb800000)]
  0x000001a7a4bbd800 JavaThread "Service Thread" daemon [_thread_blocked, id=26424, stack(0x00000034cb800000,0x00000034cb900000)]
  0x000001a7a4bc4000 JavaThread "C2 CompilerThread0" daemon [_thread_in_native, id=26596, stack(0x00000034cb900000,0x00000034cba00000)]
  0x000001a7a4bc6000 JavaThread "C1 CompilerThread0" daemon [_thread_blocked, id=16080, stack(0x00000034cba00000,0x00000034cbb00000)]
  0x000001a7a4bcc800 JavaThread "Sweeper thread" daemon [_thread_blocked, id=7008, stack(0x00000034cbb00000,0x00000034cbc00000)]
  0x000001a7a4ded000 JavaThread "JDWP Transport Listener: dt_socket" daemon [_thread_blocked, id=2596, stack(0x00000034cbc00000,0x00000034cbd00000)]
  0x000001a7a4dd9800 JavaThread "JDWP Event Helper Thread" daemon [_thread_blocked, id=21760, stack(0x00000034cbd00000,0x00000034cbe00000)]
  0x000001a7a4dda800 JavaThread "JDWP Command Reader" daemon [_thread_in_native, id=10896, stack(0x00000034cbe00000,0x00000034cbf00000)]
  0x000001a7a4e14800 JavaThread "Common-Cleaner" daemon [_thread_blocked, id=10136, stack(0x00000034cc000000,0x00000034cc100000)]
  0x000001a7a5b41000 JavaThread "Thread-0" [_thread_blocked, id=25896, stack(0x00000034cc200000,0x00000034cc300000)]
  0x000001a7a5b45000 JavaThread "restartedMain" [_thread_blocked, id=21052, stack(0x00000034cc300000,0x00000034cc400000)]
=>0x000001a7a951a000 JavaThread "C2 CompilerThread1" daemon [_thread_in_native, id=22120, stack(0x00000034cc100000,0x00000034cc200000)]
  0x000001a7aac9c000 JavaThread "C2 CompilerThread2" daemon [_thread_in_native, id=1464, stack(0x00000034cc900000,0x00000034cca00000)]
  0x000001a7ab490800 JavaThread "Catalina-utility-1" [_thread_blocked, id=4996, stack(0x00000034cce00000,0x00000034ccf00000)]
  0x000001a7aac4c000 JavaThread "Catalina-utility-2" [_thread_blocked, id=22512, stack(0x00000034ccf00000,0x00000034cd000000)]
  0x000001a7ab36a800 JavaThread "container-0" [_thread_blocked, id=7924, stack(0x00000034cd000000,0x00000034cd100000)]

Other Threads:
  0x000001a7a42dd000 VMThread "VM Thread" [stack: 0x00000034cb300000,0x00000034cb400000] [id=15908]
  0x000001a7a4e19800 WatcherThread [stack: 0x00000034cbf00000,0x00000034cc000000] [id=14368]
  0x000001a7f96f1800 GCTaskThread "GC Thread#0" [stack: 0x00000034cae00000,0x00000034caf00000] [id=17024]
  0x000001a7a5af2000 GCTaskThread "GC Thread#1" [stack: 0x00000034cc400000,0x00000034cc500000] [id=17384]
  0x000001a7a5af2800 GCTaskThread "GC Thread#2" [stack: 0x00000034cc500000,0x00000034cc600000] [id=19168]
  0x000001a7a5af4000 GCTaskThread "GC Thread#3" [stack: 0x00000034cc600000,0x00000034cc700000] [id=10564]
  0x000001a7a5af4800 GCTaskThread "GC Thread#4" [stack: 0x00000034cc700000,0x00000034cc800000] [id=5020]
  0x000001a7a5af6000 GCTaskThread "GC Thread#5" [stack: 0x00000034cc800000,0x00000034cc900000] [id=20816]
  0x000001a7a6153800 GCTaskThread "GC Thread#6" [stack: 0x00000034cca00000,0x00000034ccb00000] [id=25768]
  0x000001a7a6667800 GCTaskThread "GC Thread#7" [stack: 0x00000034ccb00000,0x00000034ccc00000] [id=21888]
  0x000001a7f974f000 ConcurrentGCThread "G1 Main Marker" [stack: 0x00000034caf00000,0x00000034cb000000] [id=25816]
  0x000001a7f9751000 ConcurrentGCThread "G1 Conc#0" [stack: 0x00000034cb000000,0x00000034cb100000] [id=5092]
  0x000001a7a5db7800 ConcurrentGCThread "G1 Conc#1" [stack: 0x00000034ccc00000,0x00000034ccd00000] [id=2744]
  0x000001a7a5b0b800 ConcurrentGCThread "G1 Conc#2" [stack: 0x00000034ccd00000,0x00000034cce00000] [id=26472]
  0x000001a7a4197000 ConcurrentGCThread "G1 Refine#0" [stack: 0x00000034cb100000,0x00000034cb200000] [id=13896]
  0x000001a7a4198000 ConcurrentGCThread "G1 Young RemSet Sampling" [stack: 0x00000034cb200000,0x00000034cb300000] [id=20576]

Threads with active compile tasks:
C2 CompilerThread0     4447 3952   !   4       jdk.internal.loader.URLClassPath$JarLoader::getResource (353 bytes)
C2 CompilerThread1     4447 3832 % !   4       com.sun.crypto.provider.PBKDF2KeyImpl::deriveKey @ 191 (295 bytes)
C2 CompilerThread2     4447 3759       4       org.springframework.aop.aspectj.AspectJExpressionPointcut::matches (74 bytes)

VM state:not at safepoint (normal execution)

VM Mutex/Monitor currently owned by a thread: None

Heap address: 0x000000070a000000, size: 3936 MB, Compressed Oops mode: Zero based, Oop shift amount: 3
Narrow klass base: 0x0000000800000000, Narrow klass shift: 0
Compressed class space size: 1073741824 Address: 0x0000000800000000

Heap:
 garbage-first heap   total 251904K, used 54053K [0x000000070a000000, 0x0000000800000000)
  region size 1024K, 49 young (50176K), 7 survivors (7168K)
 Metaspace       used 41035K, capacity 42058K, committed 42364K, reserved 1087488K
  class space    used 4653K, capacity 5064K, committed 5120K, reserved 1048576K
Heap Regions: E=young(eden), S=young(survivor), O=old, HS=humongous(starts), HC=humongous(continues), CS=collection set, F=free, A=archive, TAMS=top-at-mark-start (previous, next)
|   0|0x000000070a000000, 0x000000070a100000, 0x000000070a100000|100%| O|  |TAMS 0x000000070a100000, 0x000000070a000000| Untracked 
|   1|0x000000070a100000, 0x000000070a200000, 0x000000070a200000|100%| O|  |TAMS 0x000000070a200000, 0x000000070a100000| Untracked 
|   2|0x000000070a200000, 0x000000070a300000, 0x000000070a300000|100%| O|  |TAMS 0x000000070a300000, 0x000000070a200000| Untracked 
|   3|0x000000070a300000, 0x000000070a400000, 0x000000070a400000|100%| O|  |TAMS 0x000000070a400000, 0x000000070a300000| Untracked 
|   4|0x000000070a400000, 0x000000070a4c9400, 0x000000070a500000| 78%| O|  |TAMS 0x000000070a4c9400, 0x000000070a400000| Untracked 
|   5|0x000000070a500000, 0x000000070a500000, 0x000000070a600000|  0%| F|  |TAMS 0x000000070a500000, 0x000000070a500000| Untracked 
|   6|0x000000070a600000, 0x000000070a600000, 0x000000070a700000|  0%| F|  |TAMS 0x000000070a600000, 0x000000070a600000| Untracked 
|   7|0x000000070a700000, 0x000000070a700000, 0x000000070a800000|  0%| F|  |TAMS 0x000000070a700000, 0x000000070a700000| Untracked 
|   8|0x000000070a800000, 0x000000070a800000, 0x000000070a900000|  0%| F|  |TAMS 0x000000070a800000, 0x000000070a800000| Untracked 
|   9|0x000000070a900000, 0x000000070a900000, 0x000000070aa00000|  0%| F|  |TAMS 0x000000070a900000, 0x000000070a900000| Untracked 
|  10|0x000000070aa00000, 0x000000070aa00000, 0x000000070ab00000|  0%| F|  |TAMS 0x000000070aa00000, 0x000000070aa00000| Untracked 
|  11|0x000000070ab00000, 0x000000070ab00000, 0x000000070ac00000|  0%| F|  |TAMS 0x000000070ab00000, 0x000000070ab00000| Untracked 
|  12|0x000000070ac00000, 0x000000070ac00000, 0x000000070ad00000|  0%| F|  |TAMS 0x000000070ac00000, 0x000000070ac00000| Untracked 
|  13|0x000000070ad00000, 0x000000070ad00000, 0x000000070ae00000|  0%| F|  |TAMS 0x000000070ad00000, 0x000000070ad00000| Untracked 
|  14|0x000000070ae00000, 0x000000070ae00000, 0x000000070af00000|  0%| F|  |TAMS 0x000000070ae00000, 0x000000070ae00000| Untracked 
|  15|0x000000070af00000, 0x000000070af00000, 0x000000070b000000|  0%| F|  |TAMS 0x000000070af00000, 0x000000070af00000| Untracked 
|  16|0x000000070b000000, 0x000000070b000000, 0x000000070b100000|  0%| F|  |TAMS 0x000000070b000000, 0x000000070b000000| Untracked 
|  17|0x000000070b100000, 0x000000070b100000, 0x000000070b200000|  0%| F|  |TAMS 0x000000070b100000, 0x000000070b100000| Untracked 
|  18|0x000000070b200000, 0x000000070b200000, 0x000000070b300000|  0%| F|  |TAMS 0x000000070b200000, 0x000000070b200000| Untracked 
|  19|0x000000070b300000, 0x000000070b300000, 0x000000070b400000|  0%| F|  |TAMS 0x000000070b300000, 0x000000070b300000| Untracked 
|  20|0x000000070b400000, 0x000000070b400000, 0x000000070b500000|  0%| F|  |TAMS 0x000000070b400000, 0x000000070b400000| Untracked 
|  21|0x000000070b500000, 0x000000070b500000, 0x000000070b600000|  0%| F|  |TAMS 0x000000070b500000, 0x000000070b500000| Untracked 
|  22|0x000000070b600000, 0x000000070b600000, 0x000000070b700000|  0%| F|  |TAMS 0x000000070b600000, 0x000000070b600000| Untracked 
|  23|0x000000070b700000, 0x000000070b700000, 0x000000070b800000|  0%| F|  |TAMS 0x000000070b700000, 0x000000070b700000| Untracked 
|  24|0x000000070b800000, 0x000000070b800000, 0x000000070b900000|  0%| F|  |TAMS 0x000000070b800000, 0x000000070b800000| Untracked 
|  25|0x000000070b900000, 0x000000070b900000, 0x000000070ba00000|  0%| F|  |TAMS 0x000000070b900000, 0x000000070b900000| Untracked 
|  26|0x000000070ba00000, 0x000000070ba00000, 0x000000070bb00000|  0%| F|  |TAMS 0x000000070ba00000, 0x000000070ba00000| Untracked 
|  27|0x000000070bb00000, 0x000000070bb00000, 0x000000070bc00000|  0%| F|  |TAMS 0x000000070bb00000, 0x000000070bb00000| Untracked 
|  28|0x000000070bc00000, 0x000000070bc00000, 0x000000070bd00000|  0%| F|  |TAMS 0x000000070bc00000, 0x000000070bc00000| Untracked 
|  29|0x000000070bd00000, 0x000000070bd00000, 0x000000070be00000|  0%| F|  |TAMS 0x000000070bd00000, 0x000000070bd00000| Untracked 
|  30|0x000000070be00000, 0x000000070be00000, 0x000000070bf00000|  0%| F|  |TAMS 0x000000070be00000, 0x000000070be00000| Untracked 
|  31|0x000000070bf00000, 0x000000070bf00000, 0x000000070c000000|  0%| F|  |TAMS 0x000000070bf00000, 0x000000070bf00000| Untracked 
|  32|0x000000070c000000, 0x000000070c000000, 0x000000070c100000|  0%| F|  |TAMS 0x000000070c000000, 0x000000070c000000| Untracked 
|  33|0x000000070c100000, 0x000000070c100000, 0x000000070c200000|  0%| F|  |TAMS 0x000000070c100000, 0x000000070c100000| Untracked 
|  34|0x000000070c200000, 0x000000070c200000, 0x000000070c300000|  0%| F|  |TAMS 0x000000070c200000, 0x000000070c200000| Untracked 
|  35|0x000000070c300000, 0x000000070c300000, 0x000000070c400000|  0%| F|  |TAMS 0x000000070c300000, 0x000000070c300000| Untracked 
|  36|0x000000070c400000, 0x000000070c400000, 0x000000070c500000|  0%| F|  |TAMS 0x000000070c400000, 0x000000070c400000| Untracked 
|  37|0x000000070c500000, 0x000000070c500000, 0x000000070c600000|  0%| F|  |TAMS 0x000000070c500000, 0x000000070c500000| Untracked 
|  38|0x000000070c600000, 0x000000070c600000, 0x000000070c700000|  0%| F|  |TAMS 0x000000070c600000, 0x000000070c600000| Untracked 
|  39|0x000000070c700000, 0x000000070c700000, 0x000000070c800000|  0%| F|  |TAMS 0x000000070c700000, 0x000000070c700000| Untracked 
|  40|0x000000070c800000, 0x000000070c800000, 0x000000070c900000|  0%| F|  |TAMS 0x000000070c800000, 0x000000070c800000| Untracked 
|  41|0x000000070c900000, 0x000000070c900000, 0x000000070ca00000|  0%| F|  |TAMS 0x000000070c900000, 0x000000070c900000| Untracked 
|  42|0x000000070ca00000, 0x000000070ca00000, 0x000000070cb00000|  0%| F|  |TAMS 0x000000070ca00000, 0x000000070ca00000| Untracked 
|  43|0x000000070cb00000, 0x000000070cb00000, 0x000000070cc00000|  0%| F|  |TAMS 0x000000070cb00000, 0x000000070cb00000| Untracked 
|  44|0x000000070cc00000, 0x000000070cc00000, 0x000000070cd00000|  0%| F|  |TAMS 0x000000070cc00000, 0x000000070cc00000| Untracked 
|  45|0x000000070cd00000, 0x000000070cd00000, 0x000000070ce00000|  0%| F|  |TAMS 0x000000070cd00000, 0x000000070cd00000| Untracked 
|  46|0x000000070ce00000, 0x000000070ce00000, 0x000000070cf00000|  0%| F|  |TAMS 0x000000070ce00000, 0x000000070ce00000| Untracked 
|  47|0x000000070cf00000, 0x000000070cf00000, 0x000000070d000000|  0%| F|  |TAMS 0x000000070cf00000, 0x000000070cf00000| Untracked 
|  48|0x000000070d000000, 0x000000070d000000, 0x000000070d100000|  0%| F|  |TAMS 0x000000070d000000, 0x000000070d000000| Untracked 
|  49|0x000000070d100000, 0x000000070d100000, 0x000000070d200000|  0%| F|  |TAMS 0x000000070d100000, 0x000000070d100000| Untracked 
|  50|0x000000070d200000, 0x000000070d200000, 0x000000070d300000|  0%| F|  |TAMS 0x000000070d200000, 0x000000070d200000| Untracked 
|  51|0x000000070d300000, 0x000000070d300000, 0x000000070d400000|  0%| F|  |TAMS 0x000000070d300000, 0x000000070d300000| Untracked 
|  52|0x000000070d400000, 0x000000070d400000, 0x000000070d500000|  0%| F|  |TAMS 0x000000070d400000, 0x000000070d400000| Untracked 
|  53|0x000000070d500000, 0x000000070d500000, 0x000000070d600000|  0%| F|  |TAMS 0x000000070d500000, 0x000000070d500000| Untracked 
|  54|0x000000070d600000, 0x000000070d600000, 0x000000070d700000|  0%| F|  |TAMS 0x000000070d600000, 0x000000070d600000| Untracked 
|  55|0x000000070d700000, 0x000000070d700000, 0x000000070d800000|  0%| F|  |TAMS 0x000000070d700000, 0x000000070d700000| Untracked 
|  56|0x000000070d800000, 0x000000070d800000, 0x000000070d900000|  0%| F|  |TAMS 0x000000070d800000, 0x000000070d800000| Untracked 
|  57|0x000000070d900000, 0x000000070d900000, 0x000000070da00000|  0%| F|  |TAMS 0x000000070d900000, 0x000000070d900000| Untracked 
|  58|0x000000070da00000, 0x000000070da00000, 0x000000070db00000|  0%| F|  |TAMS 0x000000070da00000, 0x000000070da00000| Untracked 
|  59|0x000000070db00000, 0x000000070db00000, 0x000000070dc00000|  0%| F|  |TAMS 0x000000070db00000, 0x000000070db00000| Untracked 
|  60|0x000000070dc00000, 0x000000070dc00000, 0x000000070dd00000|  0%| F|  |TAMS 0x000000070dc00000, 0x000000070dc00000| Untracked 
|  61|0x000000070dd00000, 0x000000070dd00000, 0x000000070de00000|  0%| F|  |TAMS 0x000000070dd00000, 0x000000070dd00000| Untracked 
|  62|0x000000070de00000, 0x000000070de00000, 0x000000070df00000|  0%| F|  |TAMS 0x000000070de00000, 0x000000070de00000| Untracked 
|  63|0x000000070df00000, 0x000000070df00000, 0x000000070e000000|  0%| F|  |TAMS 0x000000070df00000, 0x000000070df00000| Untracked 
|  64|0x000000070e000000, 0x000000070e000000, 0x000000070e100000|  0%| F|  |TAMS 0x000000070e000000, 0x000000070e000000| Untracked 
|  65|0x000000070e100000, 0x000000070e100000, 0x000000070e200000|  0%| F|  |TAMS 0x000000070e100000, 0x000000070e100000| Untracked 
|  66|0x000000070e200000, 0x000000070e200000, 0x000000070e300000|  0%| F|  |TAMS 0x000000070e200000, 0x000000070e200000| Untracked 
|  67|0x000000070e300000, 0x000000070e300000, 0x000000070e400000|  0%| F|  |TAMS 0x000000070e300000, 0x000000070e300000| Untracked 
|  68|0x000000070e400000, 0x000000070e400000, 0x000000070e500000|  0%| F|  |TAMS 0x000000070e400000, 0x000000070e400000| Untracked 
|  69|0x000000070e500000, 0x000000070e500000, 0x000000070e600000|  0%| F|  |TAMS 0x000000070e500000, 0x000000070e500000| Untracked 
|  70|0x000000070e600000, 0x000000070e600000, 0x000000070e700000|  0%| F|  |TAMS 0x000000070e600000, 0x000000070e600000| Untracked 
|  71|0x000000070e700000, 0x000000070e700000, 0x000000070e800000|  0%| F|  |TAMS 0x000000070e700000, 0x000000070e700000| Untracked 
|  72|0x000000070e800000, 0x000000070e800000, 0x000000070e900000|  0%| F|  |TAMS 0x000000070e800000, 0x000000070e800000| Untracked 
|  73|0x000000070e900000, 0x000000070e900000, 0x000000070ea00000|  0%| F|  |TAMS 0x000000070e900000, 0x000000070e900000| Untracked 
|  74|0x000000070ea00000, 0x000000070ea00000, 0x000000070eb00000|  0%| F|  |TAMS 0x000000070ea00000, 0x000000070ea00000| Untracked 
|  75|0x000000070eb00000, 0x000000070eb00000, 0x000000070ec00000|  0%| F|  |TAMS 0x000000070eb00000, 0x000000070eb00000| Untracked 
|  76|0x000000070ec00000, 0x000000070ec00000, 0x000000070ed00000|  0%| F|  |TAMS 0x000000070ec00000, 0x000000070ec00000| Untracked 
|  77|0x000000070ed00000, 0x000000070ed00000, 0x000000070ee00000|  0%| F|  |TAMS 0x000000070ed00000, 0x000000070ed00000| Untracked 
|  78|0x000000070ee00000, 0x000000070ee00000, 0x000000070ef00000|  0%| F|  |TAMS 0x000000070ee00000, 0x000000070ee00000| Untracked 
|  79|0x000000070ef00000, 0x000000070ef00000, 0x000000070f000000|  0%| F|  |TAMS 0x000000070ef00000, 0x000000070ef00000| Untracked 
|  80|0x000000070f000000, 0x000000070f000000, 0x000000070f100000|  0%| F|  |TAMS 0x000000070f000000, 0x000000070f000000| Untracked 
|  81|0x000000070f100000, 0x000000070f100000, 0x000000070f200000|  0%| F|  |TAMS 0x000000070f100000, 0x000000070f100000| Untracked 
|  82|0x000000070f200000, 0x000000070f200000, 0x000000070f300000|  0%| F|  |TAMS 0x000000070f200000, 0x000000070f200000| Untracked 
|  83|0x000000070f300000, 0x000000070f300000, 0x000000070f400000|  0%| F|  |TAMS 0x000000070f300000, 0x000000070f300000| Untracked 
|  84|0x000000070f400000, 0x000000070f400000, 0x000000070f500000|  0%| F|  |TAMS 0x000000070f400000, 0x000000070f400000| Untracked 
|  85|0x000000070f500000, 0x000000070f500000, 0x000000070f600000|  0%| F|  |TAMS 0x000000070f500000, 0x000000070f500000| Untracked 
|  86|0x000000070f600000, 0x000000070f600000, 0x000000070f700000|  0%| F|  |TAMS 0x000000070f600000, 0x000000070f600000| Untracked 
|  87|0x000000070f700000, 0x000000070f700000, 0x000000070f800000|  0%| F|  |TAMS 0x000000070f700000, 0x000000070f700000| Untracked 
|  88|0x000000070f800000, 0x000000070f800000, 0x000000070f900000|  0%| F|  |TAMS 0x000000070f800000, 0x000000070f800000| Untracked 
|  89|0x000000070f900000, 0x000000070f900000, 0x000000070fa00000|  0%| F|  |TAMS 0x000000070f900000, 0x000000070f900000| Untracked 
|  90|0x000000070fa00000, 0x000000070fa00000, 0x000000070fb00000|  0%| F|  |TAMS 0x000000070fa00000, 0x000000070fa00000| Untracked 
|  91|0x000000070fb00000, 0x000000070fb00000, 0x000000070fc00000|  0%| F|  |TAMS 0x000000070fb00000, 0x000000070fb00000| Untracked 
|  92|0x000000070fc00000, 0x000000070fc00000, 0x000000070fd00000|  0%| F|  |TAMS 0x000000070fc00000, 0x000000070fc00000| Untracked 
|  93|0x000000070fd00000, 0x000000070fd00000, 0x000000070fe00000|  0%| F|  |TAMS 0x000000070fd00000, 0x000000070fd00000| Untracked 
|  94|0x000000070fe00000, 0x000000070fe00000, 0x000000070ff00000|  0%| F|  |TAMS 0x000000070fe00000, 0x000000070fe00000| Untracked 
|  95|0x000000070ff00000, 0x000000070ff00000, 0x0000000710000000|  0%| F|  |TAMS 0x000000070ff00000, 0x000000070ff00000| Untracked 
|  96|0x0000000710000000, 0x0000000710000000, 0x0000000710100000|  0%| F|  |TAMS 0x0000000710000000, 0x0000000710000000| Untracked 
|  97|0x0000000710100000, 0x0000000710100000, 0x0000000710200000|  0%| F|  |TAMS 0x0000000710100000, 0x0000000710100000| Untracked 
|  98|0x0000000710200000, 0x0000000710200000, 0x0000000710300000|  0%| F|  |TAMS 0x0000000710200000, 0x0000000710200000| Untracked 
|  99|0x0000000710300000, 0x0000000710300000, 0x0000000710400000|  0%| F|  |TAMS 0x0000000710300000, 0x0000000710300000| Untracked 
| 100|0x0000000710400000, 0x0000000710400000, 0x0000000710500000|  0%| F|  |TAMS 0x0000000710400000, 0x0000000710400000| Untracked 
| 101|0x0000000710500000, 0x0000000710500000, 0x0000000710600000|  0%| F|  |TAMS 0x0000000710500000, 0x0000000710500000| Untracked 
| 102|0x0000000710600000, 0x0000000710600000, 0x0000000710700000|  0%| F|  |TAMS 0x0000000710600000, 0x0000000710600000| Untracked 
| 103|0x0000000710700000, 0x0000000710700000, 0x0000000710800000|  0%| F|  |TAMS 0x0000000710700000, 0x0000000710700000| Untracked 
| 104|0x0000000710800000, 0x0000000710800000, 0x0000000710900000|  0%| F|  |TAMS 0x0000000710800000, 0x0000000710800000| Untracked 
| 105|0x0000000710900000, 0x0000000710900000, 0x0000000710a00000|  0%| F|  |TAMS 0x0000000710900000, 0x0000000710900000| Untracked 
| 106|0x0000000710a00000, 0x0000000710a00000, 0x0000000710b00000|  0%| F|  |TAMS 0x0000000710a00000, 0x0000000710a00000| Untracked 
| 107|0x0000000710b00000, 0x0000000710b00000, 0x0000000710c00000|  0%| F|  |TAMS 0x0000000710b00000, 0x0000000710b00000| Untracked 
| 108|0x0000000710c00000, 0x0000000710c00000, 0x0000000710d00000|  0%| F|  |TAMS 0x0000000710c00000, 0x0000000710c00000| Untracked 
| 109|0x0000000710d00000, 0x0000000710d00000, 0x0000000710e00000|  0%| F|  |TAMS 0x0000000710d00000, 0x0000000710d00000| Untracked 
| 110|0x0000000710e00000, 0x0000000710e00000, 0x0000000710f00000|  0%| F|  |TAMS 0x0000000710e00000, 0x0000000710e00000| Untracked 
| 111|0x0000000710f00000, 0x0000000710f00000, 0x0000000711000000|  0%| F|  |TAMS 0x0000000710f00000, 0x0000000710f00000| Untracked 
| 112|0x0000000711000000, 0x0000000711000000, 0x0000000711100000|  0%| F|  |TAMS 0x0000000711000000, 0x0000000711000000| Untracked 
| 113|0x0000000711100000, 0x0000000711100000, 0x0000000711200000|  0%| F|  |TAMS 0x0000000711100000, 0x0000000711100000| Untracked 
| 114|0x0000000711200000, 0x0000000711200000, 0x0000000711300000|  0%| F|  |TAMS 0x0000000711200000, 0x0000000711200000| Untracked 
| 115|0x0000000711300000, 0x0000000711300000, 0x0000000711400000|  0%| F|  |TAMS 0x0000000711300000, 0x0000000711300000| Untracked 
| 116|0x0000000711400000, 0x0000000711400000, 0x0000000711500000|  0%| F|  |TAMS 0x0000000711400000, 0x0000000711400000| Untracked 
| 117|0x0000000711500000, 0x0000000711500000, 0x0000000711600000|  0%| F|  |TAMS 0x0000000711500000, 0x0000000711500000| Untracked 
| 118|0x0000000711600000, 0x0000000711600000, 0x0000000711700000|  0%| F|  |TAMS 0x0000000711600000, 0x0000000711600000| Untracked 
| 119|0x0000000711700000, 0x0000000711700000, 0x0000000711800000|  0%| F|  |TAMS 0x0000000711700000, 0x0000000711700000| Untracked 
| 120|0x0000000711800000, 0x0000000711800000, 0x0000000711900000|  0%| F|  |TAMS 0x0000000711800000, 0x0000000711800000| Untracked 
| 121|0x0000000711900000, 0x0000000711900000, 0x0000000711a00000|  0%| F|  |TAMS 0x0000000711900000, 0x0000000711900000| Untracked 
| 122|0x0000000711a00000, 0x0000000711a00000, 0x0000000711b00000|  0%| F|  |TAMS 0x0000000711a00000, 0x0000000711a00000| Untracked 
| 123|0x0000000711b00000, 0x0000000711b00000, 0x0000000711c00000|  0%| F|  |TAMS 0x0000000711b00000, 0x0000000711b00000| Untracked 
| 124|0x0000000711c00000, 0x0000000711c00000, 0x0000000711d00000|  0%| F|  |TAMS 0x0000000711c00000, 0x0000000711c00000| Untracked 
| 125|0x0000000711d00000, 0x0000000711d00000, 0x0000000711e00000|  0%| F|  |TAMS 0x0000000711d00000, 0x0000000711d00000| Untracked 
| 126|0x0000000711e00000, 0x0000000711e00000, 0x0000000711f00000|  0%| F|  |TAMS 0x0000000711e00000, 0x0000000711e00000| Untracked 
| 127|0x0000000711f00000, 0x0000000711f00000, 0x0000000712000000|  0%| F|  |TAMS 0x0000000711f00000, 0x0000000711f00000| Untracked 
| 128|0x0000000712000000, 0x0000000712000000, 0x0000000712100000|  0%| F|  |TAMS 0x0000000712000000, 0x0000000712000000| Untracked 
| 129|0x0000000712100000, 0x0000000712100000, 0x0000000712200000|  0%| F|  |TAMS 0x0000000712100000, 0x0000000712100000| Untracked 
| 130|0x0000000712200000, 0x0000000712200000, 0x0000000712300000|  0%| F|  |TAMS 0x0000000712200000, 0x0000000712200000| Untracked 
| 131|0x0000000712300000, 0x0000000712300000, 0x0000000712400000|  0%| F|  |TAMS 0x0000000712300000, 0x0000000712300000| Untracked 
| 132|0x0000000712400000, 0x0000000712400000, 0x0000000712500000|  0%| F|  |TAMS 0x0000000712400000, 0x0000000712400000| Untracked 
| 133|0x0000000712500000, 0x0000000712500000, 0x0000000712600000|  0%| F|  |TAMS 0x0000000712500000, 0x0000000712500000| Untracked 
| 134|0x0000000712600000, 0x0000000712600000, 0x0000000712700000|  0%| F|  |TAMS 0x0000000712600000, 0x0000000712600000| Untracked 
| 135|0x0000000712700000, 0x0000000712700000, 0x0000000712800000|  0%| F|  |TAMS 0x0000000712700000, 0x0000000712700000| Untracked 
| 136|0x0000000712800000, 0x0000000712800000, 0x0000000712900000|  0%| F|  |TAMS 0x0000000712800000, 0x0000000712800000| Untracked 
| 137|0x0000000712900000, 0x0000000712900000, 0x0000000712a00000|  0%| F|  |TAMS 0x0000000712900000, 0x0000000712900000| Untracked 
| 138|0x0000000712a00000, 0x0000000712a00000, 0x0000000712b00000|  0%| F|  |TAMS 0x0000000712a00000, 0x0000000712a00000| Untracked 
| 139|0x0000000712b00000, 0x0000000712b00000, 0x0000000712c00000|  0%| F|  |TAMS 0x0000000712b00000, 0x0000000712b00000| Untracked 
| 140|0x0000000712c00000, 0x0000000712c00000, 0x0000000712d00000|  0%| F|  |TAMS 0x0000000712c00000, 0x0000000712c00000| Untracked 
| 141|0x0000000712d00000, 0x0000000712d00000, 0x0000000712e00000|  0%| F|  |TAMS 0x0000000712d00000, 0x0000000712d00000| Untracked 
| 142|0x0000000712e00000, 0x0000000712e00000, 0x0000000712f00000|  0%| F|  |TAMS 0x0000000712e00000, 0x0000000712e00000| Untracked 
| 143|0x0000000712f00000, 0x0000000712f00000, 0x0000000713000000|  0%| F|  |TAMS 0x0000000712f00000, 0x0000000712f00000| Untracked 
| 144|0x0000000713000000, 0x0000000713000000, 0x0000000713100000|  0%| F|  |TAMS 0x0000000713000000, 0x0000000713000000| Untracked 
| 145|0x0000000713100000, 0x0000000713100000, 0x0000000713200000|  0%| F|  |TAMS 0x0000000713100000, 0x0000000713100000| Untracked 
| 146|0x0000000713200000, 0x0000000713200000, 0x0000000713300000|  0%| F|  |TAMS 0x0000000713200000, 0x0000000713200000| Untracked 
| 147|0x0000000713300000, 0x0000000713300000, 0x0000000713400000|  0%| F|  |TAMS 0x0000000713300000, 0x0000000713300000| Untracked 
| 148|0x0000000713400000, 0x0000000713400000, 0x0000000713500000|  0%| F|  |TAMS 0x0000000713400000, 0x0000000713400000| Untracked 
| 149|0x0000000713500000, 0x0000000713500000, 0x0000000713600000|  0%| F|  |TAMS 0x0000000713500000, 0x0000000713500000| Untracked 
| 150|0x0000000713600000, 0x0000000713600000, 0x0000000713700000|  0%| F|  |TAMS 0x0000000713600000, 0x0000000713600000| Untracked 
| 151|0x0000000713700000, 0x0000000713700000, 0x0000000713800000|  0%| F|  |TAMS 0x0000000713700000, 0x0000000713700000| Untracked 
| 152|0x0000000713800000, 0x0000000713800000, 0x0000000713900000|  0%| F|  |TAMS 0x0000000713800000, 0x0000000713800000| Untracked 
| 153|0x0000000713900000, 0x0000000713900000, 0x0000000713a00000|  0%| F|  |TAMS 0x0000000713900000, 0x0000000713900000| Untracked 
| 154|0x0000000713a00000, 0x0000000713a00000, 0x0000000713b00000|  0%| F|  |TAMS 0x0000000713a00000, 0x0000000713a00000| Untracked 
| 155|0x0000000713b00000, 0x0000000713b00000, 0x0000000713c00000|  0%| F|  |TAMS 0x0000000713b00000, 0x0000000713b00000| Untracked 
| 156|0x0000000713c00000, 0x0000000713c00000, 0x0000000713d00000|  0%| F|  |TAMS 0x0000000713c00000, 0x0000000713c00000| Untracked 
| 157|0x0000000713d00000, 0x0000000713d00000, 0x0000000713e00000|  0%| F|  |TAMS 0x0000000713d00000, 0x0000000713d00000| Untracked 
| 158|0x0000000713e00000, 0x0000000713e00000, 0x0000000713f00000|  0%| F|  |TAMS 0x0000000713e00000, 0x0000000713e00000| Untracked 
| 159|0x0000000713f00000, 0x0000000713f00000, 0x0000000714000000|  0%| F|  |TAMS 0x0000000713f00000, 0x0000000713f00000| Untracked 
| 160|0x0000000714000000, 0x0000000714000000, 0x0000000714100000|  0%| F|  |TAMS 0x0000000714000000, 0x0000000714000000| Untracked 
| 161|0x0000000714100000, 0x0000000714100000, 0x0000000714200000|  0%| F|  |TAMS 0x0000000714100000, 0x0000000714100000| Untracked 
| 162|0x0000000714200000, 0x0000000714200000, 0x0000000714300000|  0%| F|  |TAMS 0x0000000714200000, 0x0000000714200000| Untracked 
| 163|0x0000000714300000, 0x0000000714300000, 0x0000000714400000|  0%| F|  |TAMS 0x0000000714300000, 0x0000000714300000| Untracked 
| 164|0x0000000714400000, 0x0000000714400000, 0x0000000714500000|  0%| F|  |TAMS 0x0000000714400000, 0x0000000714400000| Untracked 
| 165|0x0000000714500000, 0x0000000714500000, 0x0000000714600000|  0%| F|  |TAMS 0x0000000714500000, 0x0000000714500000| Untracked 
| 166|0x0000000714600000, 0x0000000714600000, 0x0000000714700000|  0%| F|  |TAMS 0x0000000714600000, 0x0000000714600000| Untracked 
| 167|0x0000000714700000, 0x0000000714700000, 0x0000000714800000|  0%| F|  |TAMS 0x0000000714700000, 0x0000000714700000| Untracked 
| 168|0x0000000714800000, 0x0000000714800000, 0x0000000714900000|  0%| F|  |TAMS 0x0000000714800000, 0x0000000714800000| Untracked 
| 169|0x0000000714900000, 0x0000000714900000, 0x0000000714a00000|  0%| F|  |TAMS 0x0000000714900000, 0x0000000714900000| Untracked 
| 170|0x0000000714a00000, 0x0000000714a00000, 0x0000000714b00000|  0%| F|  |TAMS 0x0000000714a00000, 0x0000000714a00000| Untracked 
| 171|0x0000000714b00000, 0x0000000714b00000, 0x0000000714c00000|  0%| F|  |TAMS 0x0000000714b00000, 0x0000000714b00000| Untracked 
| 172|0x0000000714c00000, 0x0000000714c00000, 0x0000000714d00000|  0%| F|  |TAMS 0x0000000714c00000, 0x0000000714c00000| Untracked 
| 173|0x0000000714d00000, 0x0000000714d00000, 0x0000000714e00000|  0%| F|  |TAMS 0x0000000714d00000, 0x0000000714d00000| Untracked 
| 174|0x0000000714e00000, 0x0000000714e00000, 0x0000000714f00000|  0%| F|  |TAMS 0x0000000714e00000, 0x0000000714e00000| Untracked 
| 175|0x0000000714f00000, 0x0000000714f00000, 0x0000000715000000|  0%| F|  |TAMS 0x0000000714f00000, 0x0000000714f00000| Untracked 
| 176|0x0000000715000000, 0x0000000715000000, 0x0000000715100000|  0%| F|  |TAMS 0x0000000715000000, 0x0000000715000000| Untracked 
| 177|0x0000000715100000, 0x0000000715100000, 0x0000000715200000|  0%| F|  |TAMS 0x0000000715100000, 0x0000000715100000| Untracked 
| 178|0x0000000715200000, 0x0000000715200000, 0x0000000715300000|  0%| F|  |TAMS 0x0000000715200000, 0x0000000715200000| Untracked 
| 179|0x0000000715300000, 0x0000000715300000, 0x0000000715400000|  0%| F|  |TAMS 0x0000000715300000, 0x0000000715300000| Untracked 
| 180|0x0000000715400000, 0x0000000715400000, 0x0000000715500000|  0%| F|  |TAMS 0x0000000715400000, 0x0000000715400000| Untracked 
| 181|0x0000000715500000, 0x0000000715500000, 0x0000000715600000|  0%| F|  |TAMS 0x0000000715500000, 0x0000000715500000| Untracked 
| 182|0x0000000715600000, 0x0000000715600000, 0x0000000715700000|  0%| F|  |TAMS 0x0000000715600000, 0x0000000715600000| Untracked 
| 183|0x0000000715700000, 0x0000000715700000, 0x0000000715800000|  0%| F|  |TAMS 0x0000000715700000, 0x0000000715700000| Untracked 
| 184|0x0000000715800000, 0x0000000715800000, 0x0000000715900000|  0%| F|  |TAMS 0x0000000715800000, 0x0000000715800000| Untracked 
| 185|0x0000000715900000, 0x0000000715900000, 0x0000000715a00000|  0%| F|  |TAMS 0x0000000715900000, 0x0000000715900000| Untracked 
| 186|0x0000000715a00000, 0x0000000715a00000, 0x0000000715b00000|  0%| F|  |TAMS 0x0000000715a00000, 0x0000000715a00000| Untracked 
| 187|0x0000000715b00000, 0x0000000715b00000, 0x0000000715c00000|  0%| F|  |TAMS 0x0000000715b00000, 0x0000000715b00000| Untracked 
| 188|0x0000000715c00000, 0x0000000715c00000, 0x0000000715d00000|  0%| F|  |TAMS 0x0000000715c00000, 0x0000000715c00000| Untracked 
| 189|0x0000000715d00000, 0x0000000715d00000, 0x0000000715e00000|  0%| F|  |TAMS 0x0000000715d00000, 0x0000000715d00000| Untracked 
| 190|0x0000000715e00000, 0x0000000715e00000, 0x0000000715f00000|  0%| F|  |TAMS 0x0000000715e00000, 0x0000000715e00000| Untracked 
| 191|0x0000000715f00000, 0x0000000715f00000, 0x0000000716000000|  0%| F|  |TAMS 0x0000000715f00000, 0x0000000715f00000| Untracked 
| 192|0x0000000716000000, 0x0000000716000000, 0x0000000716100000|  0%| F|  |TAMS 0x0000000716000000, 0x0000000716000000| Untracked 
| 193|0x0000000716100000, 0x0000000716100000, 0x0000000716200000|  0%| F|  |TAMS 0x0000000716100000, 0x0000000716100000| Untracked 
| 194|0x0000000716200000, 0x0000000716200000, 0x0000000716300000|  0%| F|  |TAMS 0x0000000716200000, 0x0000000716200000| Untracked 
| 195|0x0000000716300000, 0x0000000716300000, 0x0000000716400000|  0%| F|  |TAMS 0x0000000716300000, 0x0000000716300000| Untracked 
| 196|0x0000000716400000, 0x0000000716400000, 0x0000000716500000|  0%| F|  |TAMS 0x0000000716400000, 0x0000000716400000| Untracked 
| 197|0x0000000716500000, 0x0000000716600000, 0x0000000716600000|100%| E|  |TAMS 0x0000000716500000, 0x0000000716500000| Complete 
| 198|0x0000000716600000, 0x0000000716700000, 0x0000000716700000|100%| E|CS|TAMS 0x0000000716600000, 0x0000000716600000| Complete 
| 199|0x0000000716700000, 0x0000000716800000, 0x0000000716800000|100%| E|CS|TAMS 0x0000000716700000, 0x0000000716700000| Complete 
| 200|0x0000000716800000, 0x0000000716900000, 0x0000000716900000|100%| E|CS|TAMS 0x0000000716800000, 0x0000000716800000| Complete 
| 201|0x0000000716900000, 0x0000000716a00000, 0x0000000716a00000|100%| E|CS|TAMS 0x0000000716900000, 0x0000000716900000| Complete 
| 202|0x0000000716a00000, 0x0000000716b00000, 0x0000000716b00000|100%| E|CS|TAMS 0x0000000716a00000, 0x0000000716a00000| Complete 
| 203|0x0000000716b00000, 0x0000000716c00000, 0x0000000716c00000|100%| E|CS|TAMS 0x0000000716b00000, 0x0000000716b00000| Complete 
| 204|0x0000000716c00000, 0x0000000716d00000, 0x0000000716d00000|100%| E|CS|TAMS 0x0000000716c00000, 0x0000000716c00000| Complete 
| 205|0x0000000716d00000, 0x0000000716e00000, 0x0000000716e00000|100%| E|CS|TAMS 0x0000000716d00000, 0x0000000716d00000| Complete 
| 206|0x0000000716e00000, 0x0000000716f00000, 0x0000000716f00000|100%| E|CS|TAMS 0x0000000716e00000, 0x0000000716e00000| Complete 
| 207|0x0000000716f00000, 0x0000000717000000, 0x0000000717000000|100%| E|CS|TAMS 0x0000000716f00000, 0x0000000716f00000| Complete 
| 208|0x0000000717000000, 0x0000000717100000, 0x0000000717100000|100%| E|CS|TAMS 0x0000000717000000, 0x0000000717000000| Complete 
| 209|0x0000000717100000, 0x0000000717200000, 0x0000000717200000|100%| E|CS|TAMS 0x0000000717100000, 0x0000000717100000| Complete 
| 210|0x0000000717200000, 0x0000000717300000, 0x0000000717300000|100%| E|CS|TAMS 0x0000000717200000, 0x0000000717200000| Complete 
| 211|0x0000000717300000, 0x0000000717400000, 0x0000000717400000|100%| E|CS|TAMS 0x0000000717300000, 0x0000000717300000| Complete 
| 212|0x0000000717400000, 0x0000000717500000, 0x0000000717500000|100%| E|CS|TAMS 0x0000000717400000, 0x0000000717400000| Complete 
| 213|0x0000000717500000, 0x0000000717600000, 0x0000000717600000|100%| E|CS|TAMS 0x0000000717500000, 0x0000000717500000| Complete 
| 214|0x0000000717600000, 0x0000000717700000, 0x0000000717700000|100%| E|CS|TAMS 0x0000000717600000, 0x0000000717600000| Complete 
| 215|0x0000000717700000, 0x0000000717800000, 0x0000000717800000|100%| E|CS|TAMS 0x0000000717700000, 0x0000000717700000| Complete 
| 216|0x0000000717800000, 0x0000000717900000, 0x0000000717900000|100%| E|CS|TAMS 0x0000000717800000, 0x0000000717800000| Complete 
| 217|0x0000000717900000, 0x0000000717a00000, 0x0000000717a00000|100%| E|CS|TAMS 0x0000000717900000, 0x0000000717900000| Complete 
| 218|0x0000000717a00000, 0x0000000717b00000, 0x0000000717b00000|100%| E|CS|TAMS 0x0000000717a00000, 0x0000000717a00000| Complete 
| 219|0x0000000717b00000, 0x0000000717c00000, 0x0000000717c00000|100%| E|CS|TAMS 0x0000000717b00000, 0x0000000717b00000| Complete 
| 220|0x0000000717c00000, 0x0000000717d00000, 0x0000000717d00000|100%| E|CS|TAMS 0x0000000717c00000, 0x0000000717c00000| Complete 
| 221|0x0000000717d00000, 0x0000000717e00000, 0x0000000717e00000|100%| E|CS|TAMS 0x0000000717d00000, 0x0000000717d00000| Complete 
| 222|0x0000000717e00000, 0x0000000717f00000, 0x0000000717f00000|100%| E|CS|TAMS 0x0000000717e00000, 0x0000000717e00000| Complete 
| 223|0x0000000717f00000, 0x0000000718000000, 0x0000000718000000|100%| E|CS|TAMS 0x0000000717f00000, 0x0000000717f00000| Complete 
| 224|0x0000000718000000, 0x0000000718100000, 0x0000000718100000|100%| E|CS|TAMS 0x0000000718000000, 0x0000000718000000| Complete 
| 225|0x0000000718100000, 0x0000000718200000, 0x0000000718200000|100%| E|CS|TAMS 0x0000000718100000, 0x0000000718100000| Complete 
| 226|0x0000000718200000, 0x0000000718300000, 0x0000000718300000|100%| E|CS|TAMS 0x0000000718200000, 0x0000000718200000| Complete 
| 227|0x0000000718300000, 0x0000000718400000, 0x0000000718400000|100%| S|CS|TAMS 0x0000000718300000, 0x0000000718300000| Complete 
| 228|0x0000000718400000, 0x0000000718500000, 0x0000000718500000|100%| S|CS|TAMS 0x0000000718400000, 0x0000000718400000| Complete 
| 229|0x0000000718500000, 0x0000000718600000, 0x0000000718600000|100%| S|CS|TAMS 0x0000000718500000, 0x0000000718500000| Complete 
| 230|0x0000000718600000, 0x0000000718700000, 0x0000000718700000|100%| S|CS|TAMS 0x0000000718600000, 0x0000000718600000| Complete 
| 231|0x0000000718700000, 0x0000000718800000, 0x0000000718800000|100%| S|CS|TAMS 0x0000000718700000, 0x0000000718700000| Complete 
| 232|0x0000000718800000, 0x0000000718900000, 0x0000000718900000|100%| S|CS|TAMS 0x0000000718800000, 0x0000000718800000| Complete 
| 233|0x0000000718900000, 0x0000000718a00000, 0x0000000718a00000|100%| S|CS|TAMS 0x0000000718900000, 0x0000000718900000| Complete 
| 234|0x0000000718a00000, 0x0000000718b00000, 0x0000000718b00000|100%| E|CS|TAMS 0x0000000718a00000, 0x0000000718a00000| Complete 
| 235|0x0000000718b00000, 0x0000000718c00000, 0x0000000718c00000|100%| E|CS|TAMS 0x0000000718b00000, 0x0000000718b00000| Complete 
| 236|0x0000000718c00000, 0x0000000718d00000, 0x0000000718d00000|100%| E|CS|TAMS 0x0000000718c00000, 0x0000000718c00000| Complete 
| 237|0x0000000718d00000, 0x0000000718e00000, 0x0000000718e00000|100%| E|CS|TAMS 0x0000000718d00000, 0x0000000718d00000| Complete 
| 238|0x0000000718e00000, 0x0000000718f00000, 0x0000000718f00000|100%| E|CS|TAMS 0x0000000718e00000, 0x0000000718e00000| Complete 
| 239|0x0000000718f00000, 0x0000000719000000, 0x0000000719000000|100%| E|CS|TAMS 0x0000000718f00000, 0x0000000718f00000| Complete 
| 240|0x0000000719000000, 0x0000000719100000, 0x0000000719100000|100%| E|CS|TAMS 0x0000000719000000, 0x0000000719000000| Complete 
| 241|0x0000000719100000, 0x0000000719200000, 0x0000000719200000|100%| E|CS|TAMS 0x0000000719100000, 0x0000000719100000| Complete 
| 242|0x0000000719200000, 0x0000000719300000, 0x0000000719300000|100%| E|CS|TAMS 0x0000000719200000, 0x0000000719200000| Complete 
| 243|0x0000000719300000, 0x0000000719400000, 0x0000000719400000|100%| E|CS|TAMS 0x0000000719300000, 0x0000000719300000| Complete 
| 244|0x0000000719400000, 0x0000000719500000, 0x0000000719500000|100%| E|CS|TAMS 0x0000000719400000, 0x0000000719400000| Complete 
| 245|0x0000000719500000, 0x0000000719600000, 0x0000000719600000|100%| E|CS|TAMS 0x0000000719500000, 0x0000000719500000| Complete 

Card table byte_map: [0x000001a798ae0000,0x000001a799290000] _byte_map_base: 0x000001a795290000

Marking Bits (Prev, Next): (CMBitMap*) 0x000001a7f973eb08, (CMBitMap*) 0x000001a7f973eb40
 Prev Bits: [0x000001a799a40000, 0x000001a79d7c0000)
 Next Bits: [0x000001a79d7c0000, 0x000001a7a1540000)

Polling page: 0x000001a780000000

Metaspace:

Usage:
  Non-class:     36.13 MB capacity,    35.53 MB ( 98%) used,   484.93 KB (  1%) free+waste,   127.94 KB ( <1%) overhead. 
      Class:      4.95 MB capacity,     4.54 MB ( 92%) used,   350.95 KB (  7%) free+waste,    59.06 KB (  1%) overhead. 
       Both:     41.07 MB capacity,    40.07 MB ( 98%) used,   835.88 KB (  2%) free+waste,   187.00 KB ( <1%) overhead. 

Virtual space:
  Non-class space:       38.00 MB reserved,      36.37 MB ( 96%) committed 
      Class space:        1.00 GB reserved,       5.00 MB ( <1%) committed 
             Both:        1.04 GB reserved,      41.37 MB (  4%) committed 

Chunk freelists:
   Non-Class:  0 bytes
       Class:  0 bytes
        Both:  0 bytes

MaxMetaspaceSize: 17179869184.00 GB
CompressedClassSpaceSize: 1.00 GB
Initial GC threshold: 20.80 MB
Current GC threshold: 58.54 MB
CDS: off

CodeHeap 'non-profiled nmethods': size=120000Kb used=2481Kb max_used=2481Kb free=117518Kb
 bounds [0x000001a790170000, 0x000001a7903e0000, 0x000001a7976a0000]
CodeHeap 'profiled nmethods': size=120000Kb used=9859Kb max_used=9859Kb free=110140Kb
 bounds [0x000001a788c40000, 0x000001a7895f0000, 0x000001a790170000]
CodeHeap 'non-nmethods': size=5760Kb used=1283Kb max_used=1349Kb free=4476Kb
 bounds [0x000001a7886a0000, 0x000001a788910000, 0x000001a788c40000]
 total_blobs=4444 nmethods=3971 adapters=393
 compilation: enabled
              stopped_count=0, restarted_count=0
 full_count=0

Compilation events (20 events):
Event: 4.262 Thread 0x000001a7a4bc6000 3983       1       java.lang.invoke.ClassSpecializer$SpeciesData::getterFunctions (5 bytes)
Event: 4.262 Thread 0x000001a7a4bc6000 nmethod 3983 0x000001a7903dc090 code [0x000001a7903dc240, 0x000001a7903dc2f8]
Event: 4.262 Thread 0x000001a7a4bc6000 3984       3       java.util.Arrays::fill (28 bytes)
Event: 4.263 Thread 0x000001a7a4bc6000 nmethod 3984 0x000001a7895dd010 code [0x000001a7895dd1e0, 0x000001a7895dd588]
Event: 4.264 Thread 0x000001a7a4bc6000 3985       3       org.springframework.aop.aspectj.AspectJExpressionPointcut::getClassFilter (7 bytes)
Event: 4.264 Thread 0x000001a7a4bc6000 nmethod 3985 0x000001a7895dd710 code [0x000001a7895dd8c0, 0x000001a7895dda08]
Event: 4.264 Thread 0x000001a7a4bc6000 3986       3       org.aspectj.weaver.internal.tools.PointcutExpressionImpl::couldMatchJoinPointsInType (75 bytes)
Event: 4.265 Thread 0x000001a7a4bc6000 nmethod 3986 0x000001a7895dda90 code [0x000001a7895ddd20, 0x000001a7895deaf8]
Event: 4.265 Thread 0x000001a7a4bc6000 3987       3       org.springframework.aop.aspectj.AspectJExpressionPointcut::getMethodMatcher (7 bytes)
Event: 4.265 Thread 0x000001a7a4bc6000 nmethod 3987 0x000001a7895def10 code [0x000001a7895df0c0, 0x000001a7895df208]
Event: 4.265 Thread 0x000001a7a4bc6000 3989       3       org.springframework.beans.factory.support.RootBeanDefinition::setParentName (15 bytes)
Event: 4.266 Thread 0x000001a7a4bc6000 nmethod 3989 0x000001a7895df290 code [0x000001a7895df460, 0x000001a7895df688]
Event: 4.266 Thread 0x000001a7a4bc6000 3990       1       org.springframework.core.io.support.PathMatchingResourcePatternResolver::getResourceLoader (5 bytes)
Event: 4.266 Thread 0x000001a7a4bc6000 nmethod 3990 0x000001a7903dc390 code [0x000001a7903dc540, 0x000001a7903dc5f8]
Event: 4.266 Thread 0x000001a7a4bc6000 3991       3       java.lang.reflect.Field::copy (76 bytes)
Event: 4.267 Thread 0x000001a7a4bc6000 nmethod 3991 0x000001a7895df790 code [0x000001a7895df980, 0x000001a7895dfdb8]
Event: 4.267 Thread 0x000001a7a4bc6000 3992       3       java.lang.reflect.Field::hashCode (19 bytes)
Event: 4.267 Thread 0x000001a7a4bc6000 nmethod 3992 0x000001a7895dff10 code [0x000001a7895e0100, 0x000001a7895e03c8]
Event: 4.267 Thread 0x000001a7a4bc6000 3993       3       java.lang.reflect.Field::getDeclaredAnnotations (8 bytes)
Event: 4.267 Thread 0x000001a7a4bc6000 nmethod 3993 0x000001a7895e0590 code [0x000001a7895e0780, 0x000001a7895e0bc8]

GC Heap History (10 events):
Event: 0.761 GC heap before
{Heap before GC invocations=0 (full 0):
 garbage-first heap   total 251904K, used 23552K [0x000000070a000000, 0x0000000800000000)
  region size 1024K, 24 young (24576K), 0 survivors (0K)
 Metaspace       used 12492K, capacity 12780K, committed 12928K, reserved 1060864K
  class space    used 1213K, capacity 1304K, committed 1408K, reserved 1048576K
}
Event: 0.764 GC heap after
{Heap after GC invocations=1 (full 0):
 garbage-first heap   total 251904K, used 5014K [0x000000070a000000, 0x0000000800000000)
  region size 1024K, 3 young (3072K), 3 survivors (3072K)
 Metaspace       used 12492K, capacity 12780K, committed 12928K, reserved 1060864K
  class space    used 1213K, capacity 1304K, committed 1408K, reserved 1048576K
}
Event: 1.358 GC heap before
{Heap before GC invocations=1 (full 0):
 garbage-first heap   total 251904K, used 39830K [0x000000070a000000, 0x0000000800000000)
  region size 1024K, 38 young (38912K), 3 survivors (3072K)
 Metaspace       used 20676K, capacity 21165K, committed 21296K, reserved 1069056K
  class space    used 2217K, capacity 2409K, committed 2432K, reserved 1048576K
}
Event: 1.363 GC heap after
{Heap after GC invocations=2 (full 0):
 garbage-first heap   total 251904K, used 6737K [0x000000070a000000, 0x0000000800000000)
  region size 1024K, 5 young (5120K), 5 survivors (5120K)
 Metaspace       used 20676K, capacity 21165K, committed 21296K, reserved 1069056K
  class space    used 2217K, capacity 2409K, committed 2432K, reserved 1048576K
}
Event: 1.796 GC heap before
{Heap before GC invocations=3 (full 0):
 garbage-first heap   total 251904K, used 40529K [0x000000070a000000, 0x0000000800000000)
  region size 1024K, 39 young (39936K), 5 survivors (5120K)
 Metaspace       used 25831K, capacity 26579K, committed 26672K, reserved 1073152K
  class space    used 2853K, capacity 3149K, committed 3200K, reserved 1048576K
}
Event: 1.801 GC heap after
{Heap after GC invocations=4 (full 0):
 garbage-first heap   total 251904K, used 8485K [0x000000070a000000, 0x0000000800000000)
  region size 1024K, 4 young (4096K), 4 survivors (4096K)
 Metaspace       used 25831K, capacity 26579K, committed 26672K, reserved 1073152K
  class space    used 2853K, capacity 3149K, committed 3200K, reserved 1048576K
}
Event: 3.044 GC heap before
{Heap before GC invocations=4 (full 0):
 garbage-first heap   total 251904K, used 67877K [0x000000070a000000, 0x0000000800000000)
  region size 1024K, 62 young (63488K), 4 survivors (4096K)
 Metaspace       used 33632K, capacity 34653K, committed 34864K, reserved 1079296K
  class space    used 3804K, capacity 4173K, committed 4224K, reserved 1048576K
}
Event: 3.049 GC heap after
{Heap after GC invocations=5 (full 0):
 garbage-first heap   total 251904K, used 11045K [0x000000070a000000, 0x0000000800000000)
  region size 1024K, 6 young (6144K), 6 survivors (6144K)
 Metaspace       used 33632K, capacity 34653K, committed 34864K, reserved 1079296K
  class space    used 3804K, capacity 4173K, committed 4224K, reserved 1048576K
}
Event: 3.380 GC heap before
{Heap before GC invocations=5 (full 0):
 garbage-first heap   total 251904K, used 22309K [0x000000070a000000, 0x0000000800000000)
  region size 1024K, 18 young (18432K), 6 survivors (6144K)
 Metaspace       used 34719K, capacity 35655K, committed 35708K, reserved 1081344K
  class space    used 3933K, capacity 4315K, committed 4352K, reserved 1048576K
}
Event: 3.385 GC heap after
{Heap after GC invocations=6 (full 0):
 garbage-first heap   total 251904K, used 12069K [0x000000070a000000, 0x0000000800000000)
  region size 1024K, 7 young (7168K), 7 survivors (7168K)
 Metaspace       used 34719K, capacity 35655K, committed 35708K, reserved 1081344K
  class space    used 3933K, capacity 4315K, committed 4352K, reserved 1048576K
}

Deoptimization events (20 events):
Event: 4.265 Thread 0x000001a7a5b45000 DEOPT PACKING pc=0x000001a789259144 sp=0x00000034cc3fd0b0
Event: 4.265 Thread 0x000001a7a5b45000 DEOPT UNPACKING pc=0x000001a7886ea95e sp=0x00000034cc3fc5d0 mode 1
Event: 4.265 Thread 0x000001a7a5b45000 DEOPT PACKING pc=0x000001a789347de4 sp=0x00000034cc3fd190
Event: 4.265 Thread 0x000001a7a5b45000 DEOPT UNPACKING pc=0x000001a7886ea95e sp=0x00000034cc3fc650 mode 1
Event: 4.265 Thread 0x000001a7a5b45000 DEOPT PACKING pc=0x000001a789259144 sp=0x00000034cc3fd0b0
Event: 4.265 Thread 0x000001a7a5b45000 DEOPT UNPACKING pc=0x000001a7886ea95e sp=0x00000034cc3fc5d0 mode 1
Event: 4.265 Thread 0x000001a7a5b45000 DEOPT PACKING pc=0x000001a789347de4 sp=0x00000034cc3fd190
Event: 4.265 Thread 0x000001a7a5b45000 DEOPT UNPACKING pc=0x000001a7886ea95e sp=0x00000034cc3fc650 mode 1
Event: 4.265 Thread 0x000001a7a5b45000 DEOPT PACKING pc=0x000001a789259144 sp=0x00000034cc3fd0b0
Event: 4.265 Thread 0x000001a7a5b45000 DEOPT UNPACKING pc=0x000001a7886ea95e sp=0x00000034cc3fc5d0 mode 1
Event: 4.265 Thread 0x000001a7a5b45000 DEOPT PACKING pc=0x000001a789347de4 sp=0x00000034cc3fd190
Event: 4.265 Thread 0x000001a7a5b45000 DEOPT UNPACKING pc=0x000001a7886ea95e sp=0x00000034cc3fc650 mode 1
Event: 4.265 Thread 0x000001a7a5b45000 DEOPT PACKING pc=0x000001a789259144 sp=0x00000034cc3fd0b0
Event: 4.265 Thread 0x000001a7a5b45000 DEOPT UNPACKING pc=0x000001a7886ea95e sp=0x00000034cc3fc5d0 mode 1
Event: 4.265 Thread 0x000001a7a5b45000 DEOPT PACKING pc=0x000001a789347de4 sp=0x00000034cc3fd190
Event: 4.265 Thread 0x000001a7a5b45000 DEOPT UNPACKING pc=0x000001a7886ea95e sp=0x00000034cc3fc650 mode 1
Event: 4.265 Thread 0x000001a7a5b45000 DEOPT PACKING pc=0x000001a789259144 sp=0x00000034cc3fd0b0
Event: 4.265 Thread 0x000001a7a5b45000 DEOPT UNPACKING pc=0x000001a7886ea95e sp=0x00000034cc3fc5d0 mode 1
Event: 4.265 Thread 0x000001a7a5b45000 DEOPT PACKING pc=0x000001a789347de4 sp=0x00000034cc3fd190
Event: 4.265 Thread 0x000001a7a5b45000 DEOPT UNPACKING pc=0x000001a7886ea95e sp=0x00000034cc3fc650 mode 1

Classes redefined (0 events):
No events

Internal exceptions (20 events):
Event: 2.813 Thread 0x000001a7a5b45000 Implicit null exception at 0x000001a790265249 to 0x000001a7902662f0
Event: 2.827 Thread 0x000001a7a5b45000 Exception <a 'java/lang/NoSuchMethodError'{0x0000000716026858}: 'int java.lang.invoke.DirectMethodHandle$Holder.invokeSpecial(java.lang.Object, java.lang.Object, java.lang.Object, java.lang.Object, java.lang.Object)'> (0x0000000716026858) thrown at [./src/hotspot/share/interpreter/linkResolver.cpp, line 773]
Event: 2.886 Thread 0x000001a7a5b45000 Exception <a 'java/lang/NoSuchMethodError'{0x0000000715e9ad88}: 'void java.lang.invoke.DelegatingMethodHandle$Holder.delegate(java.lang.Object, java.lang.Object, int, java.lang.Object)'> (0x0000000715e9ad88) thrown at [./src/hotspot/share/interpreter/linkResolver.cpp, line 773]
Event: 2.909 Thread 0x000001a7a5b45000 Exception <a 'java/lang/NoSuchMethodError'{0x0000000715d3ba48}: 'void java.lang.invoke.DirectMethodHandle$Holder.invokeStatic(java.lang.Object, java.lang.Object, int)'> (0x0000000715d3ba48) thrown at [./src/hotspot/share/interpreter/linkResolver.cpp, line 773]
Event: 2.990 Thread 0x000001a7a5b45000 Exception <a 'java/lang/NoSuchMethodError'{0x0000000715929050}: 'void java.lang.invoke.DirectMethodHandle$Holder.invokeInterface(java.lang.Object, java.lang.Object, int)'> (0x0000000715929050) thrown at [./src/hotspot/share/interpreter/linkResolver.cpp, line 773]
Event: 3.003 Thread 0x000001a7a5b45000 Exception <a 'java/lang/IncompatibleClassChangeError'{0x00000007159744d8}: Found class java.lang.Object, but interface was expected> (0x00000007159744d8) thrown at [./src/hotspot/share/interpreter/linkResolver.cpp, line 839]
Event: 3.004 Thread 0x000001a7a5b45000 Exception <a 'java/lang/NoSuchMethodError'{0x0000000715978c88}: 'void java.lang.invoke.DirectMethodHandle$Holder.invokeStatic(java.lang.Object, int, java.lang.Object)'> (0x0000000715978c88) thrown at [./src/hotspot/share/interpreter/linkResolver.cpp, line 773]
Event: 3.183 Thread 0x000001a7a5b45000 Exception <a 'java/lang/NoSuchMethodError'{0x0000000718ca23d0}: 'java.lang.Object java.lang.invoke.DirectMethodHandle$Holder.invokeStaticInit(java.lang.Object, int, int, int, int)'> (0x0000000718ca23d0) thrown at [./src/hotspot/share/interpreter/linkResolver.cpp, line 773]
Event: 3.356 Thread 0x000001a7a5b45000 Exception <a 'java/lang/NoSuchMethodError'{0x0000000718b1a850}: 'java.lang.Object java.lang.invoke.DirectMethodHandle$Holder.invokeStaticInit(java.lang.Object, java.lang.Object, int, int, int, int)'> (0x0000000718b1a850) thrown at [./src/hotspot/share/interpreter/linkResolver.cpp, line 773]
Event: 3.532 Thread 0x000001a7a5b45000 Exception <a 'sun/nio/fs/WindowsException'{0x0000000718b40d50}> (0x0000000718b40d50) thrown at [./src/hotspot/share/prims/jni.cpp, line 617]
Event: 3.533 Thread 0x000001a7a5b45000 Exception <a 'sun/nio/fs/WindowsException'{0x0000000718b46ad8}> (0x0000000718b46ad8) thrown at [./src/hotspot/share/prims/jni.cpp, line 617]
Event: 3.533 Thread 0x000001a7a5b45000 Exception <a 'sun/nio/fs/WindowsException'{0x0000000718b47170}> (0x0000000718b47170) thrown at [./src/hotspot/share/prims/jni.cpp, line 617]
Event: 3.584 Thread 0x000001a7a5b45000 Implicit null exception at 0x000001a790258f07 to 0x000001a79025a5d0
Event: 3.652 Thread 0x000001a7a5b45000 Exception <a 'java/io/FileNotFoundException'{0x0000000717ed9200}> (0x0000000717ed9200) thrown at [./src/hotspot/share/prims/jni.cpp, line 617]
Event: 3.652 Thread 0x000001a7a5b45000 Exception <a 'java/io/FileNotFoundException'{0x0000000717eda9c8}> (0x0000000717eda9c8) thrown at [./src/hotspot/share/prims/jni.cpp, line 617]
Event: 3.675 Thread 0x000001a7a5b45000 Exception <a 'java/lang/NoSuchMethodError'{0x0000000717c0df48}: 'int java.lang.invoke.DirectMethodHandle$Holder.invokeInterface(java.lang.Object, java.lang.Object, java.lang.Object, java.lang.Object)'> (0x0000000717c0df48) thrown at [./src/hotspot/share/interpreter/linkResolver.cpp, line 773]
Event: 3.747 Thread 0x000001a7a5b45000 Exception <a 'java/io/FileNotFoundException'{0x00000007179f8260}> (0x00000007179f8260) thrown at [./src/hotspot/share/prims/jni.cpp, line 617]
Event: 3.882 Thread 0x000001a7a5b45000 Exception <a 'sun/nio/fs/WindowsException'{0x00000007174ba5d8}> (0x00000007174ba5d8) thrown at [./src/hotspot/share/prims/jni.cpp, line 617]
Event: 3.988 Thread 0x000001a7a5b45000 Exception <a 'java/lang/NoSuchMethodError'{0x00000007173ea2d0}: 'java.lang.Object java.lang.invoke.DirectMethodHandle$Holder.invokeStatic(java.lang.Object, java.lang.Object, java.lang.Object, java.lang.Object, java.lang.Object, int, java.lang.Object)'> (0x00000007173ea2d0) thrown at [./src/hotspot/share/interpreter/linkResolver.cpp, line 773]
Event: 4.095 Thread 0x000001a7a5b45000 Exception <a 'java/lang/NoSuchMethodError'{0x0000000716fe5620}: 'int java.lang.invoke.DirectMethodHandle$Holder.invokeStaticInit(java.lang.Object, java.lang.Object, java.lang.Object, java.lang.Object)'> (0x0000000716fe5620) thrown at [./src/hotspot/share/interpreter/linkResolver.cpp, line 773]

Events (20 events):
Event: 4.256 loading class org/springframework/beans/factory/SmartFactoryBean
Event: 4.256 loading class org/springframework/beans/factory/SmartFactoryBean done
Event: 4.258 loading class org/springframework/beans/factory/annotation/InitDestroyAnnotationBeanPostProcessor$LifecycleElement
Event: 4.258 loading class org/springframework/beans/factory/annotation/InitDestroyAnnotationBeanPostProcessor$LifecycleElement done
Event: 4.267 Executing VM operation: ThreadsSuspendJVMTI
Event: 4.267 Executing VM operation: ThreadsSuspendJVMTI done
Event: 4.268 Executing VM operation: GetFrameCount
Event: 4.268 Executing VM operation: GetFrameCount done
Event: 4.268 Executing VM operation: GetFrameCount
Event: 4.268 Executing VM operation: GetFrameCount done
Event: 4.268 Executing VM operation: GetStackTrace
Event: 4.268 Executing VM operation: GetStackTrace done
Event: 4.269 Executing VM operation: GetFrameCount
Event: 4.269 Executing VM operation: GetFrameCount done
Event: 4.269 Executing VM operation: GetStackTrace
Event: 4.269 Executing VM operation: GetStackTrace done
Event: 4.319 Executing VM operation: GetFrameLocation
Event: 4.320 Executing VM operation: GetFrameLocation done
Event: 4.320 Executing VM operation: GetOrSetLocal
Event: 4.320 Executing VM operation: GetOrSetLocal done


Dynamic libraries:
0x00007ff61c880000 - 0x00007ff61c88d000 	C:\Program Files\BellSoft\LibericaJDK-11\bin\java.exe
0x00007ff8ba6d0000 - 0x00007ff8ba8c8000 	C:\WINDOWS\SYSTEM32\ntdll.dll
0x00007ff8b8790000 - 0x00007ff8b884d000 	C:\WINDOWS\System32\KERNEL32.DLL
0x00007ff8b7df0000 - 0x00007ff8b80be000 	C:\WINDOWS\System32\KERNELBASE.dll
0x00007ff8b8390000 - 0x00007ff8b8490000 	C:\WINDOWS\System32\ucrtbase.dll
0x00007ff8b0a40000 - 0x00007ff8b0a55000 	C:\Program Files\BellSoft\LibericaJDK-11\bin\VCRUNTIME140.dll
0x00007ff8afb90000 - 0x00007ff8afba7000 	C:\Program Files\BellSoft\LibericaJDK-11\bin\jli.dll
0x00007ff8ba450000 - 0x00007ff8ba5f0000 	C:\WINDOWS\System32\USER32.dll
0x00007ff8b85f0000 - 0x00007ff8b8612000 	C:\WINDOWS\System32\win32u.dll
0x00007ff89f4a0000 - 0x00007ff89f73a000 	C:\WINDOWS\WinSxS\amd64_microsoft.windows.common-controls_6595b64144ccf1df_6.0.19041.1110_none_60b5254171f9507e\COMCTL32.dll
0x00007ff8b95e0000 - 0x00007ff8b960a000 	C:\WINDOWS\System32\GDI32.dll
0x00007ff8b8850000 - 0x00007ff8b88ee000 	C:\WINDOWS\System32\msvcrt.dll
0x00007ff8b8620000 - 0x00007ff8b872b000 	C:\WINDOWS\System32\gdi32full.dll
0x00007ff8b8240000 - 0x00007ff8b82dd000 	C:\WINDOWS\System32\msvcp_win.dll
0x00007ff8b9e50000 - 0x00007ff8b9e80000 	C:\WINDOWS\System32\IMM32.DLL
0x00007ff896e80000 - 0x00007ff896f1b000 	C:\Program Files\BellSoft\LibericaJDK-11\bin\msvcp140.dll
0x00007ff851a10000 - 0x00007ff85258b000 	C:\Program Files\BellSoft\LibericaJDK-11\bin\server\jvm.dll
0x00007ff8b9370000 - 0x00007ff8b941e000 	C:\WINDOWS\System32\ADVAPI32.dll
0x00007ff8ba5f0000 - 0x00007ff8ba68c000 	C:\WINDOWS\System32\sechost.dll
0x00007ff8b9030000 - 0x00007ff8b9155000 	C:\WINDOWS\System32\RPCRT4.dll
0x00007ff8b9e80000 - 0x00007ff8b9e88000 	C:\WINDOWS\System32\PSAPI.DLL
0x00007ff8b4db0000 - 0x00007ff8b4dd7000 	C:\WINDOWS\SYSTEM32\WINMM.dll
0x00007ff8abbe0000 - 0x00007ff8abbea000 	C:\WINDOWS\SYSTEM32\VERSION.dll
0x00007ff88c8e0000 - 0x00007ff88c8e9000 	C:\WINDOWS\SYSTEM32\WSOCK32.dll
0x00007ff8b9610000 - 0x00007ff8b967b000 	C:\WINDOWS\System32\WS2_32.dll
0x00007ff8b6690000 - 0x00007ff8b66a2000 	C:\WINDOWS\SYSTEM32\kernel.appcore.dll
0x00007ff8b1f40000 - 0x00007ff8b1f50000 	C:\Program Files\BellSoft\LibericaJDK-11\bin\verify.dll
0x00007ff8b5700000 - 0x00007ff8b58e4000 	C:\WINDOWS\SYSTEM32\DBGHELP.DLL
0x00007ff8af890000 - 0x00007ff8af8bc000 	C:\WINDOWS\SYSTEM32\dbgcore.DLL
0x00007ff8b81b0000 - 0x00007ff8b8232000 	C:\WINDOWS\System32\bcryptPrimitives.dll
0x00007ff89ac60000 - 0x00007ff89ac88000 	C:\Program Files\BellSoft\LibericaJDK-11\bin\java.dll
0x00007ff8b1ee0000 - 0x00007ff8b1eea000 	C:\Program Files\BellSoft\LibericaJDK-11\bin\jimage.dll
0x00007ff89af10000 - 0x00007ff89af48000 	C:\Program Files\BellSoft\LibericaJDK-11\bin\jdwp.dll
0x00007ff8aada0000 - 0x00007ff8aadb8000 	C:\Program Files\BellSoft\LibericaJDK-11\bin\zip.dll
0x00007ff8b9680000 - 0x00007ff8b9dc4000 	C:\WINDOWS\System32\SHELL32.dll
0x00007ff8b58f0000 - 0x00007ff8b6084000 	C:\WINDOWS\SYSTEM32\windows.storage.dll
0x00007ff8b9ef0000 - 0x00007ff8ba244000 	C:\WINDOWS\System32\combase.dll
0x00007ff8b77e0000 - 0x00007ff8b7810000 	C:\WINDOWS\SYSTEM32\Wldp.dll
0x00007ff8b8ef0000 - 0x00007ff8b8f9d000 	C:\WINDOWS\System32\SHCORE.dll
0x00007ff8b8730000 - 0x00007ff8b8785000 	C:\WINDOWS\System32\shlwapi.dll
0x00007ff8b7d30000 - 0x00007ff8b7d4f000 	C:\WINDOWS\SYSTEM32\profapi.dll
0x00007ff8b1f50000 - 0x00007ff8b1f5a000 	C:\Program Files\BellSoft\LibericaJDK-11\bin\dt_socket.dll
0x00007ff8b7540000 - 0x00007ff8b75aa000 	C:\WINDOWS\system32\mswsock.dll
0x00007ff89fe50000 - 0x00007ff89fe69000 	C:\Program Files\BellSoft\LibericaJDK-11\bin\net.dll
0x00007ff8ae3f0000 - 0x00007ff8ae4fa000 	C:\WINDOWS\SYSTEM32\WINHTTP.dll
0x00007ff89abf0000 - 0x00007ff89ac03000 	C:\Program Files\BellSoft\LibericaJDK-11\bin\nio.dll
0x00007ff8b0ec0000 - 0x00007ff8b0ec9000 	C:\Program Files\BellSoft\LibericaJDK-11\bin\management.dll
0x00007ff8b0ce0000 - 0x00007ff8b0ceb000 	C:\Program Files\BellSoft\LibericaJDK-11\bin\management_ext.dll
0x00007ff8aa8e0000 - 0x00007ff8aa8f7000 	C:\WINDOWS\system32\napinsp.dll
0x00007ff8aa8c0000 - 0x00007ff8aa8db000 	C:\WINDOWS\system32\pnrpnsp.dll
0x00007ff8b2710000 - 0x00007ff8b2725000 	C:\WINDOWS\system32\wshbth.dll
0x00007ff8b14e0000 - 0x00007ff8b14fd000 	C:\WINDOWS\system32\NLAapi.dll
0x00007ff8b7230000 - 0x00007ff8b726b000 	C:\WINDOWS\SYSTEM32\IPHLPAPI.DLL
0x00007ff8b7270000 - 0x00007ff8b733b000 	C:\WINDOWS\SYSTEM32\DNSAPI.dll
0x00007ff8ba390000 - 0x00007ff8ba398000 	C:\WINDOWS\System32\NSI.dll
0x00007ff8aa8a0000 - 0x00007ff8aa8b2000 	C:\WINDOWS\System32\winrnr.dll
0x00007ff8ae290000 - 0x00007ff8ae29a000 	C:\Windows\System32\rasadhlp.dll
0x00007ff8adc40000 - 0x00007ff8adcc0000 	C:\WINDOWS\System32\fwpuclnt.dll
0x00007ff8b8180000 - 0x00007ff8b81a7000 	C:\WINDOWS\System32\bcrypt.dll
0x00007ff8b7740000 - 0x00007ff8b7758000 	C:\WINDOWS\SYSTEM32\CRYPTSP.dll
0x00007ff8b6e30000 - 0x00007ff8b6e64000 	C:\WINDOWS\system32\rsaenh.dll
0x00007ff8b7cb0000 - 0x00007ff8b7cde000 	C:\WINDOWS\SYSTEM32\USERENV.dll
0x00007ff8b7730000 - 0x00007ff8b773c000 	C:\WINDOWS\SYSTEM32\CRYPTBASE.dll
0x00007ff8b08e0000 - 0x00007ff8b08f7000 	C:\WINDOWS\SYSTEM32\dhcpcsvc6.DLL
0x00007ff8b08c0000 - 0x00007ff8b08dd000 	C:\WINDOWS\SYSTEM32\dhcpcsvc.DLL
0x00007ff8b1090000 - 0x00007ff8b109e000 	C:\Program Files\BellSoft\LibericaJDK-11\bin\sunmscapi.dll
0x00007ff8b8490000 - 0x00007ff8b85e6000 	C:\WINDOWS\System32\CRYPT32.dll
0x00007ff8b7870000 - 0x00007ff8b7897000 	C:\WINDOWS\SYSTEM32\ncrypt.dll
0x00007ff8b7810000 - 0x00007ff8b784b000 	C:\WINDOWS\SYSTEM32\NTASN1.dll
0x00007ff8b00e0000 - 0x00007ff8b0105000 	C:\Program Files\BellSoft\LibericaJDK-11\bin\sunec.dll

dbghelp: loaded successfully - version: 4.0.5 - missing functions: none
symbol engine: initialized successfully - sym options: 0x614 - pdb path: .;C:\Program Files\BellSoft\LibericaJDK-11\bin;C:\WINDOWS\SYSTEM32;C:\WINDOWS\WinSxS\amd64_microsoft.windows.common-controls_6595b64144ccf1df_6.0.19041.1110_none_60b5254171f9507e;C:\Program Files\BellSoft\LibericaJDK-11\bin\server

VM Arguments:
jvm_args: -agentlib:jdwp=transport=dt_socket,server=n,suspend=y,address=127.0.0.1:62496 -Dfile.encoding=windows-1251 -Duser.country=RU -Duser.language=ru -Duser.variant 
java_command: com.example.demo.ConfigurationpropertiesApplication
java_class_path (initial): C:\Users\V\IdeaProjects\spingexamples\configurationproperties\build\classes\java\main;C:\Users\V\IdeaProjects\spingexamples\configurationproperties\build\resources\main;C:\Users\V\.gradle\caches\modules-2\files-2.1\org.springframework.boot\spring-boot-devtools\2.7.1\cb154a2b04532d9cb7c0b4a04132c57bf8efae31\spring-boot-devtools-2.7.1.jar;C:\Users\V\.gradle\caches\modules-2\files-2.1\org.springframework.boot\spring-boot-starter-web\2.7.1\29f47f503f9955b1a9746870aeaebdba448416d\spring-boot-starter-web-2.7.1.jar;C:\Users\V\.gradle\caches\modules-2\files-2.1\org.springframework.boot\spring-boot-starter-webflux\2.7.1\2d8eedbfe6107149a20ab39ba4fde0c80a27ec34\spring-boot-starter-webflux-2.7.1.jar;C:\Users\V\.gradle\caches\modules-2\files-2.1\org.springframework.boot\spring-boot-starter-aop\2.7.1\e7c78497e3528ae3037c723259b4b0944994f03\spring-boot-starter-aop-2.7.1.jar;C:\Users\V\.gradle\caches\modules-2\files-2.1\org.springframework\spring-webmvc\5.3.21\a62db425cc29c48e138846e706ca37acb138ca13\spring-webmvc-5.3.21.jar;C:\Users\V\.gradle\caches\modules-2\files-2.1\org.springframework.boot\spring-boot-starter-json\2.7.1\711889df8474d7f0271b1e25cd75a9249e0a4621\spring-boot-starter-json-2.7.1.jar;C:\Users\V\.gradle\caches\modules-2\files-2.1\org.springframework.boot\spring-boot-starter\2.7.1\48f7e04459ccc16d3532bfc486c1b6d629e6e0fc\spring-boot-starter-2.7.1.jar;C:\Users\V\.gradle\caches\modules-2\files-2.1\org.springframework.boot\spring-boot-autoconfigure\2.7.1\923ad789b004e8cc17d67853b1e4d3db11946f0\spring-boot-autoconfigure-2.7.1.jar;C:\Users\V\.gradle\caches\modules-2\files-2.1\org.springframework.boot\spring-boot\2.7.1\8e49b8e7e9ea470a7772f489532264732ab206a2\spring-boot-2.7.1.jar;C:\Users\V\.gradle\caches\modules-2\files-2.1\org.springframework\spring-context\5.3.21\fe371c85f02b8c6690fc3b3d0950ef4f965db0cd\spring-context-5.3.21.jar;C:\Users\V\.gradle\caches\modules-2\files-2.1\org.springframework\spring-aop\5.3.21\58ec4ff7a0ce30a1e2612f04ad0fb
Launcher Type: SUN_STANDARD

[Global flags]
     intx CICompilerCount                          = 4                                         {product} {ergonomic}
     uint ConcGCThreads                            = 3                                         {product} {ergonomic}
     uint G1ConcRefinementThreads                  = 10                                        {product} {ergonomic}
   size_t G1HeapRegionSize                         = 1048576                                   {product} {ergonomic}
    uintx GCDrainStackTargetSize                   = 64                                        {product} {ergonomic}
   size_t InitialHeapSize                          = 257949696                                 {product} {ergonomic}
   size_t MarkStackSize                            = 4194304                                   {product} {ergonomic}
   size_t MaxHeapSize                              = 4127195136                                {product} {ergonomic}
   size_t MaxNewSize                               = 2475687936                                {product} {ergonomic}
   size_t MinHeapDeltaBytes                        = 1048576                                   {product} {ergonomic}
    uintx NonNMethodCodeHeapSize                   = 5836300                                {pd product} {ergonomic}
    uintx NonProfiledCodeHeapSize                  = 122910970                              {pd product} {ergonomic}
    uintx ProfiledCodeHeapSize                     = 122910970                              {pd product} {ergonomic}
    uintx ReservedCodeCacheSize                    = 251658240                              {pd product} {ergonomic}
     bool SegmentedCodeCache                       = true                                      {product} {ergonomic}
     bool UseCompressedClassPointers               = true                                 {lp64_product} {ergonomic}
     bool UseCompressedOops                        = true                                 {lp64_product} {ergonomic}
     bool UseG1GC                                  = true                                      {product} {ergonomic}
     bool UseLargePagesIndividualAllocation        = false                                  {pd product} {ergonomic}

Logging:
Log output configuration:
 #0: stdout all=warning uptime,level,tags
 #1: stderr all=off uptime,level,tags

Environment Variables:
JAVA_HOME=C:\Program Files\BellSoft\LibericaJDK-11\
PATH=C:\Program Files\BellSoft\LibericaJDK-11\bin\;C:\WINDOWS\system32;C:\WINDOWS;C:\WINDOWS\System32\Wbem;C:\WINDOWS\System32\WindowsPowerShell\v1.0\;C:\WINDOWS\System32\OpenSSH\;C:\Program Files\Docker\Docker\resources\bin;C:\ProgramData\DockerDesktop\version-bin;C:\Program Files\Git\cmd;C:\Users\V\AppData\Local\Microsoft\WindowsApps;
USERNAME=V
OS=Windows_NT
PROCESSOR_IDENTIFIER=AMD64 Family 23 Model 96 Stepping 1, AuthenticAMD



---------------  S Y S T E M  ---------------

OS: Windows 10 , 64 bit Build 19041 (10.0.19041.1806)
OS uptime: 10 days 0:44 hours
Hyper-V role detected

CPU:total 12 (initial active 12) (12 cores per cpu, 2 threads per core) family 23 model 96 stepping 1 microcode 0x0, cmov, cx8, fxsr, mmx, sse, sse2, sse3, ssse3, sse4.1, sse4.2, popcnt, avx, avx2, aes, clmul, mmxext, 3dnowpref, lzcnt, sse4a, ht, tsc, tscinvbit, tscinv, bmi1, bmi2, adx, sha, fma

Memory: 4k page, system-wide physical 15741M (1875M free)
TotalPageFile size 30741M (AvailPageFile size 2M)
current process WorkingSet (physical memory assigned to process): 295M, peak: 295M
current process commit charge ("private bytes"): 512M, peak: 512M

vm_info: OpenJDK 64-Bit Server VM (11.0.15.1+2-LTS) for windows-amd64 JRE (11.0.15.1+2-LTS), built on May 26 2022 19:26:10 by "" with unknown MS VC++:1916

END.
