#
# There is insufficient memory for the Java Runtime Environment to continue.
# Native memory allocation (malloc) failed to allocate 32744 bytes for ChunkPool::allocate
# Possible reasons:
#   The system is out of physical RAM or swap space
#   The process is running with CompressedOops enabled, and the Java Heap may be blocking the growth of the native heap
# Possible solutions:
#   Reduce memory load on the system
#   Increase physical memory or swap space
#   Check if swap backing store is full
#   Decrease Java heap size (-Xmx/-Xms)
#   Decrease number of Java threads
#   Decrease Java thread stack sizes (-Xss)
#   Set larger code cache with -XX:ReservedCodeCacheSize=
#   JVM is running with Zero Based Compressed Oops mode in which the Java heap is
#     placed in the first 32GB address space. The Java Heap base address is the
#     maximum limit for the native heap growth. Please use -XX:HeapBaseMinAddress
#     to set the Java Heap base and to place the Java Heap above 32GB virtual address.
# This output file may be truncated or incomplete.
#
#  Out of Memory Error (./src/hotspot/share/memory/arena.cpp:81), pid=24440, tid=16580
#
# JRE version: OpenJDK Runtime Environment (11.0.15.1+2) (build 11.0.15.1+2-LTS)
# Java VM: OpenJDK 64-Bit Server VM (11.0.15.1+2-LTS, mixed mode, tiered, compressed oops, g1 gc, windows-amd64)
# No core dump will be written. Minidumps are not enabled by default on client versions of Windows
#

---------------  S U M M A R Y ------------

Command Line: -agentlib:jdwp=transport=dt_socket,server=n,suspend=y,address=127.0.0.1:62149 -Dfile.encoding=windows-1251 -Duser.country=RU -Duser.language=ru -Duser.variant com.example.demo.SSLServerApplication

Host: AMD Ryzen 5 4600H with Radeon Graphics         , 12 cores, 15G,  Windows 10 , 64 bit Build 19041 (10.0.19041.1806)
Time: Fri Jul  8 21:47:03 2022 RTZ 2 (s 10 , 64 bit Build 19041 (10.0.19041.1806) elapsed time: 3.866755 seconds (0d 0h 0m 3s)

---------------  T H R E A D  ---------------

Current thread (0x000001303a3c8000):  JavaThread "C2 CompilerThread0" daemon [_thread_in_native, id=16580, stack(0x0000001b12800000,0x0000001b12900000)]


Current CompileTask:
C2:   3866 3600       4       org.aspectj.weaver.reflect.ReflectionBasedReferenceTypeDelegateFactory::toResolvedTypeArray (37 bytes)

Stack: [0x0000001b12800000,0x0000001b12900000]
Native frames: (J=compiled Java code, j=interpreted, Vv=VM code, C=native code)
V  [jvm.dll+0x61a02a]
V  [jvm.dll+0x7a4a49]
V  [jvm.dll+0x7a6229]
V  [jvm.dll+0x7a6913]
V  [jvm.dll+0x24dfe8]
V  [jvm.dll+0xc245b]
V  [jvm.dll+0xc27bc]
V  [jvm.dll+0x35c2cd]
V  [jvm.dll+0x35756f]
V  [jvm.dll+0x3237d3]
V  [jvm.dll+0x322b0a]
V  [jvm.dll+0x207985]
V  [jvm.dll+0x206b9d]
V  [jvm.dll+0x18a411]
V  [jvm.dll+0x216004]
V  [jvm.dll+0x21424b]
V  [jvm.dll+0x767850]
V  [jvm.dll+0x7606e4]
V  [jvm.dll+0x618e86]
C  [ucrtbase.dll+0x21bb2]
C  [KERNEL32.DLL+0x17034]
C  [ntdll.dll+0x52651]


---------------  P R O C E S S  ---------------

Threads class SMR info:
_java_thread_list=0x000001303b50a650, length=18, elements={
0x0000013015e94800, 0x0000013039add000, 0x0000013039ae8800, 0x000001303a3c3800,
0x000001303a3c4800, 0x000001303a3c5800, 0x000001303a3c8000, 0x000001303a3c9800,
0x000001303a3d6800, 0x000001303a587800, 0x000001303a588800, 0x000001303a58f800,
0x000001303a5a6000, 0x000001303a9e7800, 0x000001303bc7f000, 0x000001303d045800,
0x000001303d05d000, 0x000001303d05e000
}

Java Threads: ( => current thread )
  0x0000013015e94800 JavaThread "main" [_thread_in_Java, id=23800, stack(0x0000001b11c00000,0x0000001b11d00000)]
  0x0000013039add000 JavaThread "Reference Handler" daemon [_thread_blocked, id=6532, stack(0x0000001b12300000,0x0000001b12400000)]
  0x0000013039ae8800 JavaThread "Finalizer" daemon [_thread_blocked, id=2876, stack(0x0000001b12400000,0x0000001b12500000)]
  0x000001303a3c3800 JavaThread "Signal Dispatcher" daemon [_thread_blocked, id=5432, stack(0x0000001b12500000,0x0000001b12600000)]
  0x000001303a3c4800 JavaThread "Attach Listener" daemon [_thread_blocked, id=14928, stack(0x0000001b12600000,0x0000001b12700000)]
  0x000001303a3c5800 JavaThread "Service Thread" daemon [_thread_blocked, id=2196, stack(0x0000001b12700000,0x0000001b12800000)]
=>0x000001303a3c8000 JavaThread "C2 CompilerThread0" daemon [_thread_in_native, id=16580, stack(0x0000001b12800000,0x0000001b12900000)]
  0x000001303a3c9800 JavaThread "C1 CompilerThread0" daemon [_thread_blocked, id=16152, stack(0x0000001b12900000,0x0000001b12a00000)]
  0x000001303a3d6800 JavaThread "Sweeper thread" daemon [_thread_blocked, id=15812, stack(0x0000001b12a00000,0x0000001b12b00000)]
  0x000001303a587800 JavaThread "JDWP Transport Listener: dt_socket" daemon [_thread_blocked, id=22256, stack(0x0000001b12b00000,0x0000001b12c00000)]
  0x000001303a588800 JavaThread "JDWP Event Helper Thread" daemon [_thread_blocked, id=10444, stack(0x0000001b12c00000,0x0000001b12d00000)]
  0x000001303a58f800 JavaThread "JDWP Command Reader" daemon [_thread_in_native, id=20536, stack(0x0000001b12d00000,0x0000001b12e00000)]
  0x000001303a5a6000 JavaThread "Common-Cleaner" daemon [_thread_blocked, id=18556, stack(0x0000001b12f00000,0x0000001b13000000)]
  0x000001303a9e7800 JavaThread "C2 CompilerThread1" daemon [_thread_in_native, id=20284, stack(0x0000001b13000000,0x0000001b13100000)]
  0x000001303bc7f000 JavaThread "C2 CompilerThread2" daemon [_thread_in_native, id=12840, stack(0x0000001b13800000,0x0000001b13900000)]
  0x000001303d045800 JavaThread "Catalina-utility-1" [_thread_blocked, id=21656, stack(0x0000001b13500000,0x0000001b13600000)]
  0x000001303d05d000 JavaThread "Catalina-utility-2" [_thread_blocked, id=13864, stack(0x0000001b13900000,0x0000001b13a00000)]
  0x000001303d05e000 JavaThread "container-0" [_thread_blocked, id=8068, stack(0x0000001b13a00000,0x0000001b13b00000)]

Other Threads:
  0x0000013039aba800 VMThread "VM Thread" [stack: 0x0000001b12200000,0x0000001b12300000] [id=16640]
  0x000001303a59d000 WatcherThread [stack: 0x0000001b12e00000,0x0000001b12f00000] [id=21408]
  0x0000013015eac000 GCTaskThread "GC Thread#0" [stack: 0x0000001b11d00000,0x0000001b11e00000] [id=23336]
  0x000001303affe000 GCTaskThread "GC Thread#1" [stack: 0x0000001b13100000,0x0000001b13200000] [id=19524]
  0x000001303b465800 GCTaskThread "GC Thread#2" [stack: 0x0000001b13200000,0x0000001b13300000] [id=22360]
  0x000001303b3b9800 GCTaskThread "GC Thread#3" [stack: 0x0000001b13300000,0x0000001b13400000] [id=3244]
  0x000001303b3ba000 GCTaskThread "GC Thread#4" [stack: 0x0000001b13400000,0x0000001b13500000] [id=24100]
  0x0000013015f07000 ConcurrentGCThread "G1 Main Marker" [stack: 0x0000001b11e00000,0x0000001b11f00000] [id=8480]
  0x0000013015f08000 ConcurrentGCThread "G1 Conc#0" [stack: 0x0000001b11f00000,0x0000001b12000000] [id=22344]
  0x000001303b600000 ConcurrentGCThread "G1 Conc#1" [stack: 0x0000001b13600000,0x0000001b13700000] [id=13960]
  0x000001303b46b800 ConcurrentGCThread "G1 Conc#2" [stack: 0x0000001b13700000,0x0000001b13800000] [id=20476]
  0x000001303999f000 ConcurrentGCThread "G1 Refine#0" [stack: 0x0000001b12000000,0x0000001b12100000] [id=8572]
  0x00000130399a2000 ConcurrentGCThread "G1 Young RemSet Sampling" [stack: 0x0000001b12100000,0x0000001b12200000] [id=20412]

Threads with active compile tasks:
C2 CompilerThread0     3876 3600       4       org.aspectj.weaver.reflect.ReflectionBasedReferenceTypeDelegateFactory::toResolvedTypeArray (37 bytes)
C1 CompilerThread0     3876 3663       3       org.springframework.core.annotation.AnnotatedElementUtils::findAnnotations (11 bytes)
C2 CompilerThread1     3876 3542       4       org.springframework.aop.aspectj.AspectJExpressionPointcut::matches (74 bytes)
C2 CompilerThread2     3876 3423       4       org.aspectj.weaver.UnresolvedType::resolve (6 bytes)

VM state:not at safepoint (normal execution)

VM Mutex/Monitor currently owned by a thread: None

Heap address: 0x000000070a000000, size: 3936 MB, Compressed Oops mode: Zero based, Oop shift amount: 3
Narrow klass base: 0x0000000800000000, Narrow klass shift: 0
Compressed class space size: 1073741824 Address: 0x0000000800000000

Heap:
 garbage-first heap   total 251904K, used 60822K [0x000000070a000000, 0x0000000800000000)
  region size 1024K, 56 young (57344K), 6 survivors (6144K)
 Metaspace       used 40077K, capacity 41150K, committed 41296K, reserved 1085440K
  class space    used 4652K, capacity 5082K, committed 5120K, reserved 1048576K
Heap Regions: E=young(eden), S=young(survivor), O=old, HS=humongous(starts), HC=humongous(continues), CS=collection set, F=free, A=archive, TAMS=top-at-mark-start (previous, next)
|   0|0x000000070a000000, 0x000000070a100000, 0x000000070a100000|100%| O|  |TAMS 0x000000070a100000, 0x000000070a000000| Untracked 
|   1|0x000000070a100000, 0x000000070a200000, 0x000000070a200000|100%| O|  |TAMS 0x000000070a200000, 0x000000070a100000| Untracked 
|   2|0x000000070a200000, 0x000000070a300000, 0x000000070a300000|100%| O|  |TAMS 0x000000070a300000, 0x000000070a200000| Untracked 
|   3|0x000000070a300000, 0x000000070a400000, 0x000000070a400000|100%| O|  |TAMS 0x000000070a400000, 0x000000070a300000| Untracked 
|   4|0x000000070a400000, 0x000000070a465800, 0x000000070a500000| 39%| O|  |TAMS 0x000000070a465800, 0x000000070a400000| Untracked 
|   5|0x000000070a500000, 0x000000070a500000, 0x000000070a600000|  0%| F|  |TAMS 0x000000070a500000, 0x000000070a500000| Untracked 
|   6|0x000000070a600000, 0x000000070a600000, 0x000000070a700000|  0%| F|  |TAMS 0x000000070a600000, 0x000000070a600000| Untracked 
|   7|0x000000070a700000, 0x000000070a700000, 0x000000070a800000|  0%| F|  |TAMS 0x000000070a700000, 0x000000070a700000| Untracked 
|   8|0x000000070a800000, 0x000000070a800000, 0x000000070a900000|  0%| F|  |TAMS 0x000000070a800000, 0x000000070a800000| Untracked 
|   9|0x000000070a900000, 0x000000070a900000, 0x000000070aa00000|  0%| F|  |TAMS 0x000000070a900000, 0x000000070a900000| Untracked 
|  10|0x000000070aa00000, 0x000000070aa00000, 0x000000070ab00000|  0%| F|  |TAMS 0x000000070aa00000, 0x000000070aa00000| Untracked 
|  11|0x000000070ab00000, 0x000000070ab00000, 0x000000070ac00000|  0%| F|  |TAMS 0x000000070ab00000, 0x000000070ab00000| Untracked 
|  12|0x000000070ac00000, 0x000000070ac00000, 0x000000070ad00000|  0%| F|  |TAMS 0x000000070ac00000, 0x000000070ac00000| Untracked 
|  13|0x000000070ad00000, 0x000000070ad00000, 0x000000070ae00000|  0%| F|  |TAMS 0x000000070ad00000, 0x000000070ad00000| Untracked 
|  14|0x000000070ae00000, 0x000000070ae00000, 0x000000070af00000|  0%| F|  |TAMS 0x000000070ae00000, 0x000000070ae00000| Untracked 
|  15|0x000000070af00000, 0x000000070af00000, 0x000000070b000000|  0%| F|  |TAMS 0x000000070af00000, 0x000000070af00000| Untracked 
|  16|0x000000070b000000, 0x000000070b000000, 0x000000070b100000|  0%| F|  |TAMS 0x000000070b000000, 0x000000070b000000| Untracked 
|  17|0x000000070b100000, 0x000000070b100000, 0x000000070b200000|  0%| F|  |TAMS 0x000000070b100000, 0x000000070b100000| Untracked 
|  18|0x000000070b200000, 0x000000070b200000, 0x000000070b300000|  0%| F|  |TAMS 0x000000070b200000, 0x000000070b200000| Untracked 
|  19|0x000000070b300000, 0x000000070b300000, 0x000000070b400000|  0%| F|  |TAMS 0x000000070b300000, 0x000000070b300000| Untracked 
|  20|0x000000070b400000, 0x000000070b400000, 0x000000070b500000|  0%| F|  |TAMS 0x000000070b400000, 0x000000070b400000| Untracked 
|  21|0x000000070b500000, 0x000000070b500000, 0x000000070b600000|  0%| F|  |TAMS 0x000000070b500000, 0x000000070b500000| Untracked 
|  22|0x000000070b600000, 0x000000070b600000, 0x000000070b700000|  0%| F|  |TAMS 0x000000070b600000, 0x000000070b600000| Untracked 
|  23|0x000000070b700000, 0x000000070b700000, 0x000000070b800000|  0%| F|  |TAMS 0x000000070b700000, 0x000000070b700000| Untracked 
|  24|0x000000070b800000, 0x000000070b800000, 0x000000070b900000|  0%| F|  |TAMS 0x000000070b800000, 0x000000070b800000| Untracked 
|  25|0x000000070b900000, 0x000000070b900000, 0x000000070ba00000|  0%| F|  |TAMS 0x000000070b900000, 0x000000070b900000| Untracked 
|  26|0x000000070ba00000, 0x000000070ba00000, 0x000000070bb00000|  0%| F|  |TAMS 0x000000070ba00000, 0x000000070ba00000| Untracked 
|  27|0x000000070bb00000, 0x000000070bb00000, 0x000000070bc00000|  0%| F|  |TAMS 0x000000070bb00000, 0x000000070bb00000| Untracked 
|  28|0x000000070bc00000, 0x000000070bc00000, 0x000000070bd00000|  0%| F|  |TAMS 0x000000070bc00000, 0x000000070bc00000| Untracked 
|  29|0x000000070bd00000, 0x000000070bd00000, 0x000000070be00000|  0%| F|  |TAMS 0x000000070bd00000, 0x000000070bd00000| Untracked 
|  30|0x000000070be00000, 0x000000070be00000, 0x000000070bf00000|  0%| F|  |TAMS 0x000000070be00000, 0x000000070be00000| Untracked 
|  31|0x000000070bf00000, 0x000000070bf00000, 0x000000070c000000|  0%| F|  |TAMS 0x000000070bf00000, 0x000000070bf00000| Untracked 
|  32|0x000000070c000000, 0x000000070c000000, 0x000000070c100000|  0%| F|  |TAMS 0x000000070c000000, 0x000000070c000000| Untracked 
|  33|0x000000070c100000, 0x000000070c100000, 0x000000070c200000|  0%| F|  |TAMS 0x000000070c100000, 0x000000070c100000| Untracked 
|  34|0x000000070c200000, 0x000000070c200000, 0x000000070c300000|  0%| F|  |TAMS 0x000000070c200000, 0x000000070c200000| Untracked 
|  35|0x000000070c300000, 0x000000070c300000, 0x000000070c400000|  0%| F|  |TAMS 0x000000070c300000, 0x000000070c300000| Untracked 
|  36|0x000000070c400000, 0x000000070c400000, 0x000000070c500000|  0%| F|  |TAMS 0x000000070c400000, 0x000000070c400000| Untracked 
|  37|0x000000070c500000, 0x000000070c500000, 0x000000070c600000|  0%| F|  |TAMS 0x000000070c500000, 0x000000070c500000| Untracked 
|  38|0x000000070c600000, 0x000000070c600000, 0x000000070c700000|  0%| F|  |TAMS 0x000000070c600000, 0x000000070c600000| Untracked 
|  39|0x000000070c700000, 0x000000070c700000, 0x000000070c800000|  0%| F|  |TAMS 0x000000070c700000, 0x000000070c700000| Untracked 
|  40|0x000000070c800000, 0x000000070c800000, 0x000000070c900000|  0%| F|  |TAMS 0x000000070c800000, 0x000000070c800000| Untracked 
|  41|0x000000070c900000, 0x000000070c900000, 0x000000070ca00000|  0%| F|  |TAMS 0x000000070c900000, 0x000000070c900000| Untracked 
|  42|0x000000070ca00000, 0x000000070ca00000, 0x000000070cb00000|  0%| F|  |TAMS 0x000000070ca00000, 0x000000070ca00000| Untracked 
|  43|0x000000070cb00000, 0x000000070cb00000, 0x000000070cc00000|  0%| F|  |TAMS 0x000000070cb00000, 0x000000070cb00000| Untracked 
|  44|0x000000070cc00000, 0x000000070cc00000, 0x000000070cd00000|  0%| F|  |TAMS 0x000000070cc00000, 0x000000070cc00000| Untracked 
|  45|0x000000070cd00000, 0x000000070cd00000, 0x000000070ce00000|  0%| F|  |TAMS 0x000000070cd00000, 0x000000070cd00000| Untracked 
|  46|0x000000070ce00000, 0x000000070ce00000, 0x000000070cf00000|  0%| F|  |TAMS 0x000000070ce00000, 0x000000070ce00000| Untracked 
|  47|0x000000070cf00000, 0x000000070cf00000, 0x000000070d000000|  0%| F|  |TAMS 0x000000070cf00000, 0x000000070cf00000| Untracked 
|  48|0x000000070d000000, 0x000000070d000000, 0x000000070d100000|  0%| F|  |TAMS 0x000000070d000000, 0x000000070d000000| Untracked 
|  49|0x000000070d100000, 0x000000070d100000, 0x000000070d200000|  0%| F|  |TAMS 0x000000070d100000, 0x000000070d100000| Untracked 
|  50|0x000000070d200000, 0x000000070d200000, 0x000000070d300000|  0%| F|  |TAMS 0x000000070d200000, 0x000000070d200000| Untracked 
|  51|0x000000070d300000, 0x000000070d300000, 0x000000070d400000|  0%| F|  |TAMS 0x000000070d300000, 0x000000070d300000| Untracked 
|  52|0x000000070d400000, 0x000000070d400000, 0x000000070d500000|  0%| F|  |TAMS 0x000000070d400000, 0x000000070d400000| Untracked 
|  53|0x000000070d500000, 0x000000070d500000, 0x000000070d600000|  0%| F|  |TAMS 0x000000070d500000, 0x000000070d500000| Untracked 
|  54|0x000000070d600000, 0x000000070d600000, 0x000000070d700000|  0%| F|  |TAMS 0x000000070d600000, 0x000000070d600000| Untracked 
|  55|0x000000070d700000, 0x000000070d700000, 0x000000070d800000|  0%| F|  |TAMS 0x000000070d700000, 0x000000070d700000| Untracked 
|  56|0x000000070d800000, 0x000000070d800000, 0x000000070d900000|  0%| F|  |TAMS 0x000000070d800000, 0x000000070d800000| Untracked 
|  57|0x000000070d900000, 0x000000070d900000, 0x000000070da00000|  0%| F|  |TAMS 0x000000070d900000, 0x000000070d900000| Untracked 
|  58|0x000000070da00000, 0x000000070da00000, 0x000000070db00000|  0%| F|  |TAMS 0x000000070da00000, 0x000000070da00000| Untracked 
|  59|0x000000070db00000, 0x000000070db00000, 0x000000070dc00000|  0%| F|  |TAMS 0x000000070db00000, 0x000000070db00000| Untracked 
|  60|0x000000070dc00000, 0x000000070dc00000, 0x000000070dd00000|  0%| F|  |TAMS 0x000000070dc00000, 0x000000070dc00000| Untracked 
|  61|0x000000070dd00000, 0x000000070dd00000, 0x000000070de00000|  0%| F|  |TAMS 0x000000070dd00000, 0x000000070dd00000| Untracked 
|  62|0x000000070de00000, 0x000000070de00000, 0x000000070df00000|  0%| F|  |TAMS 0x000000070de00000, 0x000000070de00000| Untracked 
|  63|0x000000070df00000, 0x000000070df00000, 0x000000070e000000|  0%| F|  |TAMS 0x000000070df00000, 0x000000070df00000| Untracked 
|  64|0x000000070e000000, 0x000000070e000000, 0x000000070e100000|  0%| F|  |TAMS 0x000000070e000000, 0x000000070e000000| Untracked 
|  65|0x000000070e100000, 0x000000070e100000, 0x000000070e200000|  0%| F|  |TAMS 0x000000070e100000, 0x000000070e100000| Untracked 
|  66|0x000000070e200000, 0x000000070e200000, 0x000000070e300000|  0%| F|  |TAMS 0x000000070e200000, 0x000000070e200000| Untracked 
|  67|0x000000070e300000, 0x000000070e300000, 0x000000070e400000|  0%| F|  |TAMS 0x000000070e300000, 0x000000070e300000| Untracked 
|  68|0x000000070e400000, 0x000000070e400000, 0x000000070e500000|  0%| F|  |TAMS 0x000000070e400000, 0x000000070e400000| Untracked 
|  69|0x000000070e500000, 0x000000070e500000, 0x000000070e600000|  0%| F|  |TAMS 0x000000070e500000, 0x000000070e500000| Untracked 
|  70|0x000000070e600000, 0x000000070e600000, 0x000000070e700000|  0%| F|  |TAMS 0x000000070e600000, 0x000000070e600000| Untracked 
|  71|0x000000070e700000, 0x000000070e700000, 0x000000070e800000|  0%| F|  |TAMS 0x000000070e700000, 0x000000070e700000| Untracked 
|  72|0x000000070e800000, 0x000000070e800000, 0x000000070e900000|  0%| F|  |TAMS 0x000000070e800000, 0x000000070e800000| Untracked 
|  73|0x000000070e900000, 0x000000070e900000, 0x000000070ea00000|  0%| F|  |TAMS 0x000000070e900000, 0x000000070e900000| Untracked 
|  74|0x000000070ea00000, 0x000000070ea00000, 0x000000070eb00000|  0%| F|  |TAMS 0x000000070ea00000, 0x000000070ea00000| Untracked 
|  75|0x000000070eb00000, 0x000000070eb00000, 0x000000070ec00000|  0%| F|  |TAMS 0x000000070eb00000, 0x000000070eb00000| Untracked 
|  76|0x000000070ec00000, 0x000000070ec00000, 0x000000070ed00000|  0%| F|  |TAMS 0x000000070ec00000, 0x000000070ec00000| Untracked 
|  77|0x000000070ed00000, 0x000000070ed00000, 0x000000070ee00000|  0%| F|  |TAMS 0x000000070ed00000, 0x000000070ed00000| Untracked 
|  78|0x000000070ee00000, 0x000000070ee00000, 0x000000070ef00000|  0%| F|  |TAMS 0x000000070ee00000, 0x000000070ee00000| Untracked 
|  79|0x000000070ef00000, 0x000000070ef00000, 0x000000070f000000|  0%| F|  |TAMS 0x000000070ef00000, 0x000000070ef00000| Untracked 
|  80|0x000000070f000000, 0x000000070f000000, 0x000000070f100000|  0%| F|  |TAMS 0x000000070f000000, 0x000000070f000000| Untracked 
|  81|0x000000070f100000, 0x000000070f100000, 0x000000070f200000|  0%| F|  |TAMS 0x000000070f100000, 0x000000070f100000| Untracked 
|  82|0x000000070f200000, 0x000000070f200000, 0x000000070f300000|  0%| F|  |TAMS 0x000000070f200000, 0x000000070f200000| Untracked 
|  83|0x000000070f300000, 0x000000070f300000, 0x000000070f400000|  0%| F|  |TAMS 0x000000070f300000, 0x000000070f300000| Untracked 
|  84|0x000000070f400000, 0x000000070f400000, 0x000000070f500000|  0%| F|  |TAMS 0x000000070f400000, 0x000000070f400000| Untracked 
|  85|0x000000070f500000, 0x000000070f500000, 0x000000070f600000|  0%| F|  |TAMS 0x000000070f500000, 0x000000070f500000| Untracked 
|  86|0x000000070f600000, 0x000000070f600000, 0x000000070f700000|  0%| F|  |TAMS 0x000000070f600000, 0x000000070f600000| Untracked 
|  87|0x000000070f700000, 0x000000070f700000, 0x000000070f800000|  0%| F|  |TAMS 0x000000070f700000, 0x000000070f700000| Untracked 
|  88|0x000000070f800000, 0x000000070f800000, 0x000000070f900000|  0%| F|  |TAMS 0x000000070f800000, 0x000000070f800000| Untracked 
|  89|0x000000070f900000, 0x000000070f900000, 0x000000070fa00000|  0%| F|  |TAMS 0x000000070f900000, 0x000000070f900000| Untracked 
|  90|0x000000070fa00000, 0x000000070fa00000, 0x000000070fb00000|  0%| F|  |TAMS 0x000000070fa00000, 0x000000070fa00000| Untracked 
|  91|0x000000070fb00000, 0x000000070fb00000, 0x000000070fc00000|  0%| F|  |TAMS 0x000000070fb00000, 0x000000070fb00000| Untracked 
|  92|0x000000070fc00000, 0x000000070fc00000, 0x000000070fd00000|  0%| F|  |TAMS 0x000000070fc00000, 0x000000070fc00000| Untracked 
|  93|0x000000070fd00000, 0x000000070fd00000, 0x000000070fe00000|  0%| F|  |TAMS 0x000000070fd00000, 0x000000070fd00000| Untracked 
|  94|0x000000070fe00000, 0x000000070fe00000, 0x000000070ff00000|  0%| F|  |TAMS 0x000000070fe00000, 0x000000070fe00000| Untracked 
|  95|0x000000070ff00000, 0x000000070ff00000, 0x0000000710000000|  0%| F|  |TAMS 0x000000070ff00000, 0x000000070ff00000| Untracked 
|  96|0x0000000710000000, 0x0000000710000000, 0x0000000710100000|  0%| F|  |TAMS 0x0000000710000000, 0x0000000710000000| Untracked 
|  97|0x0000000710100000, 0x0000000710100000, 0x0000000710200000|  0%| F|  |TAMS 0x0000000710100000, 0x0000000710100000| Untracked 
|  98|0x0000000710200000, 0x0000000710200000, 0x0000000710300000|  0%| F|  |TAMS 0x0000000710200000, 0x0000000710200000| Untracked 
|  99|0x0000000710300000, 0x0000000710300000, 0x0000000710400000|  0%| F|  |TAMS 0x0000000710300000, 0x0000000710300000| Untracked 
| 100|0x0000000710400000, 0x0000000710400000, 0x0000000710500000|  0%| F|  |TAMS 0x0000000710400000, 0x0000000710400000| Untracked 
| 101|0x0000000710500000, 0x0000000710500000, 0x0000000710600000|  0%| F|  |TAMS 0x0000000710500000, 0x0000000710500000| Untracked 
| 102|0x0000000710600000, 0x0000000710600000, 0x0000000710700000|  0%| F|  |TAMS 0x0000000710600000, 0x0000000710600000| Untracked 
| 103|0x0000000710700000, 0x0000000710700000, 0x0000000710800000|  0%| F|  |TAMS 0x0000000710700000, 0x0000000710700000| Untracked 
| 104|0x0000000710800000, 0x0000000710800000, 0x0000000710900000|  0%| F|  |TAMS 0x0000000710800000, 0x0000000710800000| Untracked 
| 105|0x0000000710900000, 0x0000000710900000, 0x0000000710a00000|  0%| F|  |TAMS 0x0000000710900000, 0x0000000710900000| Untracked 
| 106|0x0000000710a00000, 0x0000000710a00000, 0x0000000710b00000|  0%| F|  |TAMS 0x0000000710a00000, 0x0000000710a00000| Untracked 
| 107|0x0000000710b00000, 0x0000000710b00000, 0x0000000710c00000|  0%| F|  |TAMS 0x0000000710b00000, 0x0000000710b00000| Untracked 
| 108|0x0000000710c00000, 0x0000000710c00000, 0x0000000710d00000|  0%| F|  |TAMS 0x0000000710c00000, 0x0000000710c00000| Untracked 
| 109|0x0000000710d00000, 0x0000000710d00000, 0x0000000710e00000|  0%| F|  |TAMS 0x0000000710d00000, 0x0000000710d00000| Untracked 
| 110|0x0000000710e00000, 0x0000000710e00000, 0x0000000710f00000|  0%| F|  |TAMS 0x0000000710e00000, 0x0000000710e00000| Untracked 
| 111|0x0000000710f00000, 0x0000000710f00000, 0x0000000711000000|  0%| F|  |TAMS 0x0000000710f00000, 0x0000000710f00000| Untracked 
| 112|0x0000000711000000, 0x0000000711000000, 0x0000000711100000|  0%| F|  |TAMS 0x0000000711000000, 0x0000000711000000| Untracked 
| 113|0x0000000711100000, 0x0000000711100000, 0x0000000711200000|  0%| F|  |TAMS 0x0000000711100000, 0x0000000711100000| Untracked 
| 114|0x0000000711200000, 0x0000000711200000, 0x0000000711300000|  0%| F|  |TAMS 0x0000000711200000, 0x0000000711200000| Untracked 
| 115|0x0000000711300000, 0x0000000711300000, 0x0000000711400000|  0%| F|  |TAMS 0x0000000711300000, 0x0000000711300000| Untracked 
| 116|0x0000000711400000, 0x0000000711400000, 0x0000000711500000|  0%| F|  |TAMS 0x0000000711400000, 0x0000000711400000| Untracked 
| 117|0x0000000711500000, 0x0000000711500000, 0x0000000711600000|  0%| F|  |TAMS 0x0000000711500000, 0x0000000711500000| Untracked 
| 118|0x0000000711600000, 0x0000000711600000, 0x0000000711700000|  0%| F|  |TAMS 0x0000000711600000, 0x0000000711600000| Untracked 
| 119|0x0000000711700000, 0x0000000711700000, 0x0000000711800000|  0%| F|  |TAMS 0x0000000711700000, 0x0000000711700000| Untracked 
| 120|0x0000000711800000, 0x0000000711800000, 0x0000000711900000|  0%| F|  |TAMS 0x0000000711800000, 0x0000000711800000| Untracked 
| 121|0x0000000711900000, 0x0000000711900000, 0x0000000711a00000|  0%| F|  |TAMS 0x0000000711900000, 0x0000000711900000| Untracked 
| 122|0x0000000711a00000, 0x0000000711a00000, 0x0000000711b00000|  0%| F|  |TAMS 0x0000000711a00000, 0x0000000711a00000| Untracked 
| 123|0x0000000711b00000, 0x0000000711b00000, 0x0000000711c00000|  0%| F|  |TAMS 0x0000000711b00000, 0x0000000711b00000| Untracked 
| 124|0x0000000711c00000, 0x0000000711c00000, 0x0000000711d00000|  0%| F|  |TAMS 0x0000000711c00000, 0x0000000711c00000| Untracked 
| 125|0x0000000711d00000, 0x0000000711d00000, 0x0000000711e00000|  0%| F|  |TAMS 0x0000000711d00000, 0x0000000711d00000| Untracked 
| 126|0x0000000711e00000, 0x0000000711e00000, 0x0000000711f00000|  0%| F|  |TAMS 0x0000000711e00000, 0x0000000711e00000| Untracked 
| 127|0x0000000711f00000, 0x0000000711f00000, 0x0000000712000000|  0%| F|  |TAMS 0x0000000711f00000, 0x0000000711f00000| Untracked 
| 128|0x0000000712000000, 0x0000000712000000, 0x0000000712100000|  0%| F|  |TAMS 0x0000000712000000, 0x0000000712000000| Untracked 
| 129|0x0000000712100000, 0x0000000712100000, 0x0000000712200000|  0%| F|  |TAMS 0x0000000712100000, 0x0000000712100000| Untracked 
| 130|0x0000000712200000, 0x0000000712200000, 0x0000000712300000|  0%| F|  |TAMS 0x0000000712200000, 0x0000000712200000| Untracked 
| 131|0x0000000712300000, 0x0000000712300000, 0x0000000712400000|  0%| F|  |TAMS 0x0000000712300000, 0x0000000712300000| Untracked 
| 132|0x0000000712400000, 0x0000000712400000, 0x0000000712500000|  0%| F|  |TAMS 0x0000000712400000, 0x0000000712400000| Untracked 
| 133|0x0000000712500000, 0x0000000712500000, 0x0000000712600000|  0%| F|  |TAMS 0x0000000712500000, 0x0000000712500000| Untracked 
| 134|0x0000000712600000, 0x0000000712600000, 0x0000000712700000|  0%| F|  |TAMS 0x0000000712600000, 0x0000000712600000| Untracked 
| 135|0x0000000712700000, 0x0000000712700000, 0x0000000712800000|  0%| F|  |TAMS 0x0000000712700000, 0x0000000712700000| Untracked 
| 136|0x0000000712800000, 0x0000000712800000, 0x0000000712900000|  0%| F|  |TAMS 0x0000000712800000, 0x0000000712800000| Untracked 
| 137|0x0000000712900000, 0x0000000712900000, 0x0000000712a00000|  0%| F|  |TAMS 0x0000000712900000, 0x0000000712900000| Untracked 
| 138|0x0000000712a00000, 0x0000000712a00000, 0x0000000712b00000|  0%| F|  |TAMS 0x0000000712a00000, 0x0000000712a00000| Untracked 
| 139|0x0000000712b00000, 0x0000000712b00000, 0x0000000712c00000|  0%| F|  |TAMS 0x0000000712b00000, 0x0000000712b00000| Untracked 
| 140|0x0000000712c00000, 0x0000000712c00000, 0x0000000712d00000|  0%| F|  |TAMS 0x0000000712c00000, 0x0000000712c00000| Untracked 
| 141|0x0000000712d00000, 0x0000000712d00000, 0x0000000712e00000|  0%| F|  |TAMS 0x0000000712d00000, 0x0000000712d00000| Untracked 
| 142|0x0000000712e00000, 0x0000000712e00000, 0x0000000712f00000|  0%| F|  |TAMS 0x0000000712e00000, 0x0000000712e00000| Untracked 
| 143|0x0000000712f00000, 0x0000000712f00000, 0x0000000713000000|  0%| F|  |TAMS 0x0000000712f00000, 0x0000000712f00000| Untracked 
| 144|0x0000000713000000, 0x0000000713000000, 0x0000000713100000|  0%| F|  |TAMS 0x0000000713000000, 0x0000000713000000| Untracked 
| 145|0x0000000713100000, 0x0000000713100000, 0x0000000713200000|  0%| F|  |TAMS 0x0000000713100000, 0x0000000713100000| Untracked 
| 146|0x0000000713200000, 0x0000000713200000, 0x0000000713300000|  0%| F|  |TAMS 0x0000000713200000, 0x0000000713200000| Untracked 
| 147|0x0000000713300000, 0x0000000713300000, 0x0000000713400000|  0%| F|  |TAMS 0x0000000713300000, 0x0000000713300000| Untracked 
| 148|0x0000000713400000, 0x0000000713400000, 0x0000000713500000|  0%| F|  |TAMS 0x0000000713400000, 0x0000000713400000| Untracked 
| 149|0x0000000713500000, 0x0000000713500000, 0x0000000713600000|  0%| F|  |TAMS 0x0000000713500000, 0x0000000713500000| Untracked 
| 150|0x0000000713600000, 0x0000000713600000, 0x0000000713700000|  0%| F|  |TAMS 0x0000000713600000, 0x0000000713600000| Untracked 
| 151|0x0000000713700000, 0x0000000713700000, 0x0000000713800000|  0%| F|  |TAMS 0x0000000713700000, 0x0000000713700000| Untracked 
| 152|0x0000000713800000, 0x0000000713800000, 0x0000000713900000|  0%| F|  |TAMS 0x0000000713800000, 0x0000000713800000| Untracked 
| 153|0x0000000713900000, 0x0000000713900000, 0x0000000713a00000|  0%| F|  |TAMS 0x0000000713900000, 0x0000000713900000| Untracked 
| 154|0x0000000713a00000, 0x0000000713a00000, 0x0000000713b00000|  0%| F|  |TAMS 0x0000000713a00000, 0x0000000713a00000| Untracked 
| 155|0x0000000713b00000, 0x0000000713b00000, 0x0000000713c00000|  0%| F|  |TAMS 0x0000000713b00000, 0x0000000713b00000| Untracked 
| 156|0x0000000713c00000, 0x0000000713c00000, 0x0000000713d00000|  0%| F|  |TAMS 0x0000000713c00000, 0x0000000713c00000| Untracked 
| 157|0x0000000713d00000, 0x0000000713d00000, 0x0000000713e00000|  0%| F|  |TAMS 0x0000000713d00000, 0x0000000713d00000| Untracked 
| 158|0x0000000713e00000, 0x0000000713e00000, 0x0000000713f00000|  0%| F|  |TAMS 0x0000000713e00000, 0x0000000713e00000| Untracked 
| 159|0x0000000713f00000, 0x0000000713f00000, 0x0000000714000000|  0%| F|  |TAMS 0x0000000713f00000, 0x0000000713f00000| Untracked 
| 160|0x0000000714000000, 0x0000000714000000, 0x0000000714100000|  0%| F|  |TAMS 0x0000000714000000, 0x0000000714000000| Untracked 
| 161|0x0000000714100000, 0x0000000714100000, 0x0000000714200000|  0%| F|  |TAMS 0x0000000714100000, 0x0000000714100000| Untracked 
| 162|0x0000000714200000, 0x0000000714200000, 0x0000000714300000|  0%| F|  |TAMS 0x0000000714200000, 0x0000000714200000| Untracked 
| 163|0x0000000714300000, 0x0000000714300000, 0x0000000714400000|  0%| F|  |TAMS 0x0000000714300000, 0x0000000714300000| Untracked 
| 164|0x0000000714400000, 0x0000000714400000, 0x0000000714500000|  0%| F|  |TAMS 0x0000000714400000, 0x0000000714400000| Untracked 
| 165|0x0000000714500000, 0x0000000714500000, 0x0000000714600000|  0%| F|  |TAMS 0x0000000714500000, 0x0000000714500000| Untracked 
| 166|0x0000000714600000, 0x0000000714600000, 0x0000000714700000|  0%| F|  |TAMS 0x0000000714600000, 0x0000000714600000| Untracked 
| 167|0x0000000714700000, 0x0000000714700000, 0x0000000714800000|  0%| F|  |TAMS 0x0000000714700000, 0x0000000714700000| Untracked 
| 168|0x0000000714800000, 0x0000000714800000, 0x0000000714900000|  0%| F|  |TAMS 0x0000000714800000, 0x0000000714800000| Untracked 
| 169|0x0000000714900000, 0x0000000714900000, 0x0000000714a00000|  0%| F|  |TAMS 0x0000000714900000, 0x0000000714900000| Untracked 
| 170|0x0000000714a00000, 0x0000000714a00000, 0x0000000714b00000|  0%| F|  |TAMS 0x0000000714a00000, 0x0000000714a00000| Untracked 
| 171|0x0000000714b00000, 0x0000000714b00000, 0x0000000714c00000|  0%| F|  |TAMS 0x0000000714b00000, 0x0000000714b00000| Untracked 
| 172|0x0000000714c00000, 0x0000000714c00000, 0x0000000714d00000|  0%| F|  |TAMS 0x0000000714c00000, 0x0000000714c00000| Untracked 
| 173|0x0000000714d00000, 0x0000000714d00000, 0x0000000714e00000|  0%| F|  |TAMS 0x0000000714d00000, 0x0000000714d00000| Untracked 
| 174|0x0000000714e00000, 0x0000000714e00000, 0x0000000714f00000|  0%| F|  |TAMS 0x0000000714e00000, 0x0000000714e00000| Untracked 
| 175|0x0000000714f00000, 0x0000000714f00000, 0x0000000715000000|  0%| F|  |TAMS 0x0000000714f00000, 0x0000000714f00000| Untracked 
| 176|0x0000000715000000, 0x0000000715000000, 0x0000000715100000|  0%| F|  |TAMS 0x0000000715000000, 0x0000000715000000| Untracked 
| 177|0x0000000715100000, 0x0000000715100000, 0x0000000715200000|  0%| F|  |TAMS 0x0000000715100000, 0x0000000715100000| Untracked 
| 178|0x0000000715200000, 0x0000000715300000, 0x0000000715300000|100%| S|CS|TAMS 0x0000000715200000, 0x0000000715200000| Complete 
| 179|0x0000000715300000, 0x0000000715400000, 0x0000000715400000|100%| S|CS|TAMS 0x0000000715300000, 0x0000000715300000| Complete 
| 180|0x0000000715400000, 0x0000000715500000, 0x0000000715500000|100%| S|CS|TAMS 0x0000000715400000, 0x0000000715400000| Complete 
| 181|0x0000000715500000, 0x0000000715600000, 0x0000000715600000|100%| S|CS|TAMS 0x0000000715500000, 0x0000000715500000| Complete 
| 182|0x0000000715600000, 0x0000000715700000, 0x0000000715700000|100%| S|CS|TAMS 0x0000000715600000, 0x0000000715600000| Complete 
| 183|0x0000000715700000, 0x0000000715800000, 0x0000000715800000|100%| S|CS|TAMS 0x0000000715700000, 0x0000000715700000| Complete 
| 184|0x0000000715800000, 0x0000000715800000, 0x0000000715900000|  0%| F|  |TAMS 0x0000000715800000, 0x0000000715800000| Untracked 
| 185|0x0000000715900000, 0x0000000715900000, 0x0000000715a00000|  0%| F|  |TAMS 0x0000000715900000, 0x0000000715900000| Untracked 
| 186|0x0000000715a00000, 0x0000000715a00000, 0x0000000715b00000|  0%| F|  |TAMS 0x0000000715a00000, 0x0000000715a00000| Untracked 
| 187|0x0000000715b00000, 0x0000000715b00000, 0x0000000715c00000|  0%| F|  |TAMS 0x0000000715b00000, 0x0000000715b00000| Untracked 
| 188|0x0000000715c00000, 0x0000000715c00000, 0x0000000715d00000|  0%| F|  |TAMS 0x0000000715c00000, 0x0000000715c00000| Untracked 
| 189|0x0000000715d00000, 0x0000000715d00000, 0x0000000715e00000|  0%| F|  |TAMS 0x0000000715d00000, 0x0000000715d00000| Untracked 
| 190|0x0000000715e00000, 0x0000000715e00000, 0x0000000715f00000|  0%| F|  |TAMS 0x0000000715e00000, 0x0000000715e00000| Untracked 
| 191|0x0000000715f00000, 0x0000000715f00000, 0x0000000716000000|  0%| F|  |TAMS 0x0000000715f00000, 0x0000000715f00000| Untracked 
| 192|0x0000000716000000, 0x0000000716000000, 0x0000000716100000|  0%| F|  |TAMS 0x0000000716000000, 0x0000000716000000| Untracked 
| 193|0x0000000716100000, 0x0000000716100000, 0x0000000716200000|  0%| F|  |TAMS 0x0000000716100000, 0x0000000716100000| Untracked 
| 194|0x0000000716200000, 0x0000000716200000, 0x0000000716300000|  0%| F|  |TAMS 0x0000000716200000, 0x0000000716200000| Untracked 
| 195|0x0000000716300000, 0x0000000716300000, 0x0000000716400000|  0%| F|  |TAMS 0x0000000716300000, 0x0000000716300000| Untracked 
| 196|0x0000000716400000, 0x0000000716480800, 0x0000000716500000| 50%| E|  |TAMS 0x0000000716400000, 0x0000000716400000| Complete 
| 197|0x0000000716500000, 0x0000000716600000, 0x0000000716600000|100%| E|CS|TAMS 0x0000000716500000, 0x0000000716500000| Complete 
| 198|0x0000000716600000, 0x0000000716700000, 0x0000000716700000|100%| E|CS|TAMS 0x0000000716600000, 0x0000000716600000| Complete 
| 199|0x0000000716700000, 0x0000000716800000, 0x0000000716800000|100%| E|CS|TAMS 0x0000000716700000, 0x0000000716700000| Complete 
| 200|0x0000000716800000, 0x0000000716900000, 0x0000000716900000|100%| E|CS|TAMS 0x0000000716800000, 0x0000000716800000| Complete 
| 201|0x0000000716900000, 0x0000000716a00000, 0x0000000716a00000|100%| E|CS|TAMS 0x0000000716900000, 0x0000000716900000| Complete 
| 202|0x0000000716a00000, 0x0000000716b00000, 0x0000000716b00000|100%| E|CS|TAMS 0x0000000716a00000, 0x0000000716a00000| Complete 
| 203|0x0000000716b00000, 0x0000000716c00000, 0x0000000716c00000|100%| E|CS|TAMS 0x0000000716b00000, 0x0000000716b00000| Complete 
| 204|0x0000000716c00000, 0x0000000716d00000, 0x0000000716d00000|100%| E|CS|TAMS 0x0000000716c00000, 0x0000000716c00000| Complete 
| 205|0x0000000716d00000, 0x0000000716e00000, 0x0000000716e00000|100%| E|CS|TAMS 0x0000000716d00000, 0x0000000716d00000| Complete 
| 206|0x0000000716e00000, 0x0000000716f00000, 0x0000000716f00000|100%| E|CS|TAMS 0x0000000716e00000, 0x0000000716e00000| Complete 
| 207|0x0000000716f00000, 0x0000000717000000, 0x0000000717000000|100%| E|CS|TAMS 0x0000000716f00000, 0x0000000716f00000| Complete 
| 208|0x0000000717000000, 0x0000000717100000, 0x0000000717100000|100%| E|CS|TAMS 0x0000000717000000, 0x0000000717000000| Complete 
| 209|0x0000000717100000, 0x0000000717200000, 0x0000000717200000|100%| E|CS|TAMS 0x0000000717100000, 0x0000000717100000| Complete 
| 210|0x0000000717200000, 0x0000000717300000, 0x0000000717300000|100%| E|CS|TAMS 0x0000000717200000, 0x0000000717200000| Complete 
| 211|0x0000000717300000, 0x0000000717400000, 0x0000000717400000|100%| E|CS|TAMS 0x0000000717300000, 0x0000000717300000| Complete 
| 212|0x0000000717400000, 0x0000000717500000, 0x0000000717500000|100%| E|CS|TAMS 0x0000000717400000, 0x0000000717400000| Complete 
| 213|0x0000000717500000, 0x0000000717600000, 0x0000000717600000|100%| E|CS|TAMS 0x0000000717500000, 0x0000000717500000| Complete 
| 214|0x0000000717600000, 0x0000000717700000, 0x0000000717700000|100%| E|CS|TAMS 0x0000000717600000, 0x0000000717600000| Complete 
| 215|0x0000000717700000, 0x0000000717800000, 0x0000000717800000|100%| E|CS|TAMS 0x0000000717700000, 0x0000000717700000| Complete 
| 216|0x0000000717800000, 0x0000000717900000, 0x0000000717900000|100%| E|CS|TAMS 0x0000000717800000, 0x0000000717800000| Complete 
| 217|0x0000000717900000, 0x0000000717a00000, 0x0000000717a00000|100%| E|CS|TAMS 0x0000000717900000, 0x0000000717900000| Complete 
| 218|0x0000000717a00000, 0x0000000717b00000, 0x0000000717b00000|100%| E|CS|TAMS 0x0000000717a00000, 0x0000000717a00000| Complete 
| 219|0x0000000717b00000, 0x0000000717c00000, 0x0000000717c00000|100%| E|CS|TAMS 0x0000000717b00000, 0x0000000717b00000| Complete 
| 220|0x0000000717c00000, 0x0000000717d00000, 0x0000000717d00000|100%| E|CS|TAMS 0x0000000717c00000, 0x0000000717c00000| Complete 
| 221|0x0000000717d00000, 0x0000000717e00000, 0x0000000717e00000|100%| E|CS|TAMS 0x0000000717d00000, 0x0000000717d00000| Complete 
| 222|0x0000000717e00000, 0x0000000717f00000, 0x0000000717f00000|100%| E|CS|TAMS 0x0000000717e00000, 0x0000000717e00000| Complete 
| 223|0x0000000717f00000, 0x0000000718000000, 0x0000000718000000|100%| E|CS|TAMS 0x0000000717f00000, 0x0000000717f00000| Complete 
| 224|0x0000000718000000, 0x0000000718100000, 0x0000000718100000|100%| E|CS|TAMS 0x0000000718000000, 0x0000000718000000| Complete 
| 225|0x0000000718100000, 0x0000000718200000, 0x0000000718200000|100%| E|CS|TAMS 0x0000000718100000, 0x0000000718100000| Complete 
| 226|0x0000000718200000, 0x0000000718300000, 0x0000000718300000|100%| E|CS|TAMS 0x0000000718200000, 0x0000000718200000| Complete 
| 227|0x0000000718300000, 0x0000000718400000, 0x0000000718400000|100%| E|CS|TAMS 0x0000000718300000, 0x0000000718300000| Complete 
| 228|0x0000000718400000, 0x0000000718500000, 0x0000000718500000|100%| E|CS|TAMS 0x0000000718400000, 0x0000000718400000| Complete 
| 229|0x0000000718500000, 0x0000000718600000, 0x0000000718600000|100%| E|CS|TAMS 0x0000000718500000, 0x0000000718500000| Complete 
| 230|0x0000000718600000, 0x0000000718700000, 0x0000000718700000|100%| E|CS|TAMS 0x0000000718600000, 0x0000000718600000| Complete 
| 231|0x0000000718700000, 0x0000000718800000, 0x0000000718800000|100%| E|CS|TAMS 0x0000000718700000, 0x0000000718700000| Complete 
| 232|0x0000000718800000, 0x0000000718900000, 0x0000000718900000|100%| E|CS|TAMS 0x0000000718800000, 0x0000000718800000| Complete 
| 233|0x0000000718900000, 0x0000000718a00000, 0x0000000718a00000|100%| E|CS|TAMS 0x0000000718900000, 0x0000000718900000| Complete 
| 234|0x0000000718a00000, 0x0000000718b00000, 0x0000000718b00000|100%| E|CS|TAMS 0x0000000718a00000, 0x0000000718a00000| Complete 
| 235|0x0000000718b00000, 0x0000000718c00000, 0x0000000718c00000|100%| E|CS|TAMS 0x0000000718b00000, 0x0000000718b00000| Complete 
| 236|0x0000000718c00000, 0x0000000718d00000, 0x0000000718d00000|100%| E|CS|TAMS 0x0000000718c00000, 0x0000000718c00000| Complete 
| 237|0x0000000718d00000, 0x0000000718e00000, 0x0000000718e00000|100%| E|CS|TAMS 0x0000000718d00000, 0x0000000718d00000| Complete 
| 238|0x0000000718e00000, 0x0000000718f00000, 0x0000000718f00000|100%| E|CS|TAMS 0x0000000718e00000, 0x0000000718e00000| Complete 
| 239|0x0000000718f00000, 0x0000000719000000, 0x0000000719000000|100%| E|CS|TAMS 0x0000000718f00000, 0x0000000718f00000| Complete 
| 240|0x0000000719000000, 0x0000000719100000, 0x0000000719100000|100%| E|CS|TAMS 0x0000000719000000, 0x0000000719000000| Complete 
| 241|0x0000000719100000, 0x0000000719200000, 0x0000000719200000|100%| E|CS|TAMS 0x0000000719100000, 0x0000000719100000| Complete 
| 242|0x0000000719200000, 0x0000000719300000, 0x0000000719300000|100%| E|CS|TAMS 0x0000000719200000, 0x0000000719200000| Complete 
| 243|0x0000000719300000, 0x0000000719400000, 0x0000000719400000|100%| E|CS|TAMS 0x0000000719300000, 0x0000000719300000| Complete 
| 244|0x0000000719400000, 0x0000000719500000, 0x0000000719500000|100%| E|CS|TAMS 0x0000000719400000, 0x0000000719400000| Complete 
| 245|0x0000000719500000, 0x0000000719600000, 0x0000000719600000|100%| E|CS|TAMS 0x0000000719500000, 0x0000000719500000| Complete 

Card table byte_map: [0x000001302e2f0000,0x000001302eaa0000] _byte_map_base: 0x000001302aaa0000

Marking Bits (Prev, Next): (CMBitMap*) 0x0000013015ef6cd8, (CMBitMap*) 0x0000013015ef6d10
 Prev Bits: [0x000001302f250000, 0x0000013032fd0000)
 Next Bits: [0x0000013032fd0000, 0x0000013036d50000)

Polling page: 0x0000013013df0000

Metaspace:

Usage:
  Non-class:     35.23 MB capacity,    34.61 MB ( 98%) used,   510.51 KB (  1%) free+waste,   130.13 KB ( <1%) overhead. 
      Class:      4.97 MB capacity,     4.55 MB ( 92%) used,   370.34 KB (  7%) free+waste,    60.75 KB (  1%) overhead. 
       Both:     40.20 MB capacity,    39.15 MB ( 97%) used,   880.85 KB (  2%) free+waste,   190.88 KB ( <1%) overhead. 

Virtual space:
  Non-class space:       36.00 MB reserved,      35.33 MB ( 98%) committed 
      Class space:        1.00 GB reserved,       5.00 MB ( <1%) committed 
             Both:        1.04 GB reserved,      40.33 MB (  4%) committed 

Chunk freelists:
   Non-Class:  34.00 KB
       Class:  1.00 KB
        Both:  35.00 KB

MaxMetaspaceSize: 17179869184.00 GB
CompressedClassSpaceSize: 1.00 GB
Initial GC threshold: 20.80 MB
Current GC threshold: 58.88 MB
CDS: off

CodeHeap 'non-profiled nmethods': size=120000Kb used=2283Kb max_used=2283Kb free=117716Kb
 bounds [0x00000130260c0000, 0x0000013026330000, 0x000001302d5f0000]
CodeHeap 'profiled nmethods': size=120000Kb used=8700Kb max_used=8700Kb free=111299Kb
 bounds [0x000001301eb90000, 0x000001301f410000, 0x00000130260c0000]
CodeHeap 'non-nmethods': size=5760Kb used=1278Kb max_used=1342Kb free=4481Kb
 bounds [0x000001301e5f0000, 0x000001301e860000, 0x000001301eb90000]
 total_blobs=4097 nmethods=3634 adapters=383
 compilation: enabled
              stopped_count=0, restarted_count=0
 full_count=0

Compilation events (20 events):
Event: 3.837 Thread 0x000001303a3c9800 3648       3       org.springframework.core.SerializableTypeWrapper$MethodParameterTypeProvider::getType (8 bytes)
Event: 3.837 Thread 0x000001303a3c9800 nmethod 3648 0x000001301f3fc790 code [0x000001301f3fc940, 0x000001301f3fcb08]
Event: 3.844 Thread 0x000001303a3c9800 3649       3       java.util.regex.Pattern::closure (365 bytes)
Event: 3.846 Thread 0x000001303a3c9800 nmethod 3649 0x000001301f3fcc10 code [0x000001301f3fd180, 0x000001301f400368]
Event: 3.849 Thread 0x000001303a3c9800 3650       3       org.springframework.core.ResolvableType::getNested (121 bytes)
Event: 3.850 Thread 0x000001303a3c9800 nmethod 3650 0x000001301f401390 code [0x000001301f401660, 0x000001301f402888]
Event: 3.850 Thread 0x000001303a3c9800 3653       3       org.springframework.core.MethodParameter::getGenericParameterType (147 bytes)
Event: 3.852 Thread 0x000001303a3c9800 nmethod 3653 0x000001301f402e90 code [0x000001301f403240, 0x000001301f405078]
Event: 3.852 Thread 0x000001303a3c9800 3651       3       org.springframework.core.SerializableTypeWrapper$MethodParameterTypeProvider::<init> (59 bytes)
Event: 3.852 Thread 0x000001303a3c9800 nmethod 3651 0x000001301f405990 code [0x000001301f405ba0, 0x000001301f406478]
Event: 3.852 Thread 0x000001303a3c9800 3652       3       org.springframework.core.MethodParameter::getContainingClass (18 bytes)
Event: 3.852 Thread 0x000001303a3c9800 nmethod 3652 0x000001301f406690 code [0x000001301f406860, 0x000001301f406b88]
Event: 3.853 Thread 0x000001303a3c9800 3655       3       org.springframework.core.annotation.TypeMappedAnnotations$IsPresent::doWithAnnotations (183 bytes)
Event: 3.854 Thread 0x000001303a3c9800 nmethod 3655 0x000001301f406c90 code [0x000001301f406fa0, 0x000001301f408358]
Event: 3.854 Thread 0x000001303a3c9800 3654       3       org.springframework.core.annotation.TypeMappedAnnotations$IsPresent::doWithAnnotations (10 bytes)
Event: 3.855 Thread 0x000001303a3c9800 nmethod 3654 0x000001301f408b90 code [0x000001301f408d40, 0x000001301f408ea8]
Event: 3.855 Thread 0x000001303a3c9800 3656       3       org.springframework.core.annotation.TypeMappedAnnotations::isPresent (39 bytes)
Event: 3.855 Thread 0x000001303a3c9800 nmethod 3656 0x000001301f408f90 code [0x000001301f4091a0, 0x000001301f4097a8]
Event: 3.855 Thread 0x000001303a3c9800 3657       3       org.springframework.core.annotation.AttributeMethods::forAnnotationType (26 bytes)
Event: 3.855 Thread 0x000001303a3c9800 nmethod 3657 0x000001301f409910 code [0x000001301f409b00, 0x000001301f409f48]

GC Heap History (8 events):
Event: 0.808 GC heap before
{Heap before GC invocations=0 (full 0):
 garbage-first heap   total 251904K, used 24576K [0x000000070a000000, 0x0000000800000000)
  region size 1024K, 24 young (24576K), 0 survivors (0K)
 Metaspace       used 14296K, capacity 14629K, committed 14848K, reserved 1062912K
  class space    used 1419K, capacity 1520K, committed 1536K, reserved 1048576K
}
Event: 0.812 GC heap after
{Heap after GC invocations=1 (full 0):
 garbage-first heap   total 251904K, used 4604K [0x000000070a000000, 0x0000000800000000)
  region size 1024K, 3 young (3072K), 3 survivors (3072K)
 Metaspace       used 14296K, capacity 14629K, committed 14848K, reserved 1062912K
  class space    used 1419K, capacity 1520K, committed 1536K, reserved 1048576K
}
Event: 1.242 GC heap before
{Heap before GC invocations=1 (full 0):
 garbage-first heap   total 251904K, used 31228K [0x000000070a000000, 0x0000000800000000)
  region size 1024K, 30 young (30720K), 3 survivors (3072K)
 Metaspace       used 20706K, capacity 21192K, committed 21296K, reserved 1069056K
  class space    used 2214K, capacity 2395K, committed 2432K, reserved 1048576K
}
Event: 1.248 GC heap after
{Heap after GC invocations=2 (full 0):
 garbage-first heap   total 251904K, used 5894K [0x000000070a000000, 0x0000000800000000)
  region size 1024K, 5 young (5120K), 5 survivors (5120K)
 Metaspace       used 20706K, capacity 21192K, committed 21296K, reserved 1069056K
  class space    used 2214K, capacity 2395K, committed 2432K, reserved 1048576K
}
Event: 1.608 GC heap before
{Heap before GC invocations=3 (full 0):
 garbage-first heap   total 251904K, used 33542K [0x000000070a000000, 0x0000000800000000)
  region size 1024K, 33 young (33792K), 5 survivors (5120K)
 Metaspace       used 25412K, capacity 26086K, committed 26288K, reserved 1073152K
  class space    used 2807K, capacity 3046K, committed 3072K, reserved 1048576K
}
Event: 1.613 GC heap after
{Heap after GC invocations=4 (full 0):
 garbage-first heap   total 251904K, used 7411K [0x000000070a000000, 0x0000000800000000)
  region size 1024K, 3 young (3072K), 3 survivors (3072K)
 Metaspace       used 25412K, capacity 26086K, committed 26288K, reserved 1073152K
  class space    used 2807K, capacity 3046K, committed 3072K, reserved 1048576K
}
Event: 2.983 GC heap before
{Heap before GC invocations=4 (full 0):
 garbage-first heap   total 251904K, used 66803K [0x000000070a000000, 0x0000000800000000)
  region size 1024K, 62 young (63488K), 3 survivors (3072K)
 Metaspace       used 34894K, capacity 35770K, committed 35920K, reserved 1081344K
  class space    used 3929K, capacity 4291K, committed 4352K, reserved 1048576K
}
Event: 2.993 GC heap after
{Heap after GC invocations=5 (full 0):
 garbage-first heap   total 251904K, used 10646K [0x000000070a000000, 0x0000000800000000)
  region size 1024K, 6 young (6144K), 6 survivors (6144K)
 Metaspace       used 34894K, capacity 35770K, committed 35920K, reserved 1081344K
  class space    used 3929K, capacity 4291K, committed 4352K, reserved 1048576K
}

Deoptimization events (20 events):
Event: 3.818 Thread 0x0000013015e94800 DEOPT PACKING pc=0x000001301ec8a3e4 sp=0x0000001b11cfc830
Event: 3.818 Thread 0x0000013015e94800 DEOPT UNPACKING pc=0x000001301e63a95e sp=0x0000001b11cfbce8 mode 1
Event: 3.818 Thread 0x0000013015e94800 DEOPT PACKING pc=0x000001301ed7f4d4 sp=0x0000001b11cfd2e0
Event: 3.818 Thread 0x0000013015e94800 DEOPT UNPACKING pc=0x000001301e63a95e sp=0x0000001b11cfc7d0 mode 1
Event: 3.828 Thread 0x0000013015e94800 DEOPT PACKING pc=0x000001301f0f62c4 sp=0x0000001b11cfe370
Event: 3.828 Thread 0x0000013015e94800 DEOPT UNPACKING pc=0x000001301e63a95e sp=0x0000001b11cfd8a8 mode 1
Event: 3.828 Thread 0x0000013015e94800 DEOPT PACKING pc=0x000001301f0f62c4 sp=0x0000001b11cfe370
Event: 3.828 Thread 0x0000013015e94800 DEOPT UNPACKING pc=0x000001301e63a95e sp=0x0000001b11cfd8a8 mode 1
Event: 3.830 Thread 0x0000013015e94800 DEOPT PACKING pc=0x000001301f0f62c4 sp=0x0000001b11cfe370
Event: 3.830 Thread 0x0000013015e94800 DEOPT UNPACKING pc=0x000001301e63a95e sp=0x0000001b11cfd8a8 mode 1
Event: 3.830 Thread 0x0000013015e94800 DEOPT PACKING pc=0x000001301f0f62c4 sp=0x0000001b11cfe370
Event: 3.830 Thread 0x0000013015e94800 DEOPT UNPACKING pc=0x000001301e63a95e sp=0x0000001b11cfd8a8 mode 1
Event: 3.832 Thread 0x0000013015e94800 DEOPT PACKING pc=0x000001301f0f62c4 sp=0x0000001b11cfe370
Event: 3.832 Thread 0x0000013015e94800 DEOPT UNPACKING pc=0x000001301e63a95e sp=0x0000001b11cfd8a8 mode 1
Event: 3.832 Thread 0x0000013015e94800 DEOPT PACKING pc=0x000001301f0f62c4 sp=0x0000001b11cfe370
Event: 3.832 Thread 0x0000013015e94800 DEOPT UNPACKING pc=0x000001301e63a95e sp=0x0000001b11cfd8a8 mode 1
Event: 3.835 Thread 0x0000013015e94800 DEOPT PACKING pc=0x000001301f0f62c4 sp=0x0000001b11cfe370
Event: 3.835 Thread 0x0000013015e94800 DEOPT UNPACKING pc=0x000001301e63a95e sp=0x0000001b11cfd8a8 mode 1
Event: 3.835 Thread 0x0000013015e94800 DEOPT PACKING pc=0x000001301f0f62c4 sp=0x0000001b11cfe370
Event: 3.835 Thread 0x0000013015e94800 DEOPT UNPACKING pc=0x000001301e63a95e sp=0x0000001b11cfd8a8 mode 1

Classes redefined (0 events):
No events

Internal exceptions (20 events):
Event: 3.031 Thread 0x0000013015e94800 Implicit null exception at 0x0000013026150103 to 0x000001302615225c
Event: 3.111 Thread 0x0000013015e94800 Exception <a 'java/io/FileNotFoundException'{0x00000007190fa4c0}> (0x00000007190fa4c0) thrown at [./src/hotspot/share/prims/jni.cpp, line 617]
Event: 3.112 Thread 0x0000013015e94800 Exception <a 'java/io/FileNotFoundException'{0x00000007190fbc88}> (0x00000007190fbc88) thrown at [./src/hotspot/share/prims/jni.cpp, line 617]
Event: 3.133 Thread 0x0000013015e94800 Exception <a 'java/lang/NoSuchMethodError'{0x0000000718e5af48}: 'int java.lang.invoke.DirectMethodHandle$Holder.invokeInterface(java.lang.Object, java.lang.Object, java.lang.Object, java.lang.Object)'> (0x0000000718e5af48) thrown at [./src/hotspot/share/interpreter/linkResolver.cpp, line 773]
Event: 3.200 Thread 0x0000013015e94800 Exception <a 'java/io/FileNotFoundException'{0x0000000718be4f10}> (0x0000000718be4f10) thrown at [./src/hotspot/share/prims/jni.cpp, line 617]
Event: 3.284 Thread 0x0000013015e94800 Implicit null exception at 0x0000013026236e94 to 0x0000013026239f60
Event: 3.363 Thread 0x0000013015e94800 Exception <a 'java/lang/ClassNotFoundException'{0x00000007183bd980}: java/lang/ObjectCustomizer> (0x00000007183bd980) thrown at [./src/hotspot/share/classfile/systemDictionary.cpp, line 230]
Event: 3.364 Thread 0x0000013015e94800 Exception <a 'java/lang/ClassNotFoundException'{0x00000007183ccab8}: org/springframework/web/servlet/config/annotation/WebMvcConfigurationSupportCustomizer> (0x00000007183ccab8) thrown at [./src/hotspot/share/classfile/systemDictionary.cpp, line 230]
Event: 3.366 Thread 0x0000013015e94800 Exception <a 'java/lang/ClassNotFoundException'{0x00000007183e8120}: org/springframework/web/servlet/config/annotation/DelegatingWebMvcConfigurationCustomizer> (0x00000007183e8120) thrown at [./src/hotspot/share/classfile/systemDictionary.cpp, line 230]
Event: 3.367 Thread 0x0000013015e94800 Exception <a 'java/lang/ClassNotFoundException'{0x00000007183fa198}: org/springframework/boot/autoconfigure/web/servlet/WebMvcAutoConfiguration$EnableWebMvcConfigurationCustomizer> (0x00000007183fa198) thrown at [./src/hotspot/share/classfile/systemDictionary.cpp, line 230]
Event: 3.369 Thread 0x0000013015e94800 Exception <a 'java/lang/ClassNotFoundException'{0x0000000718212210}: org/springframework/context/ResourceLoaderAwareCustomizer> (0x0000000718212210) thrown at [./src/hotspot/share/classfile/systemDictionary.cpp, line 230]
Event: 3.370 Thread 0x0000013015e94800 Exception <a 'java/lang/ClassNotFoundException'{0x000000071821c3c0}: org/springframework/beans/factory/AwareCustomizer> (0x000000071821c3c0) thrown at [./src/hotspot/share/classfile/systemDictionary.cpp, line 230]
Event: 3.370 Thread 0x0000013015e94800 Exception <a 'java/lang/ClassNotFoundException'{0x0000000718226640}: org/springframework/context/ApplicationContextAwareCustomizer> (0x0000000718226640) thrown at [./src/hotspot/share/classfile/systemDictionary.cpp, line 230]
Event: 3.371 Thread 0x0000013015e94800 Exception <a 'java/lang/ClassNotFoundException'{0x0000000718231190}: org/springframework/beans/factory/AwareCustomizer> (0x0000000718231190) thrown at [./src/hotspot/share/classfile/systemDictionary.cpp, line 230]
Event: 3.371 Thread 0x0000013015e94800 Exception <a 'java/lang/ClassNotFoundException'{0x000000071823b3e8}: org/springframework/web/context/ServletContextAwareCustomizer> (0x000000071823b3e8) thrown at [./src/hotspot/share/classfile/systemDictionary.cpp, line 230]
Event: 3.372 Thread 0x0000013015e94800 Exception <a 'java/lang/ClassNotFoundException'{0x0000000718245a00}: org/springframework/beans/factory/AwareCustomizer> (0x0000000718245a00) thrown at [./src/hotspot/share/classfile/systemDictionary.cpp, line 230]
Event: 3.600 Thread 0x0000013015e94800 Exception <a 'java/lang/NoSuchMethodError'{0x00000007179a39d8}: 'int java.lang.invoke.DirectMethodHandle$Holder.invokeStaticInit(java.lang.Object)'> (0x00000007179a39d8) thrown at [./src/hotspot/share/interpreter/linkResolver.cpp, line 773]
Event: 3.600 Thread 0x0000013015e94800 Exception <a 'java/lang/NoSuchMethodError'{0x00000007179a8798}: 'int java.lang.invoke.DirectMethodHandle$Holder.invokeVirtual(java.lang.Object, java.lang.Object, java.lang.Object)'> (0x00000007179a8798) thrown at [./src/hotspot/share/interpreter/linkResolver.cpp, line 773]
Event: 3.731 Thread 0x0000013015e94800 Exception <a 'java/lang/NoSuchMethodError'{0x0000000716d03758}: 'void java.lang.invoke.DirectMethodHandle$Holder.invokeVirtual(java.lang.Object, java.lang.Object, int)'> (0x0000000716d03758) thrown at [./src/hotspot/share/interpreter/linkResolver.cpp, line 773]
Event: 3.734 Thread 0x0000013015e94800 Exception <a 'java/lang/NoSuchMethodError'{0x0000000716d1d550}: 'void java.lang.invoke.DirectMethodHandle$Holder.invokeVirtual(java.lang.Object, java.lang.Object, long)'> (0x0000000716d1d550) thrown at [./src/hotspot/share/interpreter/linkResolver.cpp, line 773]

Events (20 events):
Event: 3.855 loading class org/springframework/web/servlet/mvc/method/RequestMappingInfo$Builder
Event: 3.855 loading class org/springframework/web/servlet/mvc/method/RequestMappingInfo$Builder done
Event: 3.856 loading class org/springframework/web/util/pattern/InternalPathPatternParser
Event: 3.856 loading class org/springframework/web/util/pattern/InternalPathPatternParser done
Event: 3.857 loading class org/springframework/web/util/pattern/PathElement
Event: 3.857 loading class org/springframework/web/util/pattern/PathElement done
Event: 3.857 loading class org/springframework/web/util/pattern/WildcardTheRestPathElement
Event: 3.857 loading class org/springframework/web/util/pattern/WildcardTheRestPathElement done
Event: 3.858 loading class org/springframework/web/util/pattern/SeparatorPathElement
Event: 3.858 loading class org/springframework/web/util/pattern/SeparatorPathElement done
Event: 3.858 loading class org/springframework/web/util/pattern/PatternParseException
Event: 3.858 loading class org/springframework/web/util/pattern/PatternParseException done
Event: 3.859 loading class java/util/regex/PatternSyntaxException
Event: 3.859 loading class java/util/regex/PatternSyntaxException done
Event: 3.859 loading class org/springframework/web/util/pattern/CaptureTheRestPathElement
Event: 3.859 loading class org/springframework/web/util/pattern/CaptureTheRestPathElement done
Event: 3.859 loading class org/springframework/web/util/pattern/CaptureVariablePathElement
Event: 3.859 loading class org/springframework/web/util/pattern/CaptureVariablePathElement done
Event: 3.860 loading class org/springframework/web/util/pattern/RegexPathElement
Event: 3.860 loading class org/springframework/web/util/pattern/RegexPathElement done


Dynamic libraries:
0x00007ff61c880000 - 0x00007ff61c88d000 	C:\Program Files\BellSoft\LibericaJDK-11\bin\java.exe
0x00007ff8ba6d0000 - 0x00007ff8ba8c8000 	C:\WINDOWS\SYSTEM32\ntdll.dll
0x00007ff8b8790000 - 0x00007ff8b884d000 	C:\WINDOWS\System32\KERNEL32.DLL
0x00007ff8b7df0000 - 0x00007ff8b80be000 	C:\WINDOWS\System32\KERNELBASE.dll
0x00007ff8b8390000 - 0x00007ff8b8490000 	C:\WINDOWS\System32\ucrtbase.dll
0x00007ff8b1080000 - 0x00007ff8b1095000 	C:\Program Files\BellSoft\LibericaJDK-11\bin\VCRUNTIME140.dll
0x00007ff8b1060000 - 0x00007ff8b1077000 	C:\Program Files\BellSoft\LibericaJDK-11\bin\jli.dll
0x00007ff8ba450000 - 0x00007ff8ba5f0000 	C:\WINDOWS\System32\USER32.dll
0x00007ff89f4a0000 - 0x00007ff89f73a000 	C:\WINDOWS\WinSxS\amd64_microsoft.windows.common-controls_6595b64144ccf1df_6.0.19041.1110_none_60b5254171f9507e\COMCTL32.dll
0x00007ff8b85f0000 - 0x00007ff8b8612000 	C:\WINDOWS\System32\win32u.dll
0x00007ff8b8850000 - 0x00007ff8b88ee000 	C:\WINDOWS\System32\msvcrt.dll
0x00007ff8b95e0000 - 0x00007ff8b960a000 	C:\WINDOWS\System32\GDI32.dll
0x00007ff8b8620000 - 0x00007ff8b872b000 	C:\WINDOWS\System32\gdi32full.dll
0x00007ff8b8240000 - 0x00007ff8b82dd000 	C:\WINDOWS\System32\msvcp_win.dll
0x00007ff8b9e50000 - 0x00007ff8b9e80000 	C:\WINDOWS\System32\IMM32.DLL
0x00007ff8b0fc0000 - 0x00007ff8b105b000 	C:\Program Files\BellSoft\LibericaJDK-11\bin\msvcp140.dll
0x00007ff878840000 - 0x00007ff8793bb000 	C:\Program Files\BellSoft\LibericaJDK-11\bin\server\jvm.dll
0x00007ff8b9370000 - 0x00007ff8b941e000 	C:\WINDOWS\System32\ADVAPI32.dll
0x00007ff8ba5f0000 - 0x00007ff8ba68c000 	C:\WINDOWS\System32\sechost.dll
0x00007ff8b9030000 - 0x00007ff8b9155000 	C:\WINDOWS\System32\RPCRT4.dll
0x00007ff8b9e80000 - 0x00007ff8b9e88000 	C:\WINDOWS\System32\PSAPI.DLL
0x00007ff8b4db0000 - 0x00007ff8b4dd7000 	C:\WINDOWS\SYSTEM32\WINMM.dll
0x00007ff8abbe0000 - 0x00007ff8abbea000 	C:\WINDOWS\SYSTEM32\VERSION.dll
0x00007ff88c8e0000 - 0x00007ff88c8e9000 	C:\WINDOWS\SYSTEM32\WSOCK32.dll
0x00007ff8b9610000 - 0x00007ff8b967b000 	C:\WINDOWS\System32\WS2_32.dll
0x00007ff8b6690000 - 0x00007ff8b66a2000 	C:\WINDOWS\SYSTEM32\kernel.appcore.dll
0x00007ff8b0f70000 - 0x00007ff8b0f80000 	C:\Program Files\BellSoft\LibericaJDK-11\bin\verify.dll
0x00007ff8b5700000 - 0x00007ff8b58e4000 	C:\WINDOWS\SYSTEM32\DBGHELP.DLL
0x00007ff8af890000 - 0x00007ff8af8bc000 	C:\WINDOWS\SYSTEM32\dbgcore.DLL
0x00007ff8b81b0000 - 0x00007ff8b8232000 	C:\WINDOWS\System32\bcryptPrimitives.dll
0x00007ff8b0f40000 - 0x00007ff8b0f68000 	C:\Program Files\BellSoft\LibericaJDK-11\bin\java.dll
0x00007ff8b0f30000 - 0x00007ff8b0f3a000 	C:\Program Files\BellSoft\LibericaJDK-11\bin\jimage.dll
0x00007ff8b0d90000 - 0x00007ff8b0dc8000 	C:\Program Files\BellSoft\LibericaJDK-11\bin\jdwp.dll
0x00007ff8b0f10000 - 0x00007ff8b0f28000 	C:\Program Files\BellSoft\LibericaJDK-11\bin\zip.dll
0x00007ff8b9680000 - 0x00007ff8b9dc4000 	C:\WINDOWS\System32\SHELL32.dll
0x00007ff8b58f0000 - 0x00007ff8b6084000 	C:\WINDOWS\SYSTEM32\windows.storage.dll
0x00007ff8b9ef0000 - 0x00007ff8ba244000 	C:\WINDOWS\System32\combase.dll
0x00007ff8b77e0000 - 0x00007ff8b7810000 	C:\WINDOWS\SYSTEM32\Wldp.dll
0x00007ff8b8ef0000 - 0x00007ff8b8f9d000 	C:\WINDOWS\System32\SHCORE.dll
0x00007ff8b8730000 - 0x00007ff8b8785000 	C:\WINDOWS\System32\shlwapi.dll
0x00007ff8b7d30000 - 0x00007ff8b7d4f000 	C:\WINDOWS\SYSTEM32\profapi.dll
0x00007ff8b2010000 - 0x00007ff8b201a000 	C:\Program Files\BellSoft\LibericaJDK-11\bin\dt_socket.dll
0x00007ff8b7540000 - 0x00007ff8b75aa000 	C:\WINDOWS\system32\mswsock.dll
0x00007ff8b0ef0000 - 0x00007ff8b0f09000 	C:\Program Files\BellSoft\LibericaJDK-11\bin\net.dll
0x00007ff8ae3f0000 - 0x00007ff8ae4fa000 	C:\WINDOWS\SYSTEM32\WINHTTP.dll
0x00007ff8b0ed0000 - 0x00007ff8b0ee3000 	C:\Program Files\BellSoft\LibericaJDK-11\bin\nio.dll
0x00007ff8b0ec0000 - 0x00007ff8b0ec9000 	C:\Program Files\BellSoft\LibericaJDK-11\bin\management.dll
0x00007ff8b0eb0000 - 0x00007ff8b0ebb000 	C:\Program Files\BellSoft\LibericaJDK-11\bin\management_ext.dll
0x00007ff8aa8e0000 - 0x00007ff8aa8f7000 	C:\WINDOWS\system32\napinsp.dll
0x00007ff8aa8c0000 - 0x00007ff8aa8db000 	C:\WINDOWS\system32\pnrpnsp.dll
0x00007ff8b2710000 - 0x00007ff8b2725000 	C:\WINDOWS\system32\wshbth.dll
0x00007ff8b14e0000 - 0x00007ff8b14fd000 	C:\WINDOWS\system32\NLAapi.dll
0x00007ff8b7230000 - 0x00007ff8b726b000 	C:\WINDOWS\SYSTEM32\IPHLPAPI.DLL
0x00007ff8b7270000 - 0x00007ff8b733b000 	C:\WINDOWS\SYSTEM32\DNSAPI.dll
0x00007ff8ba390000 - 0x00007ff8ba398000 	C:\WINDOWS\System32\NSI.dll
0x00007ff8aa8a0000 - 0x00007ff8aa8b2000 	C:\WINDOWS\System32\winrnr.dll
0x00007ff8ae290000 - 0x00007ff8ae29a000 	C:\Windows\System32\rasadhlp.dll
0x00007ff8adc40000 - 0x00007ff8adcc0000 	C:\WINDOWS\System32\fwpuclnt.dll
0x00007ff8b8180000 - 0x00007ff8b81a7000 	C:\WINDOWS\System32\bcrypt.dll
0x00007ff8b7740000 - 0x00007ff8b7758000 	C:\WINDOWS\SYSTEM32\CRYPTSP.dll
0x00007ff8b6e30000 - 0x00007ff8b6e64000 	C:\WINDOWS\system32\rsaenh.dll
0x00007ff8b7cb0000 - 0x00007ff8b7cde000 	C:\WINDOWS\SYSTEM32\USERENV.dll
0x00007ff8b7730000 - 0x00007ff8b773c000 	C:\WINDOWS\SYSTEM32\CRYPTBASE.dll
0x00007ff8b08e0000 - 0x00007ff8b08f7000 	C:\WINDOWS\SYSTEM32\dhcpcsvc6.DLL
0x00007ff8b08c0000 - 0x00007ff8b08dd000 	C:\WINDOWS\SYSTEM32\dhcpcsvc.DLL
0x00007ff8b1fa0000 - 0x00007ff8b1fc5000 	C:\Program Files\BellSoft\LibericaJDK-11\bin\sunec.dll
0x00007ff8b2480000 - 0x00007ff8b248e000 	C:\Program Files\BellSoft\LibericaJDK-11\bin\sunmscapi.dll
0x00007ff8b8490000 - 0x00007ff8b85e6000 	C:\WINDOWS\System32\CRYPT32.dll
0x00007ff8b7870000 - 0x00007ff8b7897000 	C:\WINDOWS\SYSTEM32\ncrypt.dll
0x00007ff8b7810000 - 0x00007ff8b784b000 	C:\WINDOWS\SYSTEM32\NTASN1.dll

dbghelp: loaded successfully - version: 4.0.5 - missing functions: none
symbol engine: initialized successfully - sym options: 0x614 - pdb path: .;C:\Program Files\BellSoft\LibericaJDK-11\bin;C:\WINDOWS\SYSTEM32;C:\WINDOWS\WinSxS\amd64_microsoft.windows.common-controls_6595b64144ccf1df_6.0.19041.1110_none_60b5254171f9507e;C:\Program Files\BellSoft\LibericaJDK-11\bin\server

VM Arguments:
jvm_args: -agentlib:jdwp=transport=dt_socket,server=n,suspend=y,address=127.0.0.1:62149 -Dfile.encoding=windows-1251 -Duser.country=RU -Duser.language=ru -Duser.variant 
java_command: com.example.demo.SSLServerApplication
java_class_path (initial): C:\Users\V\IdeaProjects\spingexamples\configurationproperties\build\classes\java\main;C:\Users\V\IdeaProjects\spingexamples\configurationproperties\build\resources\main;C:\Users\V\.gradle\caches\modules-2\files-2.1\org.springframework.boot\spring-boot-starter-web\2.7.1\29f47f503f9955b1a9746870aeaebdba448416d\spring-boot-starter-web-2.7.1.jar;C:\Users\V\.gradle\caches\modules-2\files-2.1\org.springframework.boot\spring-boot-starter-aop\2.7.1\e7c78497e3528ae3037c723259b4b0944994f03\spring-boot-starter-aop-2.7.1.jar;C:\Users\V\.gradle\caches\modules-2\files-2.1\org.springframework.boot\spring-boot-starter-json\2.7.1\711889df8474d7f0271b1e25cd75a9249e0a4621\spring-boot-starter-json-2.7.1.jar;C:\Users\V\.gradle\caches\modules-2\files-2.1\org.springframework.boot\spring-boot-starter\2.7.1\48f7e04459ccc16d3532bfc486c1b6d629e6e0fc\spring-boot-starter-2.7.1.jar;C:\Users\V\.gradle\caches\modules-2\files-2.1\io.projectreactor\reactor-core\3.4.19\67f78a82e832792ff054a5c414e36ec95bd4e86f\reactor-core-3.4.19.jar;C:\Users\V\.gradle\caches\modules-2\files-2.1\org.springframework.boot\spring-boot-autoconfigure\2.7.1\923ad789b004e8cc17d67853b1e4d3db11946f0\spring-boot-autoconfigure-2.7.1.jar;C:\Users\V\.gradle\caches\modules-2\files-2.1\org.springframework.boot\spring-boot\2.7.1\8e49b8e7e9ea470a7772f489532264732ab206a2\spring-boot-2.7.1.jar;C:\Users\V\.gradle\caches\modules-2\files-2.1\org.springframework.boot\spring-boot-starter-logging\2.7.1\461cf82dc10505f47d3ce2146bd01721177cde4a\spring-boot-starter-logging-2.7.1.jar;C:\Users\V\.gradle\caches\modules-2\files-2.1\org.springframework.boot\spring-boot-starter-tomcat\2.7.1\c99fe94b685f1707907afb84ecb998ac13271ead\spring-boot-starter-tomcat-2.7.1.jar;C:\Users\V\.gradle\caches\modules-2\files-2.1\jakarta.annotation\jakarta.annotation-api\1.3.5\59eb84ee0d616332ff44aba065f3888cf002cd2d\jakarta.annotation-api-1.3.5.jar;C:\Users\V\.gradle\caches\modules-2\files-2.1\org.springframework\spring-webmvc\5.3.21\a62db
Launcher Type: SUN_STANDARD

[Global flags]
     intx CICompilerCount                          = 4                                         {product} {ergonomic}
     uint ConcGCThreads                            = 3                                         {product} {ergonomic}
     uint G1ConcRefinementThreads                  = 10                                        {product} {ergonomic}
   size_t G1HeapRegionSize                         = 1048576                                   {product} {ergonomic}
    uintx GCDrainStackTargetSize                   = 64                                        {product} {ergonomic}
   size_t InitialHeapSize                          = 257949696                                 {product} {ergonomic}
   size_t MarkStackSize                            = 4194304                                   {product} {ergonomic}
   size_t MaxHeapSize                              = 4127195136                                {product} {ergonomic}
   size_t MaxNewSize                               = 2475687936                                {product} {ergonomic}
   size_t MinHeapDeltaBytes                        = 1048576                                   {product} {ergonomic}
    uintx NonNMethodCodeHeapSize                   = 5836300                                {pd product} {ergonomic}
    uintx NonProfiledCodeHeapSize                  = 122910970                              {pd product} {ergonomic}
    uintx ProfiledCodeHeapSize                     = 122910970                              {pd product} {ergonomic}
    uintx ReservedCodeCacheSize                    = 251658240                              {pd product} {ergonomic}
     bool SegmentedCodeCache                       = true                                      {product} {ergonomic}
     bool UseCompressedClassPointers               = true                                 {lp64_product} {ergonomic}
     bool UseCompressedOops                        = true                                 {lp64_product} {ergonomic}
     bool UseG1GC                                  = true                                      {product} {ergonomic}
     bool UseLargePagesIndividualAllocation        = false                                  {pd product} {ergonomic}

Logging:
Log output configuration:
 #0: stdout all=warning uptime,level,tags
 #1: stderr all=off uptime,level,tags

Environment Variables:
JAVA_HOME=C:\Program Files\BellSoft\LibericaJDK-11\
PATH=C:\Program Files\BellSoft\LibericaJDK-11\bin\;C:\WINDOWS\system32;C:\WINDOWS;C:\WINDOWS\System32\Wbem;C:\WINDOWS\System32\WindowsPowerShell\v1.0\;C:\WINDOWS\System32\OpenSSH\;C:\Program Files\Docker\Docker\resources\bin;C:\ProgramData\DockerDesktop\version-bin;C:\Program Files\Git\cmd;C:\Users\V\AppData\Local\Microsoft\WindowsApps;
USERNAME=V
OS=Windows_NT
PROCESSOR_IDENTIFIER=AMD64 Family 23 Model 96 Stepping 1, AuthenticAMD



---------------  S Y S T E M  ---------------

OS: Windows 10 , 64 bit Build 19041 (10.0.19041.1806)
OS uptime: 7 days 13:37 hours
Hyper-V role detected

CPU:total 12 (initial active 12) (12 cores per cpu, 2 threads per core) family 23 model 96 stepping 1 microcode 0x0, cmov, cx8, fxsr, mmx, sse, sse2, sse3, ssse3, sse4.1, sse4.2, popcnt, avx, avx2, aes, clmul, mmxext, 3dnowpref, lzcnt, sse4a, ht, tsc, tscinvbit, tscinv, bmi1, bmi2, adx, sha, fma

Memory: 4k page, system-wide physical 15741M (1982M free)
TotalPageFile size 30741M (AvailPageFile size 5M)
current process WorkingSet (physical memory assigned to process): 260M, peak: 260M
current process commit charge ("private bytes"): 481M, peak: 481M

vm_info: OpenJDK 64-Bit Server VM (11.0.15.1+2-LTS) for windows-amd64 JRE (11.0.15.1+2-LTS), built on May 26 2022 19:26:10 by "" with unknown MS VC++:1916

END.
