#
# There is insufficient memory for the Java Runtime Environment to continue.
# Native memory allocation (mmap) failed to map 257949696 bytes for Failed to commit area from 0x000000070a000000 to 0x0000000719600000 of length 257949696.
# Possible reasons:
#   The system is out of physical RAM or swap space
#   The process is running with CompressedOops enabled, and the Java Heap may be blocking the growth of the native heap
# Possible solutions:
#   Reduce memory load on the system
#   Increase physical memory or swap space
#   Check if swap backing store is full
#   Decrease Java heap size (-Xmx/-Xms)
#   Decrease number of Java threads
#   Decrease Java thread stack sizes (-Xss)
#   Set larger code cache with -XX:ReservedCodeCacheSize=
# This output file may be truncated or incomplete.
#
#  Out of Memory Error (./src/hotspot/os/windows/os_windows.cpp:3390), pid=24868, tid=26688
#
# JRE version:  (11.0.15.1+2) (build )
# Java VM: OpenJDK 64-Bit Server VM (11.0.15.1+2-LTS, mixed mode, sharing, tiered, compressed oops, g1 gc, windows-amd64)
# No core dump will be written. Minidumps are not enabled by default on client versions of Windows
#

---------------  S U M M A R Y ------------

Command Line: -agentlib:jdwp=transport=dt_socket,server=n,suspend=y,address=127.0.0.1:61272 -Dfile.encoding=windows-1251 -Duser.country=RU -Duser.language=ru -Duser.variant com.example.demo.ValidatespringApplication

Host: AMD Ryzen 5 4600H with Radeon Graphics         , 12 cores, 15G,  Windows 10 , 64 bit Build 19041 (10.0.19041.1806)
Time: Mon Jul 11 21:23:02 2022 RTZ 2 (s 10 , 64 bit Build 19041 (10.0.19041.1806) elapsed time: 0.010617 seconds (0d 0h 0m 0s)

---------------  T H R E A D  ---------------

Current thread (0x000001ac1eb31800):  JavaThread "Unknown thread" [_thread_in_vm, id=26688, stack(0x000000336db00000,0x000000336dc00000)]

Stack: [0x000000336db00000,0x000000336dc00000]
Native frames: (J=compiled Java code, j=interpreted, Vv=VM code, C=native code)
V  [jvm.dll+0x61a02a]
V  [jvm.dll+0x7a4a49]
V  [jvm.dll+0x7a6229]
V  [jvm.dll+0x7a6913]
V  [jvm.dll+0x24dfe8]
V  [jvm.dll+0x6172ca]
V  [jvm.dll+0x60bb25]
V  [jvm.dll+0x30537c]
V  [jvm.dll+0x305202]
V  [jvm.dll+0x309f16]
V  [jvm.dll+0x35044f]
V  [jvm.dll+0x34fe80]
V  [jvm.dll+0x2e2688]
V  [jvm.dll+0x2e37e6]
V  [jvm.dll+0x77ed07]
V  [jvm.dll+0x78048f]
V  [jvm.dll+0x35cfc9]
V  [jvm.dll+0x761a60]
V  [jvm.dll+0x3c912f]
V  [jvm.dll+0x3cb4b1]
C  [jli.dll+0x5207]
C  [ucrtbase.dll+0x21bb2]
C  [KERNEL32.DLL+0x17034]
C  [ntdll.dll+0x52651]


---------------  P R O C E S S  ---------------

Threads class SMR info:
_java_thread_list=0x000001ac1c859560, length=0, elements={
}

Java Threads: ( => current thread )

Other Threads:
  0x000001ac1eb48800 GCTaskThread "GC Thread#0" [stack: 0x000000336dc00000,0x000000336dd00000] [id=11656]
  0x000001ac1eba6800 ConcurrentGCThread "G1 Main Marker" [stack: 0x000000336dd00000,0x000000336de00000] [id=2436]
  0x000001ac1eba8000 ConcurrentGCThread "G1 Conc#0" [stack: 0x000000336de00000,0x000000336df00000] [id=16764]

[error occurred during error reporting (printing all threads), id 0xc0000005, EXCEPTION_ACCESS_VIOLATION (0xc0000005) at pc=0x00007ff8655e1de7]

VM state:not at safepoint (not fully initialized)

VM Mutex/Monitor currently owned by a thread:  ([mutex/lock_event])
[0x000001ac1eb2e7a0] Heap_lock - owner thread: 0x000001ac1eb31800

Heap address: 0x000000070a000000, size: 3936 MB, Compressed Oops mode: Non-zero based: 0x000000070a000000
Narrow klass base: 0x0000000000000000, Narrow klass shift: 0

GC Heap History (0 events):
No events

Deoptimization events (0 events):
No events

Classes redefined (0 events):
No events

Internal exceptions (0 events):
No events

Events (1 events):
Event: 0.006 Loaded shared library C:\Program Files\BellSoft\LibericaJDK-11\bin\zip.dll


Dynamic libraries:
0x00007ff7d7a60000 - 0x00007ff7d7a6d000 	C:\Program Files\BellSoft\LibericaJDK-11\bin\java.exe
0x00007ff8ba6d0000 - 0x00007ff8ba8c8000 	C:\WINDOWS\SYSTEM32\ntdll.dll
0x00007ff8b8790000 - 0x00007ff8b884d000 	C:\WINDOWS\System32\KERNEL32.DLL
0x00007ff8b7df0000 - 0x00007ff8b80be000 	C:\WINDOWS\System32\KERNELBASE.dll
0x00007ff8b8390000 - 0x00007ff8b8490000 	C:\WINDOWS\System32\ucrtbase.dll
0x00007ff8b1030000 - 0x00007ff8b1045000 	C:\Program Files\BellSoft\LibericaJDK-11\bin\VCRUNTIME140.dll
0x00007ff8b0ec0000 - 0x00007ff8b0ed7000 	C:\Program Files\BellSoft\LibericaJDK-11\bin\jli.dll
0x00007ff8ba450000 - 0x00007ff8ba5f0000 	C:\WINDOWS\System32\USER32.dll
0x00007ff8b85f0000 - 0x00007ff8b8612000 	C:\WINDOWS\System32\win32u.dll
0x00007ff89f4a0000 - 0x00007ff89f73a000 	C:\WINDOWS\WinSxS\amd64_microsoft.windows.common-controls_6595b64144ccf1df_6.0.19041.1110_none_60b5254171f9507e\COMCTL32.dll
0x00007ff8b95e0000 - 0x00007ff8b960a000 	C:\WINDOWS\System32\GDI32.dll
0x00007ff8b8620000 - 0x00007ff8b872b000 	C:\WINDOWS\System32\gdi32full.dll
0x00007ff8b8850000 - 0x00007ff8b88ee000 	C:\WINDOWS\System32\msvcrt.dll
0x00007ff8b8240000 - 0x00007ff8b82dd000 	C:\WINDOWS\System32\msvcp_win.dll
0x00007ff8b9e50000 - 0x00007ff8b9e80000 	C:\WINDOWS\System32\IMM32.DLL
0x00007ff8934e0000 - 0x00007ff89357b000 	C:\Program Files\BellSoft\LibericaJDK-11\bin\msvcp140.dll
0x00007ff8652f0000 - 0x00007ff865e6b000 	C:\Program Files\BellSoft\LibericaJDK-11\bin\server\jvm.dll
0x00007ff8b9370000 - 0x00007ff8b941e000 	C:\WINDOWS\System32\ADVAPI32.dll
0x00007ff8ba5f0000 - 0x00007ff8ba68c000 	C:\WINDOWS\System32\sechost.dll
0x00007ff8b9030000 - 0x00007ff8b9155000 	C:\WINDOWS\System32\RPCRT4.dll
0x00007ff8b9e80000 - 0x00007ff8b9e88000 	C:\WINDOWS\System32\PSAPI.DLL
0x00007ff88c8e0000 - 0x00007ff88c8e9000 	C:\WINDOWS\SYSTEM32\WSOCK32.dll
0x00007ff8abbe0000 - 0x00007ff8abbea000 	C:\WINDOWS\SYSTEM32\VERSION.dll
0x00007ff8b4db0000 - 0x00007ff8b4dd7000 	C:\WINDOWS\SYSTEM32\WINMM.dll
0x00007ff8b9610000 - 0x00007ff8b967b000 	C:\WINDOWS\System32\WS2_32.dll
0x00007ff8b6690000 - 0x00007ff8b66a2000 	C:\WINDOWS\SYSTEM32\kernel.appcore.dll
0x00007ff8b1fc0000 - 0x00007ff8b1fd0000 	C:\Program Files\BellSoft\LibericaJDK-11\bin\verify.dll
0x00007ff8b5700000 - 0x00007ff8b58e4000 	C:\WINDOWS\SYSTEM32\DBGHELP.DLL
0x00007ff8af890000 - 0x00007ff8af8bc000 	C:\WINDOWS\SYSTEM32\dbgcore.DLL
0x00007ff8b81b0000 - 0x00007ff8b8232000 	C:\WINDOWS\System32\bcryptPrimitives.dll
0x00007ff8a7e50000 - 0x00007ff8a7e78000 	C:\Program Files\BellSoft\LibericaJDK-11\bin\java.dll
0x00007ff8b1130000 - 0x00007ff8b113a000 	C:\Program Files\BellSoft\LibericaJDK-11\bin\jimage.dll
0x00007ff8b1060000 - 0x00007ff8b1098000 	C:\Program Files\BellSoft\LibericaJDK-11\bin\jdwp.dll
0x00007ff8b0a40000 - 0x00007ff8b0a58000 	C:\Program Files\BellSoft\LibericaJDK-11\bin\zip.dll

dbghelp: loaded successfully - version: 4.0.5 - missing functions: none
symbol engine: initialized successfully - sym options: 0x614 - pdb path: .;C:\Program Files\BellSoft\LibericaJDK-11\bin;C:\WINDOWS\SYSTEM32;C:\WINDOWS\WinSxS\amd64_microsoft.windows.common-controls_6595b64144ccf1df_6.0.19041.1110_none_60b5254171f9507e;C:\Program Files\BellSoft\LibericaJDK-11\bin\server

VM Arguments:
jvm_args: -agentlib:jdwp=transport=dt_socket,server=n,suspend=y,address=127.0.0.1:61272 -Dfile.encoding=windows-1251 -Duser.country=RU -Duser.language=ru -Duser.variant 
java_command: com.example.demo.ValidatespringApplication
java_class_path (initial): C:\Users\V\IdeaProjects\spingexamples\validatespring\build\classes\java\main;C:\Users\V\IdeaProjects\spingexamples\validatespring\build\resources\main;C:\Users\V\.gradle\caches\modules-2\files-2.1\org.springframework.boot\spring-boot-starter-validation\2.7.1\8546b0ad5fa5ce6d37cff18a27386532540e2ab8\spring-boot-starter-validation-2.7.1.jar;C:\Users\V\.gradle\caches\modules-2\files-2.1\org.springframework.boot\spring-boot-starter-web\2.7.1\29f47f503f9955b1a9746870aeaebdba448416d\spring-boot-starter-web-2.7.1.jar;C:\Users\V\.gradle\caches\modules-2\files-2.1\org.springframework.boot\spring-boot-starter-json\2.7.1\711889df8474d7f0271b1e25cd75a9249e0a4621\spring-boot-starter-json-2.7.1.jar;C:\Users\V\.gradle\caches\modules-2\files-2.1\org.springframework.boot\spring-boot-starter\2.7.1\48f7e04459ccc16d3532bfc486c1b6d629e6e0fc\spring-boot-starter-2.7.1.jar;C:\Users\V\.gradle\caches\modules-2\files-2.1\org.springframework.boot\spring-boot-starter-tomcat\2.7.1\c99fe94b685f1707907afb84ecb998ac13271ead\spring-boot-starter-tomcat-2.7.1.jar;C:\Users\V\.gradle\caches\modules-2\files-2.1\org.apache.tomcat.embed\tomcat-embed-el\9.0.64\227363669235feab54519102af723a54d1a7850e\tomcat-embed-el-9.0.64.jar;C:\Users\V\.gradle\caches\modules-2\files-2.1\org.hibernate.validator\hibernate-validator\6.2.3.Final\ea4545d1a97b27bada5f2e3f74c6172e641ecf39\hibernate-validator-6.2.3.Final.jar;C:\Users\V\.gradle\caches\modules-2\files-2.1\org.springframework\spring-webmvc\5.3.21\a62db425cc29c48e138846e706ca37acb138ca13\spring-webmvc-5.3.21.jar;C:\Users\V\.gradle\caches\modules-2\files-2.1\org.springframework\spring-web\5.3.21\317aadd37f70ba34ff93d068343e3110b5dcf2f\spring-web-5.3.21.jar;C:\Users\V\.gradle\caches\modules-2\files-2.1\org.springframework.boot\spring-boot-autoconfigure\2.7.1\923ad789b004e8cc17d67853b1e4d3db11946f0\spring-boot-autoconfigure-2.7.1.jar;C:\Users\V\.gradle\caches\modules-2\files-2.1\org.springframework.boot\spring-boot\2.7.1\8e49b8e7e9ea470a7772
Launcher Type: SUN_STANDARD

[Global flags]
     intx CICompilerCount                          = 4                                         {product} {ergonomic}
     uint ConcGCThreads                            = 3                                         {product} {ergonomic}
     uint G1ConcRefinementThreads                  = 10                                        {product} {ergonomic}
   size_t G1HeapRegionSize                         = 1048576                                   {product} {ergonomic}
    uintx GCDrainStackTargetSize                   = 64                                        {product} {ergonomic}
   size_t InitialHeapSize                          = 257949696                                 {product} {ergonomic}
   size_t MarkStackSize                            = 4194304                                   {product} {ergonomic}
   size_t MaxHeapSize                              = 4127195136                                {product} {ergonomic}
   size_t MinHeapDeltaBytes                        = 1048576                                   {product} {ergonomic}
    uintx NonNMethodCodeHeapSize                   = 5836300                                {pd product} {ergonomic}
    uintx NonProfiledCodeHeapSize                  = 122910970                              {pd product} {ergonomic}
    uintx ProfiledCodeHeapSize                     = 122910970                              {pd product} {ergonomic}
    uintx ReservedCodeCacheSize                    = 251658240                              {pd product} {ergonomic}
     bool SegmentedCodeCache                       = true                                      {product} {ergonomic}
     bool UseCompressedClassPointers               = true                                 {lp64_product} {ergonomic}
     bool UseCompressedOops                        = true                                 {lp64_product} {ergonomic}
     bool UseG1GC                                  = true                                      {product} {ergonomic}
     bool UseLargePagesIndividualAllocation        = false                                  {pd product} {ergonomic}

Logging:
Log output configuration:
 #0: stdout all=warning uptime,level,tags
 #1: stderr all=off uptime,level,tags

Environment Variables:
JAVA_HOME=C:\Program Files\BellSoft\LibericaJDK-11\
PATH=C:\Program Files\BellSoft\LibericaJDK-11\bin\;C:\WINDOWS\system32;C:\WINDOWS;C:\WINDOWS\System32\Wbem;C:\WINDOWS\System32\WindowsPowerShell\v1.0\;C:\WINDOWS\System32\OpenSSH\;C:\Program Files\Docker\Docker\resources\bin;C:\ProgramData\DockerDesktop\version-bin;C:\Program Files\Git\cmd;C:\Users\V\AppData\Local\Microsoft\WindowsApps;
USERNAME=V
OS=Windows_NT
PROCESSOR_IDENTIFIER=AMD64 Family 23 Model 96 Stepping 1, AuthenticAMD



---------------  S Y S T E M  ---------------

OS: Windows 10 , 64 bit Build 19041 (10.0.19041.1806)
OS uptime: 10 days 13:13 hours
Hyper-V role detected

CPU:total 12 (initial active 12) (12 cores per cpu, 2 threads per core) family 23 model 96 stepping 1 microcode 0x0, cmov, cx8, fxsr, mmx, sse, sse2, sse3, ssse3, sse4.1, sse4.2, popcnt, avx, avx2, aes, clmul, mmxext, 3dnowpref, lzcnt, sse4a, ht, tsc, tscinvbit, tscinv, bmi1, bmi2, adx, sha, fma

Memory: 4k page, system-wide physical 15741M (2565M free)
TotalPageFile size 30741M (AvailPageFile size 34M)
current process WorkingSet (physical memory assigned to process): 10M, peak: 10M
current process commit charge ("private bytes"): 64M, peak: 310M

vm_info: OpenJDK 64-Bit Server VM (11.0.15.1+2-LTS) for windows-amd64 JRE (11.0.15.1+2-LTS), built on May 26 2022 19:26:10 by "" with unknown MS VC++:1916

END.
