#
# There is insufficient memory for the Java Runtime Environment to continue.
# Native memory allocation (malloc) failed to allocate 1249296 bytes for Chunk::new
# Possible reasons:
#   The system is out of physical RAM or swap space
#   The process is running with CompressedOops enabled, and the Java Heap may be blocking the growth of the native heap
# Possible solutions:
#   Reduce memory load on the system
#   Increase physical memory or swap space
#   Check if swap backing store is full
#   Decrease Java heap size (-Xmx/-Xms)
#   Decrease number of Java threads
#   Decrease Java thread stack sizes (-Xss)
#   Set larger code cache with -XX:ReservedCodeCacheSize=
#   JVM is running with Zero Based Compressed Oops mode in which the Java heap is
#     placed in the first 32GB address space. The Java Heap base address is the
#     maximum limit for the native heap growth. Please use -XX:HeapBaseMinAddress
#     to set the Java Heap base and to place the Java Heap above 32GB virtual address.
# This output file may be truncated or incomplete.
#
#  Out of Memory Error (./src/hotspot/share/memory/arena.cpp:197), pid=199660, tid=314612
#
# JRE version: OpenJDK Runtime Environment (11.0.15.1+2) (build 11.0.15.1+2-LTS)
# Java VM: OpenJDK 64-Bit Server VM (11.0.15.1+2-LTS, mixed mode, tiered, compressed oops, g1 gc, windows-amd64)
# No core dump will be written. Minidumps are not enabled by default on client versions of Windows
#

---------------  S U M M A R Y ------------

Command Line: -Dfile.encoding=windows-1251 -Duser.country=RU -Duser.language=ru -Duser.variant com.example.demo.ReactiveSpringApplication -Dspring.local.active=test

Host: AMD Ryzen 5 4600H with Radeon Graphics         , 12 cores, 15G,  Windows 10 , 64 bit Build 19041 (10.0.19041.1806)
Time: Thu Aug 11 16:06:07 2022 RTZ 2 (s 10 , 64 bit Build 19041 (10.0.19041.1806) elapsed time: 6.689631 seconds (0d 0h 0m 6s)

---------------  T H R E A D  ---------------

Current thread (0x0000023f8b343800):  JavaThread "C2 CompilerThread1" daemon [_thread_in_native, id=314612, stack(0x000000e162e00000,0x000000e162f00000)]


Current CompileTask:
C2:   6689 3941   !   4       jdk.internal.loader.BuiltinClassLoader::defineOrCheckPackage (93 bytes)

Stack: [0x000000e162e00000,0x000000e162f00000]
Native frames: (J=compiled Java code, j=interpreted, Vv=VM code, C=native code)
V  [jvm.dll+0x61a02a]
V  [jvm.dll+0x7a4a49]
V  [jvm.dll+0x7a6229]
V  [jvm.dll+0x7a6913]
V  [jvm.dll+0x24dfe8]
V  [jvm.dll+0xc21fc]
V  [jvm.dll+0xc27bc]
V  [jvm.dll+0x3574f2]
V  [jvm.dll+0x3237d3]
V  [jvm.dll+0x322b0a]
V  [jvm.dll+0x207985]
V  [jvm.dll+0x206b9d]
V  [jvm.dll+0x18a411]
V  [jvm.dll+0x216004]
V  [jvm.dll+0x21424b]
V  [jvm.dll+0x767850]
V  [jvm.dll+0x7606e4]
V  [jvm.dll+0x618e86]
C  [ucrtbase.dll+0x21bb2]
C  [KERNEL32.DLL+0x17034]
C  [ntdll.dll+0x52651]


---------------  P R O C E S S  ---------------

Threads class SMR info:
_java_thread_list=0x0000023f8b7d4f40, length=44, elements={
0x0000023fe3809800, 0x0000023fffa22000, 0x0000023fffa2b000, 0x0000023fffa81000,
0x0000023fffa82000, 0x0000023fffa85000, 0x0000023fffa87800, 0x0000023fffa8a000,
0x0000023fff99d000, 0x0000023fffc8c000, 0x0000023f89023800, 0x0000023f88d6a000,
0x0000023f89a0e000, 0x0000023f8c6af000, 0x0000023f897ae800, 0x0000023f8e83c800,
0x0000023f8c4ed800, 0x0000023f8ab6a000, 0x0000023f8abcc800, 0x0000023f8abd0800,
0x0000023f8abd0000, 0x0000023f8abce800, 0x0000023f8abcd800, 0x0000023f8abcb000,
0x0000023f8abcf000, 0x0000023f8abd1800, 0x0000023f8abcc000, 0x0000023f8c4a6000,
0x0000023f8c4a5800, 0x0000023f8c4ab000, 0x0000023f8c4aa000, 0x0000023f8c4ac000,
0x0000023f8c4ac800, 0x0000023f8c4a7800, 0x0000023f8c4a9800, 0x0000023f8c4a7000,
0x0000023f8c4ae800, 0x0000023f8c4a8800, 0x0000023f8c4af000, 0x0000023f8c4ad800,
0x0000023f8c4b3000, 0x0000023f8c4b1800, 0x0000023f8b343800, 0x0000023f8c4b2800
}

Java Threads: ( => current thread )
  0x0000023fe3809800 JavaThread "main" [_thread_blocked, id=336820, stack(0x000000e161000000,0x000000e161100000)]
  0x0000023fffa22000 JavaThread "Reference Handler" daemon [_thread_blocked, id=332608, stack(0x000000e161700000,0x000000e161800000)]
  0x0000023fffa2b000 JavaThread "Finalizer" daemon [_thread_blocked, id=10284, stack(0x000000e161800000,0x000000e161900000)]
  0x0000023fffa81000 JavaThread "Signal Dispatcher" daemon [_thread_blocked, id=334360, stack(0x000000e161900000,0x000000e161a00000)]
  0x0000023fffa82000 JavaThread "Attach Listener" daemon [_thread_blocked, id=234352, stack(0x000000e161a00000,0x000000e161b00000)]
  0x0000023fffa85000 JavaThread "Service Thread" daemon [_thread_blocked, id=332024, stack(0x000000e161b00000,0x000000e161c00000)]
  0x0000023fffa87800 JavaThread "C2 CompilerThread0" daemon [_thread_in_native, id=331984, stack(0x000000e161c00000,0x000000e161d00000)]
  0x0000023fffa8a000 JavaThread "C1 CompilerThread0" daemon [_thread_blocked, id=336256, stack(0x000000e161d00000,0x000000e161e00000)]
  0x0000023fff99d000 JavaThread "Sweeper thread" daemon [_thread_blocked, id=331372, stack(0x000000e161e00000,0x000000e161f00000)]
  0x0000023fffc8c000 JavaThread "Common-Cleaner" daemon [_thread_blocked, id=335936, stack(0x000000e162000000,0x000000e162100000)]
  0x0000023f89023800 JavaThread "Thread-0" [_thread_blocked, id=328660, stack(0x000000e162200000,0x000000e162300000)]
  0x0000023f88d6a000 JavaThread "restartedMain" [_thread_in_Java, id=336880, stack(0x000000e162300000,0x000000e162400000)]
  0x0000023f89a0e000 JavaThread "boundedElastic-evictor-1" daemon [_thread_blocked, id=334600, stack(0x000000e162900000,0x000000e162a00000)]
  0x0000023f8c6af000 JavaThread "parallel-1" daemon [_thread_blocked, id=325704, stack(0x000000e162100000,0x000000e162200000)]
  0x0000023f897ae800 JavaThread "Live Reload Server" daemon [_thread_in_native, id=337572, stack(0x000000e163000000,0x000000e163100000)]
  0x0000023f8e83c800 JavaThread "Thread-6" daemon [_thread_in_native, id=328676, stack(0x000000e162f00000,0x000000e163000000)]
  0x0000023f8c4ed800 JavaThread "Thread-7" daemon [_thread_in_native, id=333648, stack(0x000000e163100000,0x000000e163200000)]
  0x0000023f8ab6a000 JavaThread "Thread-8" daemon [_thread_in_native, id=330608, stack(0x000000e163200000,0x000000e163300000)]
  0x0000023f8abcc800 JavaThread "Thread-9" daemon [_thread_in_native, id=333004, stack(0x000000e163300000,0x000000e163400000)]
  0x0000023f8abd0800 JavaThread "Thread-10" daemon [_thread_in_native, id=336696, stack(0x000000e163400000,0x000000e163500000)]
  0x0000023f8abd0000 JavaThread "Thread-11" daemon [_thread_in_native, id=333356, stack(0x000000e163500000,0x000000e163600000)]
  0x0000023f8abce800 JavaThread "Thread-12" daemon [_thread_in_native, id=332192, stack(0x000000e163600000,0x000000e163700000)]
  0x0000023f8abcd800 JavaThread "Thread-13" daemon [_thread_in_native, id=328452, stack(0x000000e163700000,0x000000e163800000)]
  0x0000023f8abcb000 JavaThread "Thread-14" daemon [_thread_in_native, id=333752, stack(0x000000e163800000,0x000000e163900000)]
  0x0000023f8abcf000 JavaThread "Thread-15" daemon [_thread_in_native, id=321776, stack(0x000000e163900000,0x000000e163a00000)]
  0x0000023f8abd1800 JavaThread "Thread-16" daemon [_thread_in_native, id=325284, stack(0x000000e163a00000,0x000000e163b00000)]
  0x0000023f8abcc000 JavaThread "Thread-17" daemon [_thread_in_native, id=318340, stack(0x000000e163b00000,0x000000e163c00000)]
  0x0000023f8c4a6000 JavaThread "Thread-18" daemon [_thread_in_native, id=333040, stack(0x000000e163c00000,0x000000e163d00000)]
  0x0000023f8c4a5800 JavaThread "File Watcher" daemon [_thread_blocked, id=334744, stack(0x000000e163d00000,0x000000e163e00000)]
  0x0000023f8c4ab000 JavaThread "reactor-http-nio-1" daemon [_thread_in_native, id=335572, stack(0x000000e163e00000,0x000000e163f00000)]
  0x0000023f8c4aa000 JavaThread "server" [_thread_blocked, id=331404, stack(0x000000e163f00000,0x000000e164000000)]
  0x0000023f8c4ac000 JavaThread "reactor-http-nio-2" daemon [_thread_in_native, id=326920, stack(0x000000e164000000,0x000000e164100000)]
  0x0000023f8c4ac800 JavaThread "reactor-http-nio-3" daemon [_thread_in_native, id=336128, stack(0x000000e164100000,0x000000e164200000)]
  0x0000023f8c4a7800 JavaThread "reactor-http-nio-4" daemon [_thread_in_native, id=333876, stack(0x000000e164200000,0x000000e164300000)]
  0x0000023f8c4a9800 JavaThread "reactor-http-nio-5" daemon [_thread_in_native, id=330872, stack(0x000000e164300000,0x000000e164400000)]
  0x0000023f8c4a7000 JavaThread "reactor-http-nio-6" daemon [_thread_in_native, id=331812, stack(0x000000e164400000,0x000000e164500000)]
  0x0000023f8c4ae800 JavaThread "reactor-http-nio-7" daemon [_thread_in_native, id=318960, stack(0x000000e164500000,0x000000e164600000)]
  0x0000023f8c4a8800 JavaThread "reactor-http-nio-8" daemon [_thread_in_native, id=330056, stack(0x000000e164600000,0x000000e164700000)]
  0x0000023f8c4af000 JavaThread "reactor-http-nio-9" daemon [_thread_in_native, id=331320, stack(0x000000e164700000,0x000000e164800000)]
  0x0000023f8c4ad800 JavaThread "reactor-http-nio-10" daemon [_thread_in_native, id=329592, stack(0x000000e164800000,0x000000e164900000)]
  0x0000023f8c4b3000 JavaThread "reactor-http-nio-11" daemon [_thread_in_native, id=332768, stack(0x000000e164900000,0x000000e164a00000)]
  0x0000023f8c4b1800 JavaThread "reactor-http-nio-12" daemon [_thread_in_native, id=334716, stack(0x000000e164a00000,0x000000e164b00000)]
=>0x0000023f8b343800 JavaThread "C2 CompilerThread1" daemon [_thread_in_native, id=314612, stack(0x000000e162e00000,0x000000e162f00000)]
  0x0000023f8c4b2800 JavaThread "Thread-32" daemon [_thread_in_native, id=326172, stack(0x000000e164b00000,0x000000e164c00000)]

Other Threads:
  0x0000023fff96e800 VMThread "VM Thread" [stack: 0x000000e161600000,0x000000e161700000] [id=319912]
  0x0000023fffc86000 WatcherThread [stack: 0x000000e161f00000,0x000000e162000000] [id=336416]
  0x0000023fe3820000 GCTaskThread "GC Thread#0" [stack: 0x000000e161100000,0x000000e161200000] [id=319524]
  0x0000023f88c69800 GCTaskThread "GC Thread#1" [stack: 0x000000e162400000,0x000000e162500000] [id=334768]
  0x0000023f88bcf000 GCTaskThread "GC Thread#2" [stack: 0x000000e162500000,0x000000e162600000] [id=97380]
  0x0000023f88bd0000 GCTaskThread "GC Thread#3" [stack: 0x000000e162600000,0x000000e162700000] [id=337700]
  0x0000023f88aef800 GCTaskThread "GC Thread#4" [stack: 0x000000e162700000,0x000000e162800000] [id=334380]
  0x0000023f88af0000 GCTaskThread "GC Thread#5" [stack: 0x000000e162800000,0x000000e162900000] [id=331120]
  0x0000023f894d9000 GCTaskThread "GC Thread#6" [stack: 0x000000e162a00000,0x000000e162b00000] [id=336368]
  0x0000023f892da800 GCTaskThread "GC Thread#7" [stack: 0x000000e162b00000,0x000000e162c00000] [id=325548]
  0x0000023fe387b800 ConcurrentGCThread "G1 Main Marker" [stack: 0x000000e161200000,0x000000e161300000] [id=326164]
  0x0000023fe387e800 ConcurrentGCThread "G1 Conc#0" [stack: 0x000000e161300000,0x000000e161400000] [id=324504]
  0x0000023f894d3800 ConcurrentGCThread "G1 Conc#1" [stack: 0x000000e162c00000,0x000000e162d00000] [id=272068]
  0x0000023f88ac1800 ConcurrentGCThread "G1 Conc#2" [stack: 0x000000e162d00000,0x000000e162e00000] [id=330592]
  0x0000023fff853000 ConcurrentGCThread "G1 Refine#0" [stack: 0x000000e161400000,0x000000e161500000] [id=337868]
  0x0000023fff855000 ConcurrentGCThread "G1 Young RemSet Sampling" [stack: 0x000000e161500000,0x000000e161600000] [id=334676]

Threads with active compile tasks:
C2 CompilerThread0     6712 4052 % !   4       java.util.concurrent.ConcurrentHashMap::transfer @ 96 (828 bytes)
C2 CompilerThread1     6712 3941   !   4       jdk.internal.loader.BuiltinClassLoader::defineOrCheckPackage (93 bytes)

VM state:not at safepoint (normal execution)

VM Mutex/Monitor currently owned by a thread: None

Heap address: 0x000000070a000000, size: 3936 MB, Compressed Oops mode: Zero based, Oop shift amount: 3
Narrow klass base: 0x0000000800000000, Narrow klass shift: 0
Compressed class space size: 1073741824 Address: 0x0000000800000000

Heap:
 garbage-first heap   total 251904K, used 119517K [0x000000070a000000, 0x0000000800000000)
  region size 1024K, 115 young (117760K), 7 survivors (7168K)
 Metaspace       used 53246K, capacity 55189K, committed 55344K, reserved 1097728K
  class space    used 6658K, capacity 7471K, committed 7552K, reserved 1048576K
Heap Regions: E=young(eden), S=young(survivor), O=old, HS=humongous(starts), HC=humongous(continues), CS=collection set, F=free, A=archive, TAMS=top-at-mark-start (previous, next)
|   0|0x000000070a000000, 0x000000070a100000, 0x000000070a100000|100%| O|  |TAMS 0x000000070a100000, 0x000000070a000000| Untracked 
|   1|0x000000070a100000, 0x000000070a200000, 0x000000070a200000|100%| O|  |TAMS 0x000000070a200000, 0x000000070a100000| Untracked 
|   2|0x000000070a200000, 0x000000070a300000, 0x000000070a300000|100%| O|  |TAMS 0x000000070a300000, 0x000000070a200000| Untracked 
|   3|0x000000070a300000, 0x000000070a400000, 0x000000070a400000|100%| O|  |TAMS 0x000000070a400000, 0x000000070a300000| Untracked 
|   4|0x000000070a400000, 0x000000070a483800, 0x000000070a500000| 51%| O|  |TAMS 0x000000070a483800, 0x000000070a400000| Untracked 
|   5|0x000000070a500000, 0x000000070a500000, 0x000000070a600000|  0%| F|  |TAMS 0x000000070a500000, 0x000000070a500000| Untracked 
|   6|0x000000070a600000, 0x000000070a600000, 0x000000070a700000|  0%| F|  |TAMS 0x000000070a600000, 0x000000070a600000| Untracked 
|   7|0x000000070a700000, 0x000000070a700000, 0x000000070a800000|  0%| F|  |TAMS 0x000000070a700000, 0x000000070a700000| Untracked 
|   8|0x000000070a800000, 0x000000070a800000, 0x000000070a900000|  0%| F|  |TAMS 0x000000070a800000, 0x000000070a800000| Untracked 
|   9|0x000000070a900000, 0x000000070a900000, 0x000000070aa00000|  0%| F|  |TAMS 0x000000070a900000, 0x000000070a900000| Untracked 
|  10|0x000000070aa00000, 0x000000070aa00000, 0x000000070ab00000|  0%| F|  |TAMS 0x000000070aa00000, 0x000000070aa00000| Untracked 
|  11|0x000000070ab00000, 0x000000070ab00000, 0x000000070ac00000|  0%| F|  |TAMS 0x000000070ab00000, 0x000000070ab00000| Untracked 
|  12|0x000000070ac00000, 0x000000070ac00000, 0x000000070ad00000|  0%| F|  |TAMS 0x000000070ac00000, 0x000000070ac00000| Untracked 
|  13|0x000000070ad00000, 0x000000070ad00000, 0x000000070ae00000|  0%| F|  |TAMS 0x000000070ad00000, 0x000000070ad00000| Untracked 
|  14|0x000000070ae00000, 0x000000070ae00000, 0x000000070af00000|  0%| F|  |TAMS 0x000000070ae00000, 0x000000070ae00000| Untracked 
|  15|0x000000070af00000, 0x000000070af00000, 0x000000070b000000|  0%| F|  |TAMS 0x000000070af00000, 0x000000070af00000| Untracked 
|  16|0x000000070b000000, 0x000000070b000000, 0x000000070b100000|  0%| F|  |TAMS 0x000000070b000000, 0x000000070b000000| Untracked 
|  17|0x000000070b100000, 0x000000070b100000, 0x000000070b200000|  0%| F|  |TAMS 0x000000070b100000, 0x000000070b100000| Untracked 
|  18|0x000000070b200000, 0x000000070b200000, 0x000000070b300000|  0%| F|  |TAMS 0x000000070b200000, 0x000000070b200000| Untracked 
|  19|0x000000070b300000, 0x000000070b300000, 0x000000070b400000|  0%| F|  |TAMS 0x000000070b300000, 0x000000070b300000| Untracked 
|  20|0x000000070b400000, 0x000000070b400000, 0x000000070b500000|  0%| F|  |TAMS 0x000000070b400000, 0x000000070b400000| Untracked 
|  21|0x000000070b500000, 0x000000070b500000, 0x000000070b600000|  0%| F|  |TAMS 0x000000070b500000, 0x000000070b500000| Untracked 
|  22|0x000000070b600000, 0x000000070b600000, 0x000000070b700000|  0%| F|  |TAMS 0x000000070b600000, 0x000000070b600000| Untracked 
|  23|0x000000070b700000, 0x000000070b700000, 0x000000070b800000|  0%| F|  |TAMS 0x000000070b700000, 0x000000070b700000| Untracked 
|  24|0x000000070b800000, 0x000000070b800000, 0x000000070b900000|  0%| F|  |TAMS 0x000000070b800000, 0x000000070b800000| Untracked 
|  25|0x000000070b900000, 0x000000070b900000, 0x000000070ba00000|  0%| F|  |TAMS 0x000000070b900000, 0x000000070b900000| Untracked 
|  26|0x000000070ba00000, 0x000000070ba00000, 0x000000070bb00000|  0%| F|  |TAMS 0x000000070ba00000, 0x000000070ba00000| Untracked 
|  27|0x000000070bb00000, 0x000000070bb00000, 0x000000070bc00000|  0%| F|  |TAMS 0x000000070bb00000, 0x000000070bb00000| Untracked 
|  28|0x000000070bc00000, 0x000000070bc00000, 0x000000070bd00000|  0%| F|  |TAMS 0x000000070bc00000, 0x000000070bc00000| Untracked 
|  29|0x000000070bd00000, 0x000000070bd00000, 0x000000070be00000|  0%| F|  |TAMS 0x000000070bd00000, 0x000000070bd00000| Untracked 
|  30|0x000000070be00000, 0x000000070be00000, 0x000000070bf00000|  0%| F|  |TAMS 0x000000070be00000, 0x000000070be00000| Untracked 
|  31|0x000000070bf00000, 0x000000070bf00000, 0x000000070c000000|  0%| F|  |TAMS 0x000000070bf00000, 0x000000070bf00000| Untracked 
|  32|0x000000070c000000, 0x000000070c000000, 0x000000070c100000|  0%| F|  |TAMS 0x000000070c000000, 0x000000070c000000| Untracked 
|  33|0x000000070c100000, 0x000000070c100000, 0x000000070c200000|  0%| F|  |TAMS 0x000000070c100000, 0x000000070c100000| Untracked 
|  34|0x000000070c200000, 0x000000070c200000, 0x000000070c300000|  0%| F|  |TAMS 0x000000070c200000, 0x000000070c200000| Untracked 
|  35|0x000000070c300000, 0x000000070c300000, 0x000000070c400000|  0%| F|  |TAMS 0x000000070c300000, 0x000000070c300000| Untracked 
|  36|0x000000070c400000, 0x000000070c400000, 0x000000070c500000|  0%| F|  |TAMS 0x000000070c400000, 0x000000070c400000| Untracked 
|  37|0x000000070c500000, 0x000000070c500000, 0x000000070c600000|  0%| F|  |TAMS 0x000000070c500000, 0x000000070c500000| Untracked 
|  38|0x000000070c600000, 0x000000070c600000, 0x000000070c700000|  0%| F|  |TAMS 0x000000070c600000, 0x000000070c600000| Untracked 
|  39|0x000000070c700000, 0x000000070c700000, 0x000000070c800000|  0%| F|  |TAMS 0x000000070c700000, 0x000000070c700000| Untracked 
|  40|0x000000070c800000, 0x000000070c800000, 0x000000070c900000|  0%| F|  |TAMS 0x000000070c800000, 0x000000070c800000| Untracked 
|  41|0x000000070c900000, 0x000000070c900000, 0x000000070ca00000|  0%| F|  |TAMS 0x000000070c900000, 0x000000070c900000| Untracked 
|  42|0x000000070ca00000, 0x000000070ca00000, 0x000000070cb00000|  0%| F|  |TAMS 0x000000070ca00000, 0x000000070ca00000| Untracked 
|  43|0x000000070cb00000, 0x000000070cb00000, 0x000000070cc00000|  0%| F|  |TAMS 0x000000070cb00000, 0x000000070cb00000| Untracked 
|  44|0x000000070cc00000, 0x000000070cc00000, 0x000000070cd00000|  0%| F|  |TAMS 0x000000070cc00000, 0x000000070cc00000| Untracked 
|  45|0x000000070cd00000, 0x000000070cd00000, 0x000000070ce00000|  0%| F|  |TAMS 0x000000070cd00000, 0x000000070cd00000| Untracked 
|  46|0x000000070ce00000, 0x000000070ce00000, 0x000000070cf00000|  0%| F|  |TAMS 0x000000070ce00000, 0x000000070ce00000| Untracked 
|  47|0x000000070cf00000, 0x000000070cf00000, 0x000000070d000000|  0%| F|  |TAMS 0x000000070cf00000, 0x000000070cf00000| Untracked 
|  48|0x000000070d000000, 0x000000070d000000, 0x000000070d100000|  0%| F|  |TAMS 0x000000070d000000, 0x000000070d000000| Untracked 
|  49|0x000000070d100000, 0x000000070d100000, 0x000000070d200000|  0%| F|  |TAMS 0x000000070d100000, 0x000000070d100000| Untracked 
|  50|0x000000070d200000, 0x000000070d200000, 0x000000070d300000|  0%| F|  |TAMS 0x000000070d200000, 0x000000070d200000| Untracked 
|  51|0x000000070d300000, 0x000000070d300000, 0x000000070d400000|  0%| F|  |TAMS 0x000000070d300000, 0x000000070d300000| Untracked 
|  52|0x000000070d400000, 0x000000070d400000, 0x000000070d500000|  0%| F|  |TAMS 0x000000070d400000, 0x000000070d400000| Untracked 
|  53|0x000000070d500000, 0x000000070d500000, 0x000000070d600000|  0%| F|  |TAMS 0x000000070d500000, 0x000000070d500000| Untracked 
|  54|0x000000070d600000, 0x000000070d600000, 0x000000070d700000|  0%| F|  |TAMS 0x000000070d600000, 0x000000070d600000| Untracked 
|  55|0x000000070d700000, 0x000000070d700000, 0x000000070d800000|  0%| F|  |TAMS 0x000000070d700000, 0x000000070d700000| Untracked 
|  56|0x000000070d800000, 0x000000070d800000, 0x000000070d900000|  0%| F|  |TAMS 0x000000070d800000, 0x000000070d800000| Untracked 
|  57|0x000000070d900000, 0x000000070d900000, 0x000000070da00000|  0%| F|  |TAMS 0x000000070d900000, 0x000000070d900000| Untracked 
|  58|0x000000070da00000, 0x000000070da00000, 0x000000070db00000|  0%| F|  |TAMS 0x000000070da00000, 0x000000070da00000| Untracked 
|  59|0x000000070db00000, 0x000000070db00000, 0x000000070dc00000|  0%| F|  |TAMS 0x000000070db00000, 0x000000070db00000| Untracked 
|  60|0x000000070dc00000, 0x000000070dc00000, 0x000000070dd00000|  0%| F|  |TAMS 0x000000070dc00000, 0x000000070dc00000| Untracked 
|  61|0x000000070dd00000, 0x000000070dd00000, 0x000000070de00000|  0%| F|  |TAMS 0x000000070dd00000, 0x000000070dd00000| Untracked 
|  62|0x000000070de00000, 0x000000070de00000, 0x000000070df00000|  0%| F|  |TAMS 0x000000070de00000, 0x000000070de00000| Untracked 
|  63|0x000000070df00000, 0x000000070df00000, 0x000000070e000000|  0%| F|  |TAMS 0x000000070df00000, 0x000000070df00000| Untracked 
|  64|0x000000070e000000, 0x000000070e000000, 0x000000070e100000|  0%| F|  |TAMS 0x000000070e000000, 0x000000070e000000| Untracked 
|  65|0x000000070e100000, 0x000000070e100000, 0x000000070e200000|  0%| F|  |TAMS 0x000000070e100000, 0x000000070e100000| Untracked 
|  66|0x000000070e200000, 0x000000070e200000, 0x000000070e300000|  0%| F|  |TAMS 0x000000070e200000, 0x000000070e200000| Untracked 
|  67|0x000000070e300000, 0x000000070e300000, 0x000000070e400000|  0%| F|  |TAMS 0x000000070e300000, 0x000000070e300000| Untracked 
|  68|0x000000070e400000, 0x000000070e400000, 0x000000070e500000|  0%| F|  |TAMS 0x000000070e400000, 0x000000070e400000| Untracked 
|  69|0x000000070e500000, 0x000000070e500000, 0x000000070e600000|  0%| F|  |TAMS 0x000000070e500000, 0x000000070e500000| Untracked 
|  70|0x000000070e600000, 0x000000070e600000, 0x000000070e700000|  0%| F|  |TAMS 0x000000070e600000, 0x000000070e600000| Untracked 
|  71|0x000000070e700000, 0x000000070e700000, 0x000000070e800000|  0%| F|  |TAMS 0x000000070e700000, 0x000000070e700000| Untracked 
|  72|0x000000070e800000, 0x000000070e800000, 0x000000070e900000|  0%| F|  |TAMS 0x000000070e800000, 0x000000070e800000| Untracked 
|  73|0x000000070e900000, 0x000000070e900000, 0x000000070ea00000|  0%| F|  |TAMS 0x000000070e900000, 0x000000070e900000| Untracked 
|  74|0x000000070ea00000, 0x000000070ea00000, 0x000000070eb00000|  0%| F|  |TAMS 0x000000070ea00000, 0x000000070ea00000| Untracked 
|  75|0x000000070eb00000, 0x000000070eb00000, 0x000000070ec00000|  0%| F|  |TAMS 0x000000070eb00000, 0x000000070eb00000| Untracked 
|  76|0x000000070ec00000, 0x000000070ec00000, 0x000000070ed00000|  0%| F|  |TAMS 0x000000070ec00000, 0x000000070ec00000| Untracked 
|  77|0x000000070ed00000, 0x000000070ed00000, 0x000000070ee00000|  0%| F|  |TAMS 0x000000070ed00000, 0x000000070ed00000| Untracked 
|  78|0x000000070ee00000, 0x000000070ee00000, 0x000000070ef00000|  0%| F|  |TAMS 0x000000070ee00000, 0x000000070ee00000| Untracked 
|  79|0x000000070ef00000, 0x000000070ef00000, 0x000000070f000000|  0%| F|  |TAMS 0x000000070ef00000, 0x000000070ef00000| Untracked 
|  80|0x000000070f000000, 0x000000070f000000, 0x000000070f100000|  0%| F|  |TAMS 0x000000070f000000, 0x000000070f000000| Untracked 
|  81|0x000000070f100000, 0x000000070f100000, 0x000000070f200000|  0%| F|  |TAMS 0x000000070f100000, 0x000000070f100000| Untracked 
|  82|0x000000070f200000, 0x000000070f200000, 0x000000070f300000|  0%| F|  |TAMS 0x000000070f200000, 0x000000070f200000| Untracked 
|  83|0x000000070f300000, 0x000000070f300000, 0x000000070f400000|  0%| F|  |TAMS 0x000000070f300000, 0x000000070f300000| Untracked 
|  84|0x000000070f400000, 0x000000070f400000, 0x000000070f500000|  0%| F|  |TAMS 0x000000070f400000, 0x000000070f400000| Untracked 
|  85|0x000000070f500000, 0x000000070f500000, 0x000000070f600000|  0%| F|  |TAMS 0x000000070f500000, 0x000000070f500000| Untracked 
|  86|0x000000070f600000, 0x000000070f600000, 0x000000070f700000|  0%| F|  |TAMS 0x000000070f600000, 0x000000070f600000| Untracked 
|  87|0x000000070f700000, 0x000000070f700000, 0x000000070f800000|  0%| F|  |TAMS 0x000000070f700000, 0x000000070f700000| Untracked 
|  88|0x000000070f800000, 0x000000070f800000, 0x000000070f900000|  0%| F|  |TAMS 0x000000070f800000, 0x000000070f800000| Untracked 
|  89|0x000000070f900000, 0x000000070f900000, 0x000000070fa00000|  0%| F|  |TAMS 0x000000070f900000, 0x000000070f900000| Untracked 
|  90|0x000000070fa00000, 0x000000070fa00000, 0x000000070fb00000|  0%| F|  |TAMS 0x000000070fa00000, 0x000000070fa00000| Untracked 
|  91|0x000000070fb00000, 0x000000070fb00000, 0x000000070fc00000|  0%| F|  |TAMS 0x000000070fb00000, 0x000000070fb00000| Untracked 
|  92|0x000000070fc00000, 0x000000070fc00000, 0x000000070fd00000|  0%| F|  |TAMS 0x000000070fc00000, 0x000000070fc00000| Untracked 
|  93|0x000000070fd00000, 0x000000070fd00000, 0x000000070fe00000|  0%| F|  |TAMS 0x000000070fd00000, 0x000000070fd00000| Untracked 
|  94|0x000000070fe00000, 0x000000070fe00000, 0x000000070ff00000|  0%| F|  |TAMS 0x000000070fe00000, 0x000000070fe00000| Untracked 
|  95|0x000000070ff00000, 0x000000070ff00000, 0x0000000710000000|  0%| F|  |TAMS 0x000000070ff00000, 0x000000070ff00000| Untracked 
|  96|0x0000000710000000, 0x0000000710000000, 0x0000000710100000|  0%| F|  |TAMS 0x0000000710000000, 0x0000000710000000| Untracked 
|  97|0x0000000710100000, 0x0000000710100000, 0x0000000710200000|  0%| F|  |TAMS 0x0000000710100000, 0x0000000710100000| Untracked 
|  98|0x0000000710200000, 0x0000000710200000, 0x0000000710300000|  0%| F|  |TAMS 0x0000000710200000, 0x0000000710200000| Untracked 
|  99|0x0000000710300000, 0x0000000710300000, 0x0000000710400000|  0%| F|  |TAMS 0x0000000710300000, 0x0000000710300000| Untracked 
| 100|0x0000000710400000, 0x0000000710400000, 0x0000000710500000|  0%| F|  |TAMS 0x0000000710400000, 0x0000000710400000| Untracked 
| 101|0x0000000710500000, 0x0000000710500000, 0x0000000710600000|  0%| F|  |TAMS 0x0000000710500000, 0x0000000710500000| Untracked 
| 102|0x0000000710600000, 0x0000000710600000, 0x0000000710700000|  0%| F|  |TAMS 0x0000000710600000, 0x0000000710600000| Untracked 
| 103|0x0000000710700000, 0x0000000710700000, 0x0000000710800000|  0%| F|  |TAMS 0x0000000710700000, 0x0000000710700000| Untracked 
| 104|0x0000000710800000, 0x0000000710800000, 0x0000000710900000|  0%| F|  |TAMS 0x0000000710800000, 0x0000000710800000| Untracked 
| 105|0x0000000710900000, 0x0000000710900000, 0x0000000710a00000|  0%| F|  |TAMS 0x0000000710900000, 0x0000000710900000| Untracked 
| 106|0x0000000710a00000, 0x0000000710a00000, 0x0000000710b00000|  0%| F|  |TAMS 0x0000000710a00000, 0x0000000710a00000| Untracked 
| 107|0x0000000710b00000, 0x0000000710b00000, 0x0000000710c00000|  0%| F|  |TAMS 0x0000000710b00000, 0x0000000710b00000| Untracked 
| 108|0x0000000710c00000, 0x0000000710c00000, 0x0000000710d00000|  0%| F|  |TAMS 0x0000000710c00000, 0x0000000710c00000| Untracked 
| 109|0x0000000710d00000, 0x0000000710d00000, 0x0000000710e00000|  0%| F|  |TAMS 0x0000000710d00000, 0x0000000710d00000| Untracked 
| 110|0x0000000710e00000, 0x0000000710e00000, 0x0000000710f00000|  0%| F|  |TAMS 0x0000000710e00000, 0x0000000710e00000| Untracked 
| 111|0x0000000710f00000, 0x0000000710f00000, 0x0000000711000000|  0%| F|  |TAMS 0x0000000710f00000, 0x0000000710f00000| Untracked 
| 112|0x0000000711000000, 0x0000000711000000, 0x0000000711100000|  0%| F|  |TAMS 0x0000000711000000, 0x0000000711000000| Untracked 
| 113|0x0000000711100000, 0x0000000711100000, 0x0000000711200000|  0%| F|  |TAMS 0x0000000711100000, 0x0000000711100000| Untracked 
| 114|0x0000000711200000, 0x0000000711200000, 0x0000000711300000|  0%| F|  |TAMS 0x0000000711200000, 0x0000000711200000| Untracked 
| 115|0x0000000711300000, 0x0000000711300000, 0x0000000711400000|  0%| F|  |TAMS 0x0000000711300000, 0x0000000711300000| Untracked 
| 116|0x0000000711400000, 0x0000000711400000, 0x0000000711500000|  0%| F|  |TAMS 0x0000000711400000, 0x0000000711400000| Untracked 
| 117|0x0000000711500000, 0x0000000711500000, 0x0000000711600000|  0%| F|  |TAMS 0x0000000711500000, 0x0000000711500000| Untracked 
| 118|0x0000000711600000, 0x0000000711600000, 0x0000000711700000|  0%| F|  |TAMS 0x0000000711600000, 0x0000000711600000| Untracked 
| 119|0x0000000711700000, 0x0000000711700000, 0x0000000711800000|  0%| F|  |TAMS 0x0000000711700000, 0x0000000711700000| Untracked 
| 120|0x0000000711800000, 0x0000000711800000, 0x0000000711900000|  0%| F|  |TAMS 0x0000000711800000, 0x0000000711800000| Untracked 
| 121|0x0000000711900000, 0x0000000711900000, 0x0000000711a00000|  0%| F|  |TAMS 0x0000000711900000, 0x0000000711900000| Untracked 
| 122|0x0000000711a00000, 0x0000000711a00000, 0x0000000711b00000|  0%| F|  |TAMS 0x0000000711a00000, 0x0000000711a00000| Untracked 
| 123|0x0000000711b00000, 0x0000000711b00000, 0x0000000711c00000|  0%| F|  |TAMS 0x0000000711b00000, 0x0000000711b00000| Untracked 
| 124|0x0000000711c00000, 0x0000000711c00000, 0x0000000711d00000|  0%| F|  |TAMS 0x0000000711c00000, 0x0000000711c00000| Untracked 
| 125|0x0000000711d00000, 0x0000000711d00000, 0x0000000711e00000|  0%| F|  |TAMS 0x0000000711d00000, 0x0000000711d00000| Untracked 
| 126|0x0000000711e00000, 0x0000000711e00000, 0x0000000711f00000|  0%| F|  |TAMS 0x0000000711e00000, 0x0000000711e00000| Untracked 
| 127|0x0000000711f00000, 0x0000000711f00000, 0x0000000712000000|  0%| F|  |TAMS 0x0000000711f00000, 0x0000000711f00000| Untracked 
| 128|0x0000000712000000, 0x0000000712000000, 0x0000000712100000|  0%| F|  |TAMS 0x0000000712000000, 0x0000000712000000| Untracked 
| 129|0x0000000712100000, 0x0000000712100000, 0x0000000712200000|  0%| F|  |TAMS 0x0000000712100000, 0x0000000712100000| Untracked 
| 130|0x0000000712200000, 0x0000000712200000, 0x0000000712300000|  0%| F|  |TAMS 0x0000000712200000, 0x0000000712200000| Untracked 
| 131|0x0000000712300000, 0x0000000712380800, 0x0000000712400000| 50%| E|  |TAMS 0x0000000712300000, 0x0000000712300000| Complete 
| 132|0x0000000712400000, 0x0000000712500000, 0x0000000712500000|100%| E|CS|TAMS 0x0000000712400000, 0x0000000712400000| Complete 
| 133|0x0000000712500000, 0x0000000712600000, 0x0000000712600000|100%| E|CS|TAMS 0x0000000712500000, 0x0000000712500000| Complete 
| 134|0x0000000712600000, 0x0000000712700000, 0x0000000712700000|100%| E|CS|TAMS 0x0000000712600000, 0x0000000712600000| Complete 
| 135|0x0000000712700000, 0x0000000712800000, 0x0000000712800000|100%| E|CS|TAMS 0x0000000712700000, 0x0000000712700000| Complete 
| 136|0x0000000712800000, 0x0000000712900000, 0x0000000712900000|100%| E|CS|TAMS 0x0000000712800000, 0x0000000712800000| Complete 
| 137|0x0000000712900000, 0x0000000712a00000, 0x0000000712a00000|100%| E|CS|TAMS 0x0000000712900000, 0x0000000712900000| Complete 
| 138|0x0000000712a00000, 0x0000000712b00000, 0x0000000712b00000|100%| E|CS|TAMS 0x0000000712a00000, 0x0000000712a00000| Complete 
| 139|0x0000000712b00000, 0x0000000712c00000, 0x0000000712c00000|100%| E|CS|TAMS 0x0000000712b00000, 0x0000000712b00000| Complete 
| 140|0x0000000712c00000, 0x0000000712d00000, 0x0000000712d00000|100%| E|CS|TAMS 0x0000000712c00000, 0x0000000712c00000| Complete 
| 141|0x0000000712d00000, 0x0000000712e00000, 0x0000000712e00000|100%| E|CS|TAMS 0x0000000712d00000, 0x0000000712d00000| Complete 
| 142|0x0000000712e00000, 0x0000000712f00000, 0x0000000712f00000|100%| E|CS|TAMS 0x0000000712e00000, 0x0000000712e00000| Complete 
| 143|0x0000000712f00000, 0x0000000713000000, 0x0000000713000000|100%| E|CS|TAMS 0x0000000712f00000, 0x0000000712f00000| Complete 
| 144|0x0000000713000000, 0x0000000713100000, 0x0000000713100000|100%| E|CS|TAMS 0x0000000713000000, 0x0000000713000000| Complete 
| 145|0x0000000713100000, 0x0000000713200000, 0x0000000713200000|100%| E|CS|TAMS 0x0000000713100000, 0x0000000713100000| Complete 
| 146|0x0000000713200000, 0x0000000713300000, 0x0000000713300000|100%| E|CS|TAMS 0x0000000713200000, 0x0000000713200000| Complete 
| 147|0x0000000713300000, 0x0000000713400000, 0x0000000713400000|100%| E|CS|TAMS 0x0000000713300000, 0x0000000713300000| Complete 
| 148|0x0000000713400000, 0x0000000713500000, 0x0000000713500000|100%| E|CS|TAMS 0x0000000713400000, 0x0000000713400000| Complete 
| 149|0x0000000713500000, 0x0000000713600000, 0x0000000713600000|100%| E|CS|TAMS 0x0000000713500000, 0x0000000713500000| Complete 
| 150|0x0000000713600000, 0x0000000713700000, 0x0000000713700000|100%| E|CS|TAMS 0x0000000713600000, 0x0000000713600000| Complete 
| 151|0x0000000713700000, 0x0000000713800000, 0x0000000713800000|100%| E|CS|TAMS 0x0000000713700000, 0x0000000713700000| Complete 
| 152|0x0000000713800000, 0x0000000713900000, 0x0000000713900000|100%| E|CS|TAMS 0x0000000713800000, 0x0000000713800000| Complete 
| 153|0x0000000713900000, 0x0000000713a00000, 0x0000000713a00000|100%| E|CS|TAMS 0x0000000713900000, 0x0000000713900000| Complete 
| 154|0x0000000713a00000, 0x0000000713b00000, 0x0000000713b00000|100%| E|CS|TAMS 0x0000000713a00000, 0x0000000713a00000| Complete 
| 155|0x0000000713b00000, 0x0000000713c00000, 0x0000000713c00000|100%| E|CS|TAMS 0x0000000713b00000, 0x0000000713b00000| Complete 
| 156|0x0000000713c00000, 0x0000000713d00000, 0x0000000713d00000|100%| E|CS|TAMS 0x0000000713c00000, 0x0000000713c00000| Complete 
| 157|0x0000000713d00000, 0x0000000713e00000, 0x0000000713e00000|100%| E|CS|TAMS 0x0000000713d00000, 0x0000000713d00000| Complete 
| 158|0x0000000713e00000, 0x0000000713f00000, 0x0000000713f00000|100%| E|CS|TAMS 0x0000000713e00000, 0x0000000713e00000| Complete 
| 159|0x0000000713f00000, 0x0000000714000000, 0x0000000714000000|100%| E|CS|TAMS 0x0000000713f00000, 0x0000000713f00000| Complete 
| 160|0x0000000714000000, 0x0000000714100000, 0x0000000714100000|100%| E|CS|TAMS 0x0000000714000000, 0x0000000714000000| Complete 
| 161|0x0000000714100000, 0x0000000714200000, 0x0000000714200000|100%| E|CS|TAMS 0x0000000714100000, 0x0000000714100000| Complete 
| 162|0x0000000714200000, 0x0000000714300000, 0x0000000714300000|100%| E|CS|TAMS 0x0000000714200000, 0x0000000714200000| Complete 
| 163|0x0000000714300000, 0x0000000714400000, 0x0000000714400000|100%| E|CS|TAMS 0x0000000714300000, 0x0000000714300000| Complete 
| 164|0x0000000714400000, 0x0000000714500000, 0x0000000714500000|100%| E|CS|TAMS 0x0000000714400000, 0x0000000714400000| Complete 
| 165|0x0000000714500000, 0x0000000714600000, 0x0000000714600000|100%| E|CS|TAMS 0x0000000714500000, 0x0000000714500000| Complete 
| 166|0x0000000714600000, 0x0000000714700000, 0x0000000714700000|100%| E|CS|TAMS 0x0000000714600000, 0x0000000714600000| Complete 
| 167|0x0000000714700000, 0x0000000714800000, 0x0000000714800000|100%| E|CS|TAMS 0x0000000714700000, 0x0000000714700000| Complete 
| 168|0x0000000714800000, 0x0000000714900000, 0x0000000714900000|100%| E|CS|TAMS 0x0000000714800000, 0x0000000714800000| Complete 
| 169|0x0000000714900000, 0x0000000714a00000, 0x0000000714a00000|100%| E|CS|TAMS 0x0000000714900000, 0x0000000714900000| Complete 
| 170|0x0000000714a00000, 0x0000000714b00000, 0x0000000714b00000|100%| E|CS|TAMS 0x0000000714a00000, 0x0000000714a00000| Complete 
| 171|0x0000000714b00000, 0x0000000714c00000, 0x0000000714c00000|100%| E|CS|TAMS 0x0000000714b00000, 0x0000000714b00000| Complete 
| 172|0x0000000714c00000, 0x0000000714d00000, 0x0000000714d00000|100%| E|CS|TAMS 0x0000000714c00000, 0x0000000714c00000| Complete 
| 173|0x0000000714d00000, 0x0000000714e00000, 0x0000000714e00000|100%| E|CS|TAMS 0x0000000714d00000, 0x0000000714d00000| Complete 
| 174|0x0000000714e00000, 0x0000000714f00000, 0x0000000714f00000|100%| E|CS|TAMS 0x0000000714e00000, 0x0000000714e00000| Complete 
| 175|0x0000000714f00000, 0x0000000715000000, 0x0000000715000000|100%| E|CS|TAMS 0x0000000714f00000, 0x0000000714f00000| Complete 
| 176|0x0000000715000000, 0x0000000715100000, 0x0000000715100000|100%| E|CS|TAMS 0x0000000715000000, 0x0000000715000000| Complete 
| 177|0x0000000715100000, 0x0000000715200000, 0x0000000715200000|100%| E|CS|TAMS 0x0000000715100000, 0x0000000715100000| Complete 
| 178|0x0000000715200000, 0x0000000715300000, 0x0000000715300000|100%| E|CS|TAMS 0x0000000715200000, 0x0000000715200000| Complete 
| 179|0x0000000715300000, 0x0000000715400000, 0x0000000715400000|100%| E|CS|TAMS 0x0000000715300000, 0x0000000715300000| Complete 
| 180|0x0000000715400000, 0x0000000715500000, 0x0000000715500000|100%| E|CS|TAMS 0x0000000715400000, 0x0000000715400000| Complete 
| 181|0x0000000715500000, 0x0000000715600000, 0x0000000715600000|100%| E|CS|TAMS 0x0000000715500000, 0x0000000715500000| Complete 
| 182|0x0000000715600000, 0x0000000715700000, 0x0000000715700000|100%| E|CS|TAMS 0x0000000715600000, 0x0000000715600000| Complete 
| 183|0x0000000715700000, 0x0000000715733d00, 0x0000000715800000| 20%| S|CS|TAMS 0x0000000715700000, 0x0000000715700000| Complete 
| 184|0x0000000715800000, 0x0000000715900000, 0x0000000715900000|100%| S|CS|TAMS 0x0000000715800000, 0x0000000715800000| Complete 
| 185|0x0000000715900000, 0x0000000715a00000, 0x0000000715a00000|100%| S|CS|TAMS 0x0000000715900000, 0x0000000715900000| Complete 
| 186|0x0000000715a00000, 0x0000000715b00000, 0x0000000715b00000|100%| S|CS|TAMS 0x0000000715a00000, 0x0000000715a00000| Complete 
| 187|0x0000000715b00000, 0x0000000715c00000, 0x0000000715c00000|100%| S|CS|TAMS 0x0000000715b00000, 0x0000000715b00000| Complete 
| 188|0x0000000715c00000, 0x0000000715d00000, 0x0000000715d00000|100%| S|CS|TAMS 0x0000000715c00000, 0x0000000715c00000| Complete 
| 189|0x0000000715d00000, 0x0000000715e00000, 0x0000000715e00000|100%| S|CS|TAMS 0x0000000715d00000, 0x0000000715d00000| Complete 
| 190|0x0000000715e00000, 0x0000000715f00000, 0x0000000715f00000|100%| E|CS|TAMS 0x0000000715e00000, 0x0000000715e00000| Complete 
| 191|0x0000000715f00000, 0x0000000716000000, 0x0000000716000000|100%| E|CS|TAMS 0x0000000715f00000, 0x0000000715f00000| Complete 
| 192|0x0000000716000000, 0x0000000716100000, 0x0000000716100000|100%| E|CS|TAMS 0x0000000716000000, 0x0000000716000000| Complete 
| 193|0x0000000716100000, 0x0000000716200000, 0x0000000716200000|100%| E|CS|TAMS 0x0000000716100000, 0x0000000716100000| Complete 
| 194|0x0000000716200000, 0x0000000716300000, 0x0000000716300000|100%| E|CS|TAMS 0x0000000716200000, 0x0000000716200000| Complete 
| 195|0x0000000716300000, 0x0000000716400000, 0x0000000716400000|100%| E|CS|TAMS 0x0000000716300000, 0x0000000716300000| Complete 
| 196|0x0000000716400000, 0x0000000716500000, 0x0000000716500000|100%| E|CS|TAMS 0x0000000716400000, 0x0000000716400000| Complete 
| 197|0x0000000716500000, 0x0000000716600000, 0x0000000716600000|100%| E|CS|TAMS 0x0000000716500000, 0x0000000716500000| Complete 
| 198|0x0000000716600000, 0x0000000716700000, 0x0000000716700000|100%| E|CS|TAMS 0x0000000716600000, 0x0000000716600000| Complete 
| 199|0x0000000716700000, 0x0000000716800000, 0x0000000716800000|100%| E|CS|TAMS 0x0000000716700000, 0x0000000716700000| Complete 
| 200|0x0000000716800000, 0x0000000716900000, 0x0000000716900000|100%| E|CS|TAMS 0x0000000716800000, 0x0000000716800000| Complete 
| 201|0x0000000716900000, 0x0000000716a00000, 0x0000000716a00000|100%| E|  |TAMS 0x0000000716900000, 0x0000000716900000| Complete 
| 202|0x0000000716a00000, 0x0000000716b00000, 0x0000000716b00000|100%| E|CS|TAMS 0x0000000716a00000, 0x0000000716a00000| Complete 
| 203|0x0000000716b00000, 0x0000000716c00000, 0x0000000716c00000|100%| E|CS|TAMS 0x0000000716b00000, 0x0000000716b00000| Complete 
| 204|0x0000000716c00000, 0x0000000716d00000, 0x0000000716d00000|100%| E|CS|TAMS 0x0000000716c00000, 0x0000000716c00000| Complete 
| 205|0x0000000716d00000, 0x0000000716e00000, 0x0000000716e00000|100%| E|CS|TAMS 0x0000000716d00000, 0x0000000716d00000| Complete 
| 206|0x0000000716e00000, 0x0000000716f00000, 0x0000000716f00000|100%| E|CS|TAMS 0x0000000716e00000, 0x0000000716e00000| Complete 
| 207|0x0000000716f00000, 0x0000000717000000, 0x0000000717000000|100%| E|CS|TAMS 0x0000000716f00000, 0x0000000716f00000| Complete 
| 208|0x0000000717000000, 0x0000000717100000, 0x0000000717100000|100%| E|CS|TAMS 0x0000000717000000, 0x0000000717000000| Complete 
| 209|0x0000000717100000, 0x0000000717200000, 0x0000000717200000|100%| E|CS|TAMS 0x0000000717100000, 0x0000000717100000| Complete 
| 210|0x0000000717200000, 0x0000000717300000, 0x0000000717300000|100%| E|CS|TAMS 0x0000000717200000, 0x0000000717200000| Complete 
| 211|0x0000000717300000, 0x0000000717400000, 0x0000000717400000|100%| E|CS|TAMS 0x0000000717300000, 0x0000000717300000| Complete 
| 212|0x0000000717400000, 0x0000000717500000, 0x0000000717500000|100%| E|CS|TAMS 0x0000000717400000, 0x0000000717400000| Complete 
| 213|0x0000000717500000, 0x0000000717600000, 0x0000000717600000|100%| E|CS|TAMS 0x0000000717500000, 0x0000000717500000| Complete 
| 214|0x0000000717600000, 0x0000000717700000, 0x0000000717700000|100%| E|CS|TAMS 0x0000000717600000, 0x0000000717600000| Complete 
| 215|0x0000000717700000, 0x0000000717800000, 0x0000000717800000|100%| E|CS|TAMS 0x0000000717700000, 0x0000000717700000| Complete 
| 216|0x0000000717800000, 0x0000000717900000, 0x0000000717900000|100%| E|CS|TAMS 0x0000000717800000, 0x0000000717800000| Complete 
| 217|0x0000000717900000, 0x0000000717a00000, 0x0000000717a00000|100%| E|CS|TAMS 0x0000000717900000, 0x0000000717900000| Complete 
| 218|0x0000000717a00000, 0x0000000717b00000, 0x0000000717b00000|100%| E|CS|TAMS 0x0000000717a00000, 0x0000000717a00000| Complete 
| 219|0x0000000717b00000, 0x0000000717c00000, 0x0000000717c00000|100%| E|CS|TAMS 0x0000000717b00000, 0x0000000717b00000| Complete 
| 220|0x0000000717c00000, 0x0000000717d00000, 0x0000000717d00000|100%| E|CS|TAMS 0x0000000717c00000, 0x0000000717c00000| Complete 
| 221|0x0000000717d00000, 0x0000000717e00000, 0x0000000717e00000|100%| E|CS|TAMS 0x0000000717d00000, 0x0000000717d00000| Complete 
| 222|0x0000000717e00000, 0x0000000717f00000, 0x0000000717f00000|100%| E|CS|TAMS 0x0000000717e00000, 0x0000000717e00000| Complete 
| 223|0x0000000717f00000, 0x0000000718000000, 0x0000000718000000|100%| E|CS|TAMS 0x0000000717f00000, 0x0000000717f00000| Complete 
| 224|0x0000000718000000, 0x0000000718100000, 0x0000000718100000|100%| E|CS|TAMS 0x0000000718000000, 0x0000000718000000| Complete 
| 225|0x0000000718100000, 0x0000000718200000, 0x0000000718200000|100%| E|CS|TAMS 0x0000000718100000, 0x0000000718100000| Complete 
| 226|0x0000000718200000, 0x0000000718300000, 0x0000000718300000|100%| E|CS|TAMS 0x0000000718200000, 0x0000000718200000| Complete 
| 227|0x0000000718300000, 0x0000000718400000, 0x0000000718400000|100%| E|CS|TAMS 0x0000000718300000, 0x0000000718300000| Complete 
| 228|0x0000000718400000, 0x0000000718500000, 0x0000000718500000|100%| E|CS|TAMS 0x0000000718400000, 0x0000000718400000| Complete 
| 229|0x0000000718500000, 0x0000000718600000, 0x0000000718600000|100%| E|CS|TAMS 0x0000000718500000, 0x0000000718500000| Complete 
| 230|0x0000000718600000, 0x0000000718700000, 0x0000000718700000|100%| E|CS|TAMS 0x0000000718600000, 0x0000000718600000| Complete 
| 231|0x0000000718700000, 0x0000000718800000, 0x0000000718800000|100%| E|CS|TAMS 0x0000000718700000, 0x0000000718700000| Complete 
| 232|0x0000000718800000, 0x0000000718900000, 0x0000000718900000|100%| E|CS|TAMS 0x0000000718800000, 0x0000000718800000| Complete 
| 233|0x0000000718900000, 0x0000000718a00000, 0x0000000718a00000|100%| E|CS|TAMS 0x0000000718900000, 0x0000000718900000| Complete 
| 234|0x0000000718a00000, 0x0000000718b00000, 0x0000000718b00000|100%| E|CS|TAMS 0x0000000718a00000, 0x0000000718a00000| Complete 
| 235|0x0000000718b00000, 0x0000000718c00000, 0x0000000718c00000|100%| E|CS|TAMS 0x0000000718b00000, 0x0000000718b00000| Complete 
| 236|0x0000000718c00000, 0x0000000718d00000, 0x0000000718d00000|100%| E|CS|TAMS 0x0000000718c00000, 0x0000000718c00000| Complete 
| 237|0x0000000718d00000, 0x0000000718e00000, 0x0000000718e00000|100%| E|CS|TAMS 0x0000000718d00000, 0x0000000718d00000| Complete 
| 238|0x0000000718e00000, 0x0000000718f00000, 0x0000000718f00000|100%| E|CS|TAMS 0x0000000718e00000, 0x0000000718e00000| Complete 
| 239|0x0000000718f00000, 0x0000000719000000, 0x0000000719000000|100%| E|CS|TAMS 0x0000000718f00000, 0x0000000718f00000| Complete 
| 240|0x0000000719000000, 0x0000000719100000, 0x0000000719100000|100%| E|CS|TAMS 0x0000000719000000, 0x0000000719000000| Complete 
| 241|0x0000000719100000, 0x0000000719200000, 0x0000000719200000|100%| E|CS|TAMS 0x0000000719100000, 0x0000000719100000| Complete 
| 242|0x0000000719200000, 0x0000000719300000, 0x0000000719300000|100%| E|CS|TAMS 0x0000000719200000, 0x0000000719200000| Complete 
| 243|0x0000000719300000, 0x0000000719400000, 0x0000000719400000|100%| E|CS|TAMS 0x0000000719300000, 0x0000000719300000| Complete 
| 244|0x0000000719400000, 0x0000000719500000, 0x0000000719500000|100%| E|CS|TAMS 0x0000000719400000, 0x0000000719400000| Complete 
| 245|0x0000000719500000, 0x0000000719600000, 0x0000000719600000|100%| E|CS|TAMS 0x0000000719500000, 0x0000000719500000| Complete 

Card table byte_map: [0x0000023ffbc70000,0x0000023ffc420000] _byte_map_base: 0x0000023ff8420000

Marking Bits (Prev, Next): (CMBitMap*) 0x0000023fe3869488, (CMBitMap*) 0x0000023fe38694c0
 Prev Bits: [0x0000023f80000000, 0x0000023f83d80000)
 Next Bits: [0x0000023f83d80000, 0x0000023f87b00000)

Polling page: 0x0000023fe17f0000

Metaspace:

Usage:
  Non-class:     46.60 MB capacity,    45.50 MB ( 98%) used,   897.11 KB (  2%) free+waste,   226.75 KB ( <1%) overhead. 
      Class:      7.30 MB capacity,     6.50 MB ( 89%) used,   700.17 KB (  9%) free+waste,   112.63 KB (  2%) overhead. 
       Both:     53.90 MB capacity,    52.01 MB ( 96%) used,     1.56 MB (  3%) free+waste,   339.38 KB ( <1%) overhead. 

Virtual space:
  Non-class space:       48.00 MB reserved,      46.67 MB ( 97%) committed 
      Class space:        1.00 GB reserved,       7.38 MB ( <1%) committed 
             Both:        1.05 GB reserved,      54.05 MB (  5%) committed 

Chunk freelists:
   Non-Class:  9.00 KB
       Class:  17.00 KB
        Both:  26.00 KB

MaxMetaspaceSize: 17179869184.00 GB
CompressedClassSpaceSize: 1.00 GB
Initial GC threshold: 20.80 MB
Current GC threshold: 58.62 MB
CDS: off

CodeHeap 'non-profiled nmethods': size=120000Kb used=2311Kb max_used=2311Kb free=117688Kb
 bounds [0x0000023ff3a30000, 0x0000023ff3ca0000, 0x0000023ffaf60000]
CodeHeap 'profiled nmethods': size=120000Kb used=9189Kb max_used=9189Kb free=110810Kb
 bounds [0x0000023fec500000, 0x0000023fece00000, 0x0000023ff3a30000]
CodeHeap 'non-nmethods': size=5760Kb used=1299Kb max_used=1325Kb free=4460Kb
 bounds [0x0000023febf60000, 0x0000023fec1d0000, 0x0000023fec500000]
 total_blobs=4764 nmethods=4166 adapters=510
 compilation: enabled
              stopped_count=0, restarted_count=0
 full_count=0

Compilation events (20 events):
Event: 6.685 Thread 0x0000023fffa8a000 nmethod 4120 0x0000023ff3c6d110 code [0x0000023ff3c6d2c0, 0x0000023ff3c6d378]
Event: 6.685 Thread 0x0000023fffa8a000 4121       1       org.h2.mvstore.tx.VersionedBitSet::setVersion (6 bytes)
Event: 6.685 Thread 0x0000023fffa8a000 nmethod 4121 0x0000023ff3c6d410 code [0x0000023ff3c6d5c0, 0x0000023ff3c6d678]
Event: 6.686 Thread 0x0000023fffa8a000 4122       1       reactor.core.publisher.FlatMapTracker::get (5 bytes)
Event: 6.686 Thread 0x0000023fffa8a000 nmethod 4122 0x0000023ff3c6d710 code [0x0000023ff3c6d8c0, 0x0000023ff3c6d978]
Event: 6.686 Thread 0x0000023fffa8a000 4123       1       org.h2.command.Prepared::getSQL (5 bytes)
Event: 6.686 Thread 0x0000023fffa8a000 nmethod 4123 0x0000023ff3c6da10 code [0x0000023ff3c6dbc0, 0x0000023ff3c6dc78]
Event: 6.687 Thread 0x0000023fffa8a000 4124       1       org.h2.engine.SessionLocal::isVariableBinary (5 bytes)
Event: 6.687 Thread 0x0000023fffa8a000 nmethod 4124 0x0000023ff3c6dd10 code [0x0000023ff3c6dec0, 0x0000023ff3c6df78]
Event: 6.687 Thread 0x0000023fffa8a000 4125       1       org.h2.engine.SessionLocal::getNonKeywords (5 bytes)
Event: 6.687 Thread 0x0000023fffa8a000 nmethod 4125 0x0000023ff3c6e010 code [0x0000023ff3c6e1c0, 0x0000023ff3c6e278]
Event: 6.687 Thread 0x0000023fffa8a000 4126       1       org.h2.command.Token$EndOfInputToken::tokenType (3 bytes)
Event: 6.687 Thread 0x0000023fffa8a000 nmethod 4126 0x0000023ff3c6e310 code [0x0000023ff3c6e4c0, 0x0000023ff3c6e578]
Event: 6.687 Thread 0x0000023fffa8a000 4127       1       org.h2.command.Prepared::setCteCleanups (6 bytes)
Event: 6.687 Thread 0x0000023fffa8a000 nmethod 4127 0x0000023ff3c6e610 code [0x0000023ff3c6e7c0, 0x0000023ff3c6e8d8]
Event: 6.687 Thread 0x0000023fffa8a000 4128       1       org.h2.command.Prepared::setPrepareAlways (6 bytes)
Event: 6.687 Thread 0x0000023fffa8a000 nmethod 4128 0x0000023ff3c6e990 code [0x0000023ff3c6eb40, 0x0000023ff3c6ebf8]
Event: 6.687 Thread 0x0000023fffa8a000 4129       1       org.h2.mvstore.tx.Transaction::getIsolationLevel (5 bytes)
Event: 6.687 Thread 0x0000023fffa8a000 nmethod 4129 0x0000023ff3c6ec90 code [0x0000023ff3c6ee40, 0x0000023ff3c6eef8]
Event: 6.687 Thread 0x0000023fffa8a000 4132       3       org.h2.engine.SessionLocal::transitionToState (47 bytes)

GC Heap History (8 events):
Event: 0.896 GC heap before
{Heap before GC invocations=0 (full 0):
 garbage-first heap   total 251904K, used 23552K [0x000000070a000000, 0x0000000800000000)
  region size 1024K, 24 young (24576K), 0 survivors (0K)
 Metaspace       used 12518K, capacity 12780K, committed 12928K, reserved 1060864K
  class space    used 1235K, capacity 1305K, committed 1408K, reserved 1048576K
}
Event: 0.900 GC heap after
{Heap after GC invocations=1 (full 0):
 garbage-first heap   total 251904K, used 4750K [0x000000070a000000, 0x0000000800000000)
  region size 1024K, 3 young (3072K), 3 survivors (3072K)
 Metaspace       used 12518K, capacity 12780K, committed 12928K, reserved 1060864K
  class space    used 1235K, capacity 1305K, committed 1408K, reserved 1048576K
}
Event: 1.698 GC heap before
{Heap before GC invocations=1 (full 0):
 garbage-first heap   total 251904K, used 40590K [0x000000070a000000, 0x0000000800000000)
  region size 1024K, 39 young (39936K), 3 survivors (3072K)
 Metaspace       used 20770K, capacity 21212K, committed 21296K, reserved 1069056K
  class space    used 2221K, capacity 2425K, committed 2432K, reserved 1048576K
}
Event: 1.704 GC heap after
{Heap after GC invocations=2 (full 0):
 garbage-first heap   total 251904K, used 6445K [0x000000070a000000, 0x0000000800000000)
  region size 1024K, 5 young (5120K), 5 survivors (5120K)
 Metaspace       used 20770K, capacity 21212K, committed 21296K, reserved 1069056K
  class space    used 2221K, capacity 2425K, committed 2432K, reserved 1048576K
}
Event: 2.667 GC heap before
{Heap before GC invocations=3 (full 0):
 garbage-first heap   total 251904K, used 50477K [0x000000070a000000, 0x0000000800000000)
  region size 1024K, 49 young (50176K), 5 survivors (5120K)
 Metaspace       used 26210K, capacity 26843K, committed 26928K, reserved 1073152K
  class space    used 2891K, capacity 3124K, committed 3200K, reserved 1048576K
}
Event: 2.673 GC heap after
{Heap after GC invocations=4 (full 0):
 garbage-first heap   total 251904K, used 8155K [0x000000070a000000, 0x0000000800000000)
  region size 1024K, 4 young (4096K), 4 survivors (4096K)
 Metaspace       used 26210K, capacity 26843K, committed 26928K, reserved 1073152K
  class space    used 2891K, capacity 3124K, committed 3200K, reserved 1048576K
}
Event: 3.925 GC heap before
{Heap before GC invocations=4 (full 0):
 garbage-first heap   total 251904K, used 60379K [0x000000070a000000, 0x0000000800000000)
  region size 1024K, 56 young (57344K), 4 survivors (4096K)
 Metaspace       used 34890K, capacity 35826K, committed 35888K, reserved 1081344K
  class space    used 4127K, capacity 4456K, committed 4480K, reserved 1048576K
}
Event: 3.932 GC heap after
{Heap after GC invocations=5 (full 0):
 garbage-first heap   total 251904K, used 10973K [0x000000070a000000, 0x0000000800000000)
  region size 1024K, 7 young (7168K), 7 survivors (7168K)
 Metaspace       used 34890K, capacity 35826K, committed 35888K, reserved 1081344K
  class space    used 4127K, capacity 4456K, committed 4480K, reserved 1048576K
}

Deoptimization events (20 events):
Event: 6.617 Thread 0x0000023f8c4a7800 Uncommon trap: trap_request=0xffffffde fr.pc=0x0000023ff3b21cb0 relative=0x0000000000000270
Event: 6.617 Thread 0x0000023f8c4a7800 Uncommon trap: reason=class_check action=maybe_recompile pc=0x0000023ff3b21cb0 method=java.nio.DirectByteBuffer.<init>(Lsun/nio/ch/DirectBuffer;IIIII)V @ 12 c2
Event: 6.617 Thread 0x0000023f8c4a7800 DEOPT PACKING pc=0x0000023ff3b21cb0 sp=0x000000e1642fe770
Event: 6.617 Thread 0x0000023f8c4a7800 DEOPT UNPACKING pc=0x0000023febfaa1af sp=0x000000e1642fe768 mode 2
Event: 6.618 Thread 0x0000023f8c4a7800 Uncommon trap: trap_request=0xffffff4d fr.pc=0x0000023ff3a9a7a0 relative=0x0000000000000080
Event: 6.618 Thread 0x0000023f8c4a7800 Uncommon trap: reason=unstable_if action=reinterpret pc=0x0000023ff3a9a7a0 method=java.lang.CharacterDataLatin1.isWhitespace(I)Z @ 14 c2
Event: 6.618 Thread 0x0000023f8c4a7800 DEOPT PACKING pc=0x0000023ff3a9a7a0 sp=0x000000e1642fe3d0
Event: 6.618 Thread 0x0000023f8c4a7800 DEOPT UNPACKING pc=0x0000023febfaa1af sp=0x000000e1642fe340 mode 2
Event: 6.656 Thread 0x0000023f88d6a000 Uncommon trap: trap_request=0xffffffc6 fr.pc=0x0000023ff3b7dbac relative=0x00000000000004ac
Event: 6.656 Thread 0x0000023f88d6a000 Uncommon trap: reason=bimorphic_or_optimized_type_check action=maybe_recompile pc=0x0000023ff3b7dbac method=java.util.HashMap.putVal(ILjava/lang/Object;Ljava/lang/Object;ZZ)Ljava/lang/Object; @ 253 c2
Event: 6.656 Thread 0x0000023f88d6a000 DEOPT PACKING pc=0x0000023ff3b7dbac sp=0x000000e1623fae20
Event: 6.656 Thread 0x0000023f88d6a000 DEOPT UNPACKING pc=0x0000023febfaa1af sp=0x000000e1623fadb0 mode 2
Event: 6.678 Thread 0x0000023f8c4a7800 Uncommon trap: trap_request=0xffffffde fr.pc=0x0000023ff3b21cb0 relative=0x0000000000000270
Event: 6.678 Thread 0x0000023f8c4a7800 Uncommon trap: reason=class_check action=maybe_recompile pc=0x0000023ff3b21cb0 method=java.nio.DirectByteBuffer.<init>(Lsun/nio/ch/DirectBuffer;IIIII)V @ 12 c2
Event: 6.678 Thread 0x0000023f8c4a7800 DEOPT PACKING pc=0x0000023ff3b21cb0 sp=0x000000e1642fc850
Event: 6.678 Thread 0x0000023f8c4a7800 DEOPT UNPACKING pc=0x0000023febfaa1af sp=0x000000e1642fc848 mode 2
Event: 6.678 Thread 0x0000023f8c4ac800 Uncommon trap: trap_request=0xffffffde fr.pc=0x0000023ff3b21cb0 relative=0x0000000000000270
Event: 6.678 Thread 0x0000023f8c4ac800 Uncommon trap: reason=class_check action=maybe_recompile pc=0x0000023ff3b21cb0 method=java.nio.DirectByteBuffer.<init>(Lsun/nio/ch/DirectBuffer;IIIII)V @ 12 c2
Event: 6.678 Thread 0x0000023f8c4ac800 DEOPT PACKING pc=0x0000023ff3b21cb0 sp=0x000000e1641fe9b0
Event: 6.678 Thread 0x0000023f8c4ac800 DEOPT UNPACKING pc=0x0000023febfaa1af sp=0x000000e1641fe9a8 mode 2

Classes redefined (0 events):
No events

Internal exceptions (20 events):
Event: 6.398 Thread 0x0000023f88d6a000 Exception <a 'java/lang/NoSuchMethodError'{0x0000000713ab6c28}: 'java.lang.Object java.lang.invoke.DirectMethodHandle$Holder.invokeSpecial(java.lang.Object, java.lang.Object, int, int, java.lang.Object, java.lang.Object, java.lang.Object, java.lang.Object)'> (0x0000000713ab6c28) thrown at [./src/hotspot/share/interpreter/linkResolver.cpp, line 773]
Event: 6.399 Thread 0x0000023f88d6a000 Exception <a 'java/lang/NoSuchMethodError'{0x0000000713aba608}: 'java.lang.Object java.lang.invoke.DelegatingMethodHandle$Holder.reinvoke_L(java.lang.Object, int, int, java.lang.Object, java.lang.Object, java.lang.Object, java.lang.Object)'> (0x0000000713aba608) thrown at [./src/hotspot/share/interpreter/linkResolver.cpp, line 773]
Event: 6.407 Thread 0x0000023f88d6a000 Exception <a 'java/io/FileNotFoundException'{0x0000000713950300}> (0x0000000713950300) thrown at [./src/hotspot/share/prims/jni.cpp, line 617]
Event: 6.417 Thread 0x0000023f88d6a000 Exception <a 'java/lang/NoSuchMethodError'{0x00000007139a4aa8}: 'java.lang.Object java.lang.invoke.DirectMethodHandle$Holder.invokeStatic(java.lang.Object, java.lang.Object, java.lang.Object, java.lang.Object, java.lang.Object, java.lang.Object, java.lang.Object, java.lang.Object, java.lang.Object, java.lang.Object, java.lang.Object, int)'> (0x00000007139a4aa8) thrown at [./src/hotspot/share/interpreter/linkResolver.cpp, line 773]
Event: 6.418 Thread 0x0000023f88d6a000 Exception <a 'java/lang/NoSuchMethodError'{0x00000007139c2c50}: 'java.lang.Object java.lang.invoke.DirectMethodHandle$Holder.invokeStatic(java.lang.Object, java.lang.Object, java.lang.Object, java.lang.Object, java.lang.Object, java.lang.Object, java.lang.Object, java.lang.Object, java.lang.Object, java.lang.Object, java.lang.Object, int, int)'> (0x00000007139c2c50) thrown at [./src/hotspot/share/interpreter/linkResolver.cpp, line 773]
Event: 6.421 Thread 0x0000023f88d6a000 Exception <a 'java/lang/NoSuchMethodError'{0x00000007139e1c88}: 'java.lang.Object java.lang.invoke.DirectMethodHandle$Holder.invokeStatic(java.lang.Object, java.lang.Object, java.lang.Object, java.lang.Object, java.lang.Object, java.lang.Object, java.lang.Object, java.lang.Object, java.lang.Object, java.lang.Object, java.lang.Object, int, int, java.lang.Object)'> (0x00000007139e1c88) thrown at [./src/hotspot/share/interpreter/linkResolver.cpp, line 773]
Event: 6.423 Thread 0x0000023f88d6a000 Exception <a 'java/lang/NoSuchMethodError'{0x0000000713802878}: 'java.lang.Object java.lang.invoke.DirectMethodHandle$Holder.invokeStatic(java.lang.Object, java.lang.Object, java.lang.Object, java.lang.Object, java.lang.Object, java.lang.Object, java.lang.Object, java.lang.Object, java.lang.Object, java.lang.Object, java.lang.Object, int, int, java.lang.Object, java.lang.Object)'> (0x0000000713802878) thrown at [./src/hotspot/share/interpreter/linkResolver.cpp, line 773]
Event: 6.472 Thread 0x0000023f88d6a000 Exception <a 'java/lang/NoSuchMethodError'{0x0000000713643540}: 'java.lang.Object java.lang.invoke.DirectMethodHandle$Holder.invokeStatic(java.lang.Object, java.lang.Object, java.lang.Object, java.lang.Object, java.lang.Object, int, java.lang.Object)'> (0x0000000713643540) thrown at [./src/hotspot/share/interpreter/linkResolver.cpp, line 773]
Event: 6.476 Thread 0x0000023f8c4ac800 Exception <a 'java/lang/NoSuchMethodError'{0x0000000713f18080}: 'java.lang.Object java.lang.invoke.DirectMethodHandle$Holder.invokeStaticInit(java.lang.Object, java.lang.Object, java.lang.Object, java.lang.Object)'> (0x0000000713f18080) thrown at [./src/hotspot/share/interpreter/linkResolver.cpp, line 773]
Event: 6.496 Thread 0x0000023f88d6a000 Exception <a 'java/lang/IncompatibleClassChangeError'{0x00000007136d3510}: Found class java.lang.Object, but interface was expected> (0x00000007136d3510) thrown at [./src/hotspot/share/interpreter/linkResolver.cpp, line 839]
Event: 6.530 Thread 0x0000023f88d6a000 Exception <a 'java/lang/IncompatibleClassChangeError'{0x000000071337ca30}: Found class java.lang.Object, but interface was expected> (0x000000071337ca30) thrown at [./src/hotspot/share/interpreter/linkResolver.cpp, line 839]
Event: 6.535 Thread 0x0000023f88d6a000 Exception <a 'java/lang/NoSuchMethodError'{0x00000007132a6080}: 'void java.lang.invoke.DirectMethodHandle$Holder.invokeSpecial(java.lang.Object, java.lang.Object, java.lang.Object, java.lang.Object, java.lang.Object, java.lang.Object, java.lang.Object, java.lang.Object)'> (0x00000007132a6080) thrown at [./src/hotspot/share/interpreter/linkResolver.cpp, line 773]
Event: 6.548 Thread 0x0000023f88d6a000 Exception <a 'java/lang/NoSuchMethodError'{0x000000071304ae38}: 'java.lang.Object java.lang.invoke.DirectMethodHandle$Holder.invokeSpecialIFC(java.lang.Object, java.lang.Object, java.lang.Object, java.lang.Object, java.lang.Object)'> (0x000000071304ae38) thrown at [./src/hotspot/share/interpreter/linkResolver.cpp, line 773]
Event: 6.558 Thread 0x0000023f8c4ac800 Exception <a 'java/lang/NoSuchMethodError'{0x0000000712f3bf10}: 'java.lang.Object java.lang.invoke.DirectMethodHandle$Holder.invokeStatic(java.lang.Object, java.lang.Object, java.lang.Object, int, java.lang.Object, java.lang.Object)'> (0x0000000712f3bf10) thrown at [./src/hotspot/share/interpreter/linkResolver.cpp, line 773]
Event: 6.559 Thread 0x0000023f8c4ac000 Exception <a 'java/lang/NoSuchMethodError'{0x000000071319e3b8}: 'java.lang.Object java.lang.invoke.Invokers$Holder.linkToTargetMethod(java.lang.Object, int, java.lang.Object, java.lang.Object, java.lang.Object, java.lang.Object)'> (0x000000071319e3b8) thrown at [./src/hotspot/share/interpreter/linkResolver.cpp, line 773]
Event: 6.562 Thread 0x0000023f8c4ac800 Exception <a 'java/lang/NoSuchMethodError'{0x0000000712f696e8}: 'java.lang.Object java.lang.invoke.DirectMethodHandle$Holder.invokeStatic(java.lang.Object, java.lang.Object, java.lang.Object, java.lang.Object, int, java.lang.Object)'> (0x0000000712f696e8) thrown at [./src/hotspot/share/interpreter/linkResolver.cpp, line 773]
Event: 6.562 Thread 0x0000023f8c4ac800 Exception <a 'java/lang/NoSuchMethodError'{0x0000000712f6cca8}: 'java.lang.Object java.lang.invoke.DirectMethodHandle$Holder.invokeSpecial(java.lang.Object, java.lang.Object, java.lang.Object, java.lang.Object, java.lang.Object, int, java.lang.Object)'> (0x0000000712f6cca8) thrown at [./src/hotspot/share/interpreter/linkResolver.cpp, line 773]
Event: 6.563 Thread 0x0000023f8c4ac800 Exception <a 'java/lang/NoSuchMethodError'{0x0000000712f6fd70}: 'java.lang.Object java.lang.invoke.Invokers$Holder.linkToTargetMethod(java.lang.Object, java.lang.Object, java.lang.Object, int, java.lang.Object, java.lang.Object)'> (0x0000000712f6fd70) thrown at [./src/hotspot/share/interpreter/linkResolver.cpp, line 773]
Event: 6.572 Thread 0x0000023f8c4ac800 Exception <a 'java/lang/NoSuchMethodError'{0x0000000712eaa8e0}: 'void java.lang.invoke.DirectMethodHandle$Holder.invokeStaticInit(java.lang.Object)'> (0x0000000712eaa8e0) thrown at [./src/hotspot/share/interpreter/linkResolver.cpp, line 773]
Event: 6.590 Thread 0x0000023f8c4ac800 Exception <a 'java/lang/IncompatibleClassChangeError'{0x0000000712cb8e80}: Found class java.lang.Object, but interface was expected> (0x0000000712cb8e80) thrown at [./src/hotspot/share/interpreter/linkResolver.cpp, line 839]

Events (20 events):
Event: 6.685 loading class org/locationtech/jts/geom/Geometry
Event: 6.685 loading class org/locationtech/jts/geom/Geometry done
Event: 6.685 loading class org/springframework/web/reactive/function/client/WebClientResponseException
Event: 6.685 loading class org/springframework/web/reactive/function/client/WebClientResponseException done
Event: 6.686 loading class org/springframework/web/reactive/function/client/UnknownHttpStatusCodeException
Event: 6.686 loading class org/springframework/web/reactive/function/client/UnknownHttpStatusCodeException done
Event: 6.686 loading class org/springframework/web/reactive/function/client/ClientResponse$Headers
Event: 6.686 loading class org/springframework/web/reactive/function/client/ClientResponse$Headers done
Event: 6.686 loading class org/locationtech/jts/geom/Geometry
Event: 6.686 loading class org/locationtech/jts/geom/Geometry done
Event: 6.687 loading class org/springframework/web/reactive/function/client/ClientRequest
Event: 6.687 loading class org/springframework/web/reactive/function/client/ClientRequest done
Event: 6.687 loading class org/springframework/http/HttpRequest
Event: 6.687 loading class org/springframework/http/HttpRequest done
Event: 6.687 loading class org/springframework/web/reactive/function/client/ExchangeFunctions$DefaultExchangeFunction
Event: 6.687 loading class org/springframework/web/reactive/function/client/ExchangeFunctions$DefaultExchangeFunction done
Event: 6.687 loading class org/locationtech/jts/geom/Geometry
Event: 6.687 loading class org/locationtech/jts/geom/Geometry done
Event: 6.687 loading class org/springframework/web/reactive/function/client/DefaultClientResponse$DefaultHeaders
Event: 6.687 loading class org/springframework/web/reactive/function/client/DefaultClientResponse$DefaultHeaders done


Dynamic libraries:
0x00007ff6469f0000 - 0x00007ff6469fd000 	C:\Program Files\BellSoft\LibericaJDK-11\bin\java.exe
0x00007ff8013f0000 - 0x00007ff8015e8000 	C:\WINDOWS\SYSTEM32\ntdll.dll
0x00007ff800010000 - 0x00007ff8000cd000 	C:\WINDOWS\System32\KERNEL32.DLL
0x00007fffff170000 - 0x00007fffff43e000 	C:\WINDOWS\System32\KERNELBASE.dll
0x00007ffffefd0000 - 0x00007fffff0d0000 	C:\WINDOWS\System32\ucrtbase.dll
0x00007fffef860000 - 0x00007fffef875000 	C:\Program Files\BellSoft\LibericaJDK-11\bin\VCRUNTIME140.dll
0x00007fffee310000 - 0x00007fffee327000 	C:\Program Files\BellSoft\LibericaJDK-11\bin\jli.dll
0x00007fffffbf0000 - 0x00007fffffd90000 	C:\WINDOWS\System32\USER32.dll
0x00007ffffec60000 - 0x00007ffffec82000 	C:\WINDOWS\System32\win32u.dll
0x00007ff801120000 - 0x00007ff80114a000 	C:\WINDOWS\System32\GDI32.dll
0x00007fffee420000 - 0x00007fffee6ba000 	C:\WINDOWS\WinSxS\amd64_microsoft.windows.common-controls_6595b64144ccf1df_6.0.19041.1110_none_60b5254171f9507e\COMCTL32.dll
0x00007ffffed80000 - 0x00007ffffee8b000 	C:\WINDOWS\System32\gdi32full.dll
0x00007fffffb50000 - 0x00007fffffbee000 	C:\WINDOWS\System32\msvcrt.dll
0x00007fffff0d0000 - 0x00007fffff16d000 	C:\WINDOWS\System32\msvcp_win.dll
0x00007fffff850000 - 0x00007fffff880000 	C:\WINDOWS\System32\IMM32.DLL
0x00007fffda310000 - 0x00007fffda3ab000 	C:\Program Files\BellSoft\LibericaJDK-11\bin\msvcp140.dll
0x00007fffbd310000 - 0x00007fffbde8b000 	C:\Program Files\BellSoft\LibericaJDK-11\bin\server\jvm.dll
0x00007fffff440000 - 0x00007fffff4ee000 	C:\WINDOWS\System32\ADVAPI32.dll
0x00007fffffe20000 - 0x00007fffffebc000 	C:\WINDOWS\System32\sechost.dll
0x00007fffffec0000 - 0x00007ffffffe5000 	C:\WINDOWS\System32\RPCRT4.dll
0x00007ff800000000 - 0x00007ff800008000 	C:\WINDOWS\System32\PSAPI.DLL
0x00007fffd5550000 - 0x00007fffd5559000 	C:\WINDOWS\SYSTEM32\WSOCK32.dll
0x00007ffff4360000 - 0x00007ffff436a000 	C:\WINDOWS\SYSTEM32\VERSION.dll
0x00007ffffba30000 - 0x00007ffffba57000 	C:\WINDOWS\SYSTEM32\WINMM.dll
0x00007ff801340000 - 0x00007ff8013ab000 	C:\WINDOWS\System32\WS2_32.dll
0x00007ffffd3a0000 - 0x00007ffffd3b2000 	C:\WINDOWS\SYSTEM32\kernel.appcore.dll
0x00007ffff8620000 - 0x00007ffff8630000 	C:\Program Files\BellSoft\LibericaJDK-11\bin\verify.dll
0x00007ffffc410000 - 0x00007ffffc5f4000 	C:\WINDOWS\SYSTEM32\DBGHELP.DLL
0x00007fffe7690000 - 0x00007fffe76bc000 	C:\WINDOWS\SYSTEM32\dbgcore.DLL
0x00007ffffee90000 - 0x00007ffffef12000 	C:\WINDOWS\System32\bcryptPrimitives.dll
0x00007fffee2d0000 - 0x00007fffee2f8000 	C:\Program Files\BellSoft\LibericaJDK-11\bin\java.dll
0x00007ffff8600000 - 0x00007ffff860a000 	C:\Program Files\BellSoft\LibericaJDK-11\bin\jimage.dll
0x00007fffed780000 - 0x00007fffed798000 	C:\Program Files\BellSoft\LibericaJDK-11\bin\zip.dll
0x00007ff800880000 - 0x00007ff800fc4000 	C:\WINDOWS\System32\SHELL32.dll
0x00007ffffc600000 - 0x00007ffffcd94000 	C:\WINDOWS\SYSTEM32\windows.storage.dll
0x00007fffff4f0000 - 0x00007fffff844000 	C:\WINDOWS\System32\combase.dll
0x00007ffffe560000 - 0x00007ffffe590000 	C:\WINDOWS\SYSTEM32\Wldp.dll
0x00007ff801070000 - 0x00007ff80111d000 	C:\WINDOWS\System32\SHCORE.dll
0x00007ff8001e0000 - 0x00007ff800235000 	C:\WINDOWS\System32\shlwapi.dll
0x00007ffffea40000 - 0x00007ffffea5f000 	C:\WINDOWS\SYSTEM32\profapi.dll
0x00007fffed300000 - 0x00007fffed319000 	C:\Program Files\BellSoft\LibericaJDK-11\bin\net.dll
0x00007ffff5670000 - 0x00007ffff577a000 	C:\WINDOWS\SYSTEM32\WINHTTP.dll
0x00007ffffe250000 - 0x00007ffffe2ba000 	C:\WINDOWS\system32\mswsock.dll
0x00007fffed2e0000 - 0x00007fffed2f3000 	C:\Program Files\BellSoft\LibericaJDK-11\bin\nio.dll
0x00007ffff7370000 - 0x00007ffff7379000 	C:\Program Files\BellSoft\LibericaJDK-11\bin\management.dll
0x00007ffff3570000 - 0x00007ffff357b000 	C:\Program Files\BellSoft\LibericaJDK-11\bin\management_ext.dll
0x00007fffd92f0000 - 0x00007fffd9307000 	C:\WINDOWS\system32\napinsp.dll
0x00007fffd92d0000 - 0x00007fffd92eb000 	C:\WINDOWS\system32\pnrpnsp.dll
0x00007ffff8f80000 - 0x00007ffff8f95000 	C:\WINDOWS\system32\wshbth.dll
0x00007ffff9910000 - 0x00007ffff992d000 	C:\WINDOWS\system32\NLAapi.dll
0x00007ffffdf40000 - 0x00007ffffdf7b000 	C:\WINDOWS\SYSTEM32\IPHLPAPI.DLL
0x00007ffffdf80000 - 0x00007ffffe04b000 	C:\WINDOWS\SYSTEM32\DNSAPI.dll
0x00007ff800fe0000 - 0x00007ff800fe8000 	C:\WINDOWS\System32\NSI.dll
0x00007fffd92b0000 - 0x00007fffd92c2000 	C:\WINDOWS\System32\winrnr.dll
0x00007ffff5ec0000 - 0x00007ffff5eca000 	C:\Windows\System32\rasadhlp.dll
0x00007ffff5190000 - 0x00007ffff5210000 	C:\WINDOWS\System32\fwpuclnt.dll
0x00007ffffec90000 - 0x00007ffffecb7000 	C:\WINDOWS\System32\bcrypt.dll
0x00007ffffe440000 - 0x00007ffffe458000 	C:\WINDOWS\SYSTEM32\CRYPTSP.dll
0x00007ffffdb40000 - 0x00007ffffdb74000 	C:\WINDOWS\system32\rsaenh.dll
0x00007ffffe9c0000 - 0x00007ffffe9ee000 	C:\WINDOWS\SYSTEM32\USERENV.dll
0x00007ffffe460000 - 0x00007ffffe46c000 	C:\WINDOWS\SYSTEM32\CRYPTBASE.dll
0x00007ffff66b0000 - 0x00007ffff66c7000 	C:\WINDOWS\SYSTEM32\dhcpcsvc6.DLL
0x00007ffff65a0000 - 0x00007ffff65bd000 	C:\WINDOWS\SYSTEM32\dhcpcsvc.DLL

dbghelp: loaded successfully - version: 4.0.5 - missing functions: none
symbol engine: initialized successfully - sym options: 0x614 - pdb path: .;C:\Program Files\BellSoft\LibericaJDK-11\bin;C:\WINDOWS\SYSTEM32;C:\WINDOWS\WinSxS\amd64_microsoft.windows.common-controls_6595b64144ccf1df_6.0.19041.1110_none_60b5254171f9507e;C:\Program Files\BellSoft\LibericaJDK-11\bin\server

VM Arguments:
jvm_args: -Dfile.encoding=windows-1251 -Duser.country=RU -Duser.language=ru -Duser.variant 
java_command: com.example.demo.ReactiveSpringApplication -Dspring.local.active=test
java_class_path (initial): C:\Users\V\IdeaProjects\spingexamples\reactive-spring\build\classes\java\main;C:\Users\V\IdeaProjects\spingexamples\reactive-spring\build\resources\main;C:\Users\V\.gradle\caches\modules-2\files-2.1\org.springframework.boot\spring-boot-devtools\2.7.2\a59185396e6654c3fe0181bb4d4a083754c6214d\spring-boot-devtools-2.7.2.jar;C:\Users\V\.gradle\caches\modules-2\files-2.1\org.springframework.boot\spring-boot-starter-webflux\2.7.2\ad37b43554148d6b41dbab1a69a0bbf189b6b513\spring-boot-starter-webflux-2.7.2.jar;C:\Users\V\.gradle\caches\modules-2\files-2.1\io.r2dbc\r2dbc-h2\0.9.1.RELEASE\a83908d6b41a50265c077c39e834fe4993a4b546\r2dbc-h2-0.9.1.RELEASE.jar;C:\Users\V\.gradle\caches\modules-2\files-2.1\com.h2database\h2\2.1.214\d5c2005c9e3279201e12d4776c948578b16bf8b2\h2-2.1.214.jar;C:\Users\V\.gradle\caches\modules-2\files-2.1\org.springframework.boot\spring-boot-starter-data-r2dbc\2.7.2\a96721bdc4665dfae738eaeb8c78e3cdf760d41b\spring-boot-starter-data-r2dbc-2.7.2.jar;C:\Users\V\.gradle\caches\modules-2\files-2.1\org.springframework.data\spring-data-r2dbc\1.5.2\ee5f0beda65025322e0612ed382d080f6d8ec0e7\spring-data-r2dbc-1.5.2.jar;C:\Users\V\.gradle\caches\modules-2\files-2.1\io.r2dbc\r2dbc-pool\0.9.0.RELEASE\7ac02c5c02ec3f05ef9e72d66fc75e9efae614f\r2dbc-pool-0.9.0.RELEASE.jar;C:\Users\V\.gradle\caches\modules-2\files-2.1\org.springframework\spring-r2dbc\5.3.22\e4691cafe86e22039f0b8ac6adab107b6e942dbc\spring-r2dbc-5.3.22.jar;C:\Users\V\.gradle\caches\modules-2\files-2.1\io.r2dbc\r2dbc-spi\1.0.0.RELEASE\e3d15b2d27fdb8fdb76a181b21d5c752adf1d165\r2dbc-spi-1.0.0.RELEASE.jar;C:\Users\V\.gradle\caches\modules-2\files-2.1\org.springframework.data\spring-data-relational\2.4.2\9b4069eecee943d12f1c23cfd23a861b8e1f5cb6\spring-data-relational-2.4.2.jar;C:\Users\V\.gradle\caches\modules-2\files-2.1\org.springframework.data\spring-data-commons\2.7.2\9547d1234cb380234066aef60129bb2ddfdc6347\spring-data-commons-2.7.2.jar;C:\Users\V\.gradle\caches\modules-2\files-2.1\
Launcher Type: SUN_STANDARD

[Global flags]
     intx CICompilerCount                          = 4                                         {product} {ergonomic}
     uint ConcGCThreads                            = 3                                         {product} {ergonomic}
     uint G1ConcRefinementThreads                  = 10                                        {product} {ergonomic}
   size_t G1HeapRegionSize                         = 1048576                                   {product} {ergonomic}
    uintx GCDrainStackTargetSize                   = 64                                        {product} {ergonomic}
   size_t InitialHeapSize                          = 257949696                                 {product} {ergonomic}
   size_t MarkStackSize                            = 4194304                                   {product} {ergonomic}
   size_t MaxHeapSize                              = 4127195136                                {product} {ergonomic}
   size_t MaxNewSize                               = 2475687936                                {product} {ergonomic}
   size_t MinHeapDeltaBytes                        = 1048576                                   {product} {ergonomic}
    uintx NonNMethodCodeHeapSize                   = 5836300                                {pd product} {ergonomic}
    uintx NonProfiledCodeHeapSize                  = 122910970                              {pd product} {ergonomic}
    uintx ProfiledCodeHeapSize                     = 122910970                              {pd product} {ergonomic}
    uintx ReservedCodeCacheSize                    = 251658240                              {pd product} {ergonomic}
     bool SegmentedCodeCache                       = true                                      {product} {ergonomic}
     bool UseCompressedClassPointers               = true                                 {lp64_product} {ergonomic}
     bool UseCompressedOops                        = true                                 {lp64_product} {ergonomic}
     bool UseG1GC                                  = true                                      {product} {ergonomic}
     bool UseLargePagesIndividualAllocation        = false                                  {pd product} {ergonomic}

Logging:
Log output configuration:
 #0: stdout all=warning uptime,level,tags
 #1: stderr all=off uptime,level,tags

Environment Variables:
JAVA_HOME=C:\Program Files\BellSoft\LibericaJDK-11\
PATH=C:\Python310\Scripts\;C:\Python310\;C:\Program Files\BellSoft\LibericaJDK-11\bin\;C:\WINDOWS\system32;C:\WINDOWS;C:\WINDOWS\System32\Wbem;C:\WINDOWS\System32\WindowsPowerShell\v1.0\;C:\WINDOWS\System32\OpenSSH\;C:\Program Files\Git\cmd;C:\ProgramData\chocolatey\bin;;C:\Program Files\Docker\Docker\resources\bin;C:\ProgramData\DockerDesktop\version-bin;C:\Users\V\AppData\Local\Microsoft\WindowsApps;
USERNAME=V
OS=Windows_NT
PROCESSOR_IDENTIFIER=AMD64 Family 23 Model 96 Stepping 1, AuthenticAMD



---------------  S Y S T E M  ---------------

OS: Windows 10 , 64 bit Build 19041 (10.0.19041.1806)
OS uptime: 10 days 22:20 hours
Hyper-V role detected

CPU:total 12 (initial active 12) (12 cores per cpu, 2 threads per core) family 23 model 96 stepping 1 microcode 0x0, cmov, cx8, fxsr, mmx, sse, sse2, sse3, ssse3, sse4.1, sse4.2, popcnt, avx, avx2, aes, clmul, mmxext, 3dnowpref, lzcnt, sse4a, ht, tsc, tscinvbit, tscinv, bmi1, bmi2, adx, sha, fma

Memory: 4k page, system-wide physical 15741M (536M free)
TotalPageFile size 30741M (AvailPageFile size 3M)
current process WorkingSet (physical memory assigned to process): 281M, peak: 281M
current process commit charge ("private bytes"): 463M, peak: 463M

vm_info: OpenJDK 64-Bit Server VM (11.0.15.1+2-LTS) for windows-amd64 JRE (11.0.15.1+2-LTS), built on May 26 2022 19:26:10 by "" with unknown MS VC++:1916

END.
