#
# There is insufficient memory for the Java Runtime Environment to continue.
# Native memory allocation (mmap) failed to map 257949696 bytes for Failed to commit area from 0x000000070a000000 to 0x0000000719600000 of length 257949696.
# Possible reasons:
#   The system is out of physical RAM or swap space
#   The process is running with CompressedOops enabled, and the Java Heap may be blocking the growth of the native heap
# Possible solutions:
#   Reduce memory load on the system
#   Increase physical memory or swap space
#   Check if swap backing store is full
#   Decrease Java heap size (-Xmx/-Xms)
#   Decrease number of Java threads
#   Decrease Java thread stack sizes (-Xss)
#   Set larger code cache with -XX:ReservedCodeCacheSize=
# This output file may be truncated or incomplete.
#
#  Out of Memory Error (./src/hotspot/os/windows/os_windows.cpp:3390), pid=347368, tid=337816
#
# JRE version:  (11.0.15.1+2) (build )
# Java VM: OpenJDK 64-Bit Server VM (11.0.15.1+2-LTS, mixed mode, sharing, tiered, compressed oops, g1 gc, windows-amd64)
# No core dump will be written. Minidumps are not enabled by default on client versions of Windows
#

---------------  S U M M A R Y ------------

Command Line: -javaagent:C:\Program Files\JetBrains\IntelliJ IDEA Community Edition 2022.1.3\lib\idea_rt.jar=63691:C:\Program Files\JetBrains\IntelliJ IDEA Community Edition 2022.1.3\bin -Dfile.encoding=UTF-8 com.example.demo.ReactiveSpringApplication -Dspring.local.active=test

Host: AMD Ryzen 5 4600H with Radeon Graphics         , 12 cores, 15G,  Windows 10 , 64 bit Build 19041 (10.0.19041.1806)
Time: Thu Aug 11 20:22:27 2022 RTZ 2 (s 10 , 64 bit Build 19041 (10.0.19041.1806) elapsed time: 0.014360 seconds (0d 0h 0m 0s)

---------------  T H R E A D  ---------------

Current thread (0x000001bb13ab9000):  JavaThread "Unknown thread" [_thread_in_vm, id=337816, stack(0x00000016c7200000,0x00000016c7300000)]

Stack: [0x00000016c7200000,0x00000016c7300000]
Native frames: (J=compiled Java code, j=interpreted, Vv=VM code, C=native code)
V  [jvm.dll+0x61a02a]
V  [jvm.dll+0x7a4a49]
V  [jvm.dll+0x7a6229]
V  [jvm.dll+0x7a6913]
V  [jvm.dll+0x24dfe8]
V  [jvm.dll+0x6172ca]
V  [jvm.dll+0x60bb25]
V  [jvm.dll+0x30537c]
V  [jvm.dll+0x305202]
V  [jvm.dll+0x309f16]
V  [jvm.dll+0x35044f]
V  [jvm.dll+0x34fe80]
V  [jvm.dll+0x2e2688]
V  [jvm.dll+0x2e37e6]
V  [jvm.dll+0x77ed07]
V  [jvm.dll+0x78048f]
V  [jvm.dll+0x35cfc9]
V  [jvm.dll+0x761a60]
V  [jvm.dll+0x3c912f]
V  [jvm.dll+0x3cb4b1]
C  [jli.dll+0x5207]
C  [ucrtbase.dll+0x21bb2]
C  [KERNEL32.DLL+0x17034]
C  [ntdll.dll+0x52651]


---------------  P R O C E S S  ---------------

Threads class SMR info:
_java_thread_list=0x000001bb138dc120, length=0, elements={
}

Java Threads: ( => current thread )

Other Threads:
  0x000001bb13ad1000 GCTaskThread "GC Thread#0" [stack: 0x00000016c7300000,0x00000016c7400000] [id=339848]
  0x000001bb13b2d000 ConcurrentGCThread "G1 Main Marker" [stack: 0x00000016c7400000,0x00000016c7500000] [id=320196]
  0x000001bb13b2f800 ConcurrentGCThread "G1 Conc#0" [stack: 0x00000016c7500000,0x00000016c7600000] [id=347380]

[error occurred during error reporting (printing all threads), id 0xc0000005, EXCEPTION_ACCESS_VIOLATION (0xc0000005) at pc=0x00007fffbd601de7]

VM state:not at safepoint (not fully initialized)

VM Mutex/Monitor currently owned by a thread:  ([mutex/lock_event])
[0x000001bb13ab5e50] Heap_lock - owner thread: 0x000001bb13ab9000

Heap address: 0x000000070a000000, size: 3936 MB, Compressed Oops mode: Non-zero based: 0x000000070a000000
Narrow klass base: 0x0000000000000000, Narrow klass shift: 0

GC Heap History (0 events):
No events

Deoptimization events (0 events):
No events

Classes redefined (0 events):
No events

Internal exceptions (0 events):
No events

Events (1 events):
Event: 0.010 Loaded shared library C:\Program Files\BellSoft\LibericaJDK-11\bin\zip.dll


Dynamic libraries:
0x00007ff6469f0000 - 0x00007ff6469fd000 	C:\Program Files\BellSoft\LibericaJDK-11\bin\java.exe
0x00007ff8013f0000 - 0x00007ff8015e8000 	C:\WINDOWS\SYSTEM32\ntdll.dll
0x00007ff800010000 - 0x00007ff8000cd000 	C:\WINDOWS\System32\KERNEL32.DLL
0x00007fffff170000 - 0x00007fffff43e000 	C:\WINDOWS\System32\KERNELBASE.dll
0x00007ffffefd0000 - 0x00007fffff0d0000 	C:\WINDOWS\System32\ucrtbase.dll
0x00007fffef860000 - 0x00007fffef875000 	C:\Program Files\BellSoft\LibericaJDK-11\bin\VCRUNTIME140.dll
0x00007fffee310000 - 0x00007fffee327000 	C:\Program Files\BellSoft\LibericaJDK-11\bin\jli.dll
0x00007fffffbf0000 - 0x00007fffffd90000 	C:\WINDOWS\System32\USER32.dll
0x00007ffffec60000 - 0x00007ffffec82000 	C:\WINDOWS\System32\win32u.dll
0x00007fffee420000 - 0x00007fffee6ba000 	C:\WINDOWS\WinSxS\amd64_microsoft.windows.common-controls_6595b64144ccf1df_6.0.19041.1110_none_60b5254171f9507e\COMCTL32.dll
0x00007ff801120000 - 0x00007ff80114a000 	C:\WINDOWS\System32\GDI32.dll
0x00007fffffb50000 - 0x00007fffffbee000 	C:\WINDOWS\System32\msvcrt.dll
0x00007ffffed80000 - 0x00007ffffee8b000 	C:\WINDOWS\System32\gdi32full.dll
0x00007fffff0d0000 - 0x00007fffff16d000 	C:\WINDOWS\System32\msvcp_win.dll
0x00007fffff850000 - 0x00007fffff880000 	C:\WINDOWS\System32\IMM32.DLL
0x00007fffda310000 - 0x00007fffda3ab000 	C:\Program Files\BellSoft\LibericaJDK-11\bin\msvcp140.dll
0x00007fffbd310000 - 0x00007fffbde8b000 	C:\Program Files\BellSoft\LibericaJDK-11\bin\server\jvm.dll
0x00007fffff440000 - 0x00007fffff4ee000 	C:\WINDOWS\System32\ADVAPI32.dll
0x00007fffffe20000 - 0x00007fffffebc000 	C:\WINDOWS\System32\sechost.dll
0x00007fffffec0000 - 0x00007ffffffe5000 	C:\WINDOWS\System32\RPCRT4.dll
0x00007ff800000000 - 0x00007ff800008000 	C:\WINDOWS\System32\PSAPI.DLL
0x00007ffffba30000 - 0x00007ffffba57000 	C:\WINDOWS\SYSTEM32\WINMM.dll
0x00007fffd5550000 - 0x00007fffd5559000 	C:\WINDOWS\SYSTEM32\WSOCK32.dll
0x00007ffff4360000 - 0x00007ffff436a000 	C:\WINDOWS\SYSTEM32\VERSION.dll
0x00007ff801340000 - 0x00007ff8013ab000 	C:\WINDOWS\System32\WS2_32.dll
0x00007ffffd3a0000 - 0x00007ffffd3b2000 	C:\WINDOWS\SYSTEM32\kernel.appcore.dll
0x00007ffff8620000 - 0x00007ffff8630000 	C:\Program Files\BellSoft\LibericaJDK-11\bin\verify.dll
0x00007ffffc410000 - 0x00007ffffc5f4000 	C:\WINDOWS\SYSTEM32\DBGHELP.DLL
0x00007fffe7690000 - 0x00007fffe76bc000 	C:\WINDOWS\SYSTEM32\dbgcore.DLL
0x00007ffffee90000 - 0x00007ffffef12000 	C:\WINDOWS\System32\bcryptPrimitives.dll
0x00007fffee2d0000 - 0x00007fffee2f8000 	C:\Program Files\BellSoft\LibericaJDK-11\bin\java.dll
0x00007ffff8600000 - 0x00007ffff860a000 	C:\Program Files\BellSoft\LibericaJDK-11\bin\jimage.dll
0x00007ffff73b0000 - 0x00007ffff73be000 	C:\Program Files\BellSoft\LibericaJDK-11\bin\instrument.dll
0x00007fffed780000 - 0x00007fffed798000 	C:\Program Files\BellSoft\LibericaJDK-11\bin\zip.dll

dbghelp: loaded successfully - version: 4.0.5 - missing functions: none
symbol engine: initialized successfully - sym options: 0x614 - pdb path: .;C:\Program Files\BellSoft\LibericaJDK-11\bin;C:\WINDOWS\SYSTEM32;C:\WINDOWS\WinSxS\amd64_microsoft.windows.common-controls_6595b64144ccf1df_6.0.19041.1110_none_60b5254171f9507e;C:\Program Files\BellSoft\LibericaJDK-11\bin\server

VM Arguments:
jvm_args: -javaagent:C:\Program Files\JetBrains\IntelliJ IDEA Community Edition 2022.1.3\lib\idea_rt.jar=63691:C:\Program Files\JetBrains\IntelliJ IDEA Community Edition 2022.1.3\bin -Dfile.encoding=UTF-8 
java_command: com.example.demo.ReactiveSpringApplication -Dspring.local.active=test
java_class_path (initial): C:\Users\V\IdeaProjects\spingexamples\reactive-spring\build\classes\java\main;C:\Users\V\IdeaProjects\spingexamples\reactive-spring\build\resources\main;C:\Users\V\.gradle\caches\modules-2\files-2.1\org.springframework.boot\spring-boot-starter-webflux\2.7.2\ad37b43554148d6b41dbab1a69a0bbf189b6b513\spring-boot-starter-webflux-2.7.2.jar;C:\Users\V\.gradle\caches\modules-2\files-2.1\io.r2dbc\r2dbc-h2\0.9.1.RELEASE\a83908d6b41a50265c077c39e834fe4993a4b546\r2dbc-h2-0.9.1.RELEASE.jar;C:\Users\V\.gradle\caches\modules-2\files-2.1\com.h2database\h2\2.1.214\d5c2005c9e3279201e12d4776c948578b16bf8b2\h2-2.1.214.jar;C:\Users\V\.gradle\caches\modules-2\files-2.1\org.springframework.boot\spring-boot-starter-data-r2dbc\2.7.2\a96721bdc4665dfae738eaeb8c78e3cdf760d41b\spring-boot-starter-data-r2dbc-2.7.2.jar;C:\Users\V\.gradle\caches\modules-2\files-2.1\io.r2dbc\r2dbc-spi\1.0.0.RELEASE\e3d15b2d27fdb8fdb76a181b21d5c752adf1d165\r2dbc-spi-1.0.0.RELEASE.jar;C:\Users\V\.gradle\caches\modules-2\files-2.1\org.springframework.data\spring-data-commons\2.7.2\9547d1234cb380234066aef60129bb2ddfdc6347\spring-data-commons-2.7.2.jar;C:\Users\V\.gradle\caches\modules-2\files-2.1\org.springframework.boot\spring-boot-starter-json\2.7.2\d51c90fa1f01e7d411d15cb1c2c3eda2f92306c1\spring-boot-starter-json-2.7.2.jar;C:\Users\V\.gradle\caches\modules-2\files-2.1\org.springframework.boot\spring-boot-starter\2.7.2\12f0da08b8120adcd137073ad08767f2d60e6cc3\spring-boot-starter-2.7.2.jar;C:\Users\V\.gradle\caches\modules-2\files-2.1\org.springframework.boot\spring-boot-starter-reactor-netty\2.7.2\ad2ed4b1c0d472c283cff6a74be8774400583787\spring-boot-starter-reactor-netty-2.7.2.jar;C:\Users\V\.gradle\caches\modules-2\files-2.1\org.springframework\spring-webflux\5.3.22\9bb4c40b9f93293d068ffe3ae8eee12f17868fb8\spring-webflux-5.3.22.jar;C:\Users\V\.gradle\caches\modules-2\files-2.1\org.springframework\spring-web\5.3.22\fdab9b8d8df2e6a8fb90f2481c361bcf2c129567\spring-web-5.3.22.jar;C:\Users\V
Launcher Type: SUN_STANDARD

[Global flags]
     intx CICompilerCount                          = 4                                         {product} {ergonomic}
     uint ConcGCThreads                            = 3                                         {product} {ergonomic}
     uint G1ConcRefinementThreads                  = 10                                        {product} {ergonomic}
   size_t G1HeapRegionSize                         = 1048576                                   {product} {ergonomic}
    uintx GCDrainStackTargetSize                   = 64                                        {product} {ergonomic}
   size_t InitialHeapSize                          = 257949696                                 {product} {ergonomic}
   size_t MarkStackSize                            = 4194304                                   {product} {ergonomic}
   size_t MaxHeapSize                              = 4127195136                                {product} {ergonomic}
   size_t MinHeapDeltaBytes                        = 1048576                                   {product} {ergonomic}
    uintx NonNMethodCodeHeapSize                   = 5836300                                {pd product} {ergonomic}
    uintx NonProfiledCodeHeapSize                  = 122910970                              {pd product} {ergonomic}
    uintx ProfiledCodeHeapSize                     = 122910970                              {pd product} {ergonomic}
    uintx ReservedCodeCacheSize                    = 251658240                              {pd product} {ergonomic}
     bool SegmentedCodeCache                       = true                                      {product} {ergonomic}
     bool UseCompressedClassPointers               = true                                 {lp64_product} {ergonomic}
     bool UseCompressedOops                        = true                                 {lp64_product} {ergonomic}
     bool UseG1GC                                  = true                                      {product} {ergonomic}
     bool UseLargePagesIndividualAllocation        = false                                  {pd product} {ergonomic}

Logging:
Log output configuration:
 #0: stdout all=warning uptime,level,tags
 #1: stderr all=off uptime,level,tags

Environment Variables:
JAVA_HOME=C:\Program Files\BellSoft\LibericaJDK-11\
PATH=C:\Python310\Scripts\;C:\Python310\;C:\Program Files\BellSoft\LibericaJDK-11\bin\;C:\WINDOWS\system32;C:\WINDOWS;C:\WINDOWS\System32\Wbem;C:\WINDOWS\System32\WindowsPowerShell\v1.0\;C:\WINDOWS\System32\OpenSSH\;C:\Program Files\Git\cmd;C:\ProgramData\chocolatey\bin;;C:\Program Files\Docker\Docker\resources\bin;C:\ProgramData\DockerDesktop\version-bin;C:\Users\V\AppData\Local\Microsoft\WindowsApps;
USERNAME=V
OS=Windows_NT
PROCESSOR_IDENTIFIER=AMD64 Family 23 Model 96 Stepping 1, AuthenticAMD



---------------  S Y S T E M  ---------------

OS: Windows 10 , 64 bit Build 19041 (10.0.19041.1806)
OS uptime: 11 days 2:36 hours
Hyper-V role detected

CPU:total 12 (initial active 12) (12 cores per cpu, 2 threads per core) family 23 model 96 stepping 1 microcode 0x0, cmov, cx8, fxsr, mmx, sse, sse2, sse3, ssse3, sse4.1, sse4.2, popcnt, avx, avx2, aes, clmul, mmxext, 3dnowpref, lzcnt, sse4a, ht, tsc, tscinvbit, tscinv, bmi1, bmi2, adx, sha, fma

Memory: 4k page, system-wide physical 15741M (446M free)
TotalPageFile size 30741M (AvailPageFile size 23M)
current process WorkingSet (physical memory assigned to process): 10M, peak: 10M
current process commit charge ("private bytes"): 64M, peak: 310M

vm_info: OpenJDK 64-Bit Server VM (11.0.15.1+2-LTS) for windows-amd64 JRE (11.0.15.1+2-LTS), built on May 26 2022 19:26:10 by "" with unknown MS VC++:1916

END.
