#
# There is insufficient memory for the Java Runtime Environment to continue.
# Native memory allocation (mmap) failed to map 70254592 bytes for Failed to commit area from 0x0000000719600000 to 0x000000071d900000 of length 70254592.
# Possible reasons:
#   The system is out of physical RAM or swap space
#   The process is running with CompressedOops enabled, and the Java Heap may be blocking the growth of the native heap
# Possible solutions:
#   Reduce memory load on the system
#   Increase physical memory or swap space
#   Check if swap backing store is full
#   Decrease Java heap size (-Xmx/-Xms)
#   Decrease number of Java threads
#   Decrease Java thread stack sizes (-Xss)
#   Set larger code cache with -XX:ReservedCodeCacheSize=
#   JVM is running with Zero Based Compressed Oops mode in which the Java heap is
#     placed in the first 32GB address space. The Java Heap base address is the
#     maximum limit for the native heap growth. Please use -XX:HeapBaseMinAddress
#     to set the Java Heap base and to place the Java Heap above 32GB virtual address.
# This output file may be truncated or incomplete.
#
#  Out of Memory Error (./src/hotspot/os/windows/os_windows.cpp:3390), pid=333600, tid=342972
#
# JRE version: OpenJDK Runtime Environment (11.0.15.1+2) (build 11.0.15.1+2-LTS)
# Java VM: OpenJDK 64-Bit Server VM (11.0.15.1+2-LTS, mixed mode, tiered, compressed oops, g1 gc, windows-amd64)
# No core dump will be written. Minidumps are not enabled by default on client versions of Windows
#

---------------  S U M M A R Y ------------

Command Line: -Dfile.encoding=windows-1251 -Duser.country=RU -Duser.language=ru -Duser.variant com.example.demo.ReactiveSpringApplication -Dspring.local.active=test

Host: AMD Ryzen 5 4600H with Radeon Graphics         , 12 cores, 15G,  Windows 10 , 64 bit Build 19041 (10.0.19041.1806)
Time: Thu Aug 11 20:27:52 2022 RTZ 2 (s 10 , 64 bit Build 19041 (10.0.19041.1806) elapsed time: 12.150305 seconds (0d 0h 0m 12s)

---------------  T H R E A D  ---------------

Current thread (0x00000213fe2df800):  VMThread "VM Thread" [stack: 0x000000cd42300000,0x000000cd42400000] [id=342972]

Stack: [0x000000cd42300000,0x000000cd42400000]
[error occurred during error reporting (printing stack bounds), id 0xc0000005, EXCEPTION_ACCESS_VIOLATION (0xc0000005) at pc=0x00000213e26d112d]

Native frames: (J=compiled Java code, j=interpreted, Vv=VM code, C=native code)
V  [jvm.dll+0x61a02a]
V  [jvm.dll+0x7a4a49]
V  [jvm.dll+0x7a6229]
V  [jvm.dll+0x7a6875]
V  [jvm.dll+0x7a682b]
V  [jvm.dll+0x6193b7]
V  [jvm.dll+0x619ac8]
C  [ntdll.dll+0xa229f]
C  [ntdll.dll+0x51454]
C  [ntdll.dll+0xa0dce]
C  0x00000213e26d112d

VM_Operation (0x000000cd458fe310): G1CollectForAllocation, mode: safepoint, requested by thread 0x0000021380e9b800


---------------  P R O C E S S  ---------------

Threads class SMR info:
_java_thread_list=0x0000021382a23250, length=41, elements={
0x00000213fe2e2800, 0x00000213feb99800, 0x00000213febe9000, 0x00000213febea000,
0x00000213febeb000, 0x00000213febf6800, 0x00000213febfa000, 0x00000213fec0f800,
0x00000213fede9000, 0x000002138004c000, 0x0000021382534000, 0x0000021382af2800,
0x0000021382af0000, 0x0000021382af1000, 0x0000021382af3800, 0x0000021382aef000,
0x0000021382af1800, 0x0000021382af6000, 0x0000021382af4000, 0x0000021382af5000,
0x0000021380f41000, 0x0000021380f3d800, 0x0000021380f3e800, 0x0000021380f3b000,
0x0000021380f41800, 0x0000021380f3f000, 0x0000021380f40000, 0x0000021380f3c000,
0x0000021380f3d000, 0x0000021380f45000, 0x0000021380f48000, 0x0000021380f46800,
0x0000021380f47800, 0x0000021380f43800, 0x0000021380f44000, 0x0000021380f42800,
0x0000021380f49000, 0x0000021380f4a000, 0x0000021380f45800, 0x0000021380e9b800,
0x0000021380e99000
}

Java Threads: ( => current thread )
  0x00000213fe2e2800 JavaThread "Reference Handler" daemon [_thread_blocked, id=345724, stack(0x000000cd42400000,0x000000cd42500000)]
  0x00000213feb99800 JavaThread "Finalizer" daemon [_thread_blocked, id=300, stack(0x000000cd42500000,0x000000cd42600000)]
  0x00000213febe9000 JavaThread "Signal Dispatcher" daemon [_thread_blocked, id=343836, stack(0x000000cd42600000,0x000000cd42700000)]
  0x00000213febea000 JavaThread "Attach Listener" daemon [_thread_blocked, id=347332, stack(0x000000cd42700000,0x000000cd42800000)]
  0x00000213febeb000 JavaThread "Service Thread" daemon [_thread_blocked, id=145960, stack(0x000000cd42800000,0x000000cd42900000)]
  0x00000213febf6800 JavaThread "C2 CompilerThread0" daemon [_thread_blocked, id=345284, stack(0x000000cd42900000,0x000000cd42a00000)]
  0x00000213febfa000 JavaThread "C1 CompilerThread0" daemon [_thread_blocked, id=346540, stack(0x000000cd42a00000,0x000000cd42b00000)]
  0x00000213fec0f800 JavaThread "Sweeper thread" daemon [_thread_blocked, id=340516, stack(0x000000cd42b00000,0x000000cd42c00000)]
  0x00000213fede9000 JavaThread "Common-Cleaner" daemon [_thread_blocked, id=339348, stack(0x000000cd42d00000,0x000000cd42e00000)]
  0x000002138004c000 JavaThread "boundedElastic-evictor-1" daemon [_thread_blocked, id=347956, stack(0x000000cd43500000,0x000000cd43600000)]
  0x0000021382534000 JavaThread "parallel-1" daemon [_thread_blocked, id=347680, stack(0x000000cd43a00000,0x000000cd43b00000)]
  0x0000021382af2800 JavaThread "Thread-4" daemon [_thread_in_native, id=344108, stack(0x000000cd43b00000,0x000000cd43c00000)]
  0x0000021382af0000 JavaThread "Thread-5" daemon [_thread_in_native, id=345320, stack(0x000000cd43c00000,0x000000cd43d00000)]
  0x0000021382af1000 JavaThread "Thread-6" daemon [_thread_in_native, id=346604, stack(0x000000cd43d00000,0x000000cd43e00000)]
  0x0000021382af3800 JavaThread "Thread-7" daemon [_thread_in_native, id=341432, stack(0x000000cd43e00000,0x000000cd43f00000)]
  0x0000021382aef000 JavaThread "Thread-8" daemon [_thread_in_native, id=345824, stack(0x000000cd43f00000,0x000000cd44000000)]
  0x0000021382af1800 JavaThread "Thread-9" daemon [_thread_in_native, id=345712, stack(0x000000cd44000000,0x000000cd44100000)]
  0x0000021382af6000 JavaThread "Thread-10" daemon [_thread_in_native, id=339724, stack(0x000000cd44100000,0x000000cd44200000)]
  0x0000021382af4000 JavaThread "Thread-11" daemon [_thread_in_native, id=347828, stack(0x000000cd44200000,0x000000cd44300000)]
  0x0000021382af5000 JavaThread "Thread-12" daemon [_thread_in_native, id=343724, stack(0x000000cd44300000,0x000000cd44400000)]
  0x0000021380f41000 JavaThread "Thread-13" daemon [_thread_in_native, id=345680, stack(0x000000cd44400000,0x000000cd44500000)]
  0x0000021380f3d800 JavaThread "Thread-14" daemon [_thread_in_native, id=343780, stack(0x000000cd44500000,0x000000cd44600000)]
  0x0000021380f3e800 JavaThread "Thread-15" daemon [_thread_in_native, id=348084, stack(0x000000cd44600000,0x000000cd44700000)]
  0x0000021380f3b000 JavaThread "Thread-16" daemon [_thread_in_native, id=339152, stack(0x000000cd44700000,0x000000cd44800000)]
  0x0000021380f41800 JavaThread "File Watcher" daemon [_thread_blocked, id=338132, stack(0x000000cd44800000,0x000000cd44900000)]
  0x0000021380f3f000 JavaThread "reactor-http-nio-1" daemon [_thread_in_native, id=96480, stack(0x000000cd44900000,0x000000cd44a00000)]
  0x0000021380f40000 JavaThread "server" [_thread_blocked, id=348032, stack(0x000000cd44a00000,0x000000cd44b00000)]
  0x0000021380f3c000 JavaThread "reactor-http-nio-2" daemon [_thread_in_native, id=345328, stack(0x000000cd44b00000,0x000000cd44c00000)]
  0x0000021380f3d000 JavaThread "reactor-http-nio-3" daemon [_thread_in_native, id=10164, stack(0x000000cd44c00000,0x000000cd44d00000)]
  0x0000021380f45000 JavaThread "reactor-http-nio-4" daemon [_thread_in_native, id=17312, stack(0x000000cd44d00000,0x000000cd44e00000)]
  0x0000021380f48000 JavaThread "reactor-http-nio-5" daemon [_thread_in_native, id=7204, stack(0x000000cd44e00000,0x000000cd44f00000)]
  0x0000021380f46800 JavaThread "reactor-http-nio-6" daemon [_thread_in_native, id=95948, stack(0x000000cd44f00000,0x000000cd45000000)]
  0x0000021380f47800 JavaThread "reactor-http-nio-7" daemon [_thread_in_native, id=167156, stack(0x000000cd45000000,0x000000cd45100000)]
  0x0000021380f43800 JavaThread "reactor-http-nio-8" daemon [_thread_in_native, id=170384, stack(0x000000cd45100000,0x000000cd45200000)]
  0x0000021380f44000 JavaThread "reactor-http-nio-9" daemon [_thread_in_native, id=176120, stack(0x000000cd45200000,0x000000cd45300000)]
  0x0000021380f42800 JavaThread "reactor-http-nio-10" daemon [_thread_in_native, id=175668, stack(0x000000cd45300000,0x000000cd45400000)]
  0x0000021380f49000 JavaThread "reactor-http-nio-11" daemon [_thread_in_native, id=173280, stack(0x000000cd45400000,0x000000cd45500000)]
  0x0000021380f4a000 JavaThread "reactor-http-nio-12" daemon [_thread_in_native, id=140024, stack(0x000000cd45500000,0x000000cd45600000)]
  0x0000021380f45800 JavaThread "Thread-30" daemon [_thread_in_native, id=179560, stack(0x000000cd45600000,0x000000cd45700000)]
  0x0000021380e9b800 JavaThread "parallel-2" daemon [_thread_blocked, id=12208, stack(0x000000cd45800000,0x000000cd45900000)]
  0x0000021380e99000 JavaThread "DestroyJavaVM" [_thread_blocked, id=345736, stack(0x000000cd41d00000,0x000000cd41e00000)]

Other Threads:
=>0x00000213fe2df800 VMThread "VM Thread" [stack: 0x000000cd42300000,0x000000cd42400000] [id=342972]
  0x00000213fede4800 WatcherThread [stack: 0x000000cd42c00000,0x000000cd42d00000] [id=346220]
  0x00000213d879f000 GCTaskThread "GC Thread#0" [stack: 0x000000cd41e00000,0x000000cd41f00000] [id=347496]
  0x00000213800df800 GCTaskThread "GC Thread#1" [stack: 0x000000cd43000000,0x000000cd43100000] [id=337136]
  0x00000213800e0800 GCTaskThread "GC Thread#2" [stack: 0x000000cd43100000,0x000000cd43200000] [id=323240]
  0x00000213800e1000 GCTaskThread "GC Thread#3" [stack: 0x000000cd43200000,0x000000cd43300000] [id=97780]
  0x00000213800f2800 GCTaskThread "GC Thread#4" [stack: 0x000000cd43300000,0x000000cd43400000] [id=342948]
  0x00000213800f3800 GCTaskThread "GC Thread#5" [stack: 0x000000cd43400000,0x000000cd43500000] [id=214744]
  0x0000021380a6e000 GCTaskThread "GC Thread#6" [stack: 0x000000cd43600000,0x000000cd43700000] [id=345896]
  0x0000021380363000 GCTaskThread "GC Thread#7" [stack: 0x000000cd43700000,0x000000cd43800000] [id=347228]
  0x00000213d87fa000 ConcurrentGCThread "G1 Main Marker" [stack: 0x000000cd41f00000,0x000000cd42000000] [id=347880]
  0x00000213d87fd000 ConcurrentGCThread "G1 Conc#0" [stack: 0x000000cd42000000,0x000000cd42100000] [id=339788]
  0x0000021380297800 ConcurrentGCThread "G1 Conc#1" [stack: 0x000000cd43800000,0x000000cd43900000] [id=344720]
  0x00000213801b0800 ConcurrentGCThread "G1 Conc#2" [stack: 0x000000cd43900000,0x000000cd43a00000] [id=332832]
  0x00000213fe1c5000 ConcurrentGCThread "G1 Refine#0" [stack: 0x000000cd42100000,0x000000cd42200000] [id=347808]
  0x0000021381e3e000 ConcurrentGCThread "G1 Refine#1" [stack: 0x000000cd45900000,0x000000cd45a00000] [id=11100]
  0x0000021381e3c800 ConcurrentGCThread "G1 Refine#2" [stack: 0x000000cd45a00000,0x000000cd45b00000] [id=8152]
  0x0000021381e3b000 ConcurrentGCThread "G1 Refine#3" [stack: 0x000000cd45b00000,0x000000cd45c00000] [id=173260]
  0x0000021381e3a800 ConcurrentGCThread "G1 Refine#4" [stack: 0x000000cd45c00000,0x000000cd45d00000] [id=7576]
  0x0000021381e39000 ConcurrentGCThread "G1 Refine#5" [stack: 0x000000cd45d00000,0x000000cd45e00000] [id=8148]
  0x00000213fe1c7000 ConcurrentGCThread "G1 Young RemSet Sampling" [stack: 0x000000cd42200000,0x000000cd42300000] [id=283548]

Threads with active compile tasks:

VM state:at safepoint (normal execution)

VM Mutex/Monitor currently owned by a thread:  ([mutex/lock_event])
[0x00000213d8789790] Threads_lock - owner thread: 0x00000213fe2df800
[0x00000213d87898b0] Heap_lock - owner thread: 0x0000021380e9b800

Heap address: 0x000000070a000000, size: 3936 MB, Compressed Oops mode: Zero based, Oop shift amount: 3
Narrow klass base: 0x0000000800000000, Narrow klass shift: 0
Compressed class space size: 1073741824 Address: 0x0000000800000000

Heap:
 garbage-first heap   total 320512K, used 109167K [0x000000070a000000, 0x0000000800000000)
  region size 1024K, 2 young (2048K), 2 survivors (2048K)
 Metaspace       used 55122K, capacity 57148K, committed 57392K, reserved 1099776K
  class space    used 6849K, capacity 7692K, committed 7808K, reserved 1048576K
Heap Regions: E=young(eden), S=young(survivor), O=old, HS=humongous(starts), HC=humongous(continues), CS=collection set, F=free, A=archive, TAMS=top-at-mark-start (previous, next)
|   0|0x000000070a000000, 0x000000070a100000, 0x000000070a100000|100%| O|  |TAMS 0x000000070a100000, 0x000000070a100000| Untracked 
|   1|0x000000070a100000, 0x000000070a200000, 0x000000070a200000|100%| O|  |TAMS 0x000000070a200000, 0x000000070a200000| Untracked 
|   2|0x000000070a200000, 0x000000070a300000, 0x000000070a300000|100%| O|  |TAMS 0x000000070a300000, 0x000000070a300000| Untracked 
|   3|0x000000070a300000, 0x000000070a400000, 0x000000070a400000|100%| O|  |TAMS 0x000000070a400000, 0x000000070a400000| Untracked 
|   4|0x000000070a400000, 0x000000070a500000, 0x000000070a500000|100%| O|  |TAMS 0x000000070a500000, 0x000000070a500000| Untracked 
|   5|0x000000070a500000, 0x000000070a600000, 0x000000070a600000|100%| O|  |TAMS 0x000000070a600000, 0x000000070a600000| Untracked 
|   6|0x000000070a600000, 0x000000070a700000, 0x000000070a700000|100%| O|  |TAMS 0x000000070a700000, 0x000000070a700000| Untracked 
|   7|0x000000070a700000, 0x000000070a800000, 0x000000070a800000|100%| O|  |TAMS 0x000000070a800000, 0x000000070a800000| Untracked 
|   8|0x000000070a800000, 0x000000070a900000, 0x000000070a900000|100%| O|  |TAMS 0x000000070a900000, 0x000000070a900000| Untracked 
|   9|0x000000070a900000, 0x000000070aa00000, 0x000000070aa00000|100%| O|  |TAMS 0x000000070aa00000, 0x000000070aa00000| Untracked 
|  10|0x000000070aa00000, 0x000000070ab00000, 0x000000070ab00000|100%| O|  |TAMS 0x000000070ab00000, 0x000000070ab00000| Untracked 
|  11|0x000000070ab00000, 0x000000070ac00000, 0x000000070ac00000|100%| O|  |TAMS 0x000000070ac00000, 0x000000070ac00000| Untracked 
|  12|0x000000070ac00000, 0x000000070ad00000, 0x000000070ad00000|100%| O|  |TAMS 0x000000070ad00000, 0x000000070ad00000| Untracked 
|  13|0x000000070ad00000, 0x000000070ad18e00, 0x000000070ae00000|  9%| O|  |TAMS 0x000000070ad18e00, 0x000000070ad18e00| Untracked 
|  14|0x000000070ae00000, 0x000000070ae00000, 0x000000070af00000|  0%| F|  |TAMS 0x000000070ae00000, 0x000000070ae00000| Untracked 
|  15|0x000000070af00000, 0x000000070af00000, 0x000000070b000000|  0%| F|  |TAMS 0x000000070af00000, 0x000000070af00000| Untracked 
|  16|0x000000070b000000, 0x000000070b000000, 0x000000070b100000|  0%| F|  |TAMS 0x000000070b000000, 0x000000070b000000| Untracked 
|  17|0x000000070b100000, 0x000000070b100000, 0x000000070b200000|  0%| F|  |TAMS 0x000000070b100000, 0x000000070b100000| Untracked 
|  18|0x000000070b200000, 0x000000070b200000, 0x000000070b300000|  0%| F|  |TAMS 0x000000070b200000, 0x000000070b200000| Untracked 
|  19|0x000000070b300000, 0x000000070b300000, 0x000000070b400000|  0%| F|  |TAMS 0x000000070b300000, 0x000000070b300000| Untracked 
|  20|0x000000070b400000, 0x000000070b400000, 0x000000070b500000|  0%| F|  |TAMS 0x000000070b400000, 0x000000070b400000| Untracked 
|  21|0x000000070b500000, 0x000000070b500000, 0x000000070b600000|  0%| F|  |TAMS 0x000000070b500000, 0x000000070b500000| Untracked 
|  22|0x000000070b600000, 0x000000070b600000, 0x000000070b700000|  0%| F|  |TAMS 0x000000070b600000, 0x000000070b600000| Untracked 
|  23|0x000000070b700000, 0x000000070b700000, 0x000000070b800000|  0%| F|  |TAMS 0x000000070b700000, 0x000000070b700000| Untracked 
|  24|0x000000070b800000, 0x000000070b800000, 0x000000070b900000|  0%| F|  |TAMS 0x000000070b800000, 0x000000070b800000| Untracked 
|  25|0x000000070b900000, 0x000000070b900000, 0x000000070ba00000|  0%| F|  |TAMS 0x000000070b900000, 0x000000070b900000| Untracked 
|  26|0x000000070ba00000, 0x000000070ba00000, 0x000000070bb00000|  0%| F|  |TAMS 0x000000070ba00000, 0x000000070ba00000| Untracked 
|  27|0x000000070bb00000, 0x000000070bb00000, 0x000000070bc00000|  0%| F|  |TAMS 0x000000070bb00000, 0x000000070bb00000| Untracked 
|  28|0x000000070bc00000, 0x000000070bc00000, 0x000000070bd00000|  0%| F|  |TAMS 0x000000070bc00000, 0x000000070bc00000| Untracked 
|  29|0x000000070bd00000, 0x000000070bd00000, 0x000000070be00000|  0%| F|  |TAMS 0x000000070bd00000, 0x000000070bd00000| Untracked 
|  30|0x000000070be00000, 0x000000070be00000, 0x000000070bf00000|  0%| F|  |TAMS 0x000000070be00000, 0x000000070be00000| Untracked 
|  31|0x000000070bf00000, 0x000000070bf00000, 0x000000070c000000|  0%| F|  |TAMS 0x000000070bf00000, 0x000000070bf00000| Untracked 
|  32|0x000000070c000000, 0x000000070c000000, 0x000000070c100000|  0%| F|  |TAMS 0x000000070c000000, 0x000000070c000000| Untracked 
|  33|0x000000070c100000, 0x000000070c100000, 0x000000070c200000|  0%| F|  |TAMS 0x000000070c100000, 0x000000070c100000| Untracked 
|  34|0x000000070c200000, 0x000000070c200000, 0x000000070c300000|  0%| F|  |TAMS 0x000000070c200000, 0x000000070c200000| Untracked 
|  35|0x000000070c300000, 0x000000070c300000, 0x000000070c400000|  0%| F|  |TAMS 0x000000070c300000, 0x000000070c300000| Untracked 
|  36|0x000000070c400000, 0x000000070c400000, 0x000000070c500000|  0%| F|  |TAMS 0x000000070c400000, 0x000000070c400000| Untracked 
|  37|0x000000070c500000, 0x000000070c500000, 0x000000070c600000|  0%| F|  |TAMS 0x000000070c500000, 0x000000070c500000| Untracked 
|  38|0x000000070c600000, 0x000000070c600000, 0x000000070c700000|  0%| F|  |TAMS 0x000000070c600000, 0x000000070c600000| Untracked 
|  39|0x000000070c700000, 0x000000070c700000, 0x000000070c800000|  0%| F|  |TAMS 0x000000070c700000, 0x000000070c700000| Untracked 
|  40|0x000000070c800000, 0x000000070c800000, 0x000000070c900000|  0%| F|  |TAMS 0x000000070c800000, 0x000000070c800000| Untracked 
|  41|0x000000070c900000, 0x000000070c900000, 0x000000070ca00000|  0%| F|  |TAMS 0x000000070c900000, 0x000000070c900000| Untracked 
|  42|0x000000070ca00000, 0x000000070ca00000, 0x000000070cb00000|  0%| F|  |TAMS 0x000000070ca00000, 0x000000070ca00000| Untracked 
|  43|0x000000070cb00000, 0x000000070cb00000, 0x000000070cc00000|  0%| F|  |TAMS 0x000000070cb00000, 0x000000070cb00000| Untracked 
|  44|0x000000070cc00000, 0x000000070cc00000, 0x000000070cd00000|  0%| F|  |TAMS 0x000000070cc00000, 0x000000070cc00000| Untracked 
|  45|0x000000070cd00000, 0x000000070cd00000, 0x000000070ce00000|  0%| F|  |TAMS 0x000000070cd00000, 0x000000070cd00000| Untracked 
|  46|0x000000070ce00000, 0x000000070ce00000, 0x000000070cf00000|  0%| F|  |TAMS 0x000000070ce00000, 0x000000070ce00000| Untracked 
|  47|0x000000070cf00000, 0x000000070cf00000, 0x000000070d000000|  0%| F|  |TAMS 0x000000070cf00000, 0x000000070cf00000| Untracked 
|  48|0x000000070d000000, 0x000000070d000000, 0x000000070d100000|  0%| F|  |TAMS 0x000000070d000000, 0x000000070d000000| Untracked 
|  49|0x000000070d100000, 0x000000070d100000, 0x000000070d200000|  0%| F|  |TAMS 0x000000070d100000, 0x000000070d100000| Untracked 
|  50|0x000000070d200000, 0x000000070d200000, 0x000000070d300000|  0%| F|  |TAMS 0x000000070d200000, 0x000000070d200000| Untracked 
|  51|0x000000070d300000, 0x000000070d300000, 0x000000070d400000|  0%| F|  |TAMS 0x000000070d300000, 0x000000070d300000| Untracked 
|  52|0x000000070d400000, 0x000000070d400000, 0x000000070d500000|  0%| F|  |TAMS 0x000000070d400000, 0x000000070d400000| Untracked 
|  53|0x000000070d500000, 0x000000070d500000, 0x000000070d600000|  0%| F|  |TAMS 0x000000070d500000, 0x000000070d500000| Untracked 
|  54|0x000000070d600000, 0x000000070d600000, 0x000000070d700000|  0%| F|  |TAMS 0x000000070d600000, 0x000000070d600000| Untracked 
|  55|0x000000070d700000, 0x000000070d700000, 0x000000070d800000|  0%| F|  |TAMS 0x000000070d700000, 0x000000070d700000| Untracked 
|  56|0x000000070d800000, 0x000000070d800000, 0x000000070d900000|  0%| F|  |TAMS 0x000000070d800000, 0x000000070d800000| Untracked 
|  57|0x000000070d900000, 0x000000070d900000, 0x000000070da00000|  0%| F|  |TAMS 0x000000070d900000, 0x000000070d900000| Untracked 
|  58|0x000000070da00000, 0x000000070da00000, 0x000000070db00000|  0%| F|  |TAMS 0x000000070da00000, 0x000000070da00000| Untracked 
|  59|0x000000070db00000, 0x000000070db00000, 0x000000070dc00000|  0%| F|  |TAMS 0x000000070db00000, 0x000000070db00000| Untracked 
|  60|0x000000070dc00000, 0x000000070dc00000, 0x000000070dd00000|  0%| F|  |TAMS 0x000000070dc00000, 0x000000070dc00000| Untracked 
|  61|0x000000070dd00000, 0x000000070dd00000, 0x000000070de00000|  0%| F|  |TAMS 0x000000070dd00000, 0x000000070dd00000| Untracked 
|  62|0x000000070de00000, 0x000000070de00000, 0x000000070df00000|  0%| F|  |TAMS 0x000000070de00000, 0x000000070de00000| Untracked 
|  63|0x000000070df00000, 0x000000070df00000, 0x000000070e000000|  0%| F|  |TAMS 0x000000070df00000, 0x000000070df00000| Untracked 
|  64|0x000000070e000000, 0x000000070e000000, 0x000000070e100000|  0%| F|  |TAMS 0x000000070e000000, 0x000000070e000000| Untracked 
|  65|0x000000070e100000, 0x000000070e100000, 0x000000070e200000|  0%| F|  |TAMS 0x000000070e100000, 0x000000070e100000| Untracked 
|  66|0x000000070e200000, 0x000000070e200000, 0x000000070e300000|  0%| F|  |TAMS 0x000000070e200000, 0x000000070e200000| Untracked 
|  67|0x000000070e300000, 0x000000070e300000, 0x000000070e400000|  0%| F|  |TAMS 0x000000070e300000, 0x000000070e300000| Untracked 
|  68|0x000000070e400000, 0x000000070e400000, 0x000000070e500000|  0%| F|  |TAMS 0x000000070e400000, 0x000000070e400000| Untracked 
|  69|0x000000070e500000, 0x000000070e500000, 0x000000070e600000|  0%| F|  |TAMS 0x000000070e500000, 0x000000070e500000| Untracked 
|  70|0x000000070e600000, 0x000000070e600000, 0x000000070e700000|  0%| F|  |TAMS 0x000000070e600000, 0x000000070e600000| Untracked 
|  71|0x000000070e700000, 0x000000070e700000, 0x000000070e800000|  0%| F|  |TAMS 0x000000070e700000, 0x000000070e700000| Untracked 
|  72|0x000000070e800000, 0x000000070e800000, 0x000000070e900000|  0%| F|  |TAMS 0x000000070e800000, 0x000000070e800000| Untracked 
|  73|0x000000070e900000, 0x000000070e900000, 0x000000070ea00000|  0%| F|  |TAMS 0x000000070e900000, 0x000000070e900000| Untracked 
|  74|0x000000070ea00000, 0x000000070ea00000, 0x000000070eb00000|  0%| F|  |TAMS 0x000000070ea00000, 0x000000070ea00000| Untracked 
|  75|0x000000070eb00000, 0x000000070eb00000, 0x000000070ec00000|  0%| F|  |TAMS 0x000000070eb00000, 0x000000070eb00000| Untracked 
|  76|0x000000070ec00000, 0x000000070ec00000, 0x000000070ed00000|  0%| F|  |TAMS 0x000000070ec00000, 0x000000070ec00000| Untracked 
|  77|0x000000070ed00000, 0x000000070ed00000, 0x000000070ee00000|  0%| F|  |TAMS 0x000000070ed00000, 0x000000070ed00000| Untracked 
|  78|0x000000070ee00000, 0x000000070ee00000, 0x000000070ef00000|  0%| F|  |TAMS 0x000000070ee00000, 0x000000070ee00000| Untracked 
|  79|0x000000070ef00000, 0x000000070f000000, 0x000000070f000000|100%| O|  |TAMS 0x000000070f000000, 0x000000070f000000| Untracked 
|  80|0x000000070f000000, 0x000000070f100000, 0x000000070f100000|100%| O|  |TAMS 0x000000070f100000, 0x000000070f100000| Untracked 
|  81|0x000000070f100000, 0x000000070f200000, 0x000000070f200000|100%| O|  |TAMS 0x000000070f200000, 0x000000070f200000| Untracked 
|  82|0x000000070f200000, 0x000000070f300000, 0x000000070f300000|100%|HS|  |TAMS 0x000000070f300000, 0x000000070f300000| Complete 
|  83|0x000000070f300000, 0x000000070f400000, 0x000000070f400000|100%|HC|  |TAMS 0x000000070f400000, 0x000000070f400000| Complete 
|  84|0x000000070f400000, 0x000000070f500000, 0x000000070f500000|100%|HC|  |TAMS 0x000000070f500000, 0x000000070f500000| Complete 
|  85|0x000000070f500000, 0x000000070f600000, 0x000000070f600000|100%|HC|  |TAMS 0x000000070f600000, 0x000000070f600000| Complete 
|  86|0x000000070f600000, 0x000000070f700000, 0x000000070f700000|100%|HC|  |TAMS 0x000000070f700000, 0x000000070f700000| Complete 
|  87|0x000000070f700000, 0x000000070f800000, 0x000000070f800000|100%|HC|  |TAMS 0x000000070f800000, 0x000000070f800000| Complete 
|  88|0x000000070f800000, 0x000000070f900000, 0x000000070f900000|100%|HC|  |TAMS 0x000000070f900000, 0x000000070f900000| Complete 
|  89|0x000000070f900000, 0x000000070fa00000, 0x000000070fa00000|100%|HC|  |TAMS 0x000000070fa00000, 0x000000070fa00000| Complete 
|  90|0x000000070fa00000, 0x000000070fb00000, 0x000000070fb00000|100%|HC|  |TAMS 0x000000070fb00000, 0x000000070fb00000| Complete 
|  91|0x000000070fb00000, 0x000000070fc00000, 0x000000070fc00000|100%|HC|  |TAMS 0x000000070fc00000, 0x000000070fc00000| Complete 
|  92|0x000000070fc00000, 0x000000070fd00000, 0x000000070fd00000|100%|HC|  |TAMS 0x000000070fd00000, 0x000000070fd00000| Complete 
|  93|0x000000070fd00000, 0x000000070fe00000, 0x000000070fe00000|100%|HC|  |TAMS 0x000000070fe00000, 0x000000070fe00000| Complete 
|  94|0x000000070fe00000, 0x000000070ff00000, 0x000000070ff00000|100%|HC|  |TAMS 0x000000070ff00000, 0x000000070ff00000| Complete 
|  95|0x000000070ff00000, 0x0000000710000000, 0x0000000710000000|100%|HC|  |TAMS 0x0000000710000000, 0x0000000710000000| Complete 
|  96|0x0000000710000000, 0x0000000710100000, 0x0000000710100000|100%|HC|  |TAMS 0x0000000710100000, 0x0000000710100000| Complete 
|  97|0x0000000710100000, 0x0000000710200000, 0x0000000710200000|100%|HC|  |TAMS 0x0000000710200000, 0x0000000710200000| Complete 
|  98|0x0000000710200000, 0x0000000710300000, 0x0000000710300000|100%|HC|  |TAMS 0x0000000710300000, 0x0000000710300000| Complete 
|  99|0x0000000710300000, 0x0000000710400000, 0x0000000710400000|100%|HC|  |TAMS 0x0000000710400000, 0x0000000710400000| Complete 
| 100|0x0000000710400000, 0x0000000710500000, 0x0000000710500000|100%|HC|  |TAMS 0x0000000710500000, 0x0000000710500000| Complete 
| 101|0x0000000710500000, 0x0000000710600000, 0x0000000710600000|100%|HC|  |TAMS 0x0000000710600000, 0x0000000710600000| Complete 
| 102|0x0000000710600000, 0x0000000710700000, 0x0000000710700000|100%|HC|  |TAMS 0x0000000710700000, 0x0000000710700000| Complete 
| 103|0x0000000710700000, 0x0000000710800000, 0x0000000710800000|100%|HC|  |TAMS 0x0000000710800000, 0x0000000710800000| Complete 
| 104|0x0000000710800000, 0x0000000710900000, 0x0000000710900000|100%|HC|  |TAMS 0x0000000710900000, 0x0000000710900000| Complete 
| 105|0x0000000710900000, 0x0000000710a00000, 0x0000000710a00000|100%|HC|  |TAMS 0x0000000710a00000, 0x0000000710a00000| Complete 
| 106|0x0000000710a00000, 0x0000000710b00000, 0x0000000710b00000|100%|HC|  |TAMS 0x0000000710b00000, 0x0000000710b00000| Complete 
| 107|0x0000000710b00000, 0x0000000710c00000, 0x0000000710c00000|100%|HC|  |TAMS 0x0000000710c00000, 0x0000000710c00000| Complete 
| 108|0x0000000710c00000, 0x0000000710d00000, 0x0000000710d00000|100%|HC|  |TAMS 0x0000000710d00000, 0x0000000710d00000| Complete 
| 109|0x0000000710d00000, 0x0000000710e00000, 0x0000000710e00000|100%|HC|  |TAMS 0x0000000710e00000, 0x0000000710e00000| Complete 
| 110|0x0000000710e00000, 0x0000000710f00000, 0x0000000710f00000|100%|HC|  |TAMS 0x0000000710f00000, 0x0000000710f00000| Complete 
| 111|0x0000000710f00000, 0x0000000711000000, 0x0000000711000000|100%|HC|  |TAMS 0x0000000711000000, 0x0000000711000000| Complete 
| 112|0x0000000711000000, 0x0000000711100000, 0x0000000711100000|100%|HC|  |TAMS 0x0000000711100000, 0x0000000711100000| Complete 
| 113|0x0000000711100000, 0x0000000711200000, 0x0000000711200000|100%|HC|  |TAMS 0x0000000711200000, 0x0000000711200000| Complete 
| 114|0x0000000711200000, 0x0000000711300000, 0x0000000711300000|100%|HC|  |TAMS 0x0000000711300000, 0x0000000711300000| Complete 
| 115|0x0000000711300000, 0x0000000711400000, 0x0000000711400000|100%|HC|  |TAMS 0x0000000711400000, 0x0000000711400000| Complete 
| 116|0x0000000711400000, 0x0000000711500000, 0x0000000711500000|100%|HC|  |TAMS 0x0000000711500000, 0x0000000711500000| Complete 
| 117|0x0000000711500000, 0x0000000711600000, 0x0000000711600000|100%|HC|  |TAMS 0x0000000711600000, 0x0000000711600000| Complete 
| 118|0x0000000711600000, 0x0000000711700000, 0x0000000711700000|100%|HS|  |TAMS 0x0000000711600000, 0x0000000711700000| Complete 
| 119|0x0000000711700000, 0x0000000711800000, 0x0000000711800000|100%|HC|  |TAMS 0x0000000711700000, 0x0000000711800000| Complete 
| 120|0x0000000711800000, 0x0000000711900000, 0x0000000711900000|100%|HC|  |TAMS 0x0000000711800000, 0x0000000711900000| Complete 
| 121|0x0000000711900000, 0x0000000711a00000, 0x0000000711a00000|100%|HC|  |TAMS 0x0000000711900000, 0x0000000711a00000| Complete 
| 122|0x0000000711a00000, 0x0000000711b00000, 0x0000000711b00000|100%|HC|  |TAMS 0x0000000711a00000, 0x0000000711b00000| Complete 
| 123|0x0000000711b00000, 0x0000000711c00000, 0x0000000711c00000|100%|HC|  |TAMS 0x0000000711b00000, 0x0000000711c00000| Complete 
| 124|0x0000000711c00000, 0x0000000711d00000, 0x0000000711d00000|100%|HC|  |TAMS 0x0000000711c00000, 0x0000000711d00000| Complete 
| 125|0x0000000711d00000, 0x0000000711e00000, 0x0000000711e00000|100%|HC|  |TAMS 0x0000000711d00000, 0x0000000711e00000| Complete 
| 126|0x0000000711e00000, 0x0000000711f00000, 0x0000000711f00000|100%|HC|  |TAMS 0x0000000711e00000, 0x0000000711f00000| Complete 
| 127|0x0000000711f00000, 0x0000000712000000, 0x0000000712000000|100%|HC|  |TAMS 0x0000000711f00000, 0x0000000712000000| Complete 
| 128|0x0000000712000000, 0x0000000712100000, 0x0000000712100000|100%|HC|  |TAMS 0x0000000712000000, 0x0000000712100000| Complete 
| 129|0x0000000712100000, 0x0000000712200000, 0x0000000712200000|100%|HC|  |TAMS 0x0000000712100000, 0x0000000712200000| Complete 
| 130|0x0000000712200000, 0x0000000712300000, 0x0000000712300000|100%|HC|  |TAMS 0x0000000712200000, 0x0000000712300000| Complete 
| 131|0x0000000712300000, 0x0000000712400000, 0x0000000712400000|100%|HC|  |TAMS 0x0000000712300000, 0x0000000712400000| Complete 
| 132|0x0000000712400000, 0x0000000712500000, 0x0000000712500000|100%|HC|  |TAMS 0x0000000712400000, 0x0000000712500000| Complete 
| 133|0x0000000712500000, 0x0000000712600000, 0x0000000712600000|100%|HC|  |TAMS 0x0000000712500000, 0x0000000712600000| Complete 
| 134|0x0000000712600000, 0x0000000712700000, 0x0000000712700000|100%|HC|  |TAMS 0x0000000712600000, 0x0000000712700000| Complete 
| 135|0x0000000712700000, 0x0000000712800000, 0x0000000712800000|100%|HC|  |TAMS 0x0000000712700000, 0x0000000712800000| Complete 
| 136|0x0000000712800000, 0x0000000712900000, 0x0000000712900000|100%|HC|  |TAMS 0x0000000712800000, 0x0000000712900000| Complete 
| 137|0x0000000712900000, 0x0000000712a00000, 0x0000000712a00000|100%|HC|  |TAMS 0x0000000712900000, 0x0000000712a00000| Complete 
| 138|0x0000000712a00000, 0x0000000712b00000, 0x0000000712b00000|100%|HC|  |TAMS 0x0000000712a00000, 0x0000000712b00000| Complete 
| 139|0x0000000712b00000, 0x0000000712c00000, 0x0000000712c00000|100%|HC|  |TAMS 0x0000000712b00000, 0x0000000712c00000| Complete 
| 140|0x0000000712c00000, 0x0000000712d00000, 0x0000000712d00000|100%|HC|  |TAMS 0x0000000712c00000, 0x0000000712d00000| Complete 
| 141|0x0000000712d00000, 0x0000000712e00000, 0x0000000712e00000|100%|HC|  |TAMS 0x0000000712d00000, 0x0000000712e00000| Complete 
| 142|0x0000000712e00000, 0x0000000712f00000, 0x0000000712f00000|100%|HC|  |TAMS 0x0000000712e00000, 0x0000000712f00000| Complete 
| 143|0x0000000712f00000, 0x0000000713000000, 0x0000000713000000|100%|HC|  |TAMS 0x0000000712f00000, 0x0000000713000000| Complete 
| 144|0x0000000713000000, 0x0000000713100000, 0x0000000713100000|100%|HC|  |TAMS 0x0000000713000000, 0x0000000713100000| Complete 
| 145|0x0000000713100000, 0x0000000713200000, 0x0000000713200000|100%|HC|  |TAMS 0x0000000713100000, 0x0000000713200000| Complete 
| 146|0x0000000713200000, 0x0000000713300000, 0x0000000713300000|100%|HC|  |TAMS 0x0000000713200000, 0x0000000713300000| Complete 
| 147|0x0000000713300000, 0x0000000713400000, 0x0000000713400000|100%|HC|  |TAMS 0x0000000713300000, 0x0000000713400000| Complete 
| 148|0x0000000713400000, 0x0000000713500000, 0x0000000713500000|100%|HC|  |TAMS 0x0000000713400000, 0x0000000713500000| Complete 
| 149|0x0000000713500000, 0x0000000713600000, 0x0000000713600000|100%|HC|  |TAMS 0x0000000713500000, 0x0000000713600000| Complete 
| 150|0x0000000713600000, 0x0000000713700000, 0x0000000713700000|100%|HC|  |TAMS 0x0000000713600000, 0x0000000713700000| Complete 
| 151|0x0000000713700000, 0x0000000713800000, 0x0000000713800000|100%|HC|  |TAMS 0x0000000713700000, 0x0000000713800000| Complete 
| 152|0x0000000713800000, 0x0000000713900000, 0x0000000713900000|100%|HC|  |TAMS 0x0000000713800000, 0x0000000713900000| Complete 
| 153|0x0000000713900000, 0x0000000713a00000, 0x0000000713a00000|100%|HC|  |TAMS 0x0000000713900000, 0x0000000713a00000| Complete 
| 154|0x0000000713a00000, 0x0000000713b00000, 0x0000000713b00000|100%|HC|  |TAMS 0x0000000713a00000, 0x0000000713b00000| Complete 
| 155|0x0000000713b00000, 0x0000000713c00000, 0x0000000713c00000|100%|HC|  |TAMS 0x0000000713b00000, 0x0000000713c00000| Complete 
| 156|0x0000000713c00000, 0x0000000713d00000, 0x0000000713d00000|100%|HC|  |TAMS 0x0000000713c00000, 0x0000000713d00000| Complete 
| 157|0x0000000713d00000, 0x0000000713e00000, 0x0000000713e00000|100%|HC|  |TAMS 0x0000000713d00000, 0x0000000713e00000| Complete 
| 158|0x0000000713e00000, 0x0000000713f00000, 0x0000000713f00000|100%|HC|  |TAMS 0x0000000713e00000, 0x0000000713f00000| Complete 
| 159|0x0000000713f00000, 0x0000000714000000, 0x0000000714000000|100%|HC|  |TAMS 0x0000000713f00000, 0x0000000714000000| Complete 
| 160|0x0000000714000000, 0x0000000714100000, 0x0000000714100000|100%|HC|  |TAMS 0x0000000714000000, 0x0000000714100000| Complete 
| 161|0x0000000714100000, 0x0000000714200000, 0x0000000714200000|100%|HC|  |TAMS 0x0000000714100000, 0x0000000714200000| Complete 
| 162|0x0000000714200000, 0x0000000714300000, 0x0000000714300000|100%|HC|  |TAMS 0x0000000714200000, 0x0000000714300000| Complete 
| 163|0x0000000714300000, 0x0000000714400000, 0x0000000714400000|100%|HC|  |TAMS 0x0000000714300000, 0x0000000714400000| Complete 
| 164|0x0000000714400000, 0x0000000714500000, 0x0000000714500000|100%|HC|  |TAMS 0x0000000714400000, 0x0000000714500000| Complete 
| 165|0x0000000714500000, 0x0000000714600000, 0x0000000714600000|100%|HC|  |TAMS 0x0000000714500000, 0x0000000714600000| Complete 
| 166|0x0000000714600000, 0x0000000714700000, 0x0000000714700000|100%|HC|  |TAMS 0x0000000714600000, 0x0000000714700000| Complete 
| 167|0x0000000714700000, 0x0000000714800000, 0x0000000714800000|100%|HC|  |TAMS 0x0000000714700000, 0x0000000714800000| Complete 
| 168|0x0000000714800000, 0x0000000714900000, 0x0000000714900000|100%|HC|  |TAMS 0x0000000714800000, 0x0000000714900000| Complete 
| 169|0x0000000714900000, 0x0000000714a00000, 0x0000000714a00000|100%|HC|  |TAMS 0x0000000714900000, 0x0000000714a00000| Complete 
| 170|0x0000000714a00000, 0x0000000714b00000, 0x0000000714b00000|100%|HC|  |TAMS 0x0000000714a00000, 0x0000000714b00000| Complete 
| 171|0x0000000714b00000, 0x0000000714b00000, 0x0000000714c00000|  0%| F|  |TAMS 0x0000000714b00000, 0x0000000714b00000| Untracked 
| 172|0x0000000714c00000, 0x0000000714c00000, 0x0000000714d00000|  0%| F|  |TAMS 0x0000000714c00000, 0x0000000714c00000| Untracked 
| 173|0x0000000714d00000, 0x0000000714d00000, 0x0000000714e00000|  0%| F|  |TAMS 0x0000000714d00000, 0x0000000714d00000| Untracked 
| 174|0x0000000714e00000, 0x0000000714e00000, 0x0000000714f00000|  0%| F|  |TAMS 0x0000000714e00000, 0x0000000714e00000| Untracked 
| 175|0x0000000714f00000, 0x0000000714f00000, 0x0000000715000000|  0%| F|  |TAMS 0x0000000714f00000, 0x0000000714f00000| Untracked 
| 176|0x0000000715000000, 0x0000000715000000, 0x0000000715100000|  0%| F|  |TAMS 0x0000000715000000, 0x0000000715000000| Untracked 
| 177|0x0000000715100000, 0x0000000715100000, 0x0000000715200000|  0%| F|  |TAMS 0x0000000715100000, 0x0000000715100000| Untracked 
| 178|0x0000000715200000, 0x0000000715200000, 0x0000000715300000|  0%| F|  |TAMS 0x0000000715200000, 0x0000000715200000| Untracked 
| 179|0x0000000715300000, 0x0000000715300000, 0x0000000715400000|  0%| F|  |TAMS 0x0000000715300000, 0x0000000715300000| Untracked 
| 180|0x0000000715400000, 0x0000000715400000, 0x0000000715500000|  0%| F|  |TAMS 0x0000000715400000, 0x0000000715400000| Untracked 
| 181|0x0000000715500000, 0x0000000715500000, 0x0000000715600000|  0%| F|  |TAMS 0x0000000715500000, 0x0000000715500000| Untracked 
| 182|0x0000000715600000, 0x0000000715600000, 0x0000000715700000|  0%| F|  |TAMS 0x0000000715600000, 0x0000000715600000| Untracked 
| 183|0x0000000715700000, 0x0000000715700000, 0x0000000715800000|  0%| F|  |TAMS 0x0000000715700000, 0x0000000715700000| Untracked 
| 184|0x0000000715800000, 0x0000000715800000, 0x0000000715900000|  0%| F|  |TAMS 0x0000000715800000, 0x0000000715800000| Untracked 
| 185|0x0000000715900000, 0x0000000715900000, 0x0000000715a00000|  0%| F|  |TAMS 0x0000000715900000, 0x0000000715900000| Untracked 
| 186|0x0000000715a00000, 0x0000000715a00000, 0x0000000715b00000|  0%| F|  |TAMS 0x0000000715a00000, 0x0000000715a00000| Untracked 
| 187|0x0000000715b00000, 0x0000000715b00000, 0x0000000715c00000|  0%| F|  |TAMS 0x0000000715b00000, 0x0000000715b00000| Untracked 
| 188|0x0000000715c00000, 0x0000000715c00000, 0x0000000715d00000|  0%| F|  |TAMS 0x0000000715c00000, 0x0000000715c00000| Untracked 
| 189|0x0000000715d00000, 0x0000000715d00000, 0x0000000715e00000|  0%| F|  |TAMS 0x0000000715d00000, 0x0000000715d00000| Untracked 
| 190|0x0000000715e00000, 0x0000000715e00000, 0x0000000715f00000|  0%| F|  |TAMS 0x0000000715e00000, 0x0000000715e00000| Untracked 
| 191|0x0000000715f00000, 0x0000000715f00000, 0x0000000716000000|  0%| F|  |TAMS 0x0000000715f00000, 0x0000000715f00000| Untracked 
| 192|0x0000000716000000, 0x0000000716000000, 0x0000000716100000|  0%| F|  |TAMS 0x0000000716000000, 0x0000000716000000| Untracked 
| 193|0x0000000716100000, 0x0000000716100000, 0x0000000716200000|  0%| F|  |TAMS 0x0000000716100000, 0x0000000716100000| Untracked 
| 194|0x0000000716200000, 0x0000000716200000, 0x0000000716300000|  0%| F|  |TAMS 0x0000000716200000, 0x0000000716200000| Untracked 
| 195|0x0000000716300000, 0x0000000716300000, 0x0000000716400000|  0%| F|  |TAMS 0x0000000716300000, 0x0000000716300000| Untracked 
| 196|0x0000000716400000, 0x0000000716400000, 0x0000000716500000|  0%| F|  |TAMS 0x0000000716400000, 0x0000000716400000| Untracked 
| 197|0x0000000716500000, 0x0000000716500000, 0x0000000716600000|  0%| F|  |TAMS 0x0000000716500000, 0x0000000716500000| Untracked 
| 198|0x0000000716600000, 0x0000000716600000, 0x0000000716700000|  0%| F|  |TAMS 0x0000000716600000, 0x0000000716600000| Untracked 
| 199|0x0000000716700000, 0x0000000716700000, 0x0000000716800000|  0%| F|  |TAMS 0x0000000716700000, 0x0000000716700000| Untracked 
| 200|0x0000000716800000, 0x0000000716800000, 0x0000000716900000|  0%| F|  |TAMS 0x0000000716800000, 0x0000000716800000| Untracked 
| 201|0x0000000716900000, 0x0000000716900000, 0x0000000716a00000|  0%| F|  |TAMS 0x0000000716900000, 0x0000000716900000| Untracked 
| 202|0x0000000716a00000, 0x0000000716a00000, 0x0000000716b00000|  0%| F|  |TAMS 0x0000000716a00000, 0x0000000716a00000| Untracked 
| 203|0x0000000716b00000, 0x0000000716b00000, 0x0000000716c00000|  0%| F|  |TAMS 0x0000000716b00000, 0x0000000716b00000| Untracked 
| 204|0x0000000716c00000, 0x0000000716c00000, 0x0000000716d00000|  0%| F|  |TAMS 0x0000000716c00000, 0x0000000716c00000| Untracked 
| 205|0x0000000716d00000, 0x0000000716d00000, 0x0000000716e00000|  0%| F|  |TAMS 0x0000000716d00000, 0x0000000716d00000| Untracked 
| 206|0x0000000716e00000, 0x0000000716e00000, 0x0000000716f00000|  0%| F|  |TAMS 0x0000000716e00000, 0x0000000716e00000| Untracked 
| 207|0x0000000716f00000, 0x0000000716f00000, 0x0000000717000000|  0%| F|  |TAMS 0x0000000716f00000, 0x0000000716f00000| Untracked 
| 208|0x0000000717000000, 0x0000000717000000, 0x0000000717100000|  0%| F|  |TAMS 0x0000000717000000, 0x0000000717000000| Untracked 
| 209|0x0000000717100000, 0x0000000717100000, 0x0000000717200000|  0%| F|  |TAMS 0x0000000717100000, 0x0000000717100000| Untracked 
| 210|0x0000000717200000, 0x0000000717200000, 0x0000000717300000|  0%| F|  |TAMS 0x0000000717200000, 0x0000000717200000| Untracked 
| 211|0x0000000717300000, 0x0000000717300000, 0x0000000717400000|  0%| F|  |TAMS 0x0000000717300000, 0x0000000717300000| Untracked 
| 212|0x0000000717400000, 0x0000000717400000, 0x0000000717500000|  0%| F|  |TAMS 0x0000000717400000, 0x0000000717400000| Untracked 
| 213|0x0000000717500000, 0x0000000717500000, 0x0000000717600000|  0%| F|  |TAMS 0x0000000717500000, 0x0000000717500000| Untracked 
| 214|0x0000000717600000, 0x0000000717600000, 0x0000000717700000|  0%| F|  |TAMS 0x0000000717600000, 0x0000000717600000| Untracked 
| 215|0x0000000717700000, 0x0000000717700000, 0x0000000717800000|  0%| F|  |TAMS 0x0000000717700000, 0x0000000717700000| Untracked 
| 216|0x0000000717800000, 0x0000000717800000, 0x0000000717900000|  0%| F|  |TAMS 0x0000000717800000, 0x0000000717800000| Untracked 
| 217|0x0000000717900000, 0x0000000717900000, 0x0000000717a00000|  0%| F|  |TAMS 0x0000000717900000, 0x0000000717900000| Untracked 
| 218|0x0000000717a00000, 0x0000000717a00000, 0x0000000717b00000|  0%| F|  |TAMS 0x0000000717a00000, 0x0000000717a00000| Untracked 
| 219|0x0000000717b00000, 0x0000000717b00000, 0x0000000717c00000|  0%| F|  |TAMS 0x0000000717b00000, 0x0000000717b00000| Untracked 
| 220|0x0000000717c00000, 0x0000000717c00000, 0x0000000717d00000|  0%| F|  |TAMS 0x0000000717c00000, 0x0000000717c00000| Untracked 
| 221|0x0000000717d00000, 0x0000000717d00000, 0x0000000717e00000|  0%| F|  |TAMS 0x0000000717d00000, 0x0000000717d00000| Untracked 
| 222|0x0000000717e00000, 0x0000000717e00000, 0x0000000717f00000|  0%| F|  |TAMS 0x0000000717e00000, 0x0000000717e00000| Untracked 
| 223|0x0000000717f00000, 0x0000000717f00000, 0x0000000718000000|  0%| F|  |TAMS 0x0000000717f00000, 0x0000000717f00000| Untracked 
| 224|0x0000000718000000, 0x0000000718000000, 0x0000000718100000|  0%| F|  |TAMS 0x0000000718000000, 0x0000000718000000| Untracked 
| 225|0x0000000718100000, 0x0000000718100000, 0x0000000718200000|  0%| F|  |TAMS 0x0000000718100000, 0x0000000718100000| Untracked 
| 226|0x0000000718200000, 0x0000000718200000, 0x0000000718300000|  0%| F|  |TAMS 0x0000000718200000, 0x0000000718200000| Untracked 
| 227|0x0000000718300000, 0x0000000718300000, 0x0000000718400000|  0%| F|  |TAMS 0x0000000718300000, 0x0000000718300000| Untracked 
| 228|0x0000000718400000, 0x0000000718400000, 0x0000000718500000|  0%| F|  |TAMS 0x0000000718400000, 0x0000000718400000| Untracked 
| 229|0x0000000718500000, 0x0000000718500000, 0x0000000718600000|  0%| F|  |TAMS 0x0000000718500000, 0x0000000718500000| Untracked 
| 230|0x0000000718600000, 0x0000000718600000, 0x0000000718700000|  0%| F|  |TAMS 0x0000000718600000, 0x0000000718600000| Untracked 
| 231|0x0000000718700000, 0x0000000718700000, 0x0000000718800000|  0%| F|  |TAMS 0x0000000718700000, 0x0000000718700000| Untracked 
| 232|0x0000000718800000, 0x0000000718800000, 0x0000000718900000|  0%| F|  |TAMS 0x0000000718800000, 0x0000000718800000| Untracked 
| 233|0x0000000718900000, 0x0000000718900000, 0x0000000718a00000|  0%| F|  |TAMS 0x0000000718900000, 0x0000000718900000| Untracked 
| 234|0x0000000718a00000, 0x0000000718a00000, 0x0000000718b00000|  0%| F|  |TAMS 0x0000000718a00000, 0x0000000718a00000| Untracked 
| 235|0x0000000718b00000, 0x0000000718b00000, 0x0000000718c00000|  0%| F|  |TAMS 0x0000000718b00000, 0x0000000718b00000| Untracked 
| 236|0x0000000718c00000, 0x0000000718c00000, 0x0000000718d00000|  0%| F|  |TAMS 0x0000000718c00000, 0x0000000718c00000| Untracked 
| 237|0x0000000718d00000, 0x0000000718d82f28, 0x0000000718e00000| 51%| S|CS|TAMS 0x0000000718d00000, 0x0000000718d00000| Complete 
| 238|0x0000000718e00000, 0x0000000718f00000, 0x0000000718f00000|100%| S|CS|TAMS 0x0000000718e00000, 0x0000000718e00000| Complete 
| 239|0x0000000718f00000, 0x0000000718f00000, 0x0000000719000000|  0%| F|  |TAMS 0x0000000718f00000, 0x0000000718f00000| Untracked 
| 240|0x0000000719000000, 0x0000000719000000, 0x0000000719100000|  0%| F|  |TAMS 0x0000000719000000, 0x0000000719000000| Untracked 
| 241|0x0000000719100000, 0x0000000719100000, 0x0000000719200000|  0%| F|  |TAMS 0x0000000719100000, 0x0000000719100000| Untracked 
| 242|0x0000000719200000, 0x0000000719200000, 0x0000000719300000|  0%| F|  |TAMS 0x0000000719200000, 0x0000000719200000| Untracked 
| 243|0x0000000719300000, 0x0000000719300000, 0x0000000719400000|  0%| F|  |TAMS 0x0000000719300000, 0x0000000719300000| Untracked 
| 244|0x0000000719400000, 0x0000000719400000, 0x0000000719500000|  0%| F|  |TAMS 0x0000000719400000, 0x0000000719400000| Untracked 
| 245|0x0000000719500000, 0x0000000719500000, 0x0000000719600000|  0%| F|  |TAMS 0x0000000719500000, 0x0000000719500000| Untracked 

Card table byte_map: [0x00000213f2b00000,0x00000213f32b0000] _byte_map_base: 0x00000213ef2b0000

Marking Bits (Prev, Next): (CMBitMap*) 0x00000213d87e8af8, (CMBitMap*) 0x00000213d87e8b30
 Prev Bits: [0x00000213f3a60000, 0x00000213f77e0000)
 Next Bits: [0x00000213f77e0000, 0x00000213fb560000)

Polling page: 0x00000213d84a0000

Metaspace:

Usage:
  Non-class:     48.30 MB capacity,    47.14 MB ( 98%) used,   947.09 KB (  2%) free+waste,   236.50 KB ( <1%) overhead. 
      Class:      7.51 MB capacity,     6.69 MB ( 89%) used,   725.59 KB (  9%) free+waste,   116.75 KB (  2%) overhead. 
       Both:     55.81 MB capacity,    53.83 MB ( 96%) used,     1.63 MB (  3%) free+waste,   353.25 KB ( <1%) overhead. 

Virtual space:
  Non-class space:       50.00 MB reserved,      48.42 MB ( 97%) committed 
      Class space:        1.00 GB reserved,       7.63 MB ( <1%) committed 
             Both:        1.05 GB reserved,      56.05 MB (  5%) committed 

Chunk freelists:
   Non-Class:  0 bytes
       Class:  20.00 KB
        Both:  20.00 KB

MaxMetaspaceSize: 17179869184.00 GB
CompressedClassSpaceSize: 1.00 GB
Initial GC threshold: 20.80 MB
Current GC threshold: 93.41 MB
CDS: off

CodeHeap 'non-profiled nmethods': size=120000Kb used=2420Kb max_used=2420Kb free=117579Kb
 bounds [0x00000213ea1a0000, 0x00000213ea410000, 0x00000213f16d0000]
CodeHeap 'profiled nmethods': size=120000Kb used=10399Kb max_used=10399Kb free=109600Kb
 bounds [0x00000213e2c70000, 0x00000213e36a0000, 0x00000213ea1a0000]
CodeHeap 'non-nmethods': size=5760Kb used=1306Kb max_used=1346Kb free=4453Kb
 bounds [0x00000213e26d0000, 0x00000213e2940000, 0x00000213e2c70000]
 total_blobs=5208 nmethods=4604 adapters=516
 compilation: enabled
              stopped_count=0, restarted_count=0
 full_count=0

Compilation events (20 events):
Event: 12.058 Thread 0x00000213febf6800 nmethod 4669 0x00000213ea3fb990 code [0x00000213ea3fbb40, 0x00000213ea3fbc28]
Event: 12.059 Thread 0x00000213febfa000 nmethod 4665 0x00000213e3692890 code [0x00000213e3692a80, 0x00000213e3693058]
Event: 12.059 Thread 0x00000213febfa000 4670       3       reactor.core.publisher.Mono::from (51 bytes)
Event: 12.059 Thread 0x00000213febfa000 nmethod 4670 0x00000213e3693290 code [0x00000213e3693480, 0x00000213e3693bb8]
Event: 12.059 Thread 0x00000213febfa000 4671       1       reactor.core.publisher.MonoIgnoreElements$IgnoreElementsSubscriber::actual (5 bytes)
Event: 12.059 Thread 0x00000213febfa000 nmethod 4671 0x00000213ea3fbd10 code [0x00000213ea3fbec0, 0x00000213ea3fbf78]
Event: 12.063 Thread 0x00000213febfa000 4672   !   3       io.r2dbc.h2.client.SessionClient::createCommand (107 bytes)
Event: 12.064 Thread 0x00000213febfa000 nmethod 4672 0x00000213e3693d10 code [0x00000213e3693fe0, 0x00000213e3695198]
Event: 12.064 Thread 0x00000213febfa000 4673  s    3       org.h2.engine.SessionLocal::prepareCommand (6 bytes)
Event: 12.064 Thread 0x00000213febfa000 nmethod 4673 0x00000213e3695a10 code [0x00000213e3695bc0, 0x00000213e3695e88]
Event: 12.064 Thread 0x00000213febfa000 4674       3       org.h2.command.CommandContainer::getParameters (35 bytes)
Event: 12.065 Thread 0x00000213febfa000 nmethod 4674 0x00000213e3695f90 code [0x00000213e3696180, 0x00000213e3696768]
Event: 12.065 Thread 0x00000213febfa000 4675       3       org.h2.command.Prepared::needRecompile (55 bytes)
Event: 12.065 Thread 0x00000213febfa000 nmethod 4675 0x00000213e3696910 code [0x00000213e3696ae0, 0x00000213e3696e08]
Event: 12.067 Thread 0x00000213febf6800 4676       4       org.h2.command.Parser::testToken (35 bytes)
Event: 12.068 Thread 0x00000213febf6800 nmethod 4676 0x00000213ea3fc010 code [0x00000213ea3fc1c0, 0x00000213ea3fc418]
Event: 12.071 Thread 0x00000213febfa000 4677       3       org.h2.command.Parser::addExpected (47 bytes)
Event: 12.072 Thread 0x00000213febfa000 nmethod 4677 0x00000213e3696f90 code [0x00000213e3697200, 0x00000213e3697bc8]
Event: 12.072 Thread 0x00000213febf6800 4678       4       java.util.HashSet::iterator (13 bytes)
Event: 12.083 Thread 0x00000213febf6800 nmethod 4678 0x00000213ea3fc590 code [0x00000213ea3fc780, 0x00000213ea3fcf38]

GC Heap History (15 events):
Event: 0.831 GC heap before
{Heap before GC invocations=0 (full 0):
 garbage-first heap   total 251904K, used 23552K [0x000000070a000000, 0x0000000800000000)
  region size 1024K, 24 young (24576K), 0 survivors (0K)
 Metaspace       used 12420K, capacity 12713K, committed 12928K, reserved 1060864K
  class space    used 1220K, capacity 1304K, committed 1408K, reserved 1048576K
}
Event: 0.835 GC heap after
{Heap after GC invocations=1 (full 0):
 garbage-first heap   total 251904K, used 4755K [0x000000070a000000, 0x0000000800000000)
  region size 1024K, 3 young (3072K), 3 survivors (3072K)
 Metaspace       used 12420K, capacity 12713K, committed 12928K, reserved 1060864K
  class space    used 1220K, capacity 1304K, committed 1408K, reserved 1048576K
}
Event: 1.964 GC heap before
{Heap before GC invocations=1 (full 0):
 garbage-first heap   total 251904K, used 41619K [0x000000070a000000, 0x0000000800000000)
  region size 1024K, 40 young (40960K), 3 survivors (3072K)
 Metaspace       used 20624K, capacity 21137K, committed 21296K, reserved 1069056K
  class space    used 2219K, capacity 2402K, committed 2432K, reserved 1048576K
}
Event: 1.970 GC heap after
{Heap after GC invocations=2 (full 0):
 garbage-first heap   total 251904K, used 6479K [0x000000070a000000, 0x0000000800000000)
  region size 1024K, 5 young (5120K), 5 survivors (5120K)
 Metaspace       used 20624K, capacity 21137K, committed 21296K, reserved 1069056K
  class space    used 2219K, capacity 2402K, committed 2432K, reserved 1048576K
}
Event: 3.345 GC heap before
{Heap before GC invocations=3 (full 0):
 garbage-first heap   total 251904K, used 46415K [0x000000070a000000, 0x0000000800000000)
  region size 1024K, 45 young (46080K), 5 survivors (5120K)
 Metaspace       used 25850K, capacity 26447K, committed 26672K, reserved 1073152K
  class space    used 2855K, capacity 3086K, committed 3200K, reserved 1048576K
}
Event: 3.384 GC heap after
{Heap after GC invocations=4 (full 0):
 garbage-first heap   total 251904K, used 8399K [0x000000070a000000, 0x0000000800000000)
  region size 1024K, 4 young (4096K), 4 survivors (4096K)
 Metaspace       used 25850K, capacity 26447K, committed 26672K, reserved 1073152K
  class space    used 2855K, capacity 3086K, committed 3200K, reserved 1048576K
}
Event: 5.622 GC heap before
{Heap before GC invocations=4 (full 0):
 garbage-first heap   total 251904K, used 63695K [0x000000070a000000, 0x0000000800000000)
  region size 1024K, 59 young (60416K), 4 survivors (4096K)
 Metaspace       used 34653K, capacity 35576K, committed 35632K, reserved 1081344K
  class space    used 4104K, capacity 4459K, committed 4480K, reserved 1048576K
}
Event: 5.661 GC heap after
{Heap after GC invocations=5 (full 0):
 garbage-first heap   total 251904K, used 10950K [0x000000070a000000, 0x0000000800000000)
  region size 1024K, 7 young (7168K), 7 survivors (7168K)
 Metaspace       used 34653K, capacity 35576K, committed 35632K, reserved 1081344K
  class space    used 4104K, capacity 4459K, committed 4480K, reserved 1048576K
}
Event: 10.591 GC heap before
{Heap before GC invocations=6 (full 0):
 garbage-first heap   total 251904K, used 111302K [0x000000070a000000, 0x0000000800000000)
  region size 1024K, 105 young (107520K), 7 survivors (7168K)
 Metaspace       used 51740K, capacity 53520K, committed 53808K, reserved 1095680K
  class space    used 6407K, capacity 7171K, committed 7296K, reserved 1048576K
}
Event: 10.605 GC heap after
{Heap after GC invocations=7 (full 0):
 garbage-first heap   total 251904K, used 17403K [0x000000070a000000, 0x0000000800000000)
  region size 1024K, 13 young (13312K), 13 survivors (13312K)
 Metaspace       used 51740K, capacity 53520K, committed 53808K, reserved 1095680K
  class space    used 6407K, capacity 7171K, committed 7296K, reserved 1048576K
}
Event: 11.723 GC heap before
{Heap before GC invocations=7 (full 0):
 garbage-first heap   total 251904K, used 118779K [0x000000070a000000, 0x0000000800000000)
  region size 1024K, 39 young (39936K), 13 survivors (13312K)
 Metaspace       used 55041K, capacity 57070K, committed 57392K, reserved 1099776K
  class space    used 6842K, capacity 7690K, committed 7808K, reserved 1048576K
}
Event: 11.778 GC heap after
{Heap after GC invocations=8 (full 0):
 garbage-first heap   total 251904K, used 94069K [0x000000070a000000, 0x0000000800000000)
  region size 1024K, 11 young (11264K), 11 survivors (11264K)
 Metaspace       used 55041K, capacity 57070K, committed 57392K, reserved 1099776K
  class space    used 6842K, capacity 7690K, committed 7808K, reserved 1048576K
}
Event: 11.880 GC heap before
{Heap before GC invocations=9 (full 0):
 garbage-first heap   total 251904K, used 80757K [0x000000070a000000, 0x0000000800000000)
  region size 1024K, 13 young (13312K), 11 survivors (11264K)
 Metaspace       used 55056K, capacity 57074K, committed 57392K, reserved 1099776K
  class space    used 6842K, capacity 7690K, committed 7808K, reserved 1048576K
}
Event: 11.896 GC heap after
{Heap after GC invocations=10 (full 0):
 garbage-first heap   total 251904K, used 80515K [0x000000070a000000, 0x0000000800000000)
  region size 1024K, 3 young (3072K), 3 survivors (3072K)
 Metaspace       used 55056K, capacity 57074K, committed 57392K, reserved 1099776K
  class space    used 6842K, capacity 7690K, committed 7808K, reserved 1048576K
}
Event: 12.123 GC heap before
{Heap before GC invocations=11 (full 0):
 garbage-first heap   total 251904K, used 113283K [0x000000070a000000, 0x0000000800000000)
  region size 1024K, 7 young (7168K), 3 survivors (3072K)
 Metaspace       used 55122K, capacity 57148K, committed 57392K, reserved 1099776K
  class space    used 6849K, capacity 7692K, committed 7808K, reserved 1048576K
}

Deoptimization events (20 events):
Event: 11.153 Thread 0x000002138017b000 Uncommon trap: trap_request=0xffffff4d fr.pc=0x00000213ea29c7b8 relative=0x0000000000000278
Event: 11.153 Thread 0x000002138017b000 Uncommon trap: reason=unstable_if action=reinterpret pc=0x00000213ea29c7b8 method=java.util.LinkedHashMap.get(Ljava/lang/Object;)Ljava/lang/Object; @ 20 c2
Event: 11.153 Thread 0x000002138017b000 DEOPT PACKING pc=0x00000213ea29c7b8 sp=0x000000cd42ffaf40
Event: 11.153 Thread 0x000002138017b000 DEOPT UNPACKING pc=0x00000213e271a1af sp=0x000000cd42ffaef8 mode 2
Event: 11.153 Thread 0x000002138017b000 Uncommon trap: trap_request=0xffffffc6 fr.pc=0x00000213ea29b728 relative=0x00000000000007a8
Event: 11.153 Thread 0x000002138017b000 Uncommon trap: reason=bimorphic_or_optimized_type_check action=maybe_recompile pc=0x00000213ea29b728 method=java.util.HashMap.putVal(ILjava/lang/Object;Ljava/lang/Object;ZZ)Ljava/lang/Object; @ 253 c2
Event: 11.153 Thread 0x000002138017b000 DEOPT PACKING pc=0x00000213ea29b728 sp=0x000000cd42ffaf00
Event: 11.153 Thread 0x000002138017b000 DEOPT UNPACKING pc=0x00000213e271a1af sp=0x000000cd42ffae28 mode 2
Event: 11.199 Thread 0x000002138017b000 Uncommon trap: trap_request=0xffffffc6 fr.pc=0x00000213ea29b728 relative=0x00000000000007a8
Event: 11.199 Thread 0x000002138017b000 Uncommon trap: reason=bimorphic_or_optimized_type_check action=maybe_recompile pc=0x00000213ea29b728 method=java.util.HashMap.putVal(ILjava/lang/Object;Ljava/lang/Object;ZZ)Ljava/lang/Object; @ 253 c2
Event: 11.199 Thread 0x000002138017b000 DEOPT PACKING pc=0x00000213ea29b728 sp=0x000000cd42ffb150
Event: 11.199 Thread 0x000002138017b000 DEOPT UNPACKING pc=0x00000213e271a1af sp=0x000000cd42ffb078 mode 2
Event: 11.211 Thread 0x000002138017b000 Uncommon trap: trap_request=0xffffffc6 fr.pc=0x00000213ea28d450 relative=0x0000000000000750
Event: 11.211 Thread 0x000002138017b000 Uncommon trap: reason=bimorphic_or_optimized_type_check action=maybe_recompile pc=0x00000213ea28d450 method=java.util.HashMap.putVal(ILjava/lang/Object;Ljava/lang/Object;ZZ)Ljava/lang/Object; @ 253 c2
Event: 11.211 Thread 0x000002138017b000 DEOPT PACKING pc=0x00000213ea28d450 sp=0x000000cd42ffae80
Event: 11.211 Thread 0x000002138017b000 DEOPT UNPACKING pc=0x00000213e271a1af sp=0x000000cd42ffae30 mode 2
Event: 11.585 Thread 0x0000021380e9b800 DEOPT PACKING pc=0x00000213e35a06fe sp=0x000000cd458fe800
Event: 11.585 Thread 0x0000021380e9b800 DEOPT UNPACKING pc=0x00000213e271a95e sp=0x000000cd458fdd50 mode 0
Event: 11.838 Thread 0x000002138017b000 DEOPT PACKING pc=0x00000213e3514b4e sp=0x000000cd42ffc780
Event: 11.838 Thread 0x000002138017b000 DEOPT UNPACKING pc=0x00000213e271a95e sp=0x000000cd42ffbbd8 mode 0

Classes redefined (0 events):
No events

Internal exceptions (20 events):
Event: 10.298 Thread 0x000002138017b000 Exception <a 'java/lang/NoSuchMethodError'{0x0000000713ac21c0}: 'java.lang.Object java.lang.invoke.DelegatingMethodHandle$Holder.reinvoke_L(java.lang.Object, int, int, java.lang.Object, java.lang.Object, java.lang.Object, java.lang.Object)'> (0x0000000713ac21c0) thrown at [./src/hotspot/share/interpreter/linkResolver.cpp, line 773]
Event: 10.308 Thread 0x000002138017b000 Exception <a 'java/io/FileNotFoundException'{0x0000000713957d30}> (0x0000000713957d30) thrown at [./src/hotspot/share/prims/jni.cpp, line 617]
Event: 10.324 Thread 0x000002138017b000 Exception <a 'java/lang/NoSuchMethodError'{0x00000007139ac158}: 'java.lang.Object java.lang.invoke.DirectMethodHandle$Holder.invokeStatic(java.lang.Object, java.lang.Object, java.lang.Object, java.lang.Object, java.lang.Object, java.lang.Object, java.lang.Object, java.lang.Object, java.lang.Object, java.lang.Object, java.lang.Object, int)'> (0x00000007139ac158) thrown at [./src/hotspot/share/interpreter/linkResolver.cpp, line 773]
Event: 10.326 Thread 0x000002138017b000 Exception <a 'java/lang/NoSuchMethodError'{0x00000007139ca300}: 'java.lang.Object java.lang.invoke.DirectMethodHandle$Holder.invokeStatic(java.lang.Object, java.lang.Object, java.lang.Object, java.lang.Object, java.lang.Object, java.lang.Object, java.lang.Object, java.lang.Object, java.lang.Object, java.lang.Object, java.lang.Object, int, int)'> (0x00000007139ca300) thrown at [./src/hotspot/share/interpreter/linkResolver.cpp, line 773]
Event: 10.327 Thread 0x000002138017b000 Exception <a 'java/lang/NoSuchMethodError'{0x00000007139e9338}: 'java.lang.Object java.lang.invoke.DirectMethodHandle$Holder.invokeStatic(java.lang.Object, java.lang.Object, java.lang.Object, java.lang.Object, java.lang.Object, java.lang.Object, java.lang.Object, java.lang.Object, java.lang.Object, java.lang.Object, java.lang.Object, int, int, java.lang.Object)'> (0x00000007139e9338) thrown at [./src/hotspot/share/interpreter/linkResolver.cpp, line 773]
Event: 10.329 Thread 0x000002138017b000 Exception <a 'java/lang/NoSuchMethodError'{0x0000000713809f28}: 'java.lang.Object java.lang.invoke.DirectMethodHandle$Holder.invokeStatic(java.lang.Object, java.lang.Object, java.lang.Object, java.lang.Object, java.lang.Object, java.lang.Object, java.lang.Object, java.lang.Object, java.lang.Object, java.lang.Object, java.lang.Object, int, int, java.lang.Object, java.lang.Object)'> (0x0000000713809f28) thrown at [./src/hotspot/share/interpreter/linkResolver.cpp, line 773]
Event: 10.382 Thread 0x000002138017b000 Exception <a 'java/lang/NoSuchMethodError'{0x00000007136594f8}: 'java.lang.Object java.lang.invoke.DirectMethodHandle$Holder.invokeStatic(java.lang.Object, java.lang.Object, java.lang.Object, java.lang.Object, java.lang.Object, int, java.lang.Object)'> (0x00000007136594f8) thrown at [./src/hotspot/share/interpreter/linkResolver.cpp, line 773]
Event: 10.385 Thread 0x0000021380f3d000 Exception <a 'java/lang/NoSuchMethodError'{0x0000000713f19288}: 'java.lang.Object java.lang.invoke.DirectMethodHandle$Holder.invokeStaticInit(java.lang.Object, java.lang.Object, java.lang.Object, java.lang.Object)'> (0x0000000713f19288) thrown at [./src/hotspot/share/interpreter/linkResolver.cpp, line 773]
Event: 10.480 Thread 0x0000021380f3d000 Exception <a 'java/lang/NoSuchMethodError'{0x00000007132771f0}: 'java.lang.Object java.lang.invoke.DirectMethodHandle$Holder.invokeStatic(java.lang.Object, java.lang.Object, java.lang.Object, int, java.lang.Object, java.lang.Object)'> (0x00000007132771f0) thrown at [./src/hotspot/share/interpreter/linkResolver.cpp, line 773]
Event: 10.481 Thread 0x0000021380f3c000 Exception <a 'java/lang/NoSuchMethodError'{0x000000071339c030}: 'java.lang.Object java.lang.invoke.Invokers$Holder.linkToTargetMethod(java.lang.Object, int, java.lang.Object, java.lang.Object, java.lang.Object, java.lang.Object)'> (0x000000071339c030) thrown at [./src/hotspot/share/interpreter/linkResolver.cpp, line 773]
Event: 10.486 Thread 0x0000021380f3d000 Exception <a 'java/lang/NoSuchMethodError'{0x00000007132a5c18}: 'java.lang.Object java.lang.invoke.DirectMethodHandle$Holder.invokeStatic(java.lang.Object, java.lang.Object, java.lang.Object, java.lang.Object, int, java.lang.Object)'> (0x00000007132a5c18) thrown at [./src/hotspot/share/interpreter/linkResolver.cpp, line 773]
Event: 10.487 Thread 0x0000021380f3d000 Exception <a 'java/lang/NoSuchMethodError'{0x00000007132a91d8}: 'java.lang.Object java.lang.invoke.DirectMethodHandle$Holder.invokeSpecial(java.lang.Object, java.lang.Object, java.lang.Object, java.lang.Object, java.lang.Object, int, java.lang.Object)'> (0x00000007132a91d8) thrown at [./src/hotspot/share/interpreter/linkResolver.cpp, line 773]
Event: 10.487 Thread 0x0000021380f3d000 Exception <a 'java/lang/NoSuchMethodError'{0x00000007132ac2a0}: 'java.lang.Object java.lang.invoke.Invokers$Holder.linkToTargetMethod(java.lang.Object, java.lang.Object, java.lang.Object, int, java.lang.Object, java.lang.Object)'> (0x00000007132ac2a0) thrown at [./src/hotspot/share/interpreter/linkResolver.cpp, line 773]
Event: 10.500 Thread 0x0000021380f3d000 Exception <a 'java/lang/NoSuchMethodError'{0x00000007132f5360}: 'void java.lang.invoke.DirectMethodHandle$Holder.invokeStaticInit(java.lang.Object)'> (0x00000007132f5360) thrown at [./src/hotspot/share/interpreter/linkResolver.cpp, line 773]
Event: 10.519 Thread 0x0000021380f3d000 Exception <a 'java/lang/IncompatibleClassChangeError'{0x0000000713087aa0}: Found class java.lang.Object, but interface was expected> (0x0000000713087aa0) thrown at [./src/hotspot/share/interpreter/linkResolver.cpp, line 839]
Event: 10.683 Thread 0x0000021380f45000 Exception <a 'java/lang/NoSuchMethodError'{0x00000007193c6990}: 'java.lang.Object java.lang.invoke.Invokers$Holder.linkToTargetMethod(java.lang.Object, java.lang.Object, java.lang.Object, java.lang.Object, java.lang.Object, java.lang.Object, java.lang.Object)'> (0x00000007193c6990) thrown at [./src/hotspot/share/interpreter/linkResolver.cpp, line 773]
Event: 11.051 Thread 0x000002138017b000 Exception <a 'java/lang/IncompatibleClassChangeError'{0x0000000718a24758}: Found class java.lang.Object, but interface was expected> (0x0000000718a24758) thrown at [./src/hotspot/share/interpreter/linkResolver.cpp, line 839]
Event: 11.084 Thread 0x000002138017b000 Exception <a 'java/lang/IncompatibleClassChangeError'{0x0000000718955aa8}: Found class java.lang.Object, but interface was expected> (0x0000000718955aa8) thrown at [./src/hotspot/share/interpreter/linkResolver.cpp, line 839]
Event: 11.091 Thread 0x000002138017b000 Exception <a 'java/lang/NoSuchMethodError'{0x0000000718980428}: 'void java.lang.invoke.DirectMethodHandle$Holder.invokeSpecial(java.lang.Object, java.lang.Object, java.lang.Object, java.lang.Object, java.lang.Object, java.lang.Object, java.lang.Object, java.lang.Object)'> (0x0000000718980428) thrown at [./src/hotspot/share/interpreter/linkResolver.cpp, line 773]
Event: 11.102 Thread 0x000002138017b000 Exception <a 'java/lang/NoSuchMethodError'{0x000000071882f9a0}: 'java.lang.Object java.lang.invoke.DirectMethodHandle$Holder.invokeSpecialIFC(java.lang.Object, java.lang.Object, java.lang.Object, java.lang.Object, java.lang.Object)'> (0x000000071882f9a0) thrown at [./src/hotspot/share/interpreter/linkResolver.cpp, line 773]

Events (20 events):
Event: 12.075 loading class java/beans/ThreadGroupContext
Event: 12.076 loading class java/beans/ThreadGroupContext done
Event: 12.076 loading class java/beans/ThreadGroupContext$1
Event: 12.076 loading class java/beans/WeakIdentityMap
Event: 12.076 loading class java/beans/WeakIdentityMap done
Event: 12.076 loading class java/beans/ThreadGroupContext$1 done
Event: 12.076 loading class java/beans/WeakIdentityMap$Entry
Event: 12.076 loading class java/beans/WeakIdentityMap$Entry done
Event: 12.077 loading class org/springframework/boot/devtools/restart/Restarter
Event: 12.077 loading class org/springframework/boot/devtools/restart/Restarter done
Event: 12.077 loading class org/springframework/boot/system/JavaVersion
Event: 12.077 loading class org/springframework/boot/system/JavaVersion done
Event: 12.079 loading class java/util/function/ToDoubleFunction
Event: 12.079 loading class java/util/function/ToDoubleFunction done
Event: 12.079 loading class java/io/PrintWriter
Event: 12.080 loading class java/io/PrintWriter done
Event: 12.080 Thread 0x00000213ff55a000 Thread exited: 0x00000213ff55a000
Event: 12.081 Thread 0x00000213d85ac800 Thread exited: 0x00000213d85ac800
Event: 12.081 Thread 0x0000021380e99000 Thread added: 0x0000021380e99000
Event: 12.123 Executing VM operation: G1CollectForAllocation


Dynamic libraries:
0x00007ff6469f0000 - 0x00007ff6469fd000 	C:\Program Files\BellSoft\LibericaJDK-11\bin\java.exe
0x00007ff8013f0000 - 0x00007ff8015e8000 	C:\WINDOWS\SYSTEM32\ntdll.dll
0x00007ff800010000 - 0x00007ff8000cd000 	C:\WINDOWS\System32\KERNEL32.DLL
0x00007fffff170000 - 0x00007fffff43e000 	C:\WINDOWS\System32\KERNELBASE.dll
0x00007ffffefd0000 - 0x00007fffff0d0000 	C:\WINDOWS\System32\ucrtbase.dll
0x00007fffef860000 - 0x00007fffef875000 	C:\Program Files\BellSoft\LibericaJDK-11\bin\VCRUNTIME140.dll
0x00007fffee310000 - 0x00007fffee327000 	C:\Program Files\BellSoft\LibericaJDK-11\bin\jli.dll
0x00007fffffbf0000 - 0x00007fffffd90000 	C:\WINDOWS\System32\USER32.dll
0x00007fffee420000 - 0x00007fffee6ba000 	C:\WINDOWS\WinSxS\amd64_microsoft.windows.common-controls_6595b64144ccf1df_6.0.19041.1110_none_60b5254171f9507e\COMCTL32.dll
0x00007ffffec60000 - 0x00007ffffec82000 	C:\WINDOWS\System32\win32u.dll
0x00007fffffb50000 - 0x00007fffffbee000 	C:\WINDOWS\System32\msvcrt.dll
0x00007ff801120000 - 0x00007ff80114a000 	C:\WINDOWS\System32\GDI32.dll
0x00007ffffed80000 - 0x00007ffffee8b000 	C:\WINDOWS\System32\gdi32full.dll
0x00007fffff0d0000 - 0x00007fffff16d000 	C:\WINDOWS\System32\msvcp_win.dll
0x00007fffff850000 - 0x00007fffff880000 	C:\WINDOWS\System32\IMM32.DLL
0x00007fffda310000 - 0x00007fffda3ab000 	C:\Program Files\BellSoft\LibericaJDK-11\bin\msvcp140.dll
0x00007fffbd310000 - 0x00007fffbde8b000 	C:\Program Files\BellSoft\LibericaJDK-11\bin\server\jvm.dll
0x00007fffff440000 - 0x00007fffff4ee000 	C:\WINDOWS\System32\ADVAPI32.dll
0x00007fffffe20000 - 0x00007fffffebc000 	C:\WINDOWS\System32\sechost.dll
0x00007fffffec0000 - 0x00007ffffffe5000 	C:\WINDOWS\System32\RPCRT4.dll
0x00007ff800000000 - 0x00007ff800008000 	C:\WINDOWS\System32\PSAPI.DLL
0x00007fffd5550000 - 0x00007fffd5559000 	C:\WINDOWS\SYSTEM32\WSOCK32.dll
0x00007ffff4360000 - 0x00007ffff436a000 	C:\WINDOWS\SYSTEM32\VERSION.dll
0x00007ffffba30000 - 0x00007ffffba57000 	C:\WINDOWS\SYSTEM32\WINMM.dll
0x00007ff801340000 - 0x00007ff8013ab000 	C:\WINDOWS\System32\WS2_32.dll
0x00007ffffd3a0000 - 0x00007ffffd3b2000 	C:\WINDOWS\SYSTEM32\kernel.appcore.dll
0x00007ffff8620000 - 0x00007ffff8630000 	C:\Program Files\BellSoft\LibericaJDK-11\bin\verify.dll
0x00007ffffc410000 - 0x00007ffffc5f4000 	C:\WINDOWS\SYSTEM32\DBGHELP.DLL
0x00007fffe7690000 - 0x00007fffe76bc000 	C:\WINDOWS\SYSTEM32\dbgcore.DLL
0x00007ffffee90000 - 0x00007ffffef12000 	C:\WINDOWS\System32\bcryptPrimitives.dll
0x00007fffee2d0000 - 0x00007fffee2f8000 	C:\Program Files\BellSoft\LibericaJDK-11\bin\java.dll
0x00007ffff8600000 - 0x00007ffff860a000 	C:\Program Files\BellSoft\LibericaJDK-11\bin\jimage.dll
0x00007fffed780000 - 0x00007fffed798000 	C:\Program Files\BellSoft\LibericaJDK-11\bin\zip.dll
0x00007ff800880000 - 0x00007ff800fc4000 	C:\WINDOWS\System32\SHELL32.dll
0x00007ffffc600000 - 0x00007ffffcd94000 	C:\WINDOWS\SYSTEM32\windows.storage.dll
0x00007fffff4f0000 - 0x00007fffff844000 	C:\WINDOWS\System32\combase.dll
0x00007ffffe560000 - 0x00007ffffe590000 	C:\WINDOWS\SYSTEM32\Wldp.dll
0x00007ff801070000 - 0x00007ff80111d000 	C:\WINDOWS\System32\SHCORE.dll
0x00007ff8001e0000 - 0x00007ff800235000 	C:\WINDOWS\System32\shlwapi.dll
0x00007ffffea40000 - 0x00007ffffea5f000 	C:\WINDOWS\SYSTEM32\profapi.dll
0x00007fffed300000 - 0x00007fffed319000 	C:\Program Files\BellSoft\LibericaJDK-11\bin\net.dll
0x00007ffff5670000 - 0x00007ffff577a000 	C:\WINDOWS\SYSTEM32\WINHTTP.dll
0x00007ffffe250000 - 0x00007ffffe2ba000 	C:\WINDOWS\system32\mswsock.dll
0x00007fffed2e0000 - 0x00007fffed2f3000 	C:\Program Files\BellSoft\LibericaJDK-11\bin\nio.dll
0x00007ffff7370000 - 0x00007ffff7379000 	C:\Program Files\BellSoft\LibericaJDK-11\bin\management.dll
0x00007ffff3570000 - 0x00007ffff357b000 	C:\Program Files\BellSoft\LibericaJDK-11\bin\management_ext.dll
0x00007fffd92f0000 - 0x00007fffd9307000 	C:\WINDOWS\system32\napinsp.dll
0x00007fffd92d0000 - 0x00007fffd92eb000 	C:\WINDOWS\system32\pnrpnsp.dll
0x00007ffff8f80000 - 0x00007ffff8f95000 	C:\WINDOWS\system32\wshbth.dll
0x00007ffff9910000 - 0x00007ffff992d000 	C:\WINDOWS\system32\NLAapi.dll
0x00007ffffdf40000 - 0x00007ffffdf7b000 	C:\WINDOWS\SYSTEM32\IPHLPAPI.DLL
0x00007ffffdf80000 - 0x00007ffffe04b000 	C:\WINDOWS\SYSTEM32\DNSAPI.dll
0x00007ff800fe0000 - 0x00007ff800fe8000 	C:\WINDOWS\System32\NSI.dll
0x00007fffd92b0000 - 0x00007fffd92c2000 	C:\WINDOWS\System32\winrnr.dll
0x00007ffff5ec0000 - 0x00007ffff5eca000 	C:\Windows\System32\rasadhlp.dll
0x00007ffff5190000 - 0x00007ffff5210000 	C:\WINDOWS\System32\fwpuclnt.dll
0x00007ffffec90000 - 0x00007ffffecb7000 	C:\WINDOWS\System32\bcrypt.dll
0x00007ffffe440000 - 0x00007ffffe458000 	C:\WINDOWS\SYSTEM32\CRYPTSP.dll
0x00007ffffdb40000 - 0x00007ffffdb74000 	C:\WINDOWS\system32\rsaenh.dll
0x00007ffffe9c0000 - 0x00007ffffe9ee000 	C:\WINDOWS\SYSTEM32\USERENV.dll
0x00007ffffe460000 - 0x00007ffffe46c000 	C:\WINDOWS\SYSTEM32\CRYPTBASE.dll
0x00007ffff66b0000 - 0x00007ffff66c7000 	C:\WINDOWS\SYSTEM32\dhcpcsvc6.DLL
0x00007ffff65a0000 - 0x00007ffff65bd000 	C:\WINDOWS\SYSTEM32\dhcpcsvc.DLL

dbghelp: loaded successfully - version: 4.0.5 - missing functions: none
symbol engine: initialized successfully - sym options: 0x614 - pdb path: .;C:\Program Files\BellSoft\LibericaJDK-11\bin;C:\WINDOWS\SYSTEM32;C:\WINDOWS\WinSxS\amd64_microsoft.windows.common-controls_6595b64144ccf1df_6.0.19041.1110_none_60b5254171f9507e;C:\Program Files\BellSoft\LibericaJDK-11\bin\server

VM Arguments:
jvm_args: -Dfile.encoding=windows-1251 -Duser.country=RU -Duser.language=ru -Duser.variant 
java_command: com.example.demo.ReactiveSpringApplication -Dspring.local.active=test
java_class_path (initial): C:\Users\V\IdeaProjects\spingexamples\reactive-spring\build\classes\java\main;C:\Users\V\IdeaProjects\spingexamples\reactive-spring\build\resources\main;C:\Users\V\.gradle\caches\modules-2\files-2.1\org.springframework.boot\spring-boot-devtools\2.7.2\a59185396e6654c3fe0181bb4d4a083754c6214d\spring-boot-devtools-2.7.2.jar;C:\Users\V\.gradle\caches\modules-2\files-2.1\org.springframework.boot\spring-boot-starter-webflux\2.7.2\ad37b43554148d6b41dbab1a69a0bbf189b6b513\spring-boot-starter-webflux-2.7.2.jar;C:\Users\V\.gradle\caches\modules-2\files-2.1\io.r2dbc\r2dbc-h2\0.9.1.RELEASE\a83908d6b41a50265c077c39e834fe4993a4b546\r2dbc-h2-0.9.1.RELEASE.jar;C:\Users\V\.gradle\caches\modules-2\files-2.1\com.h2database\h2\2.1.214\d5c2005c9e3279201e12d4776c948578b16bf8b2\h2-2.1.214.jar;C:\Users\V\.gradle\caches\modules-2\files-2.1\org.springframework.boot\spring-boot-starter-data-r2dbc\2.7.2\a96721bdc4665dfae738eaeb8c78e3cdf760d41b\spring-boot-starter-data-r2dbc-2.7.2.jar;C:\Users\V\.gradle\caches\modules-2\files-2.1\org.springframework.data\spring-data-r2dbc\1.5.2\ee5f0beda65025322e0612ed382d080f6d8ec0e7\spring-data-r2dbc-1.5.2.jar;C:\Users\V\.gradle\caches\modules-2\files-2.1\io.r2dbc\r2dbc-pool\0.9.0.RELEASE\7ac02c5c02ec3f05ef9e72d66fc75e9efae614f\r2dbc-pool-0.9.0.RELEASE.jar;C:\Users\V\.gradle\caches\modules-2\files-2.1\org.springframework\spring-r2dbc\5.3.22\e4691cafe86e22039f0b8ac6adab107b6e942dbc\spring-r2dbc-5.3.22.jar;C:\Users\V\.gradle\caches\modules-2\files-2.1\io.r2dbc\r2dbc-spi\1.0.0.RELEASE\e3d15b2d27fdb8fdb76a181b21d5c752adf1d165\r2dbc-spi-1.0.0.RELEASE.jar;C:\Users\V\.gradle\caches\modules-2\files-2.1\org.springframework.data\spring-data-relational\2.4.2\9b4069eecee943d12f1c23cfd23a861b8e1f5cb6\spring-data-relational-2.4.2.jar;C:\Users\V\.gradle\caches\modules-2\files-2.1\org.springframework.data\spring-data-commons\2.7.2\9547d1234cb380234066aef60129bb2ddfdc6347\spring-data-commons-2.7.2.jar;C:\Users\V\.gradle\caches\modules-2\files-2.1\
Launcher Type: SUN_STANDARD

[Global flags]
     intx CICompilerCount                          = 4                                         {product} {ergonomic}
     uint ConcGCThreads                            = 3                                         {product} {ergonomic}
     uint G1ConcRefinementThreads                  = 10                                        {product} {ergonomic}
   size_t G1HeapRegionSize                         = 1048576                                   {product} {ergonomic}
    uintx GCDrainStackTargetSize                   = 64                                        {product} {ergonomic}
   size_t InitialHeapSize                          = 257949696                                 {product} {ergonomic}
   size_t MarkStackSize                            = 4194304                                   {product} {ergonomic}
   size_t MaxHeapSize                              = 4127195136                                {product} {ergonomic}
   size_t MaxNewSize                               = 2475687936                                {product} {ergonomic}
   size_t MinHeapDeltaBytes                        = 1048576                                   {product} {ergonomic}
    uintx NonNMethodCodeHeapSize                   = 5836300                                {pd product} {ergonomic}
    uintx NonProfiledCodeHeapSize                  = 122910970                              {pd product} {ergonomic}
    uintx ProfiledCodeHeapSize                     = 122910970                              {pd product} {ergonomic}
    uintx ReservedCodeCacheSize                    = 251658240                              {pd product} {ergonomic}
     bool SegmentedCodeCache                       = true                                      {product} {ergonomic}
     bool UseCompressedClassPointers               = true                                 {lp64_product} {ergonomic}
     bool UseCompressedOops                        = true                                 {lp64_product} {ergonomic}
     bool UseG1GC                                  = true                                      {product} {ergonomic}
     bool UseLargePagesIndividualAllocation        = false                                  {pd product} {ergonomic}

Logging:
Log output configuration:
 #0: stdout all=warning uptime,level,tags
 #1: stderr all=off uptime,level,tags

Environment Variables:
JAVA_HOME=C:\Program Files\BellSoft\LibericaJDK-11\
PATH=C:\Python310\Scripts\;C:\Python310\;C:\Program Files\BellSoft\LibericaJDK-11\bin\;C:\WINDOWS\system32;C:\WINDOWS;C:\WINDOWS\System32\Wbem;C:\WINDOWS\System32\WindowsPowerShell\v1.0\;C:\WINDOWS\System32\OpenSSH\;C:\Program Files\Git\cmd;C:\ProgramData\chocolatey\bin;;C:\Program Files\Docker\Docker\resources\bin;C:\ProgramData\DockerDesktop\version-bin;C:\Users\V\AppData\Local\Microsoft\WindowsApps;
USERNAME=V
OS=Windows_NT
PROCESSOR_IDENTIFIER=AMD64 Family 23 Model 96 Stepping 1, AuthenticAMD



---------------  S Y S T E M  ---------------

OS: Windows 10 , 64 bit Build 19041 (10.0.19041.1806)
OS uptime: 11 days 2:42 hours
Hyper-V role detected

CPU:total 12 (initial active 12) (12 cores per cpu, 2 threads per core) family 23 model 96 stepping 1 microcode 0x0, cmov, cx8, fxsr, mmx, sse, sse2, sse3, ssse3, sse4.1, sse4.2, popcnt, avx, avx2, aes, clmul, mmxext, 3dnowpref, lzcnt, sse4a, ht, tsc, tscinvbit, tscinv, bmi1, bmi2, adx, sha, fma

Memory: 4k page, system-wide physical 15741M (16M free)
TotalPageFile size 30741M (AvailPageFile size 70M)
current process WorkingSet (physical memory assigned to process): 394M, peak: 394M
current process commit charge ("private bytes"): 462M, peak: 529M

vm_info: OpenJDK 64-Bit Server VM (11.0.15.1+2-LTS) for windows-amd64 JRE (11.0.15.1+2-LTS), built on May 26 2022 19:26:10 by "" with unknown MS VC++:1916

END.
