#
# There is insufficient memory for the Java Runtime Environment to continue.
# Native memory allocation (malloc) failed to allocate 1880656 bytes for Chunk::new
# Possible reasons:
#   The system is out of physical RAM or swap space
#   The process is running with CompressedOops enabled, and the Java Heap may be blocking the growth of the native heap
# Possible solutions:
#   Reduce memory load on the system
#   Increase physical memory or swap space
#   Check if swap backing store is full
#   Decrease Java heap size (-Xmx/-Xms)
#   Decrease number of Java threads
#   Decrease Java thread stack sizes (-Xss)
#   Set larger code cache with -XX:ReservedCodeCacheSize=
#   JVM is running with Zero Based Compressed Oops mode in which the Java heap is
#     placed in the first 32GB address space. The Java Heap base address is the
#     maximum limit for the native heap growth. Please use -XX:HeapBaseMinAddress
#     to set the Java Heap base and to place the Java Heap above 32GB virtual address.
# This output file may be truncated or incomplete.
#
#  Out of Memory Error (./src/hotspot/share/memory/arena.cpp:197), pid=343524, tid=343280
#
# JRE version: OpenJDK Runtime Environment (11.0.15.1+2) (build 11.0.15.1+2-LTS)
# Java VM: OpenJDK 64-Bit Server VM (11.0.15.1+2-LTS, mixed mode, tiered, compressed oops, g1 gc, windows-amd64)
# No core dump will be written. Minidumps are not enabled by default on client versions of Windows
#

---------------  S U M M A R Y ------------

Command Line: -Dfile.encoding=windows-1251 -Duser.country=RU -Duser.language=ru -Duser.variant com.example.demo.ReactiveSpringApplication -Dspring.local.active=test

Host: AMD Ryzen 5 4600H with Radeon Graphics         , 12 cores, 15G,  Windows 10 , 64 bit Build 19041 (10.0.19041.1806)
Time: Thu Aug 11 16:58:09 2022 RTZ 2 (s 10 , 64 bit Build 19041 (10.0.19041.1806) elapsed time: 3.869900 seconds (0d 0h 0m 3s)

---------------  T H R E A D  ---------------

Current thread (0x00000161e107f000):  JavaThread "C2 CompilerThread1" daemon [_thread_in_native, id=343280, stack(0x00000007b7100000,0x00000007b7200000)]


Current CompileTask:
C2:   3869 3115   !   4       jdk.internal.loader.BuiltinClassLoader::loadClassOrNull (143 bytes)

Stack: [0x00000007b7100000,0x00000007b7200000]
Native frames: (J=compiled Java code, j=interpreted, Vv=VM code, C=native code)
V  [jvm.dll+0x61a02a]
V  [jvm.dll+0x7a4a49]
V  [jvm.dll+0x7a6229]
V  [jvm.dll+0x7a6913]
V  [jvm.dll+0x24dfe8]
V  [jvm.dll+0xc21fc]
V  [jvm.dll+0xc27bc]
V  [jvm.dll+0x357537]
V  [jvm.dll+0x3237d3]
V  [jvm.dll+0x322b0a]
V  [jvm.dll+0x207985]
V  [jvm.dll+0x206b9d]
V  [jvm.dll+0x18a411]
V  [jvm.dll+0x216004]
V  [jvm.dll+0x21424b]
V  [jvm.dll+0x767850]
V  [jvm.dll+0x7606e4]
V  [jvm.dll+0x618e86]
C  [ucrtbase.dll+0x21bb2]
C  [KERNEL32.DLL+0x17034]
C  [ntdll.dll+0x52651]


---------------  P R O C E S S  ---------------

Threads class SMR info:
_java_thread_list=0x00000161e1b95550, length=14, elements={
0x00000161b9909800, 0x00000161dd533000, 0x00000161dddea000, 0x00000161dde40000,
0x00000161dde41000, 0x00000161dde42000, 0x00000161dde45800, 0x00000161dde4d000,
0x00000161dd55e000, 0x00000161de01e000, 0x00000161de911000, 0x00000161debf2800,
0x00000161e107f000, 0x00000161e1b91000
}

Java Threads: ( => current thread )
  0x00000161b9909800 JavaThread "main" [_thread_blocked, id=343180, stack(0x00000007b5900000,0x00000007b5a00000)]
  0x00000161dd533000 JavaThread "Reference Handler" daemon [_thread_blocked, id=343188, stack(0x00000007b6000000,0x00000007b6100000)]
  0x00000161dddea000 JavaThread "Finalizer" daemon [_thread_blocked, id=343176, stack(0x00000007b6100000,0x00000007b6200000)]
  0x00000161dde40000 JavaThread "Signal Dispatcher" daemon [_thread_blocked, id=343192, stack(0x00000007b6200000,0x00000007b6300000)]
  0x00000161dde41000 JavaThread "Attach Listener" daemon [_thread_blocked, id=343168, stack(0x00000007b6300000,0x00000007b6400000)]
  0x00000161dde42000 JavaThread "Service Thread" daemon [_thread_blocked, id=343172, stack(0x00000007b6400000,0x00000007b6500000)]
  0x00000161dde45800 JavaThread "C2 CompilerThread0" daemon [_thread_blocked, id=343164, stack(0x00000007b6500000,0x00000007b6600000)]
  0x00000161dde4d000 JavaThread "C1 CompilerThread0" daemon [_thread_blocked, id=343160, stack(0x00000007b6600000,0x00000007b6700000)]
  0x00000161dd55e000 JavaThread "Sweeper thread" daemon [_thread_blocked, id=343156, stack(0x00000007b6700000,0x00000007b6800000)]
  0x00000161de01e000 JavaThread "Common-Cleaner" daemon [_thread_blocked, id=341616, stack(0x00000007b6900000,0x00000007b6a00000)]
  0x00000161de911000 JavaThread "Thread-0" [_thread_blocked, id=343680, stack(0x00000007b6a00000,0x00000007b6b00000)]
  0x00000161debf2800 JavaThread "restartedMain" [_thread_in_vm, id=343696, stack(0x00000007b6b00000,0x00000007b6c00000)]
=>0x00000161e107f000 JavaThread "C2 CompilerThread1" daemon [_thread_in_native, id=343280, stack(0x00000007b7100000,0x00000007b7200000)]
  0x00000161e1b91000 JavaThread "boundedElastic-evictor-1" daemon [_thread_blocked, id=322548, stack(0x00000007b7600000,0x00000007b7700000)]

Other Threads:
  0x00000161dd530000 VMThread "VM Thread" [stack: 0x00000007b5f00000,0x00000007b6000000] [id=343184]
  0x00000161de019000 WatcherThread [stack: 0x00000007b6800000,0x00000007b6900000] [id=343152]
  0x00000161b9920000 GCTaskThread "GC Thread#0" [stack: 0x00000007b5a00000,0x00000007b5b00000] [id=334992]
  0x00000161dec70000 GCTaskThread "GC Thread#1" [stack: 0x00000007b6c00000,0x00000007b6d00000] [id=343676]
  0x00000161deb6c000 GCTaskThread "GC Thread#2" [stack: 0x00000007b6d00000,0x00000007b6e00000] [id=343672]
  0x00000161deb3f800 GCTaskThread "GC Thread#3" [stack: 0x00000007b6e00000,0x00000007b6f00000] [id=343668]
  0x00000161deb40000 GCTaskThread "GC Thread#4" [stack: 0x00000007b6f00000,0x00000007b7000000] [id=343684]
  0x00000161debbb800 GCTaskThread "GC Thread#5" [stack: 0x00000007b7000000,0x00000007b7100000] [id=343664]
  0x00000161df506000 GCTaskThread "GC Thread#6" [stack: 0x00000007b7200000,0x00000007b7300000] [id=343704]
  0x00000161df33d000 GCTaskThread "GC Thread#7" [stack: 0x00000007b7300000,0x00000007b7400000] [id=343728]
  0x00000161b997b000 ConcurrentGCThread "G1 Main Marker" [stack: 0x00000007b5b00000,0x00000007b5c00000] [id=335608]
  0x00000161b997e000 ConcurrentGCThread "G1 Conc#0" [stack: 0x00000007b5c00000,0x00000007b5d00000] [id=343204]
  0x00000161dec64800 ConcurrentGCThread "G1 Conc#1" [stack: 0x00000007b7400000,0x00000007b7500000] [id=343744]
  0x00000161dec65800 ConcurrentGCThread "G1 Conc#2" [stack: 0x00000007b7500000,0x00000007b7600000] [id=343700]
  0x00000161dd413000 ConcurrentGCThread "G1 Refine#0" [stack: 0x00000007b5d00000,0x00000007b5e00000] [id=343200]
  0x00000161dd415000 ConcurrentGCThread "G1 Young RemSet Sampling" [stack: 0x00000007b5e00000,0x00000007b5f00000] [id=343148]

Threads with active compile tasks:
C2 CompilerThread1     3890 3115   !   4       jdk.internal.loader.BuiltinClassLoader::loadClassOrNull (143 bytes)

VM state:not at safepoint (normal execution)

VM Mutex/Monitor currently owned by a thread: None

Heap address: 0x00000004dc000000, size: 3936 MB, Compressed Oops mode: Zero based, Oop shift amount: 3
Narrow klass base: 0x0000000000000000, Narrow klass shift: 3
Compressed class space size: 1073741824 Address: 0x00000005d2000000

Heap:
 garbage-first heap   total 251904K, used 24990K [0x00000004dc000000, 0x00000005d2000000)
  region size 1024K, 20 young (20480K), 4 survivors (4096K)
 Metaspace       used 34214K, capacity 35103K, committed 35376K, reserved 1081344K
  class space    used 4048K, capacity 4385K, committed 4480K, reserved 1048576K
Heap Regions: E=young(eden), S=young(survivor), O=old, HS=humongous(starts), HC=humongous(continues), CS=collection set, F=free, A=archive, TAMS=top-at-mark-start (previous, next)
|   0|0x00000004dc000000, 0x00000004dc100000, 0x00000004dc100000|100%| O|  |TAMS 0x00000004dc100000, 0x00000004dc000000| Untracked 
|   1|0x00000004dc100000, 0x00000004dc200000, 0x00000004dc200000|100%| O|  |TAMS 0x00000004dc189c00, 0x00000004dc100000| Untracked 
|   2|0x00000004dc200000, 0x00000004dc300000, 0x00000004dc300000|100%| O|  |TAMS 0x00000004dc200000, 0x00000004dc200000| Untracked 
|   3|0x00000004dc300000, 0x00000004dc400000, 0x00000004dc400000|100%| O|  |TAMS 0x00000004dc300000, 0x00000004dc300000| Untracked 
|   4|0x00000004dc400000, 0x00000004dc500000, 0x00000004dc500000|100%| O|  |TAMS 0x00000004dc400000, 0x00000004dc400000| Untracked 
|   5|0x00000004dc500000, 0x00000004dc600000, 0x00000004dc600000|100%| O|  |TAMS 0x00000004dc500000, 0x00000004dc500000| Untracked 
|   6|0x00000004dc600000, 0x00000004dc619400, 0x00000004dc700000|  9%| O|  |TAMS 0x00000004dc600000, 0x00000004dc600000| Untracked 
|   7|0x00000004dc700000, 0x00000004dc700000, 0x00000004dc800000|  0%| F|  |TAMS 0x00000004dc700000, 0x00000004dc700000| Untracked 
|   8|0x00000004dc800000, 0x00000004dc800000, 0x00000004dc900000|  0%| F|  |TAMS 0x00000004dc800000, 0x00000004dc800000| Untracked 
|   9|0x00000004dc900000, 0x00000004dc900000, 0x00000004dca00000|  0%| F|  |TAMS 0x00000004dc900000, 0x00000004dc900000| Untracked 
|  10|0x00000004dca00000, 0x00000004dca00000, 0x00000004dcb00000|  0%| F|  |TAMS 0x00000004dca00000, 0x00000004dca00000| Untracked 
|  11|0x00000004dcb00000, 0x00000004dcb00000, 0x00000004dcc00000|  0%| F|  |TAMS 0x00000004dcb00000, 0x00000004dcb00000| Untracked 
|  12|0x00000004dcc00000, 0x00000004dcc00000, 0x00000004dcd00000|  0%| F|  |TAMS 0x00000004dcc00000, 0x00000004dcc00000| Untracked 
|  13|0x00000004dcd00000, 0x00000004dcd00000, 0x00000004dce00000|  0%| F|  |TAMS 0x00000004dcd00000, 0x00000004dcd00000| Untracked 
|  14|0x00000004dce00000, 0x00000004dce00000, 0x00000004dcf00000|  0%| F|  |TAMS 0x00000004dce00000, 0x00000004dce00000| Untracked 
|  15|0x00000004dcf00000, 0x00000004dcf00000, 0x00000004dd000000|  0%| F|  |TAMS 0x00000004dcf00000, 0x00000004dcf00000| Untracked 
|  16|0x00000004dd000000, 0x00000004dd000000, 0x00000004dd100000|  0%| F|  |TAMS 0x00000004dd000000, 0x00000004dd000000| Untracked 
|  17|0x00000004dd100000, 0x00000004dd100000, 0x00000004dd200000|  0%| F|  |TAMS 0x00000004dd100000, 0x00000004dd100000| Untracked 
|  18|0x00000004dd200000, 0x00000004dd200000, 0x00000004dd300000|  0%| F|  |TAMS 0x00000004dd200000, 0x00000004dd200000| Untracked 
|  19|0x00000004dd300000, 0x00000004dd300000, 0x00000004dd400000|  0%| F|  |TAMS 0x00000004dd300000, 0x00000004dd300000| Untracked 
|  20|0x00000004dd400000, 0x00000004dd400000, 0x00000004dd500000|  0%| F|  |TAMS 0x00000004dd400000, 0x00000004dd400000| Untracked 
|  21|0x00000004dd500000, 0x00000004dd500000, 0x00000004dd600000|  0%| F|  |TAMS 0x00000004dd500000, 0x00000004dd500000| Untracked 
|  22|0x00000004dd600000, 0x00000004dd600000, 0x00000004dd700000|  0%| F|  |TAMS 0x00000004dd600000, 0x00000004dd600000| Untracked 
|  23|0x00000004dd700000, 0x00000004dd700000, 0x00000004dd800000|  0%| F|  |TAMS 0x00000004dd700000, 0x00000004dd700000| Untracked 
|  24|0x00000004dd800000, 0x00000004dd800000, 0x00000004dd900000|  0%| F|  |TAMS 0x00000004dd800000, 0x00000004dd800000| Untracked 
|  25|0x00000004dd900000, 0x00000004dd900000, 0x00000004dda00000|  0%| F|  |TAMS 0x00000004dd900000, 0x00000004dd900000| Untracked 
|  26|0x00000004dda00000, 0x00000004dda00000, 0x00000004ddb00000|  0%| F|  |TAMS 0x00000004dda00000, 0x00000004dda00000| Untracked 
|  27|0x00000004ddb00000, 0x00000004ddb00000, 0x00000004ddc00000|  0%| F|  |TAMS 0x00000004ddb00000, 0x00000004ddb00000| Untracked 
|  28|0x00000004ddc00000, 0x00000004ddc00000, 0x00000004ddd00000|  0%| F|  |TAMS 0x00000004ddc00000, 0x00000004ddc00000| Untracked 
|  29|0x00000004ddd00000, 0x00000004ddd00000, 0x00000004dde00000|  0%| F|  |TAMS 0x00000004ddd00000, 0x00000004ddd00000| Untracked 
|  30|0x00000004dde00000, 0x00000004dde00000, 0x00000004ddf00000|  0%| F|  |TAMS 0x00000004dde00000, 0x00000004dde00000| Untracked 
|  31|0x00000004ddf00000, 0x00000004ddf00000, 0x00000004de000000|  0%| F|  |TAMS 0x00000004ddf00000, 0x00000004ddf00000| Untracked 
|  32|0x00000004de000000, 0x00000004de000000, 0x00000004de100000|  0%| F|  |TAMS 0x00000004de000000, 0x00000004de000000| Untracked 
|  33|0x00000004de100000, 0x00000004de100000, 0x00000004de200000|  0%| F|  |TAMS 0x00000004de100000, 0x00000004de100000| Untracked 
|  34|0x00000004de200000, 0x00000004de200000, 0x00000004de300000|  0%| F|  |TAMS 0x00000004de200000, 0x00000004de200000| Untracked 
|  35|0x00000004de300000, 0x00000004de300000, 0x00000004de400000|  0%| F|  |TAMS 0x00000004de300000, 0x00000004de300000| Untracked 
|  36|0x00000004de400000, 0x00000004de400000, 0x00000004de500000|  0%| F|  |TAMS 0x00000004de400000, 0x00000004de400000| Untracked 
|  37|0x00000004de500000, 0x00000004de500000, 0x00000004de600000|  0%| F|  |TAMS 0x00000004de500000, 0x00000004de500000| Untracked 
|  38|0x00000004de600000, 0x00000004de600000, 0x00000004de700000|  0%| F|  |TAMS 0x00000004de600000, 0x00000004de600000| Untracked 
|  39|0x00000004de700000, 0x00000004de700000, 0x00000004de800000|  0%| F|  |TAMS 0x00000004de700000, 0x00000004de700000| Untracked 
|  40|0x00000004de800000, 0x00000004de800000, 0x00000004de900000|  0%| F|  |TAMS 0x00000004de800000, 0x00000004de800000| Untracked 
|  41|0x00000004de900000, 0x00000004de900000, 0x00000004dea00000|  0%| F|  |TAMS 0x00000004de900000, 0x00000004de900000| Untracked 
|  42|0x00000004dea00000, 0x00000004dea00000, 0x00000004deb00000|  0%| F|  |TAMS 0x00000004dea00000, 0x00000004dea00000| Untracked 
|  43|0x00000004deb00000, 0x00000004deb00000, 0x00000004dec00000|  0%| F|  |TAMS 0x00000004deb00000, 0x00000004deb00000| Untracked 
|  44|0x00000004dec00000, 0x00000004dec00000, 0x00000004ded00000|  0%| F|  |TAMS 0x00000004dec00000, 0x00000004dec00000| Untracked 
|  45|0x00000004ded00000, 0x00000004ded00000, 0x00000004dee00000|  0%| F|  |TAMS 0x00000004ded00000, 0x00000004ded00000| Untracked 
|  46|0x00000004dee00000, 0x00000004dee00000, 0x00000004def00000|  0%| F|  |TAMS 0x00000004dee00000, 0x00000004dee00000| Untracked 
|  47|0x00000004def00000, 0x00000004def00000, 0x00000004df000000|  0%| F|  |TAMS 0x00000004def00000, 0x00000004def00000| Untracked 
|  48|0x00000004df000000, 0x00000004df000000, 0x00000004df100000|  0%| F|  |TAMS 0x00000004df000000, 0x00000004df000000| Untracked 
|  49|0x00000004df100000, 0x00000004df100000, 0x00000004df200000|  0%| F|  |TAMS 0x00000004df100000, 0x00000004df100000| Untracked 
|  50|0x00000004df200000, 0x00000004df200000, 0x00000004df300000|  0%| F|  |TAMS 0x00000004df200000, 0x00000004df200000| Untracked 
|  51|0x00000004df300000, 0x00000004df300000, 0x00000004df400000|  0%| F|  |TAMS 0x00000004df300000, 0x00000004df300000| Untracked 
|  52|0x00000004df400000, 0x00000004df400000, 0x00000004df500000|  0%| F|  |TAMS 0x00000004df400000, 0x00000004df400000| Untracked 
|  53|0x00000004df500000, 0x00000004df500000, 0x00000004df600000|  0%| F|  |TAMS 0x00000004df500000, 0x00000004df500000| Untracked 
|  54|0x00000004df600000, 0x00000004df600000, 0x00000004df700000|  0%| F|  |TAMS 0x00000004df600000, 0x00000004df600000| Untracked 
|  55|0x00000004df700000, 0x00000004df700000, 0x00000004df800000|  0%| F|  |TAMS 0x00000004df700000, 0x00000004df700000| Untracked 
|  56|0x00000004df800000, 0x00000004df800000, 0x00000004df900000|  0%| F|  |TAMS 0x00000004df800000, 0x00000004df800000| Untracked 
|  57|0x00000004df900000, 0x00000004df900000, 0x00000004dfa00000|  0%| F|  |TAMS 0x00000004df900000, 0x00000004df900000| Untracked 
|  58|0x00000004dfa00000, 0x00000004dfa00000, 0x00000004dfb00000|  0%| F|  |TAMS 0x00000004dfa00000, 0x00000004dfa00000| Untracked 
|  59|0x00000004dfb00000, 0x00000004dfb00000, 0x00000004dfc00000|  0%| F|  |TAMS 0x00000004dfb00000, 0x00000004dfb00000| Untracked 
|  60|0x00000004dfc00000, 0x00000004dfc00000, 0x00000004dfd00000|  0%| F|  |TAMS 0x00000004dfc00000, 0x00000004dfc00000| Untracked 
|  61|0x00000004dfd00000, 0x00000004dfd00000, 0x00000004dfe00000|  0%| F|  |TAMS 0x00000004dfd00000, 0x00000004dfd00000| Untracked 
|  62|0x00000004dfe00000, 0x00000004dfe00000, 0x00000004dff00000|  0%| F|  |TAMS 0x00000004dfe00000, 0x00000004dfe00000| Untracked 
|  63|0x00000004dff00000, 0x00000004dff00000, 0x00000004e0000000|  0%| F|  |TAMS 0x00000004dff00000, 0x00000004dff00000| Untracked 
|  64|0x00000004e0000000, 0x00000004e0000000, 0x00000004e0100000|  0%| F|  |TAMS 0x00000004e0000000, 0x00000004e0000000| Untracked 
|  65|0x00000004e0100000, 0x00000004e0100000, 0x00000004e0200000|  0%| F|  |TAMS 0x00000004e0100000, 0x00000004e0100000| Untracked 
|  66|0x00000004e0200000, 0x00000004e0200000, 0x00000004e0300000|  0%| F|  |TAMS 0x00000004e0200000, 0x00000004e0200000| Untracked 
|  67|0x00000004e0300000, 0x00000004e0300000, 0x00000004e0400000|  0%| F|  |TAMS 0x00000004e0300000, 0x00000004e0300000| Untracked 
|  68|0x00000004e0400000, 0x00000004e0400000, 0x00000004e0500000|  0%| F|  |TAMS 0x00000004e0400000, 0x00000004e0400000| Untracked 
|  69|0x00000004e0500000, 0x00000004e0500000, 0x00000004e0600000|  0%| F|  |TAMS 0x00000004e0500000, 0x00000004e0500000| Untracked 
|  70|0x00000004e0600000, 0x00000004e0600000, 0x00000004e0700000|  0%| F|  |TAMS 0x00000004e0600000, 0x00000004e0600000| Untracked 
|  71|0x00000004e0700000, 0x00000004e0700000, 0x00000004e0800000|  0%| F|  |TAMS 0x00000004e0700000, 0x00000004e0700000| Untracked 
|  72|0x00000004e0800000, 0x00000004e0800000, 0x00000004e0900000|  0%| F|  |TAMS 0x00000004e0800000, 0x00000004e0800000| Untracked 
|  73|0x00000004e0900000, 0x00000004e0900000, 0x00000004e0a00000|  0%| F|  |TAMS 0x00000004e0900000, 0x00000004e0900000| Untracked 
|  74|0x00000004e0a00000, 0x00000004e0a00000, 0x00000004e0b00000|  0%| F|  |TAMS 0x00000004e0a00000, 0x00000004e0a00000| Untracked 
|  75|0x00000004e0b00000, 0x00000004e0b00000, 0x00000004e0c00000|  0%| F|  |TAMS 0x00000004e0b00000, 0x00000004e0b00000| Untracked 
|  76|0x00000004e0c00000, 0x00000004e0c00000, 0x00000004e0d00000|  0%| F|  |TAMS 0x00000004e0c00000, 0x00000004e0c00000| Untracked 
|  77|0x00000004e0d00000, 0x00000004e0d00000, 0x00000004e0e00000|  0%| F|  |TAMS 0x00000004e0d00000, 0x00000004e0d00000| Untracked 
|  78|0x00000004e0e00000, 0x00000004e0e00000, 0x00000004e0f00000|  0%| F|  |TAMS 0x00000004e0e00000, 0x00000004e0e00000| Untracked 
|  79|0x00000004e0f00000, 0x00000004e0f00000, 0x00000004e1000000|  0%| F|  |TAMS 0x00000004e0f00000, 0x00000004e0f00000| Untracked 
|  80|0x00000004e1000000, 0x00000004e1000000, 0x00000004e1100000|  0%| F|  |TAMS 0x00000004e1000000, 0x00000004e1000000| Untracked 
|  81|0x00000004e1100000, 0x00000004e1100000, 0x00000004e1200000|  0%| F|  |TAMS 0x00000004e1100000, 0x00000004e1100000| Untracked 
|  82|0x00000004e1200000, 0x00000004e1200000, 0x00000004e1300000|  0%| F|  |TAMS 0x00000004e1200000, 0x00000004e1200000| Untracked 
|  83|0x00000004e1300000, 0x00000004e1300000, 0x00000004e1400000|  0%| F|  |TAMS 0x00000004e1300000, 0x00000004e1300000| Untracked 
|  84|0x00000004e1400000, 0x00000004e1400000, 0x00000004e1500000|  0%| F|  |TAMS 0x00000004e1400000, 0x00000004e1400000| Untracked 
|  85|0x00000004e1500000, 0x00000004e1500000, 0x00000004e1600000|  0%| F|  |TAMS 0x00000004e1500000, 0x00000004e1500000| Untracked 
|  86|0x00000004e1600000, 0x00000004e1600000, 0x00000004e1700000|  0%| F|  |TAMS 0x00000004e1600000, 0x00000004e1600000| Untracked 
|  87|0x00000004e1700000, 0x00000004e1700000, 0x00000004e1800000|  0%| F|  |TAMS 0x00000004e1700000, 0x00000004e1700000| Untracked 
|  88|0x00000004e1800000, 0x00000004e1800000, 0x00000004e1900000|  0%| F|  |TAMS 0x00000004e1800000, 0x00000004e1800000| Untracked 
|  89|0x00000004e1900000, 0x00000004e1900000, 0x00000004e1a00000|  0%| F|  |TAMS 0x00000004e1900000, 0x00000004e1900000| Untracked 
|  90|0x00000004e1a00000, 0x00000004e1a00000, 0x00000004e1b00000|  0%| F|  |TAMS 0x00000004e1a00000, 0x00000004e1a00000| Untracked 
|  91|0x00000004e1b00000, 0x00000004e1b00000, 0x00000004e1c00000|  0%| F|  |TAMS 0x00000004e1b00000, 0x00000004e1b00000| Untracked 
|  92|0x00000004e1c00000, 0x00000004e1c00000, 0x00000004e1d00000|  0%| F|  |TAMS 0x00000004e1c00000, 0x00000004e1c00000| Untracked 
|  93|0x00000004e1d00000, 0x00000004e1d00000, 0x00000004e1e00000|  0%| F|  |TAMS 0x00000004e1d00000, 0x00000004e1d00000| Untracked 
|  94|0x00000004e1e00000, 0x00000004e1e00000, 0x00000004e1f00000|  0%| F|  |TAMS 0x00000004e1e00000, 0x00000004e1e00000| Untracked 
|  95|0x00000004e1f00000, 0x00000004e1f00000, 0x00000004e2000000|  0%| F|  |TAMS 0x00000004e1f00000, 0x00000004e1f00000| Untracked 
|  96|0x00000004e2000000, 0x00000004e2000000, 0x00000004e2100000|  0%| F|  |TAMS 0x00000004e2000000, 0x00000004e2000000| Untracked 
|  97|0x00000004e2100000, 0x00000004e2100000, 0x00000004e2200000|  0%| F|  |TAMS 0x00000004e2100000, 0x00000004e2100000| Untracked 
|  98|0x00000004e2200000, 0x00000004e2200000, 0x00000004e2300000|  0%| F|  |TAMS 0x00000004e2200000, 0x00000004e2200000| Untracked 
|  99|0x00000004e2300000, 0x00000004e2300000, 0x00000004e2400000|  0%| F|  |TAMS 0x00000004e2300000, 0x00000004e2300000| Untracked 
| 100|0x00000004e2400000, 0x00000004e2400000, 0x00000004e2500000|  0%| F|  |TAMS 0x00000004e2400000, 0x00000004e2400000| Untracked 
| 101|0x00000004e2500000, 0x00000004e2500000, 0x00000004e2600000|  0%| F|  |TAMS 0x00000004e2500000, 0x00000004e2500000| Untracked 
| 102|0x00000004e2600000, 0x00000004e2600000, 0x00000004e2700000|  0%| F|  |TAMS 0x00000004e2600000, 0x00000004e2600000| Untracked 
| 103|0x00000004e2700000, 0x00000004e2700000, 0x00000004e2800000|  0%| F|  |TAMS 0x00000004e2700000, 0x00000004e2700000| Untracked 
| 104|0x00000004e2800000, 0x00000004e2800000, 0x00000004e2900000|  0%| F|  |TAMS 0x00000004e2800000, 0x00000004e2800000| Untracked 
| 105|0x00000004e2900000, 0x00000004e2900000, 0x00000004e2a00000|  0%| F|  |TAMS 0x00000004e2900000, 0x00000004e2900000| Untracked 
| 106|0x00000004e2a00000, 0x00000004e2a00000, 0x00000004e2b00000|  0%| F|  |TAMS 0x00000004e2a00000, 0x00000004e2a00000| Untracked 
| 107|0x00000004e2b00000, 0x00000004e2b00000, 0x00000004e2c00000|  0%| F|  |TAMS 0x00000004e2b00000, 0x00000004e2b00000| Untracked 
| 108|0x00000004e2c00000, 0x00000004e2c00000, 0x00000004e2d00000|  0%| F|  |TAMS 0x00000004e2c00000, 0x00000004e2c00000| Untracked 
| 109|0x00000004e2d00000, 0x00000004e2d00000, 0x00000004e2e00000|  0%| F|  |TAMS 0x00000004e2d00000, 0x00000004e2d00000| Untracked 
| 110|0x00000004e2e00000, 0x00000004e2e00000, 0x00000004e2f00000|  0%| F|  |TAMS 0x00000004e2e00000, 0x00000004e2e00000| Untracked 
| 111|0x00000004e2f00000, 0x00000004e2f00000, 0x00000004e3000000|  0%| F|  |TAMS 0x00000004e2f00000, 0x00000004e2f00000| Untracked 
| 112|0x00000004e3000000, 0x00000004e3000000, 0x00000004e3100000|  0%| F|  |TAMS 0x00000004e3000000, 0x00000004e3000000| Untracked 
| 113|0x00000004e3100000, 0x00000004e3100000, 0x00000004e3200000|  0%| F|  |TAMS 0x00000004e3100000, 0x00000004e3100000| Untracked 
| 114|0x00000004e3200000, 0x00000004e3200000, 0x00000004e3300000|  0%| F|  |TAMS 0x00000004e3200000, 0x00000004e3200000| Untracked 
| 115|0x00000004e3300000, 0x00000004e3300000, 0x00000004e3400000|  0%| F|  |TAMS 0x00000004e3300000, 0x00000004e3300000| Untracked 
| 116|0x00000004e3400000, 0x00000004e3400000, 0x00000004e3500000|  0%| F|  |TAMS 0x00000004e3400000, 0x00000004e3400000| Untracked 
| 117|0x00000004e3500000, 0x00000004e3500000, 0x00000004e3600000|  0%| F|  |TAMS 0x00000004e3500000, 0x00000004e3500000| Untracked 
| 118|0x00000004e3600000, 0x00000004e3600000, 0x00000004e3700000|  0%| F|  |TAMS 0x00000004e3600000, 0x00000004e3600000| Untracked 
| 119|0x00000004e3700000, 0x00000004e3700000, 0x00000004e3800000|  0%| F|  |TAMS 0x00000004e3700000, 0x00000004e3700000| Untracked 
| 120|0x00000004e3800000, 0x00000004e3800000, 0x00000004e3900000|  0%| F|  |TAMS 0x00000004e3800000, 0x00000004e3800000| Untracked 
| 121|0x00000004e3900000, 0x00000004e3900000, 0x00000004e3a00000|  0%| F|  |TAMS 0x00000004e3900000, 0x00000004e3900000| Untracked 
| 122|0x00000004e3a00000, 0x00000004e3a00000, 0x00000004e3b00000|  0%| F|  |TAMS 0x00000004e3a00000, 0x00000004e3a00000| Untracked 
| 123|0x00000004e3b00000, 0x00000004e3b00000, 0x00000004e3c00000|  0%| F|  |TAMS 0x00000004e3b00000, 0x00000004e3b00000| Untracked 
| 124|0x00000004e3c00000, 0x00000004e3c00000, 0x00000004e3d00000|  0%| F|  |TAMS 0x00000004e3c00000, 0x00000004e3c00000| Untracked 
| 125|0x00000004e3d00000, 0x00000004e3d00000, 0x00000004e3e00000|  0%| F|  |TAMS 0x00000004e3d00000, 0x00000004e3d00000| Untracked 
| 126|0x00000004e3e00000, 0x00000004e3e00000, 0x00000004e3f00000|  0%| F|  |TAMS 0x00000004e3e00000, 0x00000004e3e00000| Untracked 
| 127|0x00000004e3f00000, 0x00000004e3f00000, 0x00000004e4000000|  0%| F|  |TAMS 0x00000004e3f00000, 0x00000004e3f00000| Untracked 
| 128|0x00000004e4000000, 0x00000004e4000000, 0x00000004e4100000|  0%| F|  |TAMS 0x00000004e4000000, 0x00000004e4000000| Untracked 
| 129|0x00000004e4100000, 0x00000004e4100000, 0x00000004e4200000|  0%| F|  |TAMS 0x00000004e4100000, 0x00000004e4100000| Untracked 
| 130|0x00000004e4200000, 0x00000004e4200000, 0x00000004e4300000|  0%| F|  |TAMS 0x00000004e4200000, 0x00000004e4200000| Untracked 
| 131|0x00000004e4300000, 0x00000004e4300000, 0x00000004e4400000|  0%| F|  |TAMS 0x00000004e4300000, 0x00000004e4300000| Untracked 
| 132|0x00000004e4400000, 0x00000004e4400000, 0x00000004e4500000|  0%| F|  |TAMS 0x00000004e4400000, 0x00000004e4400000| Untracked 
| 133|0x00000004e4500000, 0x00000004e4500000, 0x00000004e4600000|  0%| F|  |TAMS 0x00000004e4500000, 0x00000004e4500000| Untracked 
| 134|0x00000004e4600000, 0x00000004e4600000, 0x00000004e4700000|  0%| F|  |TAMS 0x00000004e4600000, 0x00000004e4600000| Untracked 
| 135|0x00000004e4700000, 0x00000004e4700000, 0x00000004e4800000|  0%| F|  |TAMS 0x00000004e4700000, 0x00000004e4700000| Untracked 
| 136|0x00000004e4800000, 0x00000004e4800000, 0x00000004e4900000|  0%| F|  |TAMS 0x00000004e4800000, 0x00000004e4800000| Untracked 
| 137|0x00000004e4900000, 0x00000004e4900000, 0x00000004e4a00000|  0%| F|  |TAMS 0x00000004e4900000, 0x00000004e4900000| Untracked 
| 138|0x00000004e4a00000, 0x00000004e4a00000, 0x00000004e4b00000|  0%| F|  |TAMS 0x00000004e4a00000, 0x00000004e4a00000| Untracked 
| 139|0x00000004e4b00000, 0x00000004e4b00000, 0x00000004e4c00000|  0%| F|  |TAMS 0x00000004e4b00000, 0x00000004e4b00000| Untracked 
| 140|0x00000004e4c00000, 0x00000004e4c00000, 0x00000004e4d00000|  0%| F|  |TAMS 0x00000004e4c00000, 0x00000004e4c00000| Untracked 
| 141|0x00000004e4d00000, 0x00000004e4d00000, 0x00000004e4e00000|  0%| F|  |TAMS 0x00000004e4d00000, 0x00000004e4d00000| Untracked 
| 142|0x00000004e4e00000, 0x00000004e4e00000, 0x00000004e4f00000|  0%| F|  |TAMS 0x00000004e4e00000, 0x00000004e4e00000| Untracked 
| 143|0x00000004e4f00000, 0x00000004e4f00000, 0x00000004e5000000|  0%| F|  |TAMS 0x00000004e4f00000, 0x00000004e4f00000| Untracked 
| 144|0x00000004e5000000, 0x00000004e5000000, 0x00000004e5100000|  0%| F|  |TAMS 0x00000004e5000000, 0x00000004e5000000| Untracked 
| 145|0x00000004e5100000, 0x00000004e5100000, 0x00000004e5200000|  0%| F|  |TAMS 0x00000004e5100000, 0x00000004e5100000| Untracked 
| 146|0x00000004e5200000, 0x00000004e5200000, 0x00000004e5300000|  0%| F|  |TAMS 0x00000004e5200000, 0x00000004e5200000| Untracked 
| 147|0x00000004e5300000, 0x00000004e5300000, 0x00000004e5400000|  0%| F|  |TAMS 0x00000004e5300000, 0x00000004e5300000| Untracked 
| 148|0x00000004e5400000, 0x00000004e5400000, 0x00000004e5500000|  0%| F|  |TAMS 0x00000004e5400000, 0x00000004e5400000| Untracked 
| 149|0x00000004e5500000, 0x00000004e5500000, 0x00000004e5600000|  0%| F|  |TAMS 0x00000004e5500000, 0x00000004e5500000| Untracked 
| 150|0x00000004e5600000, 0x00000004e5600000, 0x00000004e5700000|  0%| F|  |TAMS 0x00000004e5600000, 0x00000004e5600000| Untracked 
| 151|0x00000004e5700000, 0x00000004e5700000, 0x00000004e5800000|  0%| F|  |TAMS 0x00000004e5700000, 0x00000004e5700000| Untracked 
| 152|0x00000004e5800000, 0x00000004e5800000, 0x00000004e5900000|  0%| F|  |TAMS 0x00000004e5800000, 0x00000004e5800000| Untracked 
| 153|0x00000004e5900000, 0x00000004e5900000, 0x00000004e5a00000|  0%| F|  |TAMS 0x00000004e5900000, 0x00000004e5900000| Untracked 
| 154|0x00000004e5a00000, 0x00000004e5a00000, 0x00000004e5b00000|  0%| F|  |TAMS 0x00000004e5a00000, 0x00000004e5a00000| Untracked 
| 155|0x00000004e5b00000, 0x00000004e5b00000, 0x00000004e5c00000|  0%| F|  |TAMS 0x00000004e5b00000, 0x00000004e5b00000| Untracked 
| 156|0x00000004e5c00000, 0x00000004e5c00000, 0x00000004e5d00000|  0%| F|  |TAMS 0x00000004e5c00000, 0x00000004e5c00000| Untracked 
| 157|0x00000004e5d00000, 0x00000004e5d00000, 0x00000004e5e00000|  0%| F|  |TAMS 0x00000004e5d00000, 0x00000004e5d00000| Untracked 
| 158|0x00000004e5e00000, 0x00000004e5e00000, 0x00000004e5f00000|  0%| F|  |TAMS 0x00000004e5e00000, 0x00000004e5e00000| Untracked 
| 159|0x00000004e5f00000, 0x00000004e5f00000, 0x00000004e6000000|  0%| F|  |TAMS 0x00000004e5f00000, 0x00000004e5f00000| Untracked 
| 160|0x00000004e6000000, 0x00000004e6000000, 0x00000004e6100000|  0%| F|  |TAMS 0x00000004e6000000, 0x00000004e6000000| Untracked 
| 161|0x00000004e6100000, 0x00000004e6100000, 0x00000004e6200000|  0%| F|  |TAMS 0x00000004e6100000, 0x00000004e6100000| Untracked 
| 162|0x00000004e6200000, 0x00000004e6200000, 0x00000004e6300000|  0%| F|  |TAMS 0x00000004e6200000, 0x00000004e6200000| Untracked 
| 163|0x00000004e6300000, 0x00000004e6300000, 0x00000004e6400000|  0%| F|  |TAMS 0x00000004e6300000, 0x00000004e6300000| Untracked 
| 164|0x00000004e6400000, 0x00000004e6400000, 0x00000004e6500000|  0%| F|  |TAMS 0x00000004e6400000, 0x00000004e6400000| Untracked 
| 165|0x00000004e6500000, 0x00000004e6500000, 0x00000004e6600000|  0%| F|  |TAMS 0x00000004e6500000, 0x00000004e6500000| Untracked 
| 166|0x00000004e6600000, 0x00000004e6600000, 0x00000004e6700000|  0%| F|  |TAMS 0x00000004e6600000, 0x00000004e6600000| Untracked 
| 167|0x00000004e6700000, 0x00000004e6700000, 0x00000004e6800000|  0%| F|  |TAMS 0x00000004e6700000, 0x00000004e6700000| Untracked 
| 168|0x00000004e6800000, 0x00000004e6800000, 0x00000004e6900000|  0%| F|  |TAMS 0x00000004e6800000, 0x00000004e6800000| Untracked 
| 169|0x00000004e6900000, 0x00000004e6900000, 0x00000004e6a00000|  0%| F|  |TAMS 0x00000004e6900000, 0x00000004e6900000| Untracked 
| 170|0x00000004e6a00000, 0x00000004e6a00000, 0x00000004e6b00000|  0%| F|  |TAMS 0x00000004e6a00000, 0x00000004e6a00000| Untracked 
| 171|0x00000004e6b00000, 0x00000004e6b00000, 0x00000004e6c00000|  0%| F|  |TAMS 0x00000004e6b00000, 0x00000004e6b00000| Untracked 
| 172|0x00000004e6c00000, 0x00000004e6c00000, 0x00000004e6d00000|  0%| F|  |TAMS 0x00000004e6c00000, 0x00000004e6c00000| Untracked 
| 173|0x00000004e6d00000, 0x00000004e6d00000, 0x00000004e6e00000|  0%| F|  |TAMS 0x00000004e6d00000, 0x00000004e6d00000| Untracked 
| 174|0x00000004e6e00000, 0x00000004e6e00000, 0x00000004e6f00000|  0%| F|  |TAMS 0x00000004e6e00000, 0x00000004e6e00000| Untracked 
| 175|0x00000004e6f00000, 0x00000004e6f00000, 0x00000004e7000000|  0%| F|  |TAMS 0x00000004e6f00000, 0x00000004e6f00000| Untracked 
| 176|0x00000004e7000000, 0x00000004e7000000, 0x00000004e7100000|  0%| F|  |TAMS 0x00000004e7000000, 0x00000004e7000000| Untracked 
| 177|0x00000004e7100000, 0x00000004e7100000, 0x00000004e7200000|  0%| F|  |TAMS 0x00000004e7100000, 0x00000004e7100000| Untracked 
| 178|0x00000004e7200000, 0x00000004e7200000, 0x00000004e7300000|  0%| F|  |TAMS 0x00000004e7200000, 0x00000004e7200000| Untracked 
| 179|0x00000004e7300000, 0x00000004e7300000, 0x00000004e7400000|  0%| F|  |TAMS 0x00000004e7300000, 0x00000004e7300000| Untracked 
| 180|0x00000004e7400000, 0x00000004e7400000, 0x00000004e7500000|  0%| F|  |TAMS 0x00000004e7400000, 0x00000004e7400000| Untracked 
| 181|0x00000004e7500000, 0x00000004e7500000, 0x00000004e7600000|  0%| F|  |TAMS 0x00000004e7500000, 0x00000004e7500000| Untracked 
| 182|0x00000004e7600000, 0x00000004e7600000, 0x00000004e7700000|  0%| F|  |TAMS 0x00000004e7600000, 0x00000004e7600000| Untracked 
| 183|0x00000004e7700000, 0x00000004e7700000, 0x00000004e7800000|  0%| F|  |TAMS 0x00000004e7700000, 0x00000004e7700000| Untracked 
| 184|0x00000004e7800000, 0x00000004e784e6b0, 0x00000004e7900000| 30%| S|CS|TAMS 0x00000004e7800000, 0x00000004e7800000| Complete 
| 185|0x00000004e7900000, 0x00000004e7a00000, 0x00000004e7a00000|100%| S|CS|TAMS 0x00000004e7900000, 0x00000004e7900000| Complete 
| 186|0x00000004e7a00000, 0x00000004e7b00000, 0x00000004e7b00000|100%| S|CS|TAMS 0x00000004e7a00000, 0x00000004e7a00000| Complete 
| 187|0x00000004e7b00000, 0x00000004e7c00000, 0x00000004e7c00000|100%| S|CS|TAMS 0x00000004e7b00000, 0x00000004e7b00000| Complete 
| 188|0x00000004e7c00000, 0x00000004e7c00000, 0x00000004e7d00000|  0%| F|  |TAMS 0x00000004e7c00000, 0x00000004e7c00000| Untracked 
| 189|0x00000004e7d00000, 0x00000004e7d00000, 0x00000004e7e00000|  0%| F|  |TAMS 0x00000004e7d00000, 0x00000004e7d00000| Untracked 
| 190|0x00000004e7e00000, 0x00000004e7e00000, 0x00000004e7f00000|  0%| F|  |TAMS 0x00000004e7e00000, 0x00000004e7e00000| Untracked 
| 191|0x00000004e7f00000, 0x00000004e7f00000, 0x00000004e8000000|  0%| F|  |TAMS 0x00000004e7f00000, 0x00000004e7f00000| Untracked 
| 192|0x00000004e8000000, 0x00000004e8000000, 0x00000004e8100000|  0%| F|  |TAMS 0x00000004e8000000, 0x00000004e8000000| Untracked 
| 193|0x00000004e8100000, 0x00000004e8100000, 0x00000004e8200000|  0%| F|  |TAMS 0x00000004e8100000, 0x00000004e8100000| Untracked 
| 194|0x00000004e8200000, 0x00000004e8200000, 0x00000004e8300000|  0%| F|  |TAMS 0x00000004e8200000, 0x00000004e8200000| Untracked 
| 195|0x00000004e8300000, 0x00000004e8300000, 0x00000004e8400000|  0%| F|  |TAMS 0x00000004e8300000, 0x00000004e8300000| Untracked 
| 196|0x00000004e8400000, 0x00000004e8400000, 0x00000004e8500000|  0%| F|  |TAMS 0x00000004e8400000, 0x00000004e8400000| Untracked 
| 197|0x00000004e8500000, 0x00000004e8500000, 0x00000004e8600000|  0%| F|  |TAMS 0x00000004e8500000, 0x00000004e8500000| Untracked 
| 198|0x00000004e8600000, 0x00000004e8600000, 0x00000004e8700000|  0%| F|  |TAMS 0x00000004e8600000, 0x00000004e8600000| Untracked 
| 199|0x00000004e8700000, 0x00000004e8700000, 0x00000004e8800000|  0%| F|  |TAMS 0x00000004e8700000, 0x00000004e8700000| Untracked 
| 200|0x00000004e8800000, 0x00000004e8800000, 0x00000004e8900000|  0%| F|  |TAMS 0x00000004e8800000, 0x00000004e8800000| Untracked 
| 201|0x00000004e8900000, 0x00000004e8900000, 0x00000004e8a00000|  0%| F|  |TAMS 0x00000004e8900000, 0x00000004e8900000| Untracked 
| 202|0x00000004e8a00000, 0x00000004e8a00000, 0x00000004e8b00000|  0%| F|  |TAMS 0x00000004e8a00000, 0x00000004e8a00000| Untracked 
| 203|0x00000004e8b00000, 0x00000004e8b00000, 0x00000004e8c00000|  0%| F|  |TAMS 0x00000004e8b00000, 0x00000004e8b00000| Untracked 
| 204|0x00000004e8c00000, 0x00000004e8c00000, 0x00000004e8d00000|  0%| F|  |TAMS 0x00000004e8c00000, 0x00000004e8c00000| Untracked 
| 205|0x00000004e8d00000, 0x00000004e8d00000, 0x00000004e8e00000|  0%| F|  |TAMS 0x00000004e8d00000, 0x00000004e8d00000| Untracked 
| 206|0x00000004e8e00000, 0x00000004e8e00000, 0x00000004e8f00000|  0%| F|  |TAMS 0x00000004e8e00000, 0x00000004e8e00000| Untracked 
| 207|0x00000004e8f00000, 0x00000004e8f00000, 0x00000004e9000000|  0%| F|  |TAMS 0x00000004e8f00000, 0x00000004e8f00000| Untracked 
| 208|0x00000004e9000000, 0x00000004e9000000, 0x00000004e9100000|  0%| F|  |TAMS 0x00000004e9000000, 0x00000004e9000000| Untracked 
| 209|0x00000004e9100000, 0x00000004e9100000, 0x00000004e9200000|  0%| F|  |TAMS 0x00000004e9100000, 0x00000004e9100000| Untracked 
| 210|0x00000004e9200000, 0x00000004e9200000, 0x00000004e9300000|  0%| F|  |TAMS 0x00000004e9200000, 0x00000004e9200000| Untracked 
| 211|0x00000004e9300000, 0x00000004e9300000, 0x00000004e9400000|  0%| F|  |TAMS 0x00000004e9300000, 0x00000004e9300000| Untracked 
| 212|0x00000004e9400000, 0x00000004e9400000, 0x00000004e9500000|  0%| F|  |TAMS 0x00000004e9400000, 0x00000004e9400000| Untracked 
| 213|0x00000004e9500000, 0x00000004e9500000, 0x00000004e9600000|  0%| F|  |TAMS 0x00000004e9500000, 0x00000004e9500000| Untracked 
| 214|0x00000004e9600000, 0x00000004e9600000, 0x00000004e9700000|  0%| F|  |TAMS 0x00000004e9600000, 0x00000004e9600000| Untracked 
| 215|0x00000004e9700000, 0x00000004e9700000, 0x00000004e9800000|  0%| F|  |TAMS 0x00000004e9700000, 0x00000004e9700000| Untracked 
| 216|0x00000004e9800000, 0x00000004e9800000, 0x00000004e9900000|  0%| F|  |TAMS 0x00000004e9800000, 0x00000004e9800000| Untracked 
| 217|0x00000004e9900000, 0x00000004e9900000, 0x00000004e9a00000|  0%| F|  |TAMS 0x00000004e9900000, 0x00000004e9900000| Untracked 
| 218|0x00000004e9a00000, 0x00000004e9a00000, 0x00000004e9b00000|  0%| F|  |TAMS 0x00000004e9a00000, 0x00000004e9a00000| Untracked 
| 219|0x00000004e9b00000, 0x00000004e9b00000, 0x00000004e9c00000|  0%| F|  |TAMS 0x00000004e9b00000, 0x00000004e9b00000| Untracked 
| 220|0x00000004e9c00000, 0x00000004e9c00000, 0x00000004e9d00000|  0%| F|  |TAMS 0x00000004e9c00000, 0x00000004e9c00000| Untracked 
| 221|0x00000004e9d00000, 0x00000004e9d00000, 0x00000004e9e00000|  0%| F|  |TAMS 0x00000004e9d00000, 0x00000004e9d00000| Untracked 
| 222|0x00000004e9e00000, 0x00000004e9e00000, 0x00000004e9f00000|  0%| F|  |TAMS 0x00000004e9e00000, 0x00000004e9e00000| Untracked 
| 223|0x00000004e9f00000, 0x00000004e9f00000, 0x00000004ea000000|  0%| F|  |TAMS 0x00000004e9f00000, 0x00000004e9f00000| Untracked 
| 224|0x00000004ea000000, 0x00000004ea000000, 0x00000004ea100000|  0%| F|  |TAMS 0x00000004ea000000, 0x00000004ea000000| Untracked 
| 225|0x00000004ea100000, 0x00000004ea100000, 0x00000004ea200000|  0%| F|  |TAMS 0x00000004ea100000, 0x00000004ea100000| Untracked 
| 226|0x00000004ea200000, 0x00000004ea200000, 0x00000004ea300000|  0%| F|  |TAMS 0x00000004ea200000, 0x00000004ea200000| Untracked 
| 227|0x00000004ea300000, 0x00000004ea300000, 0x00000004ea400000|  0%| F|  |TAMS 0x00000004ea300000, 0x00000004ea300000| Untracked 
| 228|0x00000004ea400000, 0x00000004ea400000, 0x00000004ea500000|  0%| F|  |TAMS 0x00000004ea400000, 0x00000004ea400000| Untracked 
| 229|0x00000004ea500000, 0x00000004ea500000, 0x00000004ea600000|  0%| F|  |TAMS 0x00000004ea500000, 0x00000004ea500000| Untracked 
| 230|0x00000004ea600000, 0x00000004ea680800, 0x00000004ea700000| 50%| E|  |TAMS 0x00000004ea600000, 0x00000004ea600000| Complete 
| 231|0x00000004ea700000, 0x00000004ea800000, 0x00000004ea800000|100%| E|CS|TAMS 0x00000004ea700000, 0x00000004ea700000| Complete 
| 232|0x00000004ea800000, 0x00000004ea900000, 0x00000004ea900000|100%| E|CS|TAMS 0x00000004ea800000, 0x00000004ea800000| Complete 
| 233|0x00000004ea900000, 0x00000004eaa00000, 0x00000004eaa00000|100%| E|CS|TAMS 0x00000004ea900000, 0x00000004ea900000| Complete 
| 234|0x00000004eaa00000, 0x00000004eab00000, 0x00000004eab00000|100%| E|CS|TAMS 0x00000004eaa00000, 0x00000004eaa00000| Complete 
| 235|0x00000004eab00000, 0x00000004eac00000, 0x00000004eac00000|100%| E|CS|TAMS 0x00000004eab00000, 0x00000004eab00000| Complete 
| 236|0x00000004eac00000, 0x00000004ead00000, 0x00000004ead00000|100%| E|CS|TAMS 0x00000004eac00000, 0x00000004eac00000| Complete 
| 237|0x00000004ead00000, 0x00000004eae00000, 0x00000004eae00000|100%| E|CS|TAMS 0x00000004ead00000, 0x00000004ead00000| Complete 
| 238|0x00000004eae00000, 0x00000004eaf00000, 0x00000004eaf00000|100%| E|CS|TAMS 0x00000004eae00000, 0x00000004eae00000| Complete 
| 239|0x00000004eaf00000, 0x00000004eb000000, 0x00000004eb000000|100%| E|CS|TAMS 0x00000004eaf00000, 0x00000004eaf00000| Complete 
| 240|0x00000004eb000000, 0x00000004eb100000, 0x00000004eb100000|100%| E|CS|TAMS 0x00000004eb000000, 0x00000004eb000000| Complete 
| 241|0x00000004eb100000, 0x00000004eb200000, 0x00000004eb200000|100%| E|CS|TAMS 0x00000004eb100000, 0x00000004eb100000| Complete 
| 242|0x00000004eb200000, 0x00000004eb300000, 0x00000004eb300000|100%| E|CS|TAMS 0x00000004eb200000, 0x00000004eb200000| Complete 
| 243|0x00000004eb300000, 0x00000004eb400000, 0x00000004eb400000|100%| E|CS|TAMS 0x00000004eb300000, 0x00000004eb300000| Complete 
| 244|0x00000004eb400000, 0x00000004eb500000, 0x00000004eb500000|100%| E|CS|TAMS 0x00000004eb400000, 0x00000004eb400000| Complete 
| 245|0x00000004eb500000, 0x00000004eb600000, 0x00000004eb600000|100%| E|CS|TAMS 0x00000004eb500000, 0x00000004eb500000| Complete 

Card table byte_map: [0x00000161d1d60000,0x00000161d2510000] _byte_map_base: 0x00000161cf680000

Marking Bits (Prev, Next): (CMBitMap*) 0x00000161b9967950, (CMBitMap*) 0x00000161b9967918
 Prev Bits: [0x00000161d6a40000, 0x00000161da7c0000)
 Next Bits: [0x00000161d2cc0000, 0x00000161d6a40000)

Polling page: 0x00000161b7750000

Metaspace:

Usage:
  Non-class:     30.12 MB capacity,    29.50 MB ( 98%) used,   535.35 KB (  2%) free+waste,   106.69 KB ( <1%) overhead. 
      Class:      4.28 MB capacity,     3.96 MB ( 92%) used,   280.01 KB (  6%) free+waste,    51.56 KB (  1%) overhead. 
       Both:     34.41 MB capacity,    33.45 MB ( 97%) used,   815.36 KB (  2%) free+waste,   158.25 KB ( <1%) overhead. 

Virtual space:
  Non-class space:       32.00 MB reserved,      30.17 MB ( 94%) committed 
      Class space:        1.00 GB reserved,       4.38 MB ( <1%) committed 
             Both:        1.03 GB reserved,      34.55 MB (  3%) committed 

Chunk freelists:
   Non-Class:  50.00 KB
       Class:  0 bytes
        Both:  50.00 KB

MaxMetaspaceSize: 17179869184.00 GB
CompressedClassSpaceSize: 1.00 GB
Initial GC threshold: 20.80 MB
Current GC threshold: 35.08 MB
CDS: off

CodeHeap 'non-profiled nmethods': size=120000Kb used=1390Kb max_used=1390Kb free=118609Kb
 bounds [0x00000161c9b30000, 0x00000161c9da0000, 0x00000161d1060000]
CodeHeap 'profiled nmethods': size=120000Kb used=6781Kb max_used=6781Kb free=113218Kb
 bounds [0x00000161c2600000, 0x00000161c2ca0000, 0x00000161c9b30000]
CodeHeap 'non-nmethods': size=5760Kb used=1194Kb max_used=1213Kb free=4565Kb
 bounds [0x00000161c2060000, 0x00000161c22d0000, 0x00000161c2600000]
 total_blobs=3605 nmethods=3145 adapters=372
 compilation: enabled
              stopped_count=0, restarted_count=0
 full_count=0

Compilation events (20 events):
Event: 3.837 Thread 0x00000161dde4d000 3137   !   3       java.lang.invoke.InnerClassLambdaMetafactory::buildCallSite (168 bytes)
Event: 3.838 Thread 0x00000161dde4d000 nmethod 3137 0x00000161c2c98510 code [0x00000161c2c98a00, 0x00000161c2c9ad08]
Event: 3.838 Thread 0x00000161dde4d000 3140       3       java.lang.invoke.InnerClassLambdaMetafactory$ForwardingMethodGenerator::<init> (11 bytes)
Event: 3.838 Thread 0x00000161dde4d000 nmethod 3140 0x00000161c2c9bc90 code [0x00000161c2c9be60, 0x00000161c2c9c068]
Event: 3.838 Thread 0x00000161dde4d000 3143       3       java.lang.invoke.InnerClassLambdaMetafactory$ForwardingMethodGenerator::invocationOpcode (93 bytes)
Event: 3.839 Thread 0x00000161dde4d000 nmethod 3143 0x00000161c2c9c190 code [0x00000161c2c9c400, 0x00000161c2c9cd98]
Event: 3.839 Thread 0x00000161dde4d000 3144       3       java.lang.invoke.InnerClassLambdaMetafactory::getReturnOpcode (20 bytes)
Event: 3.839 Thread 0x00000161dde4d000 nmethod 3144 0x00000161c2c9d110 code [0x00000161c2c9d2c0, 0x00000161c2c9d428]
Event: 3.843 Thread 0x00000161dde4d000 3145       3       java.lang.invoke.LambdaForm$DMH/0x00000005d218c040::invokeStatic (30 bytes)
Event: 3.844 Thread 0x00000161dde4d000 nmethod 3145 0x00000161c2c9d510 code [0x00000161c2c9d720, 0x00000161c2c9dd88]
Event: 3.844 Thread 0x00000161dde4d000 3146       3       java.util.Optional::ofNullable (15 bytes)
Event: 3.844 Thread 0x00000161dde4d000 nmethod 3146 0x00000161c2c9df10 code [0x00000161c2c9e100, 0x00000161c2c9e5c8]
Event: 3.848 Thread 0x00000161dde45800 3147   !   4       java.util.zip.ZipFile$ZipFileInputStream::close (59 bytes)
Event: 3.853 Thread 0x00000161dde4d000 3148       3       java.lang.invoke.BoundMethodHandle::bindArgumentL (11 bytes)
Event: 3.853 Thread 0x00000161dde4d000 nmethod 3148 0x00000161c2c9e790 code [0x00000161c2c9e980, 0x00000161c2c9ee58]
Event: 3.853 Thread 0x00000161dde4d000 3149       3       java.lang.invoke.LambdaFormEditor::bindArgumentL (59 bytes)
Event: 3.853 Thread 0x00000161dde4d000 nmethod 3149 0x00000161c2c9f090 code [0x00000161c2c9f260, 0x00000161c2c9f4e8]
Event: 3.856 Thread 0x00000161dde45800 nmethod 3147 0x00000161c9c89e10 code [0x00000161c9c8a000, 0x00000161c9c8a7e8]
Event: 3.863 Thread 0x00000161dde45800 3151       4       java.util.Arrays::copyOf (40 bytes)
Event: 3.866 Thread 0x00000161dde45800 nmethod 3151 0x00000161c9c8af90 code [0x00000161c9c8b140, 0x00000161c9c8b578]

GC Heap History (8 events):
Event: 0.972 GC heap before
{Heap before GC invocations=0 (full 0):
 garbage-first heap   total 251904K, used 23552K [0x00000004dc000000, 0x00000005d2000000)
  region size 1024K, 24 young (24576K), 0 survivors (0K)
 Metaspace       used 12534K, capacity 12780K, committed 12928K, reserved 1060864K
  class space    used 1235K, capacity 1305K, committed 1408K, reserved 1048576K
}
Event: 0.977 GC heap after
{Heap after GC invocations=1 (full 0):
 garbage-first heap   total 251904K, used 4647K [0x00000004dc000000, 0x00000005d2000000)
  region size 1024K, 3 young (3072K), 3 survivors (3072K)
 Metaspace       used 12534K, capacity 12780K, committed 12928K, reserved 1060864K
  class space    used 1235K, capacity 1305K, committed 1408K, reserved 1048576K
}
Event: 1.772 GC heap before
{Heap before GC invocations=1 (full 0):
 garbage-first heap   total 251904K, used 40487K [0x00000004dc000000, 0x00000005d2000000)
  region size 1024K, 39 young (39936K), 3 survivors (3072K)
 Metaspace       used 20774K, capacity 21229K, committed 21296K, reserved 1069056K
  class space    used 2226K, capacity 2431K, committed 2432K, reserved 1048576K
}
Event: 1.779 GC heap after
{Heap after GC invocations=2 (full 0):
 garbage-first heap   total 251904K, used 6508K [0x00000004dc000000, 0x00000005d2000000)
  region size 1024K, 5 young (5120K), 5 survivors (5120K)
 Metaspace       used 20774K, capacity 21229K, committed 21296K, reserved 1069056K
  class space    used 2226K, capacity 2431K, committed 2432K, reserved 1048576K
}
Event: 2.165 GC heap before
{Heap before GC invocations=3 (full 0):
 garbage-first heap   total 251904K, used 24940K [0x00000004dc000000, 0x00000005d2000000)
  region size 1024K, 24 young (24576K), 5 survivors (5120K)
 Metaspace       used 24060K, capacity 24616K, committed 24880K, reserved 1071104K
  class space    used 2667K, capacity 2883K, committed 2944K, reserved 1048576K
}
Event: 2.170 GC heap after
{Heap after GC invocations=4 (full 0):
 garbage-first heap   total 251904K, used 7059K [0x00000004dc000000, 0x00000005d2000000)
  region size 1024K, 1 young (1024K), 1 survivors (1024K)
 Metaspace       used 24060K, capacity 24616K, committed 24880K, reserved 1071104K
  class space    used 2667K, capacity 2883K, committed 2944K, reserved 1048576K
}
Event: 3.597 GC heap before
{Heap before GC invocations=4 (full 0):
 garbage-first heap   total 251904K, used 64403K [0x00000004dc000000, 0x00000005d2000000)
  region size 1024K, 58 young (59392K), 1 survivors (1024K)
 Metaspace       used 30991K, capacity 31872K, committed 32048K, reserved 1077248K
  class space    used 3615K, capacity 3943K, committed 3968K, reserved 1048576K
}
Event: 3.601 GC heap after
{Heap after GC invocations=5 (full 0):
 garbage-first heap   total 251904K, used 9630K [0x00000004dc000000, 0x00000005d2000000)
  region size 1024K, 4 young (4096K), 4 survivors (4096K)
 Metaspace       used 30991K, capacity 31872K, committed 32048K, reserved 1077248K
  class space    used 3615K, capacity 3943K, committed 3968K, reserved 1048576K
}

Deoptimization events (20 events):
Event: 3.584 Thread 0x00000161debf2800 Uncommon trap: trap_request=0xffffff4d fr.pc=0x00000161c9c517f4 relative=0x00000000000009d4
Event: 3.584 Thread 0x00000161debf2800 Uncommon trap: reason=unstable_if action=reinterpret pc=0x00000161c9c517f4 method=org.springframework.util.ConcurrentReferenceHashMap$Segment.findInChain(Lorg/springframework/util/ConcurrentReferenceHashMap$Reference;Ljava/lang/Object;I)Lorg/springframewo
Event: 3.584 Thread 0x00000161debf2800 DEOPT PACKING pc=0x00000161c9c517f4 sp=0x00000007b6bfb400
Event: 3.584 Thread 0x00000161debf2800 DEOPT UNPACKING pc=0x00000161c20aa1af sp=0x00000007b6bfb238 mode 2
Event: 3.584 Thread 0x00000161debf2800 Uncommon trap: trap_request=0xffffff4d fr.pc=0x00000161c9c4c87c relative=0x000000000000029c
Event: 3.584 Thread 0x00000161debf2800 Uncommon trap: reason=unstable_if action=reinterpret pc=0x00000161c9c4c87c method=org.springframework.util.ConcurrentReferenceHashMap$Segment.findInChain(Lorg/springframework/util/ConcurrentReferenceHashMap$Reference;Ljava/lang/Object;I)Lorg/springframewo
Event: 3.584 Thread 0x00000161debf2800 DEOPT PACKING pc=0x00000161c9c4c87c sp=0x00000007b6bfb1e0
Event: 3.584 Thread 0x00000161debf2800 DEOPT UNPACKING pc=0x00000161c20aa1af sp=0x00000007b6bfb188 mode 2
Event: 3.686 Thread 0x00000161debf2800 Uncommon trap: trap_request=0xffffffde fr.pc=0x00000161c9bfde6c relative=0x000000000000122c
Event: 3.686 Thread 0x00000161debf2800 Uncommon trap: reason=class_check action=maybe_recompile pc=0x00000161c9bfde6c method=java.util.concurrent.ConcurrentHashMap.putVal(Ljava/lang/Object;Ljava/lang/Object;Z)Ljava/lang/Object; @ 242 c2
Event: 3.686 Thread 0x00000161debf2800 DEOPT PACKING pc=0x00000161c9bfde6c sp=0x00000007b6bfb250
Event: 3.686 Thread 0x00000161debf2800 DEOPT UNPACKING pc=0x00000161c20aa1af sp=0x00000007b6bfb1e0 mode 2
Event: 3.714 Thread 0x00000161debf2800 Uncommon trap: trap_request=0xffffffde fr.pc=0x00000161c9bfde6c relative=0x000000000000122c
Event: 3.714 Thread 0x00000161debf2800 Uncommon trap: reason=class_check action=maybe_recompile pc=0x00000161c9bfde6c method=java.util.concurrent.ConcurrentHashMap.putVal(Ljava/lang/Object;Ljava/lang/Object;Z)Ljava/lang/Object; @ 242 c2
Event: 3.714 Thread 0x00000161debf2800 DEOPT PACKING pc=0x00000161c9bfde6c sp=0x00000007b6bfc890
Event: 3.714 Thread 0x00000161debf2800 DEOPT UNPACKING pc=0x00000161c20aa1af sp=0x00000007b6bfc820 mode 2
Event: 3.717 Thread 0x00000161debf2800 Uncommon trap: trap_request=0xffffffde fr.pc=0x00000161c9bfde6c relative=0x000000000000122c
Event: 3.717 Thread 0x00000161debf2800 Uncommon trap: reason=class_check action=maybe_recompile pc=0x00000161c9bfde6c method=java.util.concurrent.ConcurrentHashMap.putVal(Ljava/lang/Object;Ljava/lang/Object;Z)Ljava/lang/Object; @ 242 c2
Event: 3.717 Thread 0x00000161debf2800 DEOPT PACKING pc=0x00000161c9bfde6c sp=0x00000007b6bfc890
Event: 3.717 Thread 0x00000161debf2800 DEOPT UNPACKING pc=0x00000161c20aa1af sp=0x00000007b6bfc820 mode 2

Classes redefined (0 events):
No events

Internal exceptions (20 events):
Event: 3.560 Thread 0x00000161debf2800 Exception <a 'java/lang/ClassNotFoundException'{0x00000004e7ec72e8}: org/springframework/beans/factory/config/SmartInstantiationAwareBeanPostProcessorCustomizer> (0x00000004e7ec72e8) thrown at [./src/hotspot/share/classfile/systemDictionary.cpp, line 230]
Event: 3.561 Thread 0x00000161debf2800 Exception <a 'java/lang/ClassNotFoundException'{0x00000004e7edcd88}: org/springframework/beans/factory/config/InstantiationAwareBeanPostProcessorCustomizer> (0x00000004e7edcd88) thrown at [./src/hotspot/share/classfile/systemDictionary.cpp, line 230]
Event: 3.561 Thread 0x00000161debf2800 Exception <a 'java/lang/ClassNotFoundException'{0x00000004e7ef0620}: org/springframework/beans/factory/config/BeanPostProcessorCustomizer> (0x00000004e7ef0620) thrown at [./src/hotspot/share/classfile/systemDictionary.cpp, line 230]
Event: 3.562 Thread 0x00000161debf2800 Exception <a 'java/lang/ClassNotFoundException'{0x00000004e7d01250}: org/springframework/beans/factory/BeanFactoryAwareCustomizer> (0x00000004e7d01250) thrown at [./src/hotspot/share/classfile/systemDictionary.cpp, line 230]
Event: 3.562 Thread 0x00000161debf2800 Exception <a 'java/lang/ClassNotFoundException'{0x00000004e7d10430}: org/springframework/beans/factory/AwareCustomizer> (0x00000004e7d10430) thrown at [./src/hotspot/share/classfile/systemDictionary.cpp, line 230]
Event: 3.563 Thread 0x00000161debf2800 Exception <a 'java/lang/ClassNotFoundException'{0x00000004e7d1d2b8}: org/springframework/core/OrderedCustomizer> (0x00000004e7d1d2b8) thrown at [./src/hotspot/share/classfile/systemDictionary.cpp, line 230]
Event: 3.563 Thread 0x00000161debf2800 Exception <a 'java/lang/ClassNotFoundException'{0x00000004e7d2d2b0}: org/springframework/beans/factory/BeanClassLoaderAwareCustomizer> (0x00000004e7d2d2b0) thrown at [./src/hotspot/share/classfile/systemDictionary.cpp, line 230]
Event: 3.564 Thread 0x00000161debf2800 Exception <a 'java/lang/ClassNotFoundException'{0x00000004e7d3bb50}: org/springframework/beans/factory/AwareCustomizer> (0x00000004e7d3bb50) thrown at [./src/hotspot/share/classfile/systemDictionary.cpp, line 230]
Event: 3.564 Thread 0x00000161debf2800 Exception <a 'java/lang/ClassNotFoundException'{0x00000004e7d4b050}: org/springframework/aop/framework/AopInfrastructureBeanCustomizer> (0x00000004e7d4b050) thrown at [./src/hotspot/share/classfile/systemDictionary.cpp, line 230]
Event: 3.571 Thread 0x00000161debf2800 Exception <a 'java/lang/ClassNotFoundException'{0x00000004e7d809e8}: java/lang/ObjectCustomizer> (0x00000004e7d809e8) thrown at [./src/hotspot/share/classfile/systemDictionary.cpp, line 230]
Event: 3.572 Thread 0x00000161debf2800 Exception <a 'java/lang/ClassNotFoundException'{0x00000004e7d97260}: org/springframework/transaction/annotation/AbstractTransactionManagementConfigurationCustomizer> (0x00000004e7d97260) thrown at [./src/hotspot/share/classfile/systemDictionary.cpp, line 230]
Event: 3.573 Thread 0x00000161debf2800 Exception <a 'java/lang/ClassNotFoundException'{0x00000004e7dacb08}: org/springframework/transaction/annotation/ProxyTransactionManagementConfigurationCustomizer> (0x00000004e7dacb08) thrown at [./src/hotspot/share/classfile/systemDictionary.cpp, line 230]
Event: 3.573 Thread 0x00000161debf2800 Exception <a 'java/lang/ClassNotFoundException'{0x00000004e7dc0500}: org/springframework/context/annotation/ImportAwareCustomizer> (0x00000004e7dc0500) thrown at [./src/hotspot/share/classfile/systemDictionary.cpp, line 230]
Event: 3.574 Thread 0x00000161debf2800 Exception <a 'java/lang/ClassNotFoundException'{0x00000004e7dcfd70}: org/springframework/beans/factory/AwareCustomizer> (0x00000004e7dcfd70) thrown at [./src/hotspot/share/classfile/systemDictionary.cpp, line 230]
Event: 3.615 Thread 0x00000161debf2800 Exception <a 'java/lang/NoSuchMethodError'{0x00000004eb5a60b8}: 'java.lang.Object java.lang.invoke.DirectMethodHandle$Holder.newInvokeSpecial(java.lang.Object, java.lang.Object, java.lang.Object)'> (0x00000004eb5a60b8) thrown at [./src/hotspot/share/interpreter/linkResolver.cpp, line 773]
Event: 3.669 Thread 0x00000161debf2800 Exception <a 'java/lang/NoSuchMethodError'{0x00000004eb10fca8}: 'int java.lang.invoke.DirectMethodHandle$Holder.invokeSpecial(java.lang.Object, java.lang.Object, java.lang.Object, java.lang.Object, java.lang.Object)'> (0x00000004eb10fca8) thrown at [./src/hotspot/share/interpreter/linkResolver.cpp, line 773]
Event: 3.703 Thread 0x00000161debf2800 Exception <a 'java/lang/NoSuchMethodError'{0x00000004eb0ca490}: 'void java.lang.invoke.DirectMethodHandle$Holder.invokeStatic(java.lang.Object, java.lang.Object, int)'> (0x00000004eb0ca490) thrown at [./src/hotspot/share/interpreter/linkResolver.cpp, line 773]
Event: 3.722 Thread 0x00000161debf2800 Exception <a 'java/lang/NoSuchMethodError'{0x00000004eaff12a0}: 'void java.lang.invoke.DirectMethodHandle$Holder.invokeInterface(java.lang.Object, java.lang.Object, int)'> (0x00000004eaff12a0) thrown at [./src/hotspot/share/interpreter/linkResolver.cpp, line 773]
Event: 3.725 Thread 0x00000161debf2800 Exception <a 'java/lang/IncompatibleClassChangeError'{0x00000004eae13160}: Found class java.lang.Object, but interface was expected> (0x00000004eae13160) thrown at [./src/hotspot/share/interpreter/linkResolver.cpp, line 839]
Event: 3.858 Thread 0x00000161debf2800 Exception <a 'java/lang/NoSuchMethodError'{0x00000004ea8338b0}: 'void java.lang.invoke.DirectMethodHandle$Holder.invokeVirtual(java.lang.Object, java.lang.Object)'> (0x00000004ea8338b0) thrown at [./src/hotspot/share/interpreter/linkResolver.cpp, line 773]

Events (20 events):
Event: 3.863 loading class reactor/core/publisher/FluxOnAssembly$MethodReturnSnapshot
Event: 3.863 loading class reactor/core/publisher/FluxOnAssembly$MethodReturnSnapshot done
Event: 3.863 loading class reactor/util/context/ContextView
Event: 3.863 loading class reactor/util/context/ContextView done
Event: 3.864 loading class reactor/core/publisher/Signal
Event: 3.864 loading class reactor/core/publisher/Signal done
Event: 3.865 loading class reactor/core/publisher/Operators$MonoSubscriber
Event: 3.865 loading class reactor/core/publisher/Operators$MonoSubscriber done
Event: 3.865 loading class reactor/core/publisher/InnerOperator
Event: 3.865 loading class reactor/core/publisher/InnerOperator done
Event: 3.866 loading class reactor/core/publisher/InnerConsumer
Event: 3.866 loading class reactor/core/publisher/InnerConsumer done
Event: 3.866 loading class reactor/core/publisher/InnerProducer
Event: 3.866 loading class reactor/core/publisher/InnerProducer done
Event: 3.867 loading class reactor/core/Fuseable$QueueSubscription
Event: 3.867 loading class reactor/core/Fuseable$QueueSubscription done
Event: 3.867 loading class reactor/core/publisher/MonoCacheTime$CacheMonoSubscriber
Event: 3.867 loading class reactor/core/publisher/MonoCacheTime$CacheMonoSubscriber done
Event: 3.868 loading class reactor/core/publisher/ImmutableSignal
Event: 3.868 loading class reactor/core/publisher/ImmutableSignal done


Dynamic libraries:
0x00007ff6469f0000 - 0x00007ff6469fd000 	C:\Program Files\BellSoft\LibericaJDK-11\bin\java.exe
0x00007ff8013f0000 - 0x00007ff8015e8000 	C:\WINDOWS\SYSTEM32\ntdll.dll
0x00007ff800010000 - 0x00007ff8000cd000 	C:\WINDOWS\System32\KERNEL32.DLL
0x00007fffff170000 - 0x00007fffff43e000 	C:\WINDOWS\System32\KERNELBASE.dll
0x00007ffffefd0000 - 0x00007fffff0d0000 	C:\WINDOWS\System32\ucrtbase.dll
0x00007fffef860000 - 0x00007fffef875000 	C:\Program Files\BellSoft\LibericaJDK-11\bin\VCRUNTIME140.dll
0x00007fffee310000 - 0x00007fffee327000 	C:\Program Files\BellSoft\LibericaJDK-11\bin\jli.dll
0x00007fffffbf0000 - 0x00007fffffd90000 	C:\WINDOWS\System32\USER32.dll
0x00007ffffec60000 - 0x00007ffffec82000 	C:\WINDOWS\System32\win32u.dll
0x00007fffee420000 - 0x00007fffee6ba000 	C:\WINDOWS\WinSxS\amd64_microsoft.windows.common-controls_6595b64144ccf1df_6.0.19041.1110_none_60b5254171f9507e\COMCTL32.dll
0x00007ff801120000 - 0x00007ff80114a000 	C:\WINDOWS\System32\GDI32.dll
0x00007fffffb50000 - 0x00007fffffbee000 	C:\WINDOWS\System32\msvcrt.dll
0x00007ffffed80000 - 0x00007ffffee8b000 	C:\WINDOWS\System32\gdi32full.dll
0x00007fffff0d0000 - 0x00007fffff16d000 	C:\WINDOWS\System32\msvcp_win.dll
0x00007fffff850000 - 0x00007fffff880000 	C:\WINDOWS\System32\IMM32.DLL
0x00007fffda310000 - 0x00007fffda3ab000 	C:\Program Files\BellSoft\LibericaJDK-11\bin\msvcp140.dll
0x00007fffbd310000 - 0x00007fffbde8b000 	C:\Program Files\BellSoft\LibericaJDK-11\bin\server\jvm.dll
0x00007fffff440000 - 0x00007fffff4ee000 	C:\WINDOWS\System32\ADVAPI32.dll
0x00007fffffe20000 - 0x00007fffffebc000 	C:\WINDOWS\System32\sechost.dll
0x00007fffffec0000 - 0x00007ffffffe5000 	C:\WINDOWS\System32\RPCRT4.dll
0x00007ff800000000 - 0x00007ff800008000 	C:\WINDOWS\System32\PSAPI.DLL
0x00007ffffba30000 - 0x00007ffffba57000 	C:\WINDOWS\SYSTEM32\WINMM.dll
0x00007ffff4360000 - 0x00007ffff436a000 	C:\WINDOWS\SYSTEM32\VERSION.dll
0x00007fffd5550000 - 0x00007fffd5559000 	C:\WINDOWS\SYSTEM32\WSOCK32.dll
0x00007ff801340000 - 0x00007ff8013ab000 	C:\WINDOWS\System32\WS2_32.dll
0x00007ffffd3a0000 - 0x00007ffffd3b2000 	C:\WINDOWS\SYSTEM32\kernel.appcore.dll
0x00007ffff8620000 - 0x00007ffff8630000 	C:\Program Files\BellSoft\LibericaJDK-11\bin\verify.dll
0x00007ffffc410000 - 0x00007ffffc5f4000 	C:\WINDOWS\SYSTEM32\DBGHELP.DLL
0x00007fffe7690000 - 0x00007fffe76bc000 	C:\WINDOWS\SYSTEM32\dbgcore.DLL
0x00007ffffee90000 - 0x00007ffffef12000 	C:\WINDOWS\System32\bcryptPrimitives.dll
0x00007fffee2d0000 - 0x00007fffee2f8000 	C:\Program Files\BellSoft\LibericaJDK-11\bin\java.dll
0x00007ffff8600000 - 0x00007ffff860a000 	C:\Program Files\BellSoft\LibericaJDK-11\bin\jimage.dll
0x00007fffed780000 - 0x00007fffed798000 	C:\Program Files\BellSoft\LibericaJDK-11\bin\zip.dll
0x00007ff800880000 - 0x00007ff800fc4000 	C:\WINDOWS\System32\SHELL32.dll
0x00007ffffc600000 - 0x00007ffffcd94000 	C:\WINDOWS\SYSTEM32\windows.storage.dll
0x00007fffff4f0000 - 0x00007fffff844000 	C:\WINDOWS\System32\combase.dll
0x00007ffffe560000 - 0x00007ffffe590000 	C:\WINDOWS\SYSTEM32\Wldp.dll
0x00007ff801070000 - 0x00007ff80111d000 	C:\WINDOWS\System32\SHCORE.dll
0x00007ff8001e0000 - 0x00007ff800235000 	C:\WINDOWS\System32\shlwapi.dll
0x00007ffffea40000 - 0x00007ffffea5f000 	C:\WINDOWS\SYSTEM32\profapi.dll
0x00007fffed300000 - 0x00007fffed319000 	C:\Program Files\BellSoft\LibericaJDK-11\bin\net.dll
0x00007ffff5670000 - 0x00007ffff577a000 	C:\WINDOWS\SYSTEM32\WINHTTP.dll
0x00007ffffe250000 - 0x00007ffffe2ba000 	C:\WINDOWS\system32\mswsock.dll
0x00007fffed2e0000 - 0x00007fffed2f3000 	C:\Program Files\BellSoft\LibericaJDK-11\bin\nio.dll
0x00007ffff7370000 - 0x00007ffff7379000 	C:\Program Files\BellSoft\LibericaJDK-11\bin\management.dll
0x00007ffff3570000 - 0x00007ffff357b000 	C:\Program Files\BellSoft\LibericaJDK-11\bin\management_ext.dll
0x00007fffd92f0000 - 0x00007fffd9307000 	C:\WINDOWS\system32\napinsp.dll
0x00007fffd92d0000 - 0x00007fffd92eb000 	C:\WINDOWS\system32\pnrpnsp.dll
0x00007ffff8f80000 - 0x00007ffff8f95000 	C:\WINDOWS\system32\wshbth.dll
0x00007ffff9910000 - 0x00007ffff992d000 	C:\WINDOWS\system32\NLAapi.dll
0x00007ffffdf40000 - 0x00007ffffdf7b000 	C:\WINDOWS\SYSTEM32\IPHLPAPI.DLL
0x00007ffffdf80000 - 0x00007ffffe04b000 	C:\WINDOWS\SYSTEM32\DNSAPI.dll
0x00007ff800fe0000 - 0x00007ff800fe8000 	C:\WINDOWS\System32\NSI.dll
0x00007fffd92b0000 - 0x00007fffd92c2000 	C:\WINDOWS\System32\winrnr.dll
0x00007ffff5ec0000 - 0x00007ffff5eca000 	C:\Windows\System32\rasadhlp.dll
0x00007ffff5190000 - 0x00007ffff5210000 	C:\WINDOWS\System32\fwpuclnt.dll
0x00007ffffec90000 - 0x00007ffffecb7000 	C:\WINDOWS\System32\bcrypt.dll

dbghelp: loaded successfully - version: 4.0.5 - missing functions: none
symbol engine: initialized successfully - sym options: 0x614 - pdb path: .;C:\Program Files\BellSoft\LibericaJDK-11\bin;C:\WINDOWS\SYSTEM32;C:\WINDOWS\WinSxS\amd64_microsoft.windows.common-controls_6595b64144ccf1df_6.0.19041.1110_none_60b5254171f9507e;C:\Program Files\BellSoft\LibericaJDK-11\bin\server

VM Arguments:
jvm_args: -Dfile.encoding=windows-1251 -Duser.country=RU -Duser.language=ru -Duser.variant 
java_command: com.example.demo.ReactiveSpringApplication -Dspring.local.active=test
java_class_path (initial): C:\Users\V\IdeaProjects\spingexamples\reactive-spring\build\classes\java\main;C:\Users\V\IdeaProjects\spingexamples\reactive-spring\build\resources\main;C:\Users\V\.gradle\caches\modules-2\files-2.1\org.springframework.boot\spring-boot-devtools\2.7.2\a59185396e6654c3fe0181bb4d4a083754c6214d\spring-boot-devtools-2.7.2.jar;C:\Users\V\.gradle\caches\modules-2\files-2.1\org.springframework.boot\spring-boot-starter-webflux\2.7.2\ad37b43554148d6b41dbab1a69a0bbf189b6b513\spring-boot-starter-webflux-2.7.2.jar;C:\Users\V\.gradle\caches\modules-2\files-2.1\io.r2dbc\r2dbc-h2\0.9.1.RELEASE\a83908d6b41a50265c077c39e834fe4993a4b546\r2dbc-h2-0.9.1.RELEASE.jar;C:\Users\V\.gradle\caches\modules-2\files-2.1\com.h2database\h2\2.1.214\d5c2005c9e3279201e12d4776c948578b16bf8b2\h2-2.1.214.jar;C:\Users\V\.gradle\caches\modules-2\files-2.1\org.springframework.boot\spring-boot-starter-data-r2dbc\2.7.2\a96721bdc4665dfae738eaeb8c78e3cdf760d41b\spring-boot-starter-data-r2dbc-2.7.2.jar;C:\Users\V\.gradle\caches\modules-2\files-2.1\org.springframework.data\spring-data-r2dbc\1.5.2\ee5f0beda65025322e0612ed382d080f6d8ec0e7\spring-data-r2dbc-1.5.2.jar;C:\Users\V\.gradle\caches\modules-2\files-2.1\io.r2dbc\r2dbc-pool\0.9.0.RELEASE\7ac02c5c02ec3f05ef9e72d66fc75e9efae614f\r2dbc-pool-0.9.0.RELEASE.jar;C:\Users\V\.gradle\caches\modules-2\files-2.1\org.springframework\spring-r2dbc\5.3.22\e4691cafe86e22039f0b8ac6adab107b6e942dbc\spring-r2dbc-5.3.22.jar;C:\Users\V\.gradle\caches\modules-2\files-2.1\io.r2dbc\r2dbc-spi\1.0.0.RELEASE\e3d15b2d27fdb8fdb76a181b21d5c752adf1d165\r2dbc-spi-1.0.0.RELEASE.jar;C:\Users\V\.gradle\caches\modules-2\files-2.1\org.springframework.data\spring-data-relational\2.4.2\9b4069eecee943d12f1c23cfd23a861b8e1f5cb6\spring-data-relational-2.4.2.jar;C:\Users\V\.gradle\caches\modules-2\files-2.1\org.springframework.data\spring-data-commons\2.7.2\9547d1234cb380234066aef60129bb2ddfdc6347\spring-data-commons-2.7.2.jar;C:\Users\V\.gradle\caches\modules-2\files-2.1\
Launcher Type: SUN_STANDARD

[Global flags]
     intx CICompilerCount                          = 4                                         {product} {ergonomic}
     uint ConcGCThreads                            = 3                                         {product} {ergonomic}
     uint G1ConcRefinementThreads                  = 10                                        {product} {ergonomic}
   size_t G1HeapRegionSize                         = 1048576                                   {product} {ergonomic}
    uintx GCDrainStackTargetSize                   = 64                                        {product} {ergonomic}
   size_t InitialHeapSize                          = 257949696                                 {product} {ergonomic}
   size_t MarkStackSize                            = 4194304                                   {product} {ergonomic}
   size_t MaxHeapSize                              = 4127195136                                {product} {ergonomic}
   size_t MaxNewSize                               = 2475687936                                {product} {ergonomic}
   size_t MinHeapDeltaBytes                        = 1048576                                   {product} {ergonomic}
    uintx NonNMethodCodeHeapSize                   = 5836300                                {pd product} {ergonomic}
    uintx NonProfiledCodeHeapSize                  = 122910970                              {pd product} {ergonomic}
    uintx ProfiledCodeHeapSize                     = 122910970                              {pd product} {ergonomic}
    uintx ReservedCodeCacheSize                    = 251658240                              {pd product} {ergonomic}
     bool SegmentedCodeCache                       = true                                      {product} {ergonomic}
     bool UseCompressedClassPointers               = true                                 {lp64_product} {ergonomic}
     bool UseCompressedOops                        = true                                 {lp64_product} {ergonomic}
     bool UseG1GC                                  = true                                      {product} {ergonomic}
     bool UseLargePagesIndividualAllocation        = false                                  {pd product} {ergonomic}

Logging:
Log output configuration:
 #0: stdout all=warning uptime,level,tags
 #1: stderr all=off uptime,level,tags

Environment Variables:
JAVA_HOME=C:\Program Files\BellSoft\LibericaJDK-11\
PATH=C:\Python310\Scripts\;C:\Python310\;C:\Program Files\BellSoft\LibericaJDK-11\bin\;C:\WINDOWS\system32;C:\WINDOWS;C:\WINDOWS\System32\Wbem;C:\WINDOWS\System32\WindowsPowerShell\v1.0\;C:\WINDOWS\System32\OpenSSH\;C:\Program Files\Git\cmd;C:\ProgramData\chocolatey\bin;;C:\Program Files\Docker\Docker\resources\bin;C:\ProgramData\DockerDesktop\version-bin;C:\Users\V\AppData\Local\Microsoft\WindowsApps;
USERNAME=V
OS=Windows_NT
PROCESSOR_IDENTIFIER=AMD64 Family 23 Model 96 Stepping 1, AuthenticAMD



---------------  S Y S T E M  ---------------

OS: Windows 10 , 64 bit Build 19041 (10.0.19041.1806)
OS uptime: 10 days 23:12 hours
Hyper-V role detected

CPU:total 12 (initial active 12) (12 cores per cpu, 2 threads per core) family 23 model 96 stepping 1 microcode 0x0, cmov, cx8, fxsr, mmx, sse, sse2, sse3, ssse3, sse4.1, sse4.2, popcnt, avx, avx2, aes, clmul, mmxext, 3dnowpref, lzcnt, sse4a, ht, tsc, tscinvbit, tscinv, bmi1, bmi2, adx, sha, fma

Memory: 4k page, system-wide physical 15741M (390M free)
TotalPageFile size 30741M (AvailPageFile size 4M)
current process WorkingSet (physical memory assigned to process): 183M, peak: 183M
current process commit charge ("private bytes"): 408M, peak: 409M

vm_info: OpenJDK 64-Bit Server VM (11.0.15.1+2-LTS) for windows-amd64 JRE (11.0.15.1+2-LTS), built on May 26 2022 19:26:10 by "" with unknown MS VC++:1916

END.
