#
# There is insufficient memory for the Java Runtime Environment to continue.
# Native memory allocation (malloc) failed to allocate 1120656 bytes for Chunk::new
# Possible reasons:
#   The system is out of physical RAM or swap space
#   The process is running with CompressedOops enabled, and the Java Heap may be blocking the growth of the native heap
# Possible solutions:
#   Reduce memory load on the system
#   Increase physical memory or swap space
#   Check if swap backing store is full
#   Decrease Java heap size (-Xmx/-Xms)
#   Decrease number of Java threads
#   Decrease Java thread stack sizes (-Xss)
#   Set larger code cache with -XX:ReservedCodeCacheSize=
#   JVM is running with Zero Based Compressed Oops mode in which the Java heap is
#     placed in the first 32GB address space. The Java Heap base address is the
#     maximum limit for the native heap growth. Please use -XX:HeapBaseMinAddress
#     to set the Java Heap base and to place the Java Heap above 32GB virtual address.
# This output file may be truncated or incomplete.
#
#  Out of Memory Error (./src/hotspot/share/memory/arena.cpp:197), pid=26152, tid=20268
#
# JRE version: OpenJDK Runtime Environment (11.0.15.1+2) (build 11.0.15.1+2-LTS)
# Java VM: OpenJDK 64-Bit Server VM (11.0.15.1+2-LTS, mixed mode, tiered, compressed oops, g1 gc, windows-amd64)
# No core dump will be written. Minidumps are not enabled by default on client versions of Windows
#

---------------  S U M M A R Y ------------

Command Line: -agentlib:jdwp=transport=dt_socket,server=n,suspend=y,address=127.0.0.1:61038 -Dfile.encoding=windows-1251 -Duser.country=RU -Duser.language=ru -Duser.variant com.example.demo.ValidatespringApplication

Host: AMD Ryzen 5 4600H with Radeon Graphics         , 12 cores, 15G,  Windows 10 , 64 bit Build 19041 (10.0.19041.1806)
Time: Mon Jul 11 21:16:10 2022 RTZ 2 (s 10 , 64 bit Build 19041 (10.0.19041.1806) elapsed time: 2.944286 seconds (0d 0h 0m 2s)

---------------  T H R E A D  ---------------

Current thread (0x000001e2598a5800):  JavaThread "C2 CompilerThread0" daemon [_thread_in_native, id=20268, stack(0x0000003379200000,0x0000003379300000)]


Current CompileTask:
C2:   2944 3069       4       java.net.URLStreamHandler::parseURL (1201 bytes)

Stack: [0x0000003379200000,0x0000003379300000]
Native frames: (J=compiled Java code, j=interpreted, Vv=VM code, C=native code)
V  [jvm.dll+0x61a02a]
V  [jvm.dll+0x7a4a49]
V  [jvm.dll+0x7a6229]
V  [jvm.dll+0x7a6913]
V  [jvm.dll+0x24dfe8]
V  [jvm.dll+0xc21fc]
V  [jvm.dll+0xc27bc]
V  [jvm.dll+0x357537]
V  [jvm.dll+0x19e770]
V  [jvm.dll+0x207a92]
V  [jvm.dll+0x206b9d]
V  [jvm.dll+0x18a411]
V  [jvm.dll+0x216004]
V  [jvm.dll+0x21424b]
V  [jvm.dll+0x767850]
V  [jvm.dll+0x7606e4]
V  [jvm.dll+0x618e86]
C  [ucrtbase.dll+0x21bb2]
C  [KERNEL32.DLL+0x17034]
C  [ntdll.dll+0x52651]


---------------  P R O C E S S  ---------------

Threads class SMR info:
_java_thread_list=0x000001e25c7826d0, length=15, elements={
0x000001e233427000, 0x000001e258fcb800, 0x000001e258fc2000, 0x000001e25989e000,
0x000001e25989f800, 0x000001e2598a0800, 0x000001e2598a5800, 0x000001e2598b5800,
0x000001e2598b7800, 0x000001e259a2a000, 0x000001e259a2d800, 0x000001e259a7c800,
0x000001e259a90800, 0x000001e25a99d800, 0x000001e25d4ac000
}

Java Threads: ( => current thread )
  0x000001e233427000 JavaThread "main" [_thread_in_vm, id=23568, stack(0x0000003378600000,0x0000003378700000)]
  0x000001e258fcb800 JavaThread "Reference Handler" daemon [_thread_blocked, id=19680, stack(0x0000003378d00000,0x0000003378e00000)]
  0x000001e258fc2000 JavaThread "Finalizer" daemon [_thread_blocked, id=12908, stack(0x0000003378e00000,0x0000003378f00000)]
  0x000001e25989e000 JavaThread "Signal Dispatcher" daemon [_thread_blocked, id=12620, stack(0x0000003378f00000,0x0000003379000000)]
  0x000001e25989f800 JavaThread "Attach Listener" daemon [_thread_blocked, id=18892, stack(0x0000003379000000,0x0000003379100000)]
  0x000001e2598a0800 JavaThread "Service Thread" daemon [_thread_blocked, id=18900, stack(0x0000003379100000,0x0000003379200000)]
=>0x000001e2598a5800 JavaThread "C2 CompilerThread0" daemon [_thread_in_native, id=20268, stack(0x0000003379200000,0x0000003379300000)]
  0x000001e2598b5800 JavaThread "C1 CompilerThread0" daemon [_thread_blocked, id=7864, stack(0x0000003379300000,0x0000003379400000)]
  0x000001e2598b7800 JavaThread "Sweeper thread" daemon [_thread_blocked, id=20476, stack(0x0000003379400000,0x0000003379500000)]
  0x000001e259a2a000 JavaThread "JDWP Transport Listener: dt_socket" daemon [_thread_blocked, id=12264, stack(0x0000003379500000,0x0000003379600000)]
  0x000001e259a2d800 JavaThread "JDWP Event Helper Thread" daemon [_thread_in_native, id=5316, stack(0x0000003379600000,0x0000003379700000)]
  0x000001e259a7c800 JavaThread "JDWP Command Reader" daemon [_thread_in_native, id=11780, stack(0x0000003379700000,0x0000003379800000)]
  0x000001e259a90800 JavaThread "Common-Cleaner" daemon [_thread_blocked, id=24612, stack(0x0000003379900000,0x0000003379a00000)]
  0x000001e25a99d800 JavaThread "C2 CompilerThread1" daemon [_thread_blocked, id=20032, stack(0x0000003379e00000,0x0000003379f00000)]
  0x000001e25d4ac000 JavaThread "C2 CompilerThread2" daemon [_thread_blocked, id=13276, stack(0x0000003379f00000,0x000000337a000000)]

Other Threads:
  0x000001e258fb9000 VMThread "VM Thread" [stack: 0x0000003378c00000,0x0000003378d00000] [id=1312]
  0x000001e259a87800 WatcherThread [stack: 0x0000003379800000,0x0000003379900000] [id=16604]
  0x000001e23343a800 GCTaskThread "GC Thread#0" [stack: 0x0000003378700000,0x0000003378800000] [id=20228]
  0x000001e25a974800 GCTaskThread "GC Thread#1" [stack: 0x0000003379a00000,0x0000003379b00000] [id=16360]
  0x000001e25a975000 GCTaskThread "GC Thread#2" [stack: 0x0000003379b00000,0x0000003379c00000] [id=1964]
  0x000001e25a977800 GCTaskThread "GC Thread#3" [stack: 0x0000003379c00000,0x0000003379d00000] [id=10644]
  0x000001e25a978800 GCTaskThread "GC Thread#4" [stack: 0x0000003379d00000,0x0000003379e00000] [id=3468]
  0x000001e233497800 ConcurrentGCThread "G1 Main Marker" [stack: 0x0000003378800000,0x0000003378900000] [id=16788]
  0x000001e23349a000 ConcurrentGCThread "G1 Conc#0" [stack: 0x0000003378900000,0x0000003378a00000] [id=1488]
  0x000001e25b77e000 ConcurrentGCThread "G1 Conc#1" [stack: 0x000000337a000000,0x000000337a100000] [id=26416]
  0x000001e25b783000 ConcurrentGCThread "G1 Conc#2" [stack: 0x000000337a100000,0x000000337a200000] [id=22628]
  0x000001e258e81000 ConcurrentGCThread "G1 Refine#0" [stack: 0x0000003378a00000,0x0000003378b00000] [id=13408]
  0x000001e258e83000 ConcurrentGCThread "G1 Young RemSet Sampling" [stack: 0x0000003378b00000,0x0000003378c00000] [id=14516]

Threads with active compile tasks:
C2 CompilerThread0     2960 3069       4       java.net.URLStreamHandler::parseURL (1201 bytes)

VM state:not at safepoint (normal execution)

VM Mutex/Monitor currently owned by a thread: None

Heap address: 0x000000070a000000, size: 3936 MB, Compressed Oops mode: Zero based, Oop shift amount: 3
Narrow klass base: 0x0000000800000000, Narrow klass shift: 0
Compressed class space size: 1073741824 Address: 0x0000000800000000

Heap:
 garbage-first heap   total 303104K, used 18491K [0x000000070a000000, 0x0000000800000000)
  region size 1024K, 15 young (15360K), 6 survivors (6144K)
 Metaspace       used 36171K, capacity 37114K, committed 37248K, reserved 1081344K
  class space    used 4198K, capacity 4596K, committed 4608K, reserved 1048576K
Heap Regions: E=young(eden), S=young(survivor), O=old, HS=humongous(starts), HC=humongous(continues), CS=collection set, F=free, A=archive, TAMS=top-at-mark-start (previous, next)
|   0|0x000000070a000000, 0x000000070a100000, 0x000000070a100000|100%| O|  |TAMS 0x000000070a100000, 0x000000070a000000| Untracked 
|   1|0x000000070a100000, 0x000000070a200000, 0x000000070a200000|100%| O|  |TAMS 0x000000070a200000, 0x000000070a100000| Untracked 
|   2|0x000000070a200000, 0x000000070a300000, 0x000000070a300000|100%| O|  |TAMS 0x000000070a300000, 0x000000070a200000| Untracked 
|   3|0x000000070a300000, 0x000000070a400000, 0x000000070a400000|100%| O|  |TAMS 0x000000070a400000, 0x000000070a300000| Untracked 
|   4|0x000000070a400000, 0x000000070a45a000, 0x000000070a500000| 35%| O|  |TAMS 0x000000070a45a000, 0x000000070a400000| Untracked 
|   5|0x000000070a500000, 0x000000070a500000, 0x000000070a600000|  0%| F|  |TAMS 0x000000070a500000, 0x000000070a500000| Untracked 
|   6|0x000000070a600000, 0x000000070a600000, 0x000000070a700000|  0%| F|  |TAMS 0x000000070a600000, 0x000000070a600000| Untracked 
|   7|0x000000070a700000, 0x000000070a700000, 0x000000070a800000|  0%| F|  |TAMS 0x000000070a700000, 0x000000070a700000| Untracked 
|   8|0x000000070a800000, 0x000000070a800000, 0x000000070a900000|  0%| F|  |TAMS 0x000000070a800000, 0x000000070a800000| Untracked 
|   9|0x000000070a900000, 0x000000070a900000, 0x000000070aa00000|  0%| F|  |TAMS 0x000000070a900000, 0x000000070a900000| Untracked 
|  10|0x000000070aa00000, 0x000000070aa00000, 0x000000070ab00000|  0%| F|  |TAMS 0x000000070aa00000, 0x000000070aa00000| Untracked 
|  11|0x000000070ab00000, 0x000000070ab00000, 0x000000070ac00000|  0%| F|  |TAMS 0x000000070ab00000, 0x000000070ab00000| Untracked 
|  12|0x000000070ac00000, 0x000000070ac00000, 0x000000070ad00000|  0%| F|  |TAMS 0x000000070ac00000, 0x000000070ac00000| Untracked 
|  13|0x000000070ad00000, 0x000000070ad00000, 0x000000070ae00000|  0%| F|  |TAMS 0x000000070ad00000, 0x000000070ad00000| Untracked 
|  14|0x000000070ae00000, 0x000000070ae00000, 0x000000070af00000|  0%| F|  |TAMS 0x000000070ae00000, 0x000000070ae00000| Untracked 
|  15|0x000000070af00000, 0x000000070af00000, 0x000000070b000000|  0%| F|  |TAMS 0x000000070af00000, 0x000000070af00000| Untracked 
|  16|0x000000070b000000, 0x000000070b000000, 0x000000070b100000|  0%| F|  |TAMS 0x000000070b000000, 0x000000070b000000| Untracked 
|  17|0x000000070b100000, 0x000000070b100000, 0x000000070b200000|  0%| F|  |TAMS 0x000000070b100000, 0x000000070b100000| Untracked 
|  18|0x000000070b200000, 0x000000070b200000, 0x000000070b300000|  0%| F|  |TAMS 0x000000070b200000, 0x000000070b200000| Untracked 
|  19|0x000000070b300000, 0x000000070b300000, 0x000000070b400000|  0%| F|  |TAMS 0x000000070b300000, 0x000000070b300000| Untracked 
|  20|0x000000070b400000, 0x000000070b400000, 0x000000070b500000|  0%| F|  |TAMS 0x000000070b400000, 0x000000070b400000| Untracked 
|  21|0x000000070b500000, 0x000000070b500000, 0x000000070b600000|  0%| F|  |TAMS 0x000000070b500000, 0x000000070b500000| Untracked 
|  22|0x000000070b600000, 0x000000070b600000, 0x000000070b700000|  0%| F|  |TAMS 0x000000070b600000, 0x000000070b600000| Untracked 
|  23|0x000000070b700000, 0x000000070b700000, 0x000000070b800000|  0%| F|  |TAMS 0x000000070b700000, 0x000000070b700000| Untracked 
|  24|0x000000070b800000, 0x000000070b800000, 0x000000070b900000|  0%| F|  |TAMS 0x000000070b800000, 0x000000070b800000| Untracked 
|  25|0x000000070b900000, 0x000000070b900000, 0x000000070ba00000|  0%| F|  |TAMS 0x000000070b900000, 0x000000070b900000| Untracked 
|  26|0x000000070ba00000, 0x000000070ba00000, 0x000000070bb00000|  0%| F|  |TAMS 0x000000070ba00000, 0x000000070ba00000| Untracked 
|  27|0x000000070bb00000, 0x000000070bb00000, 0x000000070bc00000|  0%| F|  |TAMS 0x000000070bb00000, 0x000000070bb00000| Untracked 
|  28|0x000000070bc00000, 0x000000070bc00000, 0x000000070bd00000|  0%| F|  |TAMS 0x000000070bc00000, 0x000000070bc00000| Untracked 
|  29|0x000000070bd00000, 0x000000070bd00000, 0x000000070be00000|  0%| F|  |TAMS 0x000000070bd00000, 0x000000070bd00000| Untracked 
|  30|0x000000070be00000, 0x000000070be00000, 0x000000070bf00000|  0%| F|  |TAMS 0x000000070be00000, 0x000000070be00000| Untracked 
|  31|0x000000070bf00000, 0x000000070bf00000, 0x000000070c000000|  0%| F|  |TAMS 0x000000070bf00000, 0x000000070bf00000| Untracked 
|  32|0x000000070c000000, 0x000000070c000000, 0x000000070c100000|  0%| F|  |TAMS 0x000000070c000000, 0x000000070c000000| Untracked 
|  33|0x000000070c100000, 0x000000070c100000, 0x000000070c200000|  0%| F|  |TAMS 0x000000070c100000, 0x000000070c100000| Untracked 
|  34|0x000000070c200000, 0x000000070c200000, 0x000000070c300000|  0%| F|  |TAMS 0x000000070c200000, 0x000000070c200000| Untracked 
|  35|0x000000070c300000, 0x000000070c300000, 0x000000070c400000|  0%| F|  |TAMS 0x000000070c300000, 0x000000070c300000| Untracked 
|  36|0x000000070c400000, 0x000000070c400000, 0x000000070c500000|  0%| F|  |TAMS 0x000000070c400000, 0x000000070c400000| Untracked 
|  37|0x000000070c500000, 0x000000070c500000, 0x000000070c600000|  0%| F|  |TAMS 0x000000070c500000, 0x000000070c500000| Untracked 
|  38|0x000000070c600000, 0x000000070c600000, 0x000000070c700000|  0%| F|  |TAMS 0x000000070c600000, 0x000000070c600000| Untracked 
|  39|0x000000070c700000, 0x000000070c700000, 0x000000070c800000|  0%| F|  |TAMS 0x000000070c700000, 0x000000070c700000| Untracked 
|  40|0x000000070c800000, 0x000000070c800000, 0x000000070c900000|  0%| F|  |TAMS 0x000000070c800000, 0x000000070c800000| Untracked 
|  41|0x000000070c900000, 0x000000070c900000, 0x000000070ca00000|  0%| F|  |TAMS 0x000000070c900000, 0x000000070c900000| Untracked 
|  42|0x000000070ca00000, 0x000000070ca00000, 0x000000070cb00000|  0%| F|  |TAMS 0x000000070ca00000, 0x000000070ca00000| Untracked 
|  43|0x000000070cb00000, 0x000000070cb00000, 0x000000070cc00000|  0%| F|  |TAMS 0x000000070cb00000, 0x000000070cb00000| Untracked 
|  44|0x000000070cc00000, 0x000000070cc00000, 0x000000070cd00000|  0%| F|  |TAMS 0x000000070cc00000, 0x000000070cc00000| Untracked 
|  45|0x000000070cd00000, 0x000000070cd00000, 0x000000070ce00000|  0%| F|  |TAMS 0x000000070cd00000, 0x000000070cd00000| Untracked 
|  46|0x000000070ce00000, 0x000000070ce00000, 0x000000070cf00000|  0%| F|  |TAMS 0x000000070ce00000, 0x000000070ce00000| Untracked 
|  47|0x000000070cf00000, 0x000000070cf00000, 0x000000070d000000|  0%| F|  |TAMS 0x000000070cf00000, 0x000000070cf00000| Untracked 
|  48|0x000000070d000000, 0x000000070d000000, 0x000000070d100000|  0%| F|  |TAMS 0x000000070d000000, 0x000000070d000000| Untracked 
|  49|0x000000070d100000, 0x000000070d100000, 0x000000070d200000|  0%| F|  |TAMS 0x000000070d100000, 0x000000070d100000| Untracked 
|  50|0x000000070d200000, 0x000000070d200000, 0x000000070d300000|  0%| F|  |TAMS 0x000000070d200000, 0x000000070d200000| Untracked 
|  51|0x000000070d300000, 0x000000070d300000, 0x000000070d400000|  0%| F|  |TAMS 0x000000070d300000, 0x000000070d300000| Untracked 
|  52|0x000000070d400000, 0x000000070d400000, 0x000000070d500000|  0%| F|  |TAMS 0x000000070d400000, 0x000000070d400000| Untracked 
|  53|0x000000070d500000, 0x000000070d500000, 0x000000070d600000|  0%| F|  |TAMS 0x000000070d500000, 0x000000070d500000| Untracked 
|  54|0x000000070d600000, 0x000000070d600000, 0x000000070d700000|  0%| F|  |TAMS 0x000000070d600000, 0x000000070d600000| Untracked 
|  55|0x000000070d700000, 0x000000070d700000, 0x000000070d800000|  0%| F|  |TAMS 0x000000070d700000, 0x000000070d700000| Untracked 
|  56|0x000000070d800000, 0x000000070d800000, 0x000000070d900000|  0%| F|  |TAMS 0x000000070d800000, 0x000000070d800000| Untracked 
|  57|0x000000070d900000, 0x000000070d900000, 0x000000070da00000|  0%| F|  |TAMS 0x000000070d900000, 0x000000070d900000| Untracked 
|  58|0x000000070da00000, 0x000000070da00000, 0x000000070db00000|  0%| F|  |TAMS 0x000000070da00000, 0x000000070da00000| Untracked 
|  59|0x000000070db00000, 0x000000070db00000, 0x000000070dc00000|  0%| F|  |TAMS 0x000000070db00000, 0x000000070db00000| Untracked 
|  60|0x000000070dc00000, 0x000000070dc00000, 0x000000070dd00000|  0%| F|  |TAMS 0x000000070dc00000, 0x000000070dc00000| Untracked 
|  61|0x000000070dd00000, 0x000000070dd00000, 0x000000070de00000|  0%| F|  |TAMS 0x000000070dd00000, 0x000000070dd00000| Untracked 
|  62|0x000000070de00000, 0x000000070de00000, 0x000000070df00000|  0%| F|  |TAMS 0x000000070de00000, 0x000000070de00000| Untracked 
|  63|0x000000070df00000, 0x000000070df00000, 0x000000070e000000|  0%| F|  |TAMS 0x000000070df00000, 0x000000070df00000| Untracked 
|  64|0x000000070e000000, 0x000000070e000000, 0x000000070e100000|  0%| F|  |TAMS 0x000000070e000000, 0x000000070e000000| Untracked 
|  65|0x000000070e100000, 0x000000070e100000, 0x000000070e200000|  0%| F|  |TAMS 0x000000070e100000, 0x000000070e100000| Untracked 
|  66|0x000000070e200000, 0x000000070e200000, 0x000000070e300000|  0%| F|  |TAMS 0x000000070e200000, 0x000000070e200000| Untracked 
|  67|0x000000070e300000, 0x000000070e300000, 0x000000070e400000|  0%| F|  |TAMS 0x000000070e300000, 0x000000070e300000| Untracked 
|  68|0x000000070e400000, 0x000000070e400000, 0x000000070e500000|  0%| F|  |TAMS 0x000000070e400000, 0x000000070e400000| Untracked 
|  69|0x000000070e500000, 0x000000070e500000, 0x000000070e600000|  0%| F|  |TAMS 0x000000070e500000, 0x000000070e500000| Untracked 
|  70|0x000000070e600000, 0x000000070e600000, 0x000000070e700000|  0%| F|  |TAMS 0x000000070e600000, 0x000000070e600000| Untracked 
|  71|0x000000070e700000, 0x000000070e700000, 0x000000070e800000|  0%| F|  |TAMS 0x000000070e700000, 0x000000070e700000| Untracked 
|  72|0x000000070e800000, 0x000000070e800000, 0x000000070e900000|  0%| F|  |TAMS 0x000000070e800000, 0x000000070e800000| Untracked 
|  73|0x000000070e900000, 0x000000070e900000, 0x000000070ea00000|  0%| F|  |TAMS 0x000000070e900000, 0x000000070e900000| Untracked 
|  74|0x000000070ea00000, 0x000000070ea00000, 0x000000070eb00000|  0%| F|  |TAMS 0x000000070ea00000, 0x000000070ea00000| Untracked 
|  75|0x000000070eb00000, 0x000000070eb00000, 0x000000070ec00000|  0%| F|  |TAMS 0x000000070eb00000, 0x000000070eb00000| Untracked 
|  76|0x000000070ec00000, 0x000000070ec00000, 0x000000070ed00000|  0%| F|  |TAMS 0x000000070ec00000, 0x000000070ec00000| Untracked 
|  77|0x000000070ed00000, 0x000000070ed00000, 0x000000070ee00000|  0%| F|  |TAMS 0x000000070ed00000, 0x000000070ed00000| Untracked 
|  78|0x000000070ee00000, 0x000000070ee00000, 0x000000070ef00000|  0%| F|  |TAMS 0x000000070ee00000, 0x000000070ee00000| Untracked 
|  79|0x000000070ef00000, 0x000000070ef00000, 0x000000070f000000|  0%| F|  |TAMS 0x000000070ef00000, 0x000000070ef00000| Untracked 
|  80|0x000000070f000000, 0x000000070f000000, 0x000000070f100000|  0%| F|  |TAMS 0x000000070f000000, 0x000000070f000000| Untracked 
|  81|0x000000070f100000, 0x000000070f100000, 0x000000070f200000|  0%| F|  |TAMS 0x000000070f100000, 0x000000070f100000| Untracked 
|  82|0x000000070f200000, 0x000000070f200000, 0x000000070f300000|  0%| F|  |TAMS 0x000000070f200000, 0x000000070f200000| Untracked 
|  83|0x000000070f300000, 0x000000070f300000, 0x000000070f400000|  0%| F|  |TAMS 0x000000070f300000, 0x000000070f300000| Untracked 
|  84|0x000000070f400000, 0x000000070f400000, 0x000000070f500000|  0%| F|  |TAMS 0x000000070f400000, 0x000000070f400000| Untracked 
|  85|0x000000070f500000, 0x000000070f500000, 0x000000070f600000|  0%| F|  |TAMS 0x000000070f500000, 0x000000070f500000| Untracked 
|  86|0x000000070f600000, 0x000000070f600000, 0x000000070f700000|  0%| F|  |TAMS 0x000000070f600000, 0x000000070f600000| Untracked 
|  87|0x000000070f700000, 0x000000070f700000, 0x000000070f800000|  0%| F|  |TAMS 0x000000070f700000, 0x000000070f700000| Untracked 
|  88|0x000000070f800000, 0x000000070f800000, 0x000000070f900000|  0%| F|  |TAMS 0x000000070f800000, 0x000000070f800000| Untracked 
|  89|0x000000070f900000, 0x000000070f900000, 0x000000070fa00000|  0%| F|  |TAMS 0x000000070f900000, 0x000000070f900000| Untracked 
|  90|0x000000070fa00000, 0x000000070fa00000, 0x000000070fb00000|  0%| F|  |TAMS 0x000000070fa00000, 0x000000070fa00000| Untracked 
|  91|0x000000070fb00000, 0x000000070fb00000, 0x000000070fc00000|  0%| F|  |TAMS 0x000000070fb00000, 0x000000070fb00000| Untracked 
|  92|0x000000070fc00000, 0x000000070fc00000, 0x000000070fd00000|  0%| F|  |TAMS 0x000000070fc00000, 0x000000070fc00000| Untracked 
|  93|0x000000070fd00000, 0x000000070fd00000, 0x000000070fe00000|  0%| F|  |TAMS 0x000000070fd00000, 0x000000070fd00000| Untracked 
|  94|0x000000070fe00000, 0x000000070fe00000, 0x000000070ff00000|  0%| F|  |TAMS 0x000000070fe00000, 0x000000070fe00000| Untracked 
|  95|0x000000070ff00000, 0x000000070ff00000, 0x0000000710000000|  0%| F|  |TAMS 0x000000070ff00000, 0x000000070ff00000| Untracked 
|  96|0x0000000710000000, 0x0000000710000000, 0x0000000710100000|  0%| F|  |TAMS 0x0000000710000000, 0x0000000710000000| Untracked 
|  97|0x0000000710100000, 0x0000000710100000, 0x0000000710200000|  0%| F|  |TAMS 0x0000000710100000, 0x0000000710100000| Untracked 
|  98|0x0000000710200000, 0x0000000710200000, 0x0000000710300000|  0%| F|  |TAMS 0x0000000710200000, 0x0000000710200000| Untracked 
|  99|0x0000000710300000, 0x0000000710300000, 0x0000000710400000|  0%| F|  |TAMS 0x0000000710300000, 0x0000000710300000| Untracked 
| 100|0x0000000710400000, 0x0000000710400000, 0x0000000710500000|  0%| F|  |TAMS 0x0000000710400000, 0x0000000710400000| Untracked 
| 101|0x0000000710500000, 0x0000000710500000, 0x0000000710600000|  0%| F|  |TAMS 0x0000000710500000, 0x0000000710500000| Untracked 
| 102|0x0000000710600000, 0x0000000710600000, 0x0000000710700000|  0%| F|  |TAMS 0x0000000710600000, 0x0000000710600000| Untracked 
| 103|0x0000000710700000, 0x0000000710700000, 0x0000000710800000|  0%| F|  |TAMS 0x0000000710700000, 0x0000000710700000| Untracked 
| 104|0x0000000710800000, 0x0000000710800000, 0x0000000710900000|  0%| F|  |TAMS 0x0000000710800000, 0x0000000710800000| Untracked 
| 105|0x0000000710900000, 0x0000000710900000, 0x0000000710a00000|  0%| F|  |TAMS 0x0000000710900000, 0x0000000710900000| Untracked 
| 106|0x0000000710a00000, 0x0000000710a00000, 0x0000000710b00000|  0%| F|  |TAMS 0x0000000710a00000, 0x0000000710a00000| Untracked 
| 107|0x0000000710b00000, 0x0000000710b00000, 0x0000000710c00000|  0%| F|  |TAMS 0x0000000710b00000, 0x0000000710b00000| Untracked 
| 108|0x0000000710c00000, 0x0000000710c00000, 0x0000000710d00000|  0%| F|  |TAMS 0x0000000710c00000, 0x0000000710c00000| Untracked 
| 109|0x0000000710d00000, 0x0000000710d00000, 0x0000000710e00000|  0%| F|  |TAMS 0x0000000710d00000, 0x0000000710d00000| Untracked 
| 110|0x0000000710e00000, 0x0000000710e00000, 0x0000000710f00000|  0%| F|  |TAMS 0x0000000710e00000, 0x0000000710e00000| Untracked 
| 111|0x0000000710f00000, 0x0000000710f00000, 0x0000000711000000|  0%| F|  |TAMS 0x0000000710f00000, 0x0000000710f00000| Untracked 
| 112|0x0000000711000000, 0x0000000711000000, 0x0000000711100000|  0%| F|  |TAMS 0x0000000711000000, 0x0000000711000000| Untracked 
| 113|0x0000000711100000, 0x0000000711100000, 0x0000000711200000|  0%| F|  |TAMS 0x0000000711100000, 0x0000000711100000| Untracked 
| 114|0x0000000711200000, 0x0000000711200000, 0x0000000711300000|  0%| F|  |TAMS 0x0000000711200000, 0x0000000711200000| Untracked 
| 115|0x0000000711300000, 0x0000000711300000, 0x0000000711400000|  0%| F|  |TAMS 0x0000000711300000, 0x0000000711300000| Untracked 
| 116|0x0000000711400000, 0x0000000711400000, 0x0000000711500000|  0%| F|  |TAMS 0x0000000711400000, 0x0000000711400000| Untracked 
| 117|0x0000000711500000, 0x0000000711500000, 0x0000000711600000|  0%| F|  |TAMS 0x0000000711500000, 0x0000000711500000| Untracked 
| 118|0x0000000711600000, 0x0000000711600000, 0x0000000711700000|  0%| F|  |TAMS 0x0000000711600000, 0x0000000711600000| Untracked 
| 119|0x0000000711700000, 0x0000000711700000, 0x0000000711800000|  0%| F|  |TAMS 0x0000000711700000, 0x0000000711700000| Untracked 
| 120|0x0000000711800000, 0x0000000711800000, 0x0000000711900000|  0%| F|  |TAMS 0x0000000711800000, 0x0000000711800000| Untracked 
| 121|0x0000000711900000, 0x0000000711900000, 0x0000000711a00000|  0%| F|  |TAMS 0x0000000711900000, 0x0000000711900000| Untracked 
| 122|0x0000000711a00000, 0x0000000711a00000, 0x0000000711b00000|  0%| F|  |TAMS 0x0000000711a00000, 0x0000000711a00000| Untracked 
| 123|0x0000000711b00000, 0x0000000711b00000, 0x0000000711c00000|  0%| F|  |TAMS 0x0000000711b00000, 0x0000000711b00000| Untracked 
| 124|0x0000000711c00000, 0x0000000711c00000, 0x0000000711d00000|  0%| F|  |TAMS 0x0000000711c00000, 0x0000000711c00000| Untracked 
| 125|0x0000000711d00000, 0x0000000711d00000, 0x0000000711e00000|  0%| F|  |TAMS 0x0000000711d00000, 0x0000000711d00000| Untracked 
| 126|0x0000000711e00000, 0x0000000711e00000, 0x0000000711f00000|  0%| F|  |TAMS 0x0000000711e00000, 0x0000000711e00000| Untracked 
| 127|0x0000000711f00000, 0x0000000711f00000, 0x0000000712000000|  0%| F|  |TAMS 0x0000000711f00000, 0x0000000711f00000| Untracked 
| 128|0x0000000712000000, 0x0000000712000000, 0x0000000712100000|  0%| F|  |TAMS 0x0000000712000000, 0x0000000712000000| Untracked 
| 129|0x0000000712100000, 0x0000000712100000, 0x0000000712200000|  0%| F|  |TAMS 0x0000000712100000, 0x0000000712100000| Untracked 
| 130|0x0000000712200000, 0x0000000712200000, 0x0000000712300000|  0%| F|  |TAMS 0x0000000712200000, 0x0000000712200000| Untracked 
| 131|0x0000000712300000, 0x0000000712300000, 0x0000000712400000|  0%| F|  |TAMS 0x0000000712300000, 0x0000000712300000| Untracked 
| 132|0x0000000712400000, 0x0000000712400000, 0x0000000712500000|  0%| F|  |TAMS 0x0000000712400000, 0x0000000712400000| Untracked 
| 133|0x0000000712500000, 0x0000000712500000, 0x0000000712600000|  0%| F|  |TAMS 0x0000000712500000, 0x0000000712500000| Untracked 
| 134|0x0000000712600000, 0x0000000712600000, 0x0000000712700000|  0%| F|  |TAMS 0x0000000712600000, 0x0000000712600000| Untracked 
| 135|0x0000000712700000, 0x0000000712700000, 0x0000000712800000|  0%| F|  |TAMS 0x0000000712700000, 0x0000000712700000| Untracked 
| 136|0x0000000712800000, 0x0000000712800000, 0x0000000712900000|  0%| F|  |TAMS 0x0000000712800000, 0x0000000712800000| Untracked 
| 137|0x0000000712900000, 0x0000000712900000, 0x0000000712a00000|  0%| F|  |TAMS 0x0000000712900000, 0x0000000712900000| Untracked 
| 138|0x0000000712a00000, 0x0000000712a00000, 0x0000000712b00000|  0%| F|  |TAMS 0x0000000712a00000, 0x0000000712a00000| Untracked 
| 139|0x0000000712b00000, 0x0000000712b00000, 0x0000000712c00000|  0%| F|  |TAMS 0x0000000712b00000, 0x0000000712b00000| Untracked 
| 140|0x0000000712c00000, 0x0000000712c00000, 0x0000000712d00000|  0%| F|  |TAMS 0x0000000712c00000, 0x0000000712c00000| Untracked 
| 141|0x0000000712d00000, 0x0000000712d00000, 0x0000000712e00000|  0%| F|  |TAMS 0x0000000712d00000, 0x0000000712d00000| Untracked 
| 142|0x0000000712e00000, 0x0000000712e00000, 0x0000000712f00000|  0%| F|  |TAMS 0x0000000712e00000, 0x0000000712e00000| Untracked 
| 143|0x0000000712f00000, 0x0000000712f00000, 0x0000000713000000|  0%| F|  |TAMS 0x0000000712f00000, 0x0000000712f00000| Untracked 
| 144|0x0000000713000000, 0x0000000713000000, 0x0000000713100000|  0%| F|  |TAMS 0x0000000713000000, 0x0000000713000000| Untracked 
| 145|0x0000000713100000, 0x0000000713100000, 0x0000000713200000|  0%| F|  |TAMS 0x0000000713100000, 0x0000000713100000| Untracked 
| 146|0x0000000713200000, 0x0000000713200000, 0x0000000713300000|  0%| F|  |TAMS 0x0000000713200000, 0x0000000713200000| Untracked 
| 147|0x0000000713300000, 0x0000000713300000, 0x0000000713400000|  0%| F|  |TAMS 0x0000000713300000, 0x0000000713300000| Untracked 
| 148|0x0000000713400000, 0x0000000713400000, 0x0000000713500000|  0%| F|  |TAMS 0x0000000713400000, 0x0000000713400000| Untracked 
| 149|0x0000000713500000, 0x0000000713500000, 0x0000000713600000|  0%| F|  |TAMS 0x0000000713500000, 0x0000000713500000| Untracked 
| 150|0x0000000713600000, 0x0000000713600000, 0x0000000713700000|  0%| F|  |TAMS 0x0000000713600000, 0x0000000713600000| Untracked 
| 151|0x0000000713700000, 0x0000000713700000, 0x0000000713800000|  0%| F|  |TAMS 0x0000000713700000, 0x0000000713700000| Untracked 
| 152|0x0000000713800000, 0x0000000713800000, 0x0000000713900000|  0%| F|  |TAMS 0x0000000713800000, 0x0000000713800000| Untracked 
| 153|0x0000000713900000, 0x0000000713900000, 0x0000000713a00000|  0%| F|  |TAMS 0x0000000713900000, 0x0000000713900000| Untracked 
| 154|0x0000000713a00000, 0x0000000713a00000, 0x0000000713b00000|  0%| F|  |TAMS 0x0000000713a00000, 0x0000000713a00000| Untracked 
| 155|0x0000000713b00000, 0x0000000713b00000, 0x0000000713c00000|  0%| F|  |TAMS 0x0000000713b00000, 0x0000000713b00000| Untracked 
| 156|0x0000000713c00000, 0x0000000713c00000, 0x0000000713d00000|  0%| F|  |TAMS 0x0000000713c00000, 0x0000000713c00000| Untracked 
| 157|0x0000000713d00000, 0x0000000713d00000, 0x0000000713e00000|  0%| F|  |TAMS 0x0000000713d00000, 0x0000000713d00000| Untracked 
| 158|0x0000000713e00000, 0x0000000713e00000, 0x0000000713f00000|  0%| F|  |TAMS 0x0000000713e00000, 0x0000000713e00000| Untracked 
| 159|0x0000000713f00000, 0x0000000713f00000, 0x0000000714000000|  0%| F|  |TAMS 0x0000000713f00000, 0x0000000713f00000| Untracked 
| 160|0x0000000714000000, 0x0000000714000000, 0x0000000714100000|  0%| F|  |TAMS 0x0000000714000000, 0x0000000714000000| Untracked 
| 161|0x0000000714100000, 0x0000000714100000, 0x0000000714200000|  0%| F|  |TAMS 0x0000000714100000, 0x0000000714100000| Untracked 
| 162|0x0000000714200000, 0x0000000714200000, 0x0000000714300000|  0%| F|  |TAMS 0x0000000714200000, 0x0000000714200000| Untracked 
| 163|0x0000000714300000, 0x0000000714300000, 0x0000000714400000|  0%| F|  |TAMS 0x0000000714300000, 0x0000000714300000| Untracked 
| 164|0x0000000714400000, 0x0000000714400000, 0x0000000714500000|  0%| F|  |TAMS 0x0000000714400000, 0x0000000714400000| Untracked 
| 165|0x0000000714500000, 0x0000000714500000, 0x0000000714600000|  0%| F|  |TAMS 0x0000000714500000, 0x0000000714500000| Untracked 
| 166|0x0000000714600000, 0x0000000714600000, 0x0000000714700000|  0%| F|  |TAMS 0x0000000714600000, 0x0000000714600000| Untracked 
| 167|0x0000000714700000, 0x0000000714700000, 0x0000000714800000|  0%| F|  |TAMS 0x0000000714700000, 0x0000000714700000| Untracked 
| 168|0x0000000714800000, 0x0000000714800000, 0x0000000714900000|  0%| F|  |TAMS 0x0000000714800000, 0x0000000714800000| Untracked 
| 169|0x0000000714900000, 0x0000000714900000, 0x0000000714a00000|  0%| F|  |TAMS 0x0000000714900000, 0x0000000714900000| Untracked 
| 170|0x0000000714a00000, 0x0000000714a00000, 0x0000000714b00000|  0%| F|  |TAMS 0x0000000714a00000, 0x0000000714a00000| Untracked 
| 171|0x0000000714b00000, 0x0000000714b00000, 0x0000000714c00000|  0%| F|  |TAMS 0x0000000714b00000, 0x0000000714b00000| Untracked 
| 172|0x0000000714c00000, 0x0000000714c00000, 0x0000000714d00000|  0%| F|  |TAMS 0x0000000714c00000, 0x0000000714c00000| Untracked 
| 173|0x0000000714d00000, 0x0000000714d00000, 0x0000000714e00000|  0%| F|  |TAMS 0x0000000714d00000, 0x0000000714d00000| Untracked 
| 174|0x0000000714e00000, 0x0000000714e00000, 0x0000000714f00000|  0%| F|  |TAMS 0x0000000714e00000, 0x0000000714e00000| Untracked 
| 175|0x0000000714f00000, 0x0000000714f00000, 0x0000000715000000|  0%| F|  |TAMS 0x0000000714f00000, 0x0000000714f00000| Untracked 
| 176|0x0000000715000000, 0x0000000715000000, 0x0000000715100000|  0%| F|  |TAMS 0x0000000715000000, 0x0000000715000000| Untracked 
| 177|0x0000000715100000, 0x0000000715100000, 0x0000000715200000|  0%| F|  |TAMS 0x0000000715100000, 0x0000000715100000| Untracked 
| 178|0x0000000715200000, 0x0000000715200000, 0x0000000715300000|  0%| F|  |TAMS 0x0000000715200000, 0x0000000715200000| Untracked 
| 179|0x0000000715300000, 0x0000000715300000, 0x0000000715400000|  0%| F|  |TAMS 0x0000000715300000, 0x0000000715300000| Untracked 
| 180|0x0000000715400000, 0x0000000715400000, 0x0000000715500000|  0%| F|  |TAMS 0x0000000715400000, 0x0000000715400000| Untracked 
| 181|0x0000000715500000, 0x0000000715500000, 0x0000000715600000|  0%| F|  |TAMS 0x0000000715500000, 0x0000000715500000| Untracked 
| 182|0x0000000715600000, 0x0000000715600000, 0x0000000715700000|  0%| F|  |TAMS 0x0000000715600000, 0x0000000715600000| Untracked 
| 183|0x0000000715700000, 0x0000000715700000, 0x0000000715800000|  0%| F|  |TAMS 0x0000000715700000, 0x0000000715700000| Untracked 
| 184|0x0000000715800000, 0x0000000715800000, 0x0000000715900000|  0%| F|  |TAMS 0x0000000715800000, 0x0000000715800000| Untracked 
| 185|0x0000000715900000, 0x0000000715900000, 0x0000000715a00000|  0%| F|  |TAMS 0x0000000715900000, 0x0000000715900000| Untracked 
| 186|0x0000000715a00000, 0x0000000715a00000, 0x0000000715b00000|  0%| F|  |TAMS 0x0000000715a00000, 0x0000000715a00000| Untracked 
| 187|0x0000000715b00000, 0x0000000715b00000, 0x0000000715c00000|  0%| F|  |TAMS 0x0000000715b00000, 0x0000000715b00000| Untracked 
| 188|0x0000000715c00000, 0x0000000715c00000, 0x0000000715d00000|  0%| F|  |TAMS 0x0000000715c00000, 0x0000000715c00000| Untracked 
| 189|0x0000000715d00000, 0x0000000715d00000, 0x0000000715e00000|  0%| F|  |TAMS 0x0000000715d00000, 0x0000000715d00000| Untracked 
| 190|0x0000000715e00000, 0x0000000715e00000, 0x0000000715f00000|  0%| F|  |TAMS 0x0000000715e00000, 0x0000000715e00000| Untracked 
| 191|0x0000000715f00000, 0x0000000715f00000, 0x0000000716000000|  0%| F|  |TAMS 0x0000000715f00000, 0x0000000715f00000| Untracked 
| 192|0x0000000716000000, 0x0000000716000000, 0x0000000716100000|  0%| F|  |TAMS 0x0000000716000000, 0x0000000716000000| Untracked 
| 193|0x0000000716100000, 0x0000000716100000, 0x0000000716200000|  0%| F|  |TAMS 0x0000000716100000, 0x0000000716100000| Untracked 
| 194|0x0000000716200000, 0x0000000716200000, 0x0000000716300000|  0%| F|  |TAMS 0x0000000716200000, 0x0000000716200000| Untracked 
| 195|0x0000000716300000, 0x0000000716300000, 0x0000000716400000|  0%| F|  |TAMS 0x0000000716300000, 0x0000000716300000| Untracked 
| 196|0x0000000716400000, 0x0000000716400000, 0x0000000716500000|  0%| F|  |TAMS 0x0000000716400000, 0x0000000716400000| Untracked 
| 197|0x0000000716500000, 0x0000000716500000, 0x0000000716600000|  0%| F|  |TAMS 0x0000000716500000, 0x0000000716500000| Untracked 
| 198|0x0000000716600000, 0x0000000716600000, 0x0000000716700000|  0%| F|  |TAMS 0x0000000716600000, 0x0000000716600000| Untracked 
| 199|0x0000000716700000, 0x0000000716700000, 0x0000000716800000|  0%| F|  |TAMS 0x0000000716700000, 0x0000000716700000| Untracked 
| 200|0x0000000716800000, 0x0000000716800000, 0x0000000716900000|  0%| F|  |TAMS 0x0000000716800000, 0x0000000716800000| Untracked 
| 201|0x0000000716900000, 0x0000000716900000, 0x0000000716a00000|  0%| F|  |TAMS 0x0000000716900000, 0x0000000716900000| Untracked 
| 202|0x0000000716a00000, 0x0000000716a00000, 0x0000000716b00000|  0%| F|  |TAMS 0x0000000716a00000, 0x0000000716a00000| Untracked 
| 203|0x0000000716b00000, 0x0000000716b00000, 0x0000000716c00000|  0%| F|  |TAMS 0x0000000716b00000, 0x0000000716b00000| Untracked 
| 204|0x0000000716c00000, 0x0000000716c00000, 0x0000000716d00000|  0%| F|  |TAMS 0x0000000716c00000, 0x0000000716c00000| Untracked 
| 205|0x0000000716d00000, 0x0000000716d00000, 0x0000000716e00000|  0%| F|  |TAMS 0x0000000716d00000, 0x0000000716d00000| Untracked 
| 206|0x0000000716e00000, 0x0000000716e00000, 0x0000000716f00000|  0%| F|  |TAMS 0x0000000716e00000, 0x0000000716e00000| Untracked 
| 207|0x0000000716f00000, 0x0000000716f00000, 0x0000000717000000|  0%| F|  |TAMS 0x0000000716f00000, 0x0000000716f00000| Untracked 
| 208|0x0000000717000000, 0x0000000717000000, 0x0000000717100000|  0%| F|  |TAMS 0x0000000717000000, 0x0000000717000000| Untracked 
| 209|0x0000000717100000, 0x0000000717100000, 0x0000000717200000|  0%| F|  |TAMS 0x0000000717100000, 0x0000000717100000| Untracked 
| 210|0x0000000717200000, 0x0000000717200000, 0x0000000717300000|  0%| F|  |TAMS 0x0000000717200000, 0x0000000717200000| Untracked 
| 211|0x0000000717300000, 0x0000000717300000, 0x0000000717400000|  0%| F|  |TAMS 0x0000000717300000, 0x0000000717300000| Untracked 
| 212|0x0000000717400000, 0x0000000717400000, 0x0000000717500000|  0%| F|  |TAMS 0x0000000717400000, 0x0000000717400000| Untracked 
| 213|0x0000000717500000, 0x0000000717500000, 0x0000000717600000|  0%| F|  |TAMS 0x0000000717500000, 0x0000000717500000| Untracked 
| 214|0x0000000717600000, 0x0000000717600000, 0x0000000717700000|  0%| F|  |TAMS 0x0000000717600000, 0x0000000717600000| Untracked 
| 215|0x0000000717700000, 0x0000000717700000, 0x0000000717800000|  0%| F|  |TAMS 0x0000000717700000, 0x0000000717700000| Untracked 
| 216|0x0000000717800000, 0x0000000717800000, 0x0000000717900000|  0%| F|  |TAMS 0x0000000717800000, 0x0000000717800000| Untracked 
| 217|0x0000000717900000, 0x0000000717900000, 0x0000000717a00000|  0%| F|  |TAMS 0x0000000717900000, 0x0000000717900000| Untracked 
| 218|0x0000000717a00000, 0x0000000717a00000, 0x0000000717b00000|  0%| F|  |TAMS 0x0000000717a00000, 0x0000000717a00000| Untracked 
| 219|0x0000000717b00000, 0x0000000717b00000, 0x0000000717c00000|  0%| F|  |TAMS 0x0000000717b00000, 0x0000000717b00000| Untracked 
| 220|0x0000000717c00000, 0x0000000717c00000, 0x0000000717d00000|  0%| F|  |TAMS 0x0000000717c00000, 0x0000000717c00000| Untracked 
| 221|0x0000000717d00000, 0x0000000717d00000, 0x0000000717e00000|  0%| F|  |TAMS 0x0000000717d00000, 0x0000000717d00000| Untracked 
| 222|0x0000000717e00000, 0x0000000717e00000, 0x0000000717f00000|  0%| F|  |TAMS 0x0000000717e00000, 0x0000000717e00000| Untracked 
| 223|0x0000000717f00000, 0x0000000717f00000, 0x0000000718000000|  0%| F|  |TAMS 0x0000000717f00000, 0x0000000717f00000| Untracked 
| 224|0x0000000718000000, 0x0000000718000000, 0x0000000718100000|  0%| F|  |TAMS 0x0000000718000000, 0x0000000718000000| Untracked 
| 225|0x0000000718100000, 0x0000000718100000, 0x0000000718200000|  0%| F|  |TAMS 0x0000000718100000, 0x0000000718100000| Untracked 
| 226|0x0000000718200000, 0x0000000718200000, 0x0000000718300000|  0%| F|  |TAMS 0x0000000718200000, 0x0000000718200000| Untracked 
| 227|0x0000000718300000, 0x0000000718300000, 0x0000000718400000|  0%| F|  |TAMS 0x0000000718300000, 0x0000000718300000| Untracked 
| 228|0x0000000718400000, 0x0000000718400000, 0x0000000718500000|  0%| F|  |TAMS 0x0000000718400000, 0x0000000718400000| Untracked 
| 229|0x0000000718500000, 0x0000000718500000, 0x0000000718600000|  0%| F|  |TAMS 0x0000000718500000, 0x0000000718500000| Untracked 
| 230|0x0000000718600000, 0x0000000718600000, 0x0000000718700000|  0%| F|  |TAMS 0x0000000718600000, 0x0000000718600000| Untracked 
| 231|0x0000000718700000, 0x0000000718700000, 0x0000000718800000|  0%| F|  |TAMS 0x0000000718700000, 0x0000000718700000| Untracked 
| 232|0x0000000718800000, 0x00000007188b4fe0, 0x0000000718900000| 70%| S|CS|TAMS 0x0000000718800000, 0x0000000718800000| Complete 
| 233|0x0000000718900000, 0x0000000718a00000, 0x0000000718a00000|100%| S|CS|TAMS 0x0000000718900000, 0x0000000718900000| Complete 
| 234|0x0000000718a00000, 0x0000000718b00000, 0x0000000718b00000|100%| S|CS|TAMS 0x0000000718a00000, 0x0000000718a00000| Complete 
| 235|0x0000000718b00000, 0x0000000718c00000, 0x0000000718c00000|100%| S|CS|TAMS 0x0000000718b00000, 0x0000000718b00000| Complete 
| 236|0x0000000718c00000, 0x0000000718d00000, 0x0000000718d00000|100%| S|CS|TAMS 0x0000000718c00000, 0x0000000718c00000| Complete 
| 237|0x0000000718d00000, 0x0000000718e00000, 0x0000000718e00000|100%| S|CS|TAMS 0x0000000718d00000, 0x0000000718d00000| Complete 
| 238|0x0000000718e00000, 0x0000000718e00000, 0x0000000718f00000|  0%| F|  |TAMS 0x0000000718e00000, 0x0000000718e00000| Untracked 
| 239|0x0000000718f00000, 0x0000000718f00000, 0x0000000719000000|  0%| F|  |TAMS 0x0000000718f00000, 0x0000000718f00000| Untracked 
| 240|0x0000000719000000, 0x0000000719000000, 0x0000000719100000|  0%| F|  |TAMS 0x0000000719000000, 0x0000000719000000| Untracked 
| 241|0x0000000719100000, 0x0000000719100000, 0x0000000719200000|  0%| F|  |TAMS 0x0000000719100000, 0x0000000719100000| Untracked 
| 242|0x0000000719200000, 0x0000000719200000, 0x0000000719300000|  0%| F|  |TAMS 0x0000000719200000, 0x0000000719200000| Untracked 
| 243|0x0000000719300000, 0x0000000719300000, 0x0000000719400000|  0%| F|  |TAMS 0x0000000719300000, 0x0000000719300000| Untracked 
| 244|0x0000000719400000, 0x0000000719400000, 0x0000000719500000|  0%| F|  |TAMS 0x0000000719400000, 0x0000000719400000| Untracked 
| 245|0x0000000719500000, 0x0000000719500000, 0x0000000719600000|  0%| F|  |TAMS 0x0000000719500000, 0x0000000719500000| Untracked 
| 246|0x0000000719600000, 0x0000000719600000, 0x0000000719700000|  0%| F|  |TAMS 0x0000000719600000, 0x0000000719600000| Untracked 
| 247|0x0000000719700000, 0x0000000719700000, 0x0000000719800000|  0%| F|  |TAMS 0x0000000719700000, 0x0000000719700000| Untracked 
| 248|0x0000000719800000, 0x0000000719800000, 0x0000000719900000|  0%| F|  |TAMS 0x0000000719800000, 0x0000000719800000| Untracked 
| 249|0x0000000719900000, 0x0000000719900000, 0x0000000719a00000|  0%| F|  |TAMS 0x0000000719900000, 0x0000000719900000| Untracked 
| 250|0x0000000719a00000, 0x0000000719a00000, 0x0000000719b00000|  0%| F|  |TAMS 0x0000000719a00000, 0x0000000719a00000| Untracked 
| 251|0x0000000719b00000, 0x0000000719b00000, 0x0000000719c00000|  0%| F|  |TAMS 0x0000000719b00000, 0x0000000719b00000| Untracked 
| 252|0x0000000719c00000, 0x0000000719c00000, 0x0000000719d00000|  0%| F|  |TAMS 0x0000000719c00000, 0x0000000719c00000| Untracked 
| 253|0x0000000719d00000, 0x0000000719d00000, 0x0000000719e00000|  0%| F|  |TAMS 0x0000000719d00000, 0x0000000719d00000| Untracked 
| 254|0x0000000719e00000, 0x0000000719e00000, 0x0000000719f00000|  0%| F|  |TAMS 0x0000000719e00000, 0x0000000719e00000| Untracked 
| 255|0x0000000719f00000, 0x0000000719f00000, 0x000000071a000000|  0%| F|  |TAMS 0x0000000719f00000, 0x0000000719f00000| Untracked 
| 256|0x000000071a000000, 0x000000071a000000, 0x000000071a100000|  0%| F|  |TAMS 0x000000071a000000, 0x000000071a000000| Untracked 
| 257|0x000000071a100000, 0x000000071a100000, 0x000000071a200000|  0%| F|  |TAMS 0x000000071a100000, 0x000000071a100000| Untracked 
| 258|0x000000071a200000, 0x000000071a200000, 0x000000071a300000|  0%| F|  |TAMS 0x000000071a200000, 0x000000071a200000| Untracked 
| 259|0x000000071a300000, 0x000000071a300000, 0x000000071a400000|  0%| F|  |TAMS 0x000000071a300000, 0x000000071a300000| Untracked 
| 260|0x000000071a400000, 0x000000071a400000, 0x000000071a500000|  0%| F|  |TAMS 0x000000071a400000, 0x000000071a400000| Untracked 
| 261|0x000000071a500000, 0x000000071a500000, 0x000000071a600000|  0%| F|  |TAMS 0x000000071a500000, 0x000000071a500000| Untracked 
| 262|0x000000071a600000, 0x000000071a600000, 0x000000071a700000|  0%| F|  |TAMS 0x000000071a600000, 0x000000071a600000| Untracked 
| 263|0x000000071a700000, 0x000000071a700000, 0x000000071a800000|  0%| F|  |TAMS 0x000000071a700000, 0x000000071a700000| Untracked 
| 264|0x000000071a800000, 0x000000071a800000, 0x000000071a900000|  0%| F|  |TAMS 0x000000071a800000, 0x000000071a800000| Untracked 
| 265|0x000000071a900000, 0x000000071a900000, 0x000000071aa00000|  0%| F|  |TAMS 0x000000071a900000, 0x000000071a900000| Untracked 
| 266|0x000000071aa00000, 0x000000071aa00000, 0x000000071ab00000|  0%| F|  |TAMS 0x000000071aa00000, 0x000000071aa00000| Untracked 
| 267|0x000000071ab00000, 0x000000071ab00000, 0x000000071ac00000|  0%| F|  |TAMS 0x000000071ab00000, 0x000000071ab00000| Untracked 
| 268|0x000000071ac00000, 0x000000071ac00000, 0x000000071ad00000|  0%| F|  |TAMS 0x000000071ac00000, 0x000000071ac00000| Untracked 
| 269|0x000000071ad00000, 0x000000071ad00000, 0x000000071ae00000|  0%| F|  |TAMS 0x000000071ad00000, 0x000000071ad00000| Untracked 
| 270|0x000000071ae00000, 0x000000071ae00000, 0x000000071af00000|  0%| F|  |TAMS 0x000000071ae00000, 0x000000071ae00000| Untracked 
| 271|0x000000071af00000, 0x000000071af00000, 0x000000071b000000|  0%| F|  |TAMS 0x000000071af00000, 0x000000071af00000| Untracked 
| 272|0x000000071b000000, 0x000000071b000000, 0x000000071b100000|  0%| F|  |TAMS 0x000000071b000000, 0x000000071b000000| Untracked 
| 273|0x000000071b100000, 0x000000071b100000, 0x000000071b200000|  0%| F|  |TAMS 0x000000071b100000, 0x000000071b100000| Untracked 
| 274|0x000000071b200000, 0x000000071b200000, 0x000000071b300000|  0%| F|  |TAMS 0x000000071b200000, 0x000000071b200000| Untracked 
| 275|0x000000071b300000, 0x000000071b300000, 0x000000071b400000|  0%| F|  |TAMS 0x000000071b300000, 0x000000071b300000| Untracked 
| 276|0x000000071b400000, 0x000000071b400000, 0x000000071b500000|  0%| F|  |TAMS 0x000000071b400000, 0x000000071b400000| Untracked 
| 277|0x000000071b500000, 0x000000071b500000, 0x000000071b600000|  0%| F|  |TAMS 0x000000071b500000, 0x000000071b500000| Untracked 
| 278|0x000000071b600000, 0x000000071b600000, 0x000000071b700000|  0%| F|  |TAMS 0x000000071b600000, 0x000000071b600000| Untracked 
| 279|0x000000071b700000, 0x000000071b700000, 0x000000071b800000|  0%| F|  |TAMS 0x000000071b700000, 0x000000071b700000| Untracked 
| 280|0x000000071b800000, 0x000000071b800000, 0x000000071b900000|  0%| F|  |TAMS 0x000000071b800000, 0x000000071b800000| Untracked 
| 281|0x000000071b900000, 0x000000071b900000, 0x000000071ba00000|  0%| F|  |TAMS 0x000000071b900000, 0x000000071b900000| Untracked 
| 282|0x000000071ba00000, 0x000000071ba00000, 0x000000071bb00000|  0%| F|  |TAMS 0x000000071ba00000, 0x000000071ba00000| Untracked 
| 283|0x000000071bb00000, 0x000000071bb00000, 0x000000071bc00000|  0%| F|  |TAMS 0x000000071bb00000, 0x000000071bb00000| Untracked 
| 284|0x000000071bc00000, 0x000000071bc00000, 0x000000071bd00000|  0%| F|  |TAMS 0x000000071bc00000, 0x000000071bc00000| Untracked 
| 285|0x000000071bd00000, 0x000000071bd00000, 0x000000071be00000|  0%| F|  |TAMS 0x000000071bd00000, 0x000000071bd00000| Untracked 
| 286|0x000000071be00000, 0x000000071be00000, 0x000000071bf00000|  0%| F|  |TAMS 0x000000071be00000, 0x000000071be00000| Untracked 
| 287|0x000000071bf00000, 0x000000071c000000, 0x000000071c000000|100%| E|  |TAMS 0x000000071bf00000, 0x000000071bf00000| Complete 
| 288|0x000000071c000000, 0x000000071c100000, 0x000000071c100000|100%| E|CS|TAMS 0x000000071c000000, 0x000000071c000000| Complete 
| 289|0x000000071c100000, 0x000000071c200000, 0x000000071c200000|100%| E|CS|TAMS 0x000000071c100000, 0x000000071c100000| Complete 
| 290|0x000000071c200000, 0x000000071c300000, 0x000000071c300000|100%| E|CS|TAMS 0x000000071c200000, 0x000000071c200000| Complete 
| 291|0x000000071c300000, 0x000000071c400000, 0x000000071c400000|100%| E|CS|TAMS 0x000000071c300000, 0x000000071c300000| Complete 
| 292|0x000000071c400000, 0x000000071c500000, 0x000000071c500000|100%| E|CS|TAMS 0x000000071c400000, 0x000000071c400000| Complete 
| 293|0x000000071c500000, 0x000000071c600000, 0x000000071c600000|100%| E|CS|TAMS 0x000000071c500000, 0x000000071c500000| Complete 
| 294|0x000000071c600000, 0x000000071c700000, 0x000000071c700000|100%| E|CS|TAMS 0x000000071c600000, 0x000000071c600000| Complete 
| 295|0x000000071c700000, 0x000000071c800000, 0x000000071c800000|100%| E|CS|TAMS 0x000000071c700000, 0x000000071c700000| Complete 

Card table byte_map: [0x000001e24d7c0000,0x000001e24df70000] _byte_map_base: 0x000001e249f70000

Marking Bits (Prev, Next): (CMBitMap*) 0x000001e2334875a8, (CMBitMap*) 0x000001e2334875e0
 Prev Bits: [0x000001e24e720000, 0x000001e2524a0000)
 Next Bits: [0x000001e2524a0000, 0x000001e256220000)

Polling page: 0x000001e233500000

Metaspace:

Usage:
  Non-class:     31.82 MB capacity,    31.26 MB ( 98%) used,   460.09 KB (  1%) free+waste,   114.13 KB ( <1%) overhead. 
      Class:      4.49 MB capacity,     4.10 MB ( 91%) used,   340.18 KB (  7%) free+waste,    53.31 KB (  1%) overhead. 
       Both:     36.31 MB capacity,    35.36 MB ( 97%) used,   800.27 KB (  2%) free+waste,   167.44 KB ( <1%) overhead. 

Virtual space:
  Non-class space:       32.00 MB reserved,      31.88 MB (>99%) committed 
      Class space:        1.00 GB reserved,       4.50 MB ( <1%) committed 
             Both:        1.03 GB reserved,      36.38 MB (  3%) committed 

Chunk freelists:
   Non-Class:  58.00 KB
       Class:  12.00 KB
        Both:  70.00 KB

MaxMetaspaceSize: 17179869184.00 GB
CompressedClassSpaceSize: 1.00 GB
Initial GC threshold: 20.80 MB
Current GC threshold: 58.75 MB
CDS: off

CodeHeap 'non-profiled nmethods': size=120000Kb used=1759Kb max_used=1759Kb free=118240Kb
 bounds [0x000001e244e50000, 0x000001e2450c0000, 0x000001e24c380000]
CodeHeap 'profiled nmethods': size=120000Kb used=7201Kb max_used=7201Kb free=112799Kb
 bounds [0x000001e23d920000, 0x000001e23e030000, 0x000001e244e50000]
CodeHeap 'non-nmethods': size=5760Kb used=1273Kb max_used=1340Kb free=4487Kb
 bounds [0x000001e23d380000, 0x000001e23d5f0000, 0x000001e23d920000]
 total_blobs=3617 nmethods=3159 adapters=377
 compilation: enabled
              stopped_count=0, restarted_count=0
 full_count=0

Compilation events (20 events):
Event: 2.917 Thread 0x000001e2598b5800 3146       3       jdk.internal.reflect.Reflection::verifyMemberAccess (190 bytes)
Event: 2.920 Thread 0x000001e2598b5800 nmethod 3146 0x000001e23e015690 code [0x000001e23e015bc0, 0x000001e23e0183e8]
Event: 2.920 Thread 0x000001e2598b5800 3148       3       com.fasterxml.jackson.databind.module.SimpleModule::_checkNotNull (26 bytes)
Event: 2.920 Thread 0x000001e2598b5800 nmethod 3148 0x000001e23e019090 code [0x000001e23e019320, 0x000001e23e019f08]
Event: 2.920 Thread 0x000001e2598b5800 3150       3       org.springframework.core.annotation.AnnotationFilter::matches (13 bytes)
Event: 2.921 Thread 0x000001e2598b5800 nmethod 3150 0x000001e23e01a310 code [0x000001e23e01a4e0, 0x000001e23e01a778]
Event: 2.921 Thread 0x000001e2598b5800 3147       3       java.util.ImmutableCollections$AbstractImmutableList::iterator (13 bytes)
Event: 2.921 Thread 0x000001e2598b5800 nmethod 3147 0x000001e23e01a890 code [0x000001e23e01aa60, 0x000001e23e01adc8]
Event: 2.921 Thread 0x000001e2598b5800 3149       1       com.fasterxml.jackson.databind.type.ClassKey::hashCode (5 bytes)
Event: 2.921 Thread 0x000001e2598b5800 nmethod 3149 0x000001e244ffd890 code [0x000001e244ffda40, 0x000001e244ffdaf8]
Event: 2.922 Thread 0x000001e2598b5800 3151       3       org.springframework.util.ReflectionUtils::findMethod (109 bytes)
Event: 2.922 Thread 0x000001e2598b5800 nmethod 3151 0x000001e23e01af10 code [0x000001e23e01b200, 0x000001e23e01bf78]
Event: 2.922 Thread 0x000001e2598b5800 3152       3       org.springframework.beans.AbstractNestablePropertyAccessor::getWrappedInstance (22 bytes)
Event: 2.923 Thread 0x000001e2598b5800 nmethod 3152 0x000001e23e01c590 code [0x000001e23e01c760, 0x000001e23e01ca28]
Event: 2.927 Thread 0x000001e2598b5800 3153   !   3       org.springframework.beans.factory.support.DefaultListableBeanFactory::doGetBeanNamesForType (528 bytes)
Event: 2.930 Thread 0x000001e25d4ac000 nmethod 3138 0x000001e244ffdb90 code [0x000001e244ffdda0, 0x000001e244fff0c8]
Event: 2.931 Thread 0x000001e25d4ac000 3139       4       org.springframework.beans.factory.support.AbstractBeanFactory::isFactoryBean (60 bytes)
Event: 2.934 Thread 0x000001e2598b5800 nmethod 3153 0x000001e23e01cb90 code [0x000001e23e01d420, 0x000001e23e024598]
Event: 2.938 Thread 0x000001e25a99d800 nmethod 3070 0x000001e244fffc90 code [0x000001e245000060, 0x000001e2450038a0]
Event: 2.940 Thread 0x000001e25a99d800 3154       4       org.springframework.core.ResolvableType$1::isAssignableFrom (24 bytes)

GC Heap History (10 events):
Event: 0.749 GC heap before
{Heap before GC invocations=0 (full 0):
 garbage-first heap   total 251904K, used 23552K [0x000000070a000000, 0x0000000800000000)
  region size 1024K, 24 young (24576K), 0 survivors (0K)
 Metaspace       used 14147K, capacity 14446K, committed 14592K, reserved 1062912K
  class space    used 1400K, capacity 1481K, committed 1536K, reserved 1048576K
}
Event: 0.754 GC heap after
{Heap after GC invocations=1 (full 0):
 garbage-first heap   total 251904K, used 4624K [0x000000070a000000, 0x0000000800000000)
  region size 1024K, 3 young (3072K), 3 survivors (3072K)
 Metaspace       used 14147K, capacity 14446K, committed 14592K, reserved 1062912K
  class space    used 1400K, capacity 1481K, committed 1536K, reserved 1048576K
}
Event: 1.238 GC heap before
{Heap before GC invocations=1 (full 0):
 garbage-first heap   total 251904K, used 34320K [0x000000070a000000, 0x0000000800000000)
  region size 1024K, 33 young (33792K), 3 survivors (3072K)
 Metaspace       used 20665K, capacity 21144K, committed 21248K, reserved 1069056K
  class space    used 2321K, capacity 2500K, committed 2560K, reserved 1048576K
}
Event: 1.245 GC heap after
{Heap after GC invocations=2 (full 0):
 garbage-first heap   total 251904K, used 6058K [0x000000070a000000, 0x0000000800000000)
  region size 1024K, 5 young (5120K), 5 survivors (5120K)
 Metaspace       used 20665K, capacity 21144K, committed 21248K, reserved 1069056K
  class space    used 2321K, capacity 2500K, committed 2560K, reserved 1048576K
}
Event: 1.497 GC heap before
{Heap before GC invocations=3 (full 0):
 garbage-first heap   total 251904K, used 27562K [0x000000070a000000, 0x0000000800000000)
  region size 1024K, 27 young (27648K), 5 survivors (5120K)
 Metaspace       used 24532K, capacity 25227K, committed 25344K, reserved 1071104K
  class space    used 2804K, capacity 3052K, committed 3072K, reserved 1048576K
}
Event: 1.502 GC heap after
{Heap after GC invocations=4 (full 0):
 garbage-first heap   total 251904K, used 7445K [0x000000070a000000, 0x0000000800000000)
  region size 1024K, 3 young (3072K), 3 survivors (3072K)
 Metaspace       used 24532K, capacity 25227K, committed 25344K, reserved 1071104K
  class space    used 2804K, capacity 3052K, committed 3072K, reserved 1048576K
}
Event: 2.609 GC heap before
{Heap before GC invocations=4 (full 0):
 garbage-first heap   total 251904K, used 61717K [0x000000070a000000, 0x0000000800000000)
  region size 1024K, 57 young (58368K), 3 survivors (3072K)
 Metaspace       used 33343K, capacity 34191K, committed 34304K, reserved 1079296K
  class space    used 3896K, capacity 4239K, committed 4352K, reserved 1048576K
}
Event: 2.615 GC heap after
{Heap after GC invocations=5 (full 0):
 garbage-first heap   total 251904K, used 9799K [0x000000070a000000, 0x0000000800000000)
  region size 1024K, 6 young (6144K), 6 survivors (6144K)
 Metaspace       used 33343K, capacity 34191K, committed 34304K, reserved 1079296K
  class space    used 3896K, capacity 4239K, committed 4352K, reserved 1048576K
}
Event: 2.739 GC heap before
{Heap before GC invocations=5 (full 0):
 garbage-first heap   total 251904K, used 16967K [0x000000070a000000, 0x0000000800000000)
  region size 1024K, 14 young (14336K), 6 survivors (6144K)
 Metaspace       used 34792K, capacity 35694K, committed 35840K, reserved 1081344K
  class space    used 4034K, capacity 4377K, committed 4480K, reserved 1048576K
}
Event: 2.748 GC heap after
{Heap after GC invocations=6 (full 0):
 garbage-first heap   total 303104K, used 10299K [0x000000070a000000, 0x0000000800000000)
  region size 1024K, 6 young (6144K), 6 survivors (6144K)
 Metaspace       used 34792K, capacity 35694K, committed 35840K, reserved 1081344K
  class space    used 4034K, capacity 4377K, committed 4480K, reserved 1048576K
}

Deoptimization events (20 events):
Event: 2.918 Thread 0x000001e233427000 DEOPT PACKING pc=0x000001e23dd5dac4 sp=0x00000033786fc090
Event: 2.918 Thread 0x000001e233427000 DEOPT UNPACKING pc=0x000001e23d3ca95e sp=0x00000033786fb628 mode 1
Event: 2.919 Thread 0x000001e233427000 DEOPT PACKING pc=0x000001e23da692ac sp=0x00000033786fb520
Event: 2.919 Thread 0x000001e233427000 DEOPT UNPACKING pc=0x000001e23d3ca95e sp=0x00000033786fa9b8 mode 1
Event: 2.919 Thread 0x000001e233427000 DEOPT PACKING pc=0x000001e23da14ae4 sp=0x00000033786fb5f0
Event: 2.919 Thread 0x000001e233427000 DEOPT UNPACKING pc=0x000001e23d3ca95e sp=0x00000033786faaa8 mode 1
Event: 2.919 Thread 0x000001e233427000 DEOPT PACKING pc=0x000001e23db085d4 sp=0x00000033786fc0a0
Event: 2.919 Thread 0x000001e233427000 DEOPT UNPACKING pc=0x000001e23d3ca95e sp=0x00000033786fb590 mode 1
Event: 2.940 Thread 0x000001e233427000 DEOPT PACKING pc=0x000001e23da692ac sp=0x00000033786fcb10
Event: 2.940 Thread 0x000001e233427000 DEOPT UNPACKING pc=0x000001e23d3ca95e sp=0x00000033786fbfa8 mode 1
Event: 2.940 Thread 0x000001e233427000 DEOPT PACKING pc=0x000001e23da14ae4 sp=0x00000033786fcbe0
Event: 2.940 Thread 0x000001e233427000 DEOPT UNPACKING pc=0x000001e23d3ca95e sp=0x00000033786fc098 mode 1
Event: 2.941 Thread 0x000001e233427000 DEOPT PACKING pc=0x000001e23da692ac sp=0x00000033786fcbd0
Event: 2.941 Thread 0x000001e233427000 DEOPT UNPACKING pc=0x000001e23d3ca95e sp=0x00000033786fc068 mode 1
Event: 2.941 Thread 0x000001e233427000 DEOPT PACKING pc=0x000001e23da14ae4 sp=0x00000033786fcca0
Event: 2.941 Thread 0x000001e233427000 DEOPT UNPACKING pc=0x000001e23d3ca95e sp=0x00000033786fc158 mode 1
Event: 2.941 Thread 0x000001e233427000 DEOPT PACKING pc=0x000001e23da692ac sp=0x00000033786fcca0
Event: 2.941 Thread 0x000001e233427000 DEOPT UNPACKING pc=0x000001e23d3ca95e sp=0x00000033786fc138 mode 1
Event: 2.941 Thread 0x000001e233427000 DEOPT PACKING pc=0x000001e23da14ae4 sp=0x00000033786fcd70
Event: 2.942 Thread 0x000001e233427000 DEOPT UNPACKING pc=0x000001e23d3ca95e sp=0x00000033786fc228 mode 1

Classes redefined (0 events):
No events

Internal exceptions (20 events):
Event: 2.160 Thread 0x000001e233427000 Exception <a 'java/lang/ClassNotFoundException'{0x00000007169ca940}: org/springframework/beans/factory/config/InstantiationAwareBeanPostProcessorCustomizer> (0x00000007169ca940) thrown at [./src/hotspot/share/classfile/systemDictionary.cpp, line 230]
Event: 2.161 Thread 0x000001e233427000 Exception <a 'java/lang/ClassNotFoundException'{0x00000007169d8fc0}: org/springframework/beans/factory/config/BeanPostProcessorCustomizer> (0x00000007169d8fc0) thrown at [./src/hotspot/share/classfile/systemDictionary.cpp, line 230]
Event: 2.162 Thread 0x000001e233427000 Exception <a 'java/lang/ClassNotFoundException'{0x00000007169e4938}: org/springframework/beans/factory/BeanFactoryAwareCustomizer> (0x00000007169e4938) thrown at [./src/hotspot/share/classfile/systemDictionary.cpp, line 230]
Event: 2.164 Thread 0x000001e233427000 Exception <a 'java/lang/ClassNotFoundException'{0x00000007169ef530}: org/springframework/beans/factory/AwareCustomizer> (0x00000007169ef530) thrown at [./src/hotspot/share/classfile/systemDictionary.cpp, line 230]
Event: 2.165 Thread 0x000001e233427000 Exception <a 'java/lang/ClassNotFoundException'{0x00000007169f8288}: org/springframework/core/OrderedCustomizer> (0x00000007169f8288) thrown at [./src/hotspot/share/classfile/systemDictionary.cpp, line 230]
Event: 2.166 Thread 0x000001e233427000 Exception <a 'java/lang/ClassNotFoundException'{0x0000000716803890}: org/springframework/beans/factory/BeanClassLoaderAwareCustomizer> (0x0000000716803890) thrown at [./src/hotspot/share/classfile/systemDictionary.cpp, line 230]
Event: 2.166 Thread 0x000001e233427000 Exception <a 'java/lang/ClassNotFoundException'{0x000000071680db48}: org/springframework/beans/factory/AwareCustomizer> (0x000000071680db48) thrown at [./src/hotspot/share/classfile/systemDictionary.cpp, line 230]
Event: 2.167 Thread 0x000001e233427000 Exception <a 'java/lang/ClassNotFoundException'{0x0000000716818190}: org/springframework/aop/framework/AopInfrastructureBeanCustomizer> (0x0000000716818190) thrown at [./src/hotspot/share/classfile/systemDictionary.cpp, line 230]
Event: 2.207 Thread 0x000001e233427000 Implicit null exception at 0x000001e244f168d2 to 0x000001e244f17a50
Event: 2.275 Thread 0x000001e233427000 Exception <a 'java/lang/NoSuchMethodError'{0x00000007165c70a0}: 'void java.lang.invoke.DelegatingMethodHandle$Holder.delegate(java.lang.Object, java.lang.Object, int, java.lang.Object)'> (0x00000007165c70a0) thrown at [./src/hotspot/share/interpreter/linkResolver.cpp, line 773]
Event: 2.316 Thread 0x000001e233427000 Exception <a 'java/lang/NoSuchMethodError'{0x00000007164d3970}: 'void java.lang.invoke.DirectMethodHandle$Holder.invokeInterface(java.lang.Object, java.lang.Object, int)'> (0x00000007164d3970) thrown at [./src/hotspot/share/interpreter/linkResolver.cpp, line 773]
Event: 2.321 Thread 0x000001e233427000 Exception <a 'java/lang/NoSuchMethodError'{0x00000007164ebd18}: 'int java.lang.invoke.DirectMethodHandle$Holder.invokeVirtual(java.lang.Object, java.lang.Object)'> (0x00000007164ebd18) thrown at [./src/hotspot/share/interpreter/linkResolver.cpp, line 773]
Event: 2.328 Thread 0x000001e233427000 Exception <a 'java/lang/IncompatibleClassChangeError'{0x0000000716321e70}: Found class java.lang.Object, but interface was expected> (0x0000000716321e70) thrown at [./src/hotspot/share/interpreter/linkResolver.cpp, line 839]
Event: 2.329 Thread 0x000001e233427000 Exception <a 'java/lang/NoSuchMethodError'{0x0000000716326d18}: 'void java.lang.invoke.DirectMethodHandle$Holder.invokeStatic(java.lang.Object, int, java.lang.Object)'> (0x0000000716326d18) thrown at [./src/hotspot/share/interpreter/linkResolver.cpp, line 773]
Event: 2.423 Thread 0x000001e233427000 Exception <a 'java/lang/NoSuchMethodError'{0x0000000715f54ee8}: 'java.lang.Object java.lang.invoke.DirectMethodHandle$Holder.invokeStaticInit(java.lang.Object, int, int, int, int)'> (0x0000000715f54ee8) thrown at [./src/hotspot/share/interpreter/linkResolver.cpp, line 773]
Event: 2.570 Thread 0x000001e233427000 Exception <a 'java/lang/NoSuchMethodError'{0x0000000715fcd6d8}: 'java.lang.Object java.lang.invoke.DirectMethodHandle$Holder.invokeStaticInit(java.lang.Object, java.lang.Object, int, int, int, int)'> (0x0000000715fcd6d8) thrown at [./src/hotspot/share/interpreter/linkResolver.cpp, line 773]
Event: 2.767 Thread 0x000001e233427000 Implicit null exception at 0x000001e244edd907 to 0x000001e244edefe8
Event: 2.869 Thread 0x000001e233427000 Exception <a 'java/io/FileNotFoundException'{0x000000071c3be080}> (0x000000071c3be080) thrown at [./src/hotspot/share/prims/jni.cpp, line 617]
Event: 2.869 Thread 0x000001e233427000 Exception <a 'java/io/FileNotFoundException'{0x000000071c3bf770}> (0x000000071c3bf770) thrown at [./src/hotspot/share/prims/jni.cpp, line 617]
Event: 2.897 Thread 0x000001e233427000 Exception <a 'java/lang/NoSuchMethodError'{0x000000071c1217c8}: 'int java.lang.invoke.DirectMethodHandle$Holder.invokeInterface(java.lang.Object, java.lang.Object, java.lang.Object, java.lang.Object)'> (0x000000071c1217c8) thrown at [./src/hotspot/share/interpreter/linkResolver.cpp, line 773]

Events (20 events):
Event: 2.931 loading class org/apache/catalina/core/StandardWrapperFacade
Event: 2.931 loading class org/apache/catalina/core/StandardWrapperFacade done
Event: 2.932 loading class org/apache/catalina/core/StandardWrapperValve
Event: 2.932 loading class org/apache/catalina/core/StandardWrapperValve done
Event: 2.933 loading class org/apache/coyote/CloseNowException
Event: 2.933 loading class org/apache/coyote/CloseNowException done
Event: 2.934 loading class org/apache/tomcat/util/modeler/Util
Event: 2.934 loading class org/apache/tomcat/util/modeler/Util done
Event: 2.936 loading class org/apache/catalina/core/ApplicationServletRegistration
Event: 2.936 loading class org/apache/catalina/core/ApplicationServletRegistration done
Event: 2.939 loading class org/apache/tomcat/util/descriptor/web/Constants
Event: 2.939 loading class org/apache/tomcat/util/descriptor/web/Constants done
Event: 2.940 loading class org/apache/tomcat/util/descriptor/web/LocalStrings
Event: 2.940 loading class org/apache/tomcat/util/descriptor/web/LocalStrings done
Event: 2.941 loading class org/apache/tomcat/util/descriptor/web/LocalStrings_ru
Event: 2.941 loading class org/apache/tomcat/util/descriptor/web/LocalStrings_ru done
Event: 2.941 loading class org/apache/tomcat/util/descriptor/web/LocalStrings_ru_RU
Event: 2.941 loading class org/apache/tomcat/util/descriptor/web/LocalStrings_ru_RU done
Event: 2.942 loading class org/apache/catalina/core/ApplicationFilterRegistration
Event: 2.942 loading class org/apache/catalina/core/ApplicationFilterRegistration done


Dynamic libraries:
0x00007ff7d7a60000 - 0x00007ff7d7a6d000 	C:\Program Files\BellSoft\LibericaJDK-11\bin\java.exe
0x00007ff8ba6d0000 - 0x00007ff8ba8c8000 	C:\WINDOWS\SYSTEM32\ntdll.dll
0x00007ff8b8790000 - 0x00007ff8b884d000 	C:\WINDOWS\System32\KERNEL32.DLL
0x00007ff8b7df0000 - 0x00007ff8b80be000 	C:\WINDOWS\System32\KERNELBASE.dll
0x00007ff8b8390000 - 0x00007ff8b8490000 	C:\WINDOWS\System32\ucrtbase.dll
0x00007ff8b1030000 - 0x00007ff8b1045000 	C:\Program Files\BellSoft\LibericaJDK-11\bin\VCRUNTIME140.dll
0x00007ff8b0ec0000 - 0x00007ff8b0ed7000 	C:\Program Files\BellSoft\LibericaJDK-11\bin\jli.dll
0x00007ff8ba450000 - 0x00007ff8ba5f0000 	C:\WINDOWS\System32\USER32.dll
0x00007ff8b85f0000 - 0x00007ff8b8612000 	C:\WINDOWS\System32\win32u.dll
0x00007ff89f4a0000 - 0x00007ff89f73a000 	C:\WINDOWS\WinSxS\amd64_microsoft.windows.common-controls_6595b64144ccf1df_6.0.19041.1110_none_60b5254171f9507e\COMCTL32.dll
0x00007ff8b95e0000 - 0x00007ff8b960a000 	C:\WINDOWS\System32\GDI32.dll
0x00007ff8b8850000 - 0x00007ff8b88ee000 	C:\WINDOWS\System32\msvcrt.dll
0x00007ff8b8620000 - 0x00007ff8b872b000 	C:\WINDOWS\System32\gdi32full.dll
0x00007ff8b8240000 - 0x00007ff8b82dd000 	C:\WINDOWS\System32\msvcp_win.dll
0x00007ff8b9e50000 - 0x00007ff8b9e80000 	C:\WINDOWS\System32\IMM32.DLL
0x00007ff8934e0000 - 0x00007ff89357b000 	C:\Program Files\BellSoft\LibericaJDK-11\bin\msvcp140.dll
0x00007ff8652f0000 - 0x00007ff865e6b000 	C:\Program Files\BellSoft\LibericaJDK-11\bin\server\jvm.dll
0x00007ff8b9370000 - 0x00007ff8b941e000 	C:\WINDOWS\System32\ADVAPI32.dll
0x00007ff8ba5f0000 - 0x00007ff8ba68c000 	C:\WINDOWS\System32\sechost.dll
0x00007ff8b9030000 - 0x00007ff8b9155000 	C:\WINDOWS\System32\RPCRT4.dll
0x00007ff8b9e80000 - 0x00007ff8b9e88000 	C:\WINDOWS\System32\PSAPI.DLL
0x00007ff88c8e0000 - 0x00007ff88c8e9000 	C:\WINDOWS\SYSTEM32\WSOCK32.dll
0x00007ff8b4db0000 - 0x00007ff8b4dd7000 	C:\WINDOWS\SYSTEM32\WINMM.dll
0x00007ff8abbe0000 - 0x00007ff8abbea000 	C:\WINDOWS\SYSTEM32\VERSION.dll
0x00007ff8b9610000 - 0x00007ff8b967b000 	C:\WINDOWS\System32\WS2_32.dll
0x00007ff8b6690000 - 0x00007ff8b66a2000 	C:\WINDOWS\SYSTEM32\kernel.appcore.dll
0x00007ff8b1fc0000 - 0x00007ff8b1fd0000 	C:\Program Files\BellSoft\LibericaJDK-11\bin\verify.dll
0x00007ff8b5700000 - 0x00007ff8b58e4000 	C:\WINDOWS\SYSTEM32\DBGHELP.DLL
0x00007ff8af890000 - 0x00007ff8af8bc000 	C:\WINDOWS\SYSTEM32\dbgcore.DLL
0x00007ff8b81b0000 - 0x00007ff8b8232000 	C:\WINDOWS\System32\bcryptPrimitives.dll
0x00007ff8a7e50000 - 0x00007ff8a7e78000 	C:\Program Files\BellSoft\LibericaJDK-11\bin\java.dll
0x00007ff8b1130000 - 0x00007ff8b113a000 	C:\Program Files\BellSoft\LibericaJDK-11\bin\jimage.dll
0x00007ff8b1060000 - 0x00007ff8b1098000 	C:\Program Files\BellSoft\LibericaJDK-11\bin\jdwp.dll
0x00007ff8b0a40000 - 0x00007ff8b0a58000 	C:\Program Files\BellSoft\LibericaJDK-11\bin\zip.dll
0x00007ff8b9680000 - 0x00007ff8b9dc4000 	C:\WINDOWS\System32\SHELL32.dll
0x00007ff8b58f0000 - 0x00007ff8b6084000 	C:\WINDOWS\SYSTEM32\windows.storage.dll
0x00007ff8b9ef0000 - 0x00007ff8ba244000 	C:\WINDOWS\System32\combase.dll
0x00007ff8b77e0000 - 0x00007ff8b7810000 	C:\WINDOWS\SYSTEM32\Wldp.dll
0x00007ff8b8ef0000 - 0x00007ff8b8f9d000 	C:\WINDOWS\System32\SHCORE.dll
0x00007ff8b8730000 - 0x00007ff8b8785000 	C:\WINDOWS\System32\shlwapi.dll
0x00007ff8b7d30000 - 0x00007ff8b7d4f000 	C:\WINDOWS\SYSTEM32\profapi.dll
0x00007ff8b2320000 - 0x00007ff8b232a000 	C:\Program Files\BellSoft\LibericaJDK-11\bin\dt_socket.dll
0x00007ff8b7540000 - 0x00007ff8b75aa000 	C:\WINDOWS\system32\mswsock.dll
0x00007ff8aade0000 - 0x00007ff8aadf9000 	C:\Program Files\BellSoft\LibericaJDK-11\bin\net.dll
0x00007ff8ae3f0000 - 0x00007ff8ae4fa000 	C:\WINDOWS\SYSTEM32\WINHTTP.dll
0x00007ff8aada0000 - 0x00007ff8aadb3000 	C:\Program Files\BellSoft\LibericaJDK-11\bin\nio.dll
0x00007ff8b0bb0000 - 0x00007ff8b0bb9000 	C:\Program Files\BellSoft\LibericaJDK-11\bin\management.dll
0x00007ff8afe60000 - 0x00007ff8afe6b000 	C:\Program Files\BellSoft\LibericaJDK-11\bin\management_ext.dll
0x00007ff8aa8e0000 - 0x00007ff8aa8f7000 	C:\WINDOWS\system32\napinsp.dll
0x00007ff8aa8c0000 - 0x00007ff8aa8db000 	C:\WINDOWS\system32\pnrpnsp.dll
0x00007ff8b2710000 - 0x00007ff8b2725000 	C:\WINDOWS\system32\wshbth.dll
0x00007ff8b14e0000 - 0x00007ff8b14fd000 	C:\WINDOWS\system32\NLAapi.dll
0x00007ff8b7230000 - 0x00007ff8b726b000 	C:\WINDOWS\SYSTEM32\IPHLPAPI.DLL
0x00007ff8b7270000 - 0x00007ff8b733b000 	C:\WINDOWS\SYSTEM32\DNSAPI.dll
0x00007ff8ba390000 - 0x00007ff8ba398000 	C:\WINDOWS\System32\NSI.dll
0x00007ff8aa8a0000 - 0x00007ff8aa8b2000 	C:\WINDOWS\System32\winrnr.dll
0x00007ff8ae290000 - 0x00007ff8ae29a000 	C:\Windows\System32\rasadhlp.dll
0x00007ff8adc40000 - 0x00007ff8adcc0000 	C:\WINDOWS\System32\fwpuclnt.dll
0x00007ff8b8180000 - 0x00007ff8b81a7000 	C:\WINDOWS\System32\bcrypt.dll
0x00007ff8b7740000 - 0x00007ff8b7758000 	C:\WINDOWS\SYSTEM32\CRYPTSP.dll
0x00007ff8b6e30000 - 0x00007ff8b6e64000 	C:\WINDOWS\system32\rsaenh.dll
0x00007ff8b7cb0000 - 0x00007ff8b7cde000 	C:\WINDOWS\SYSTEM32\USERENV.dll
0x00007ff8b7730000 - 0x00007ff8b773c000 	C:\WINDOWS\SYSTEM32\CRYPTBASE.dll
0x00007ff8b08e0000 - 0x00007ff8b08f7000 	C:\WINDOWS\SYSTEM32\dhcpcsvc6.DLL
0x00007ff8b08c0000 - 0x00007ff8b08dd000 	C:\WINDOWS\SYSTEM32\dhcpcsvc.DLL
0x00007ff8aed30000 - 0x00007ff8aed3e000 	C:\Program Files\BellSoft\LibericaJDK-11\bin\sunmscapi.dll
0x00007ff8b8490000 - 0x00007ff8b85e6000 	C:\WINDOWS\System32\CRYPT32.dll
0x00007ff8b7870000 - 0x00007ff8b7897000 	C:\WINDOWS\SYSTEM32\ncrypt.dll
0x00007ff8b7810000 - 0x00007ff8b784b000 	C:\WINDOWS\SYSTEM32\NTASN1.dll
0x00007ff89af60000 - 0x00007ff89af85000 	C:\Program Files\BellSoft\LibericaJDK-11\bin\sunec.dll

dbghelp: loaded successfully - version: 4.0.5 - missing functions: none
symbol engine: initialized successfully - sym options: 0x614 - pdb path: .;C:\Program Files\BellSoft\LibericaJDK-11\bin;C:\WINDOWS\SYSTEM32;C:\WINDOWS\WinSxS\amd64_microsoft.windows.common-controls_6595b64144ccf1df_6.0.19041.1110_none_60b5254171f9507e;C:\Program Files\BellSoft\LibericaJDK-11\bin\server

VM Arguments:
jvm_args: -agentlib:jdwp=transport=dt_socket,server=n,suspend=y,address=127.0.0.1:61038 -Dfile.encoding=windows-1251 -Duser.country=RU -Duser.language=ru -Duser.variant 
java_command: com.example.demo.ValidatespringApplication
java_class_path (initial): C:\Users\V\IdeaProjects\spingexamples\validatespring\build\classes\java\main;C:\Users\V\IdeaProjects\spingexamples\validatespring\build\resources\main;C:\Users\V\.gradle\caches\modules-2\files-2.1\org.springframework.boot\spring-boot-starter-validation\2.7.1\8546b0ad5fa5ce6d37cff18a27386532540e2ab8\spring-boot-starter-validation-2.7.1.jar;C:\Users\V\.gradle\caches\modules-2\files-2.1\org.springframework.boot\spring-boot-starter-web\2.7.1\29f47f503f9955b1a9746870aeaebdba448416d\spring-boot-starter-web-2.7.1.jar;C:\Users\V\.gradle\caches\modules-2\files-2.1\org.springframework.boot\spring-boot-starter-json\2.7.1\711889df8474d7f0271b1e25cd75a9249e0a4621\spring-boot-starter-json-2.7.1.jar;C:\Users\V\.gradle\caches\modules-2\files-2.1\org.springframework.boot\spring-boot-starter\2.7.1\48f7e04459ccc16d3532bfc486c1b6d629e6e0fc\spring-boot-starter-2.7.1.jar;C:\Users\V\.gradle\caches\modules-2\files-2.1\org.springframework.boot\spring-boot-starter-tomcat\2.7.1\c99fe94b685f1707907afb84ecb998ac13271ead\spring-boot-starter-tomcat-2.7.1.jar;C:\Users\V\.gradle\caches\modules-2\files-2.1\org.apache.tomcat.embed\tomcat-embed-el\9.0.64\227363669235feab54519102af723a54d1a7850e\tomcat-embed-el-9.0.64.jar;C:\Users\V\.gradle\caches\modules-2\files-2.1\org.hibernate.validator\hibernate-validator\6.2.3.Final\ea4545d1a97b27bada5f2e3f74c6172e641ecf39\hibernate-validator-6.2.3.Final.jar;C:\Users\V\.gradle\caches\modules-2\files-2.1\org.springframework\spring-webmvc\5.3.21\a62db425cc29c48e138846e706ca37acb138ca13\spring-webmvc-5.3.21.jar;C:\Users\V\.gradle\caches\modules-2\files-2.1\org.springframework\spring-web\5.3.21\317aadd37f70ba34ff93d068343e3110b5dcf2f\spring-web-5.3.21.jar;C:\Users\V\.gradle\caches\modules-2\files-2.1\org.springframework.boot\spring-boot-autoconfigure\2.7.1\923ad789b004e8cc17d67853b1e4d3db11946f0\spring-boot-autoconfigure-2.7.1.jar;C:\Users\V\.gradle\caches\modules-2\files-2.1\org.springframework.boot\spring-boot\2.7.1\8e49b8e7e9ea470a7772
Launcher Type: SUN_STANDARD

[Global flags]
     intx CICompilerCount                          = 4                                         {product} {ergonomic}
     uint ConcGCThreads                            = 3                                         {product} {ergonomic}
     uint G1ConcRefinementThreads                  = 10                                        {product} {ergonomic}
   size_t G1HeapRegionSize                         = 1048576                                   {product} {ergonomic}
    uintx GCDrainStackTargetSize                   = 64                                        {product} {ergonomic}
   size_t InitialHeapSize                          = 257949696                                 {product} {ergonomic}
   size_t MarkStackSize                            = 4194304                                   {product} {ergonomic}
   size_t MaxHeapSize                              = 4127195136                                {product} {ergonomic}
   size_t MaxNewSize                               = 2475687936                                {product} {ergonomic}
   size_t MinHeapDeltaBytes                        = 1048576                                   {product} {ergonomic}
    uintx NonNMethodCodeHeapSize                   = 5836300                                {pd product} {ergonomic}
    uintx NonProfiledCodeHeapSize                  = 122910970                              {pd product} {ergonomic}
    uintx ProfiledCodeHeapSize                     = 122910970                              {pd product} {ergonomic}
    uintx ReservedCodeCacheSize                    = 251658240                              {pd product} {ergonomic}
     bool SegmentedCodeCache                       = true                                      {product} {ergonomic}
     bool UseCompressedClassPointers               = true                                 {lp64_product} {ergonomic}
     bool UseCompressedOops                        = true                                 {lp64_product} {ergonomic}
     bool UseG1GC                                  = true                                      {product} {ergonomic}
     bool UseLargePagesIndividualAllocation        = false                                  {pd product} {ergonomic}

Logging:
Log output configuration:
 #0: stdout all=warning uptime,level,tags
 #1: stderr all=off uptime,level,tags

Environment Variables:
JAVA_HOME=C:\Program Files\BellSoft\LibericaJDK-11\
PATH=C:\Program Files\BellSoft\LibericaJDK-11\bin\;C:\WINDOWS\system32;C:\WINDOWS;C:\WINDOWS\System32\Wbem;C:\WINDOWS\System32\WindowsPowerShell\v1.0\;C:\WINDOWS\System32\OpenSSH\;C:\Program Files\Docker\Docker\resources\bin;C:\ProgramData\DockerDesktop\version-bin;C:\Program Files\Git\cmd;C:\Users\V\AppData\Local\Microsoft\WindowsApps;
USERNAME=V
OS=Windows_NT
PROCESSOR_IDENTIFIER=AMD64 Family 23 Model 96 Stepping 1, AuthenticAMD



---------------  S Y S T E M  ---------------

OS: Windows 10 , 64 bit Build 19041 (10.0.19041.1806)
OS uptime: 10 days 13:06 hours
Hyper-V role detected

CPU:total 12 (initial active 12) (12 cores per cpu, 2 threads per core) family 23 model 96 stepping 1 microcode 0x0, cmov, cx8, fxsr, mmx, sse, sse2, sse3, ssse3, sse4.1, sse4.2, popcnt, avx, avx2, aes, clmul, mmxext, 3dnowpref, lzcnt, sse4a, ht, tsc, tscinvbit, tscinv, bmi1, bmi2, adx, sha, fma

Memory: 4k page, system-wide physical 15741M (2479M free)
TotalPageFile size 30741M (AvailPageFile size 9M)
current process WorkingSet (physical memory assigned to process): 221M, peak: 223M
current process commit charge ("private bytes"): 486M, peak: 491M

vm_info: OpenJDK 64-Bit Server VM (11.0.15.1+2-LTS) for windows-amd64 JRE (11.0.15.1+2-LTS), built on May 26 2022 19:26:10 by "" with unknown MS VC++:1916

END.
