#
# There is insufficient memory for the Java Runtime Environment to continue.
# Native memory allocation (malloc) failed to allocate 32744 bytes for ChunkPool::allocate
# Possible reasons:
#   The system is out of physical RAM or swap space
#   The process is running with CompressedOops enabled, and the Java Heap may be blocking the growth of the native heap
# Possible solutions:
#   Reduce memory load on the system
#   Increase physical memory or swap space
#   Check if swap backing store is full
#   Decrease Java heap size (-Xmx/-Xms)
#   Decrease number of Java threads
#   Decrease Java thread stack sizes (-Xss)
#   Set larger code cache with -XX:ReservedCodeCacheSize=
#   JVM is running with Unscaled Compressed Oops mode in which the Java heap is
#     placed in the first 4GB address space. The Java Heap base address is the
#     maximum limit for the native heap growth. Please use -XX:HeapBaseMinAddress
#     to set the Java Heap base and to place the Java Heap above 4GB virtual address.
# This output file may be truncated or incomplete.
#
#  Out of Memory Error (./src/hotspot/share/memory/arena.cpp:81), pid=2864, tid=18256
#
# JRE version: OpenJDK Runtime Environment (11.0.15.1+2) (build 11.0.15.1+2-LTS)
# Java VM: OpenJDK 64-Bit Server VM (11.0.15.1+2-LTS, mixed mode, tiered, compressed oops, g1 gc, windows-amd64)
# No core dump will be written. Minidumps are not enabled by default on client versions of Windows
#

---------------  S U M M A R Y ------------

Command Line: -XX:MaxMetaspaceSize=256m -XX:+HeapDumpOnOutOfMemoryError -agentlib:jdwp=transport=dt_socket,server=n,suspend=y,address=127.0.0.1:52479 --add-opens=java.base/java.util=ALL-UNNAMED --add-opens=java.base/java.lang=ALL-UNNAMED --add-opens=java.base/java.lang.invoke=ALL-UNNAMED --add-opens=java.base/java.util=ALL-UNNAMED --add-opens=java.prefs/java.util.prefs=ALL-UNNAMED --add-opens=java.prefs/java.util.prefs=ALL-UNNAMED --add-opens=java.base/java.nio.charset=ALL-UNNAMED --add-opens=java.base/java.net=ALL-UNNAMED --add-opens=java.base/java.util.concurrent.atomic=ALL-UNNAMED -Xms256m -Xmx512m -Dfile.encoding=windows-1251 -Duser.country=RU -Duser.language=ru -Duser.variant org.gradle.launcher.daemon.bootstrap.GradleDaemon 7.4.1

Host: AMD Ryzen 5 4600H with Radeon Graphics         , 12 cores, 15G,  Windows 10 , 64 bit Build 19041 (10.0.19041.1806)
Time: Fri Jul  8 22:04:53 2022 RTZ 2 (s 10 , 64 bit Build 19041 (10.0.19041.1806) elapsed time: 11.468953 seconds (0d 0h 0m 11s)

---------------  T H R E A D  ---------------

Current thread (0x000001b5ef4ce000):  JavaThread "C2 CompilerThread1" daemon [_thread_in_native, id=18256, stack(0x000000b2ec000000,0x000000b2ec100000)]


Current CompileTask:
C2:  11469 7104       4       java.lang.Class::privateGetPublicMethods (224 bytes)

Stack: [0x000000b2ec000000,0x000000b2ec100000]
Native frames: (J=compiled Java code, j=interpreted, Vv=VM code, C=native code)
V  [jvm.dll+0x61a02a]
V  [jvm.dll+0x7a4a49]
V  [jvm.dll+0x7a6229]
V  [jvm.dll+0x7a6913]
V  [jvm.dll+0x24dfe8]
V  [jvm.dll+0xc245b]
V  [jvm.dll+0xc27bc]
V  [jvm.dll+0x5f6953]
V  [jvm.dll+0x5ad7b1]
V  [jvm.dll+0x5ac16e]
V  [jvm.dll+0x207827]
V  [jvm.dll+0x206b9d]
V  [jvm.dll+0x18a411]
V  [jvm.dll+0x216004]
V  [jvm.dll+0x21424b]
V  [jvm.dll+0x767850]
V  [jvm.dll+0x7606e4]
V  [jvm.dll+0x618e86]
C  [ucrtbase.dll+0x21bb2]
C  [KERNEL32.DLL+0x17034]
C  [ntdll.dll+0x52651]


---------------  P R O C E S S  ---------------

Threads class SMR info:
_java_thread_list=0x000001b5f382f310, length=131, elements={
0x000001b5cd1fc800, 0x000001b5e9601800, 0x000001b5e95f6800, 0x000001b5e9f7d000,
0x000001b5e9f7e000, 0x000001b5e9f81000, 0x000001b5e9f8c000, 0x000001b5e9607800,
0x000001b5e9609000, 0x000001b5ea0fb800, 0x000001b5ea133000, 0x000001b5ea138800,
0x000001b5ea13d800, 0x000001b5eb0d8000, 0x000001b5ea250800, 0x000001b5ebff9000,
0x000001b5ec51a000, 0x000001b5ec5ea000, 0x000001b5ea1ee000, 0x000001b5eb951800,
0x000001b5ec9c0000, 0x000001b5ec632000, 0x000001b5ebf83800, 0x000001b5ebf80800,
0x000001b5ebf83000, 0x000001b5ebf84800, 0x000001b5ebf86000, 0x000001b5ebf85000,
0x000001b5ebf87000, 0x000001b5ebf81000, 0x000001b5ef65f000, 0x000001b5ef65e000,
0x000001b5ef65f800, 0x000001b5ef660800, 0x000001b5ef65a800, 0x000001b5ef4ce000,
0x000001b5ef9c8800, 0x000001b5ef65b800, 0x000001b5ef665800, 0x000001b5ef663800,
0x000001b5ef668000, 0x000001b5ef664800, 0x000001b5ef668800, 0x000001b5ef667000,
0x000001b5ef663000, 0x000001b5ef669800, 0x000001b5edc23800, 0x000001b5edc23000,
0x000001b5edc26000, 0x000001b5edc27000, 0x000001b5edc21000, 0x000001b5edc22000,
0x000001b5edc24800, 0x000001b5edc2a000, 0x000001b5edc2b800, 0x000001b5edc2c800,
0x000001b5edc2b000, 0x000001b5edc2d800, 0x000001b5edc27800, 0x000001b5edc2e000,
0x000001b5edc28800, 0x000001b5edc2f000, 0x000001b5edc29800, 0x000001b5edc30000,
0x000001b5efd1c800, 0x000001b5efd1a000, 0x000001b5efd1d800, 0x000001b5efd1e000,
0x000001b5efd18800, 0x000001b5efd1b800, 0x000001b5efd19000, 0x000001b5efd1f000,
0x000001b5efd20000, 0x000001b5efd20800, 0x000001b5efd1b000, 0x000001b5efd25800,
0x000001b5efd22000, 0x000001b5efd26800, 0x000001b5efd27000, 0x000001b5efd21800,
0x000001b5efd23000, 0x000001b5efd24000, 0x000001b5efd24800, 0x000001b5efe8e000,
0x000001b5efe88800, 0x000001b5efe89800, 0x000001b5efe8a000, 0x000001b5efe90800,
0x000001b5efe8d800, 0x000001b5efe8f000, 0x000001b5efe90000, 0x000001b5efe8b000,
0x000001b5efe91800, 0x000001b5efe8b800, 0x000001b5efe92000, 0x000001b5efe8c800,
0x000001b5efe93000, 0x000001b5efe94800, 0x000001b5efe94000, 0x000001b5efe95800,
0x000001b5efe96800, 0x000001b5efe97000, 0x000001b5ee006000, 0x000001b5ee006800,
0x000001b5ee005000, 0x000001b5ee008000, 0x000001b5ee007800, 0x000001b5ee003800,
0x000001b5ee004000, 0x000001b5ee002800, 0x000001b5ee00a800, 0x000001b5ee00b800,
0x000001b5ee00c800, 0x000001b5ee00e000, 0x000001b5ee009000, 0x000001b5ee00d000,
0x000001b5ee00e800, 0x000001b5ee00f800, 0x000001b5ee00a000, 0x000001b5ee011000,
0x000001b5ee010800, 0x000001b5ef99c800, 0x000001b5ef99e000, 0x000001b5ef99f000,
0x000001b5ef99a800, 0x000001b5ef99f800, 0x000001b5ef9a1000, 0x000001b5ef99b800,
0x000001b5ef9a2000, 0x000001b5ef99d000, 0x000001b5ef9a3800
}

Java Threads: ( => current thread )
  0x000001b5cd1fc800 JavaThread "main" [_thread_blocked, id=8616, stack(0x000000b2e8b00000,0x000000b2e8c00000)]
  0x000001b5e9601800 JavaThread "Reference Handler" daemon [_thread_blocked, id=14916, stack(0x000000b2e9200000,0x000000b2e9300000)]
  0x000001b5e95f6800 JavaThread "Finalizer" daemon [_thread_blocked, id=24228, stack(0x000000b2e9300000,0x000000b2e9400000)]
  0x000001b5e9f7d000 JavaThread "Signal Dispatcher" daemon [_thread_blocked, id=22852, stack(0x000000b2e9400000,0x000000b2e9500000)]
  0x000001b5e9f7e000 JavaThread "Attach Listener" daemon [_thread_blocked, id=14468, stack(0x000000b2e9500000,0x000000b2e9600000)]
  0x000001b5e9f81000 JavaThread "Service Thread" daemon [_thread_blocked, id=18508, stack(0x000000b2e9600000,0x000000b2e9700000)]
  0x000001b5e9f8c000 JavaThread "C2 CompilerThread0" daemon [_thread_in_native, id=4708, stack(0x000000b2e9700000,0x000000b2e9800000)]
  0x000001b5e9607800 JavaThread "C1 CompilerThread0" daemon [_thread_blocked, id=17212, stack(0x000000b2e9800000,0x000000b2e9900000)]
  0x000001b5e9609000 JavaThread "Sweeper thread" daemon [_thread_blocked, id=23148, stack(0x000000b2e9900000,0x000000b2e9a00000)]
  0x000001b5ea0fb800 JavaThread "Common-Cleaner" daemon [_thread_blocked, id=10420, stack(0x000000b2e9a00000,0x000000b2e9b00000)]
  0x000001b5ea133000 JavaThread "JDWP Transport Listener: dt_socket" daemon [_thread_blocked, id=21532, stack(0x000000b2e9b00000,0x000000b2e9c00000)]
  0x000001b5ea138800 JavaThread "JDWP Event Helper Thread" daemon [_thread_blocked, id=9776, stack(0x000000b2e9c00000,0x000000b2e9d00000)]
  0x000001b5ea13d800 JavaThread "JDWP Command Reader" daemon [_thread_in_native, id=10652, stack(0x000000b2e9d00000,0x000000b2e9e00000)]
  0x000001b5eb0d8000 JavaThread "Daemon health stats" [_thread_blocked, id=17072, stack(0x000000b2ea600000,0x000000b2ea700000)]
  0x000001b5ea250800 JavaThread "Incoming local TCP Connector on port 52504" [_thread_in_native, id=13796, stack(0x000000b2e9f00000,0x000000b2ea000000)]
  0x000001b5ebff9000 JavaThread "Daemon periodic checks" [_thread_blocked, id=21444, stack(0x000000b2ea000000,0x000000b2ea100000)]
  0x000001b5ec51a000 JavaThread "Daemon" [_thread_blocked, id=20032, stack(0x000000b2ea800000,0x000000b2ea900000)]
  0x000001b5ec5ea000 JavaThread "Handler for socket connection from /127.0.0.1:52504 to /127.0.0.1:52505" [_thread_in_native, id=19480, stack(0x000000b2ea900000,0x000000b2eaa00000)]
  0x000001b5ea1ee000 JavaThread "Cancel handler" [_thread_blocked, id=636, stack(0x000000b2eaa00000,0x000000b2eab00000)]
  0x000001b5eb951800 JavaThread "Daemon worker" [_thread_blocked, id=18300, stack(0x000000b2eab00000,0x000000b2eac00000)]
  0x000001b5ec9c0000 JavaThread "Asynchronous log dispatcher for DefaultDaemonConnection: socket connection from /127.0.0.1:52504 to /127.0.0.1:52505" [_thread_blocked, id=19692, stack(0x000000b2eac00000,0x000000b2ead00000)]
  0x000001b5ec632000 JavaThread "Stdin handler" [_thread_blocked, id=16828, stack(0x000000b2ead00000,0x000000b2eae00000)]
  0x000001b5ebf83800 JavaThread "Daemon client event forwarder" [_thread_blocked, id=22716, stack(0x000000b2eae00000,0x000000b2eaf00000)]
  0x000001b5ebf80800 JavaThread "Cache worker for journal cache (C:\Users\V\.gradle\caches\journal-1)" [_thread_blocked, id=6764, stack(0x000000b2eaf00000,0x000000b2eb000000)]
  0x000001b5ebf83000 JavaThread "File lock request listener" [_thread_in_native, id=14724, stack(0x000000b2eb000000,0x000000b2eb100000)]
  0x000001b5ebf84800 JavaThread "Cache worker for file hash cache (C:\Users\V\.gradle\caches\7.4.1\fileHashes)" [_thread_blocked, id=21008, stack(0x000000b2eb100000,0x000000b2eb200000)]
  0x000001b5ebf86000 JavaThread "File watcher server" daemon [_thread_in_native, id=18428, stack(0x000000b2eb900000,0x000000b2eba00000)]
  0x000001b5ebf85000 JavaThread "File watcher consumer" daemon [_thread_blocked, id=22732, stack(0x000000b2eba00000,0x000000b2ebb00000)]
  0x000001b5ebf87000 JavaThread "Cache worker for checksums cache (C:\Users\V\IdeaProjects\spingexamples\configurationproperties\.gradle\7.4.1\checksums)" [_thread_blocked, id=12048, stack(0x000000b2ebb00000,0x000000b2ebc00000)]
  0x000001b5ebf81000 JavaThread "Cache worker for cache directory md-rule (C:\Users\V\.gradle\caches\7.4.1\md-rule)" [_thread_blocked, id=15604, stack(0x000000b2ebc00000,0x000000b2ebd00000)]
  0x000001b5ef65f000 JavaThread "Cache worker for file hash cache (C:\Users\V\IdeaProjects\spingexamples\configurationproperties\.gradle\7.4.1\fileHashes)" [_thread_blocked, id=18264, stack(0x000000b2ebd00000,0x000000b2ebe00000)]
  0x000001b5ef65e000 JavaThread "Cache worker for cache directory md-supplier (C:\Users\V\.gradle\caches\7.4.1\md-supplier)" [_thread_blocked, id=9168, stack(0x000000b2ebe00000,0x000000b2ebf00000)]
  0x000001b5ef65f800 JavaThread "Cache worker for execution history cache (C:\Users\V\.gradle\caches\7.4.1\executionHistory)" [_thread_blocked, id=16016, stack(0x000000b2ebf00000,0x000000b2ec000000)]
  0x000001b5ef660800 JavaThread "jar transforms" [_thread_blocked, id=15044, stack(0x000000b2ea700000,0x000000b2ea800000)]
  0x000001b5ef65a800 JavaThread "jar transforms Thread 2" [_thread_blocked, id=23368, stack(0x000000b2eb800000,0x000000b2eb900000)]
=>0x000001b5ef4ce000 JavaThread "C2 CompilerThread1" daemon [_thread_in_native, id=18256, stack(0x000000b2ec000000,0x000000b2ec100000)]
  0x000001b5ef9c8800 JavaThread "C2 CompilerThread2" daemon [_thread_in_native, id=21620, stack(0x000000b2ec100000,0x000000b2ec200000)]
  0x000001b5ef65b800 JavaThread "Cache worker for file content cache (C:\Users\V\.gradle\caches\7.4.1\fileContent)" [_thread_blocked, id=6532, stack(0x000000b2ec200000,0x000000b2ec300000)]
  0x000001b5ef665800 JavaThread "jar transforms Thread 3" [_thread_blocked, id=10352, stack(0x000000b2ec300000,0x000000b2ec400000)]
  0x000001b5ef663800 JavaThread "jar transforms Thread 4" [_thread_blocked, id=10644, stack(0x000000b2ec400000,0x000000b2ec500000)]
  0x000001b5ef668000 JavaThread "jar transforms Thread 5" [_thread_blocked, id=13076, stack(0x000000b2ec500000,0x000000b2ec600000)]
  0x000001b5ef664800 JavaThread "jar transforms Thread 6" [_thread_blocked, id=7492, stack(0x000000b2ec600000,0x000000b2ec700000)]
  0x000001b5ef668800 JavaThread "jar transforms Thread 7" [_thread_blocked, id=21132, stack(0x000000b2ec700000,0x000000b2ec800000)]
  0x000001b5ef667000 JavaThread "jar transforms Thread 8" [_thread_blocked, id=3496, stack(0x000000b2ec800000,0x000000b2ec900000)]
  0x000001b5ef663000 JavaThread "jar transforms Thread 9" [_thread_blocked, id=7308, stack(0x000000b2ec900000,0x000000b2eca00000)]
  0x000001b5ef669800 JavaThread "jar transforms Thread 10" [_thread_blocked, id=1664, stack(0x000000b2eca00000,0x000000b2ecb00000)]
  0x000001b5edc23800 JavaThread "jar transforms Thread 11" [_thread_blocked, id=19832, stack(0x000000b2ecb00000,0x000000b2ecc00000)]
  0x000001b5edc23000 JavaThread "Cache worker for dependencies-accessors (C:\Users\V\IdeaProjects\spingexamples\configurationproperties\.gradle\7.4.1\dependencies-accessors)" [_thread_blocked, id=7120, stack(0x000000b2ecc00000,0x000000b2ecd00000)]
  0x000001b5edc26000 JavaThread "jar transforms Thread 12" [_thread_blocked, id=11892, stack(0x000000b2ecd00000,0x000000b2ece00000)]
  0x000001b5edc27000 JavaThread "Cache worker for Build Output Cleanup Cache (C:\Users\V\IdeaProjects\spingexamples\configurationproperties\.gradle\buildOutputCleanup)" [_thread_blocked, id=23956, stack(0x000000b2ece00000,0x000000b2ecf00000)]
  0x000001b5edc21000 JavaThread "Unconstrained build operations" [_thread_blocked, id=2808, stack(0x000000b2ecf00000,0x000000b2ed000000)]
  0x000001b5edc22000 JavaThread "Unconstrained build operations Thread 2" [_thread_blocked, id=16840, stack(0x000000b2ed000000,0x000000b2ed100000)]
  0x000001b5edc24800 JavaThread "Unconstrained build operations Thread 3" [_thread_blocked, id=2752, stack(0x000000b2ed100000,0x000000b2ed200000)]
  0x000001b5edc2a000 JavaThread "Unconstrained build operations Thread 4" [_thread_blocked, id=17092, stack(0x000000b2ed200000,0x000000b2ed300000)]
  0x000001b5edc2b800 JavaThread "Unconstrained build operations Thread 5" [_thread_blocked, id=12308, stack(0x000000b2ed300000,0x000000b2ed400000)]
  0x000001b5edc2c800 JavaThread "Unconstrained build operations Thread 6" [_thread_blocked, id=600, stack(0x000000b2ed400000,0x000000b2ed500000)]
  0x000001b5edc2b000 JavaThread "Unconstrained build operations Thread 7" [_thread_blocked, id=9468, stack(0x000000b2ed500000,0x000000b2ed600000)]
  0x000001b5edc2d800 JavaThread "Unconstrained build operations Thread 8" [_thread_blocked, id=11672, stack(0x000000b2ed600000,0x000000b2ed700000)]
  0x000001b5edc27800 JavaThread "Unconstrained build operations Thread 9" [_thread_blocked, id=17148, stack(0x000000b2ed700000,0x000000b2ed800000)]
  0x000001b5edc2e000 JavaThread "Unconstrained build operations Thread 10" [_thread_blocked, id=11920, stack(0x000000b2ed800000,0x000000b2ed900000)]
  0x000001b5edc28800 JavaThread "Unconstrained build operations Thread 11" [_thread_blocked, id=17992, stack(0x000000b2ed900000,0x000000b2eda00000)]
  0x000001b5edc2f000 JavaThread "Unconstrained build operations Thread 12" [_thread_blocked, id=11288, stack(0x000000b2eda00000,0x000000b2edb00000)]
  0x000001b5edc29800 JavaThread "Unconstrained build operations Thread 13" [_thread_blocked, id=19488, stack(0x000000b2edb00000,0x000000b2edc00000)]
  0x000001b5edc30000 JavaThread "Unconstrained build operations Thread 14" [_thread_blocked, id=18208, stack(0x000000b2edc00000,0x000000b2edd00000)]
  0x000001b5efd1c800 JavaThread "Unconstrained build operations Thread 15" [_thread_blocked, id=6820, stack(0x000000b2edd00000,0x000000b2ede00000)]
  0x000001b5efd1a000 JavaThread "Unconstrained build operations Thread 16" [_thread_blocked, id=11756, stack(0x000000b2ede00000,0x000000b2edf00000)]
  0x000001b5efd1d800 JavaThread "Unconstrained build operations Thread 17" [_thread_blocked, id=14924, stack(0x000000b2edf00000,0x000000b2ee000000)]
  0x000001b5efd1e000 JavaThread "Unconstrained build operations Thread 18" [_thread_blocked, id=19452, stack(0x000000b2ee000000,0x000000b2ee100000)]
  0x000001b5efd18800 JavaThread "Unconstrained build operations Thread 19" [_thread_blocked, id=10456, stack(0x000000b2ee100000,0x000000b2ee200000)]
  0x000001b5efd1b800 JavaThread "Memory manager" [_thread_blocked, id=23616, stack(0x000000b2ee200000,0x000000b2ee300000)]
  0x000001b5efd19000 JavaThread "included builds" [_thread_blocked, id=10580, stack(0x000000b2ee300000,0x000000b2ee400000)]
  0x000001b5efd1f000 JavaThread "Execution worker for ':'" [_thread_blocked, id=832, stack(0x000000b2ee400000,0x000000b2ee500000)]
  0x000001b5efd20000 JavaThread "Execution worker for ':' Thread 2" [_thread_blocked, id=7932, stack(0x000000b2ee500000,0x000000b2ee600000)]
  0x000001b5efd20800 JavaThread "Execution worker for ':' Thread 3" [_thread_blocked, id=23524, stack(0x000000b2ee600000,0x000000b2ee700000)]
  0x000001b5efd1b000 JavaThread "Execution worker for ':' Thread 4" [_thread_blocked, id=32, stack(0x000000b2ee700000,0x000000b2ee800000)]
  0x000001b5efd25800 JavaThread "Execution worker for ':' Thread 5" [_thread_blocked, id=976, stack(0x000000b2ee800000,0x000000b2ee900000)]
  0x000001b5efd22000 JavaThread "Execution worker for ':' Thread 6" [_thread_blocked, id=4000, stack(0x000000b2ee900000,0x000000b2eea00000)]
  0x000001b5efd26800 JavaThread "Execution worker for ':' Thread 7" [_thread_blocked, id=10744, stack(0x000000b2eea00000,0x000000b2eeb00000)]
  0x000001b5efd27000 JavaThread "Execution worker for ':' Thread 8" [_thread_blocked, id=3952, stack(0x000000b2eeb00000,0x000000b2eec00000)]
  0x000001b5efd21800 JavaThread "Execution worker for ':' Thread 9" [_thread_blocked, id=10288, stack(0x000000b2eec00000,0x000000b2eed00000)]
  0x000001b5efd23000 JavaThread "Execution worker for ':' Thread 10" [_thread_blocked, id=4644, stack(0x000000b2eed00000,0x000000b2eee00000)]
  0x000001b5efd24000 JavaThread "Execution worker for ':' Thread 11" [_thread_blocked, id=6244, stack(0x000000b2eee00000,0x000000b2eef00000)]
  0x000001b5efd24800 JavaThread "Cache worker for execution history cache (C:\Users\V\IdeaProjects\spingexamples\configurationproperties\.gradle\7.4.1\executionHistory)" [_thread_blocked, id=18372, stack(0x000000b2eef00000,0x000000b2ef000000)]
  0x000001b5efe8e000 JavaThread "Unconstrained build operations Thread 20" [_thread_blocked, id=5960, stack(0x000000b2ef000000,0x000000b2ef100000)]
  0x000001b5efe88800 JavaThread "Unconstrained build operations Thread 21" [_thread_blocked, id=23808, stack(0x000000b2ef100000,0x000000b2ef200000)]
  0x000001b5efe89800 JavaThread "Unconstrained build operations Thread 22" [_thread_blocked, id=23440, stack(0x000000b2ef200000,0x000000b2ef300000)]
  0x000001b5efe8a000 JavaThread "Unconstrained build operations Thread 23" [_thread_blocked, id=11476, stack(0x000000b2ef300000,0x000000b2ef400000)]
  0x000001b5efe90800 JavaThread "Unconstrained build operations Thread 24" [_thread_blocked, id=7324, stack(0x000000b2ef400000,0x000000b2ef500000)]
  0x000001b5efe8d800 JavaThread "Unconstrained build operations Thread 25" [_thread_blocked, id=22188, stack(0x000000b2ef500000,0x000000b2ef600000)]
  0x000001b5efe8f000 JavaThread "Unconstrained build operations Thread 26" [_thread_blocked, id=8440, stack(0x000000b2ef600000,0x000000b2ef700000)]
  0x000001b5efe90000 JavaThread "Unconstrained build operations Thread 27" [_thread_blocked, id=7268, stack(0x000000b2ef700000,0x000000b2ef800000)]
  0x000001b5efe8b000 JavaThread "Unconstrained build operations Thread 28" [_thread_blocked, id=1168, stack(0x000000b2ef800000,0x000000b2ef900000)]
  0x000001b5efe91800 JavaThread "Unconstrained build operations Thread 29" [_thread_blocked, id=17100, stack(0x000000b2ef900000,0x000000b2efa00000)]
  0x000001b5efe8b800 JavaThread "Unconstrained build operations Thread 30" [_thread_blocked, id=24272, stack(0x000000b2efa00000,0x000000b2efb00000)]
  0x000001b5efe92000 JavaThread "Unconstrained build operations Thread 31" [_thread_blocked, id=16064, stack(0x000000b2efb00000,0x000000b2efc00000)]
  0x000001b5efe8c800 JavaThread "Unconstrained build operations Thread 32" [_thread_blocked, id=24524, stack(0x000000b2efc00000,0x000000b2efd00000)]
  0x000001b5efe93000 JavaThread "Unconstrained build operations Thread 33" [_thread_blocked, id=4508, stack(0x000000b2efd00000,0x000000b2efe00000)]
  0x000001b5efe94800 JavaThread "Unconstrained build operations Thread 34" [_thread_blocked, id=21820, stack(0x000000b2efe00000,0x000000b2eff00000)]
  0x000001b5efe94000 JavaThread "Unconstrained build operations Thread 35" [_thread_blocked, id=12092, stack(0x000000b2eff00000,0x000000b2f0000000)]
  0x000001b5efe95800 JavaThread "Unconstrained build operations Thread 36" [_thread_blocked, id=16344, stack(0x000000b2f0000000,0x000000b2f0100000)]
  0x000001b5efe96800 JavaThread "Unconstrained build operations Thread 37" [_thread_blocked, id=8768, stack(0x000000b2f0100000,0x000000b2f0200000)]
  0x000001b5efe97000 JavaThread "Unconstrained build operations Thread 38" [_thread_blocked, id=19508, stack(0x000000b2f0200000,0x000000b2f0300000)]
  0x000001b5ee006000 JavaThread "Unconstrained build operations Thread 39" [_thread_blocked, id=13056, stack(0x000000b2f0300000,0x000000b2f0400000)]
  0x000001b5ee006800 JavaThread "Unconstrained build operations Thread 40" [_thread_blocked, id=16796, stack(0x000000b2f0400000,0x000000b2f0500000)]
  0x000001b5ee005000 JavaThread "Unconstrained build operations Thread 41" [_thread_blocked, id=19916, stack(0x000000b2f0500000,0x000000b2f0600000)]
  0x000001b5ee008000 JavaThread "Unconstrained build operations Thread 42" [_thread_blocked, id=23684, stack(0x000000b2f0600000,0x000000b2f0700000)]
  0x000001b5ee007800 JavaThread "Unconstrained build operations Thread 43" [_thread_blocked, id=7420, stack(0x000000b2f0700000,0x000000b2f0800000)]
  0x000001b5ee003800 JavaThread "Unconstrained build operations Thread 44" [_thread_blocked, id=11284, stack(0x000000b2f0800000,0x000000b2f0900000)]
  0x000001b5ee004000 JavaThread "Unconstrained build operations Thread 45" [_thread_blocked, id=20364, stack(0x000000b2f0900000,0x000000b2f0a00000)]
  0x000001b5ee002800 JavaThread "Unconstrained build operations Thread 46" [_thread_blocked, id=17912, stack(0x000000b2f0a00000,0x000000b2f0b00000)]
  0x000001b5ee00a800 JavaThread "Unconstrained build operations Thread 47" [_thread_blocked, id=15560, stack(0x000000b2f0b00000,0x000000b2f0c00000)]
  0x000001b5ee00b800 JavaThread "Unconstrained build operations Thread 48" [_thread_blocked, id=4928, stack(0x000000b2f0c00000,0x000000b2f0d00000)]
  0x000001b5ee00c800 JavaThread "Unconstrained build operations Thread 49" [_thread_blocked, id=16380, stack(0x000000b2f0d00000,0x000000b2f0e00000)]
  0x000001b5ee00e000 JavaThread "Unconstrained build operations Thread 50" [_thread_blocked, id=6792, stack(0x000000b2f0e00000,0x000000b2f0f00000)]
  0x000001b5ee009000 JavaThread "Unconstrained build operations Thread 51" [_thread_blocked, id=15640, stack(0x000000b2f0f00000,0x000000b2f1000000)]
  0x000001b5ee00d000 JavaThread "Unconstrained build operations Thread 52" [_thread_blocked, id=1784, stack(0x000000b2f1000000,0x000000b2f1100000)]
  0x000001b5ee00e800 JavaThread "Unconstrained build operations Thread 53" [_thread_blocked, id=14448, stack(0x000000b2f1100000,0x000000b2f1200000)]
  0x000001b5ee00f800 JavaThread "Unconstrained build operations Thread 54" [_thread_blocked, id=12056, stack(0x000000b2f1200000,0x000000b2f1300000)]
  0x000001b5ee00a000 JavaThread "Unconstrained build operations Thread 55" [_thread_blocked, id=6632, stack(0x000000b2f1300000,0x000000b2f1400000)]
  0x000001b5ee011000 JavaThread "Unconstrained build operations Thread 56" [_thread_blocked, id=5480, stack(0x000000b2f1400000,0x000000b2f1500000)]
  0x000001b5ee010800 JavaThread "Unconstrained build operations Thread 57" [_thread_blocked, id=17276, stack(0x000000b2f1500000,0x000000b2f1600000)]
  0x000001b5ef99c800 JavaThread "Unconstrained build operations Thread 58" [_thread_blocked, id=4344, stack(0x000000b2f1600000,0x000000b2f1700000)]
  0x000001b5ef99e000 JavaThread "Unconstrained build operations Thread 59" [_thread_blocked, id=8148, stack(0x000000b2f1700000,0x000000b2f1800000)]
  0x000001b5ef99f000 JavaThread "Unconstrained build operations Thread 60" [_thread_blocked, id=20940, stack(0x000000b2f1800000,0x000000b2f1900000)]
  0x000001b5ef99a800 JavaThread "Unconstrained build operations Thread 61" [_thread_blocked, id=7244, stack(0x000000b2f1900000,0x000000b2f1a00000)]
  0x000001b5ef99f800 JavaThread "Unconstrained build operations Thread 62" [_thread_blocked, id=23320, stack(0x000000b2f1a00000,0x000000b2f1b00000)]
  0x000001b5ef9a1000 JavaThread "Exec process" [_thread_in_native, id=20472, stack(0x000000b2f1b00000,0x000000b2f1c00000)]
  0x000001b5ef99b800 JavaThread "DisconnectableInputStream source reader" daemon [_thread_blocked, id=1524, stack(0x000000b2f1c00000,0x000000b2f1d00000)]
  0x000001b5ef9a2000 JavaThread "Exec process Thread 2" [_thread_blocked, id=15820, stack(0x000000b2f1d00000,0x000000b2f1e00000)]
  0x000001b5ef99d000 JavaThread "Exec process Thread 3" [_thread_blocked, id=14520, stack(0x000000b2f1e00000,0x000000b2f1f00000)]
  0x000001b5ef9a3800 JavaThread "Exec process Thread 4" [_thread_blocked, id=22452, stack(0x000000b2f1f00000,0x000000b2f2000000)]

Other Threads:
  0x000001b5e95cb000 VMThread "VM Thread" [stack: 0x000000b2e9100000,0x000000b2e9200000] [id=22244]
  0x000001b5ea14a000 WatcherThread [stack: 0x000000b2e9e00000,0x000000b2e9f00000] [id=4536]
  0x000001b5cd217000 GCTaskThread "GC Thread#0" [stack: 0x000000b2e8c00000,0x000000b2e8d00000] [id=22428]
  0x000001b5eb069800 GCTaskThread "GC Thread#1" [stack: 0x000000b2ea100000,0x000000b2ea200000] [id=21808]
  0x000001b5eaf8e000 GCTaskThread "GC Thread#2" [stack: 0x000000b2ea200000,0x000000b2ea300000] [id=16932]
  0x000001b5eaf8f000 GCTaskThread "GC Thread#3" [stack: 0x000000b2ea300000,0x000000b2ea400000] [id=12580]
  0x000001b5eaf8f800 GCTaskThread "GC Thread#4" [stack: 0x000000b2ea400000,0x000000b2ea500000] [id=23244]
  0x000001b5eaf90800 GCTaskThread "GC Thread#5" [stack: 0x000000b2ea500000,0x000000b2ea600000] [id=22392]
  0x000001b5eb460000 GCTaskThread "GC Thread#6" [stack: 0x000000b2eb200000,0x000000b2eb300000] [id=18316]
  0x000001b5ec6b1000 GCTaskThread "GC Thread#7" [stack: 0x000000b2eb300000,0x000000b2eb400000] [id=8376]
  0x000001b5ec6b1800 GCTaskThread "GC Thread#8" [stack: 0x000000b2eb400000,0x000000b2eb500000] [id=14652]
  0x000001b5ec21d800 GCTaskThread "GC Thread#9" [stack: 0x000000b2eb500000,0x000000b2eb600000] [id=19008]
  0x000001b5cd227000 ConcurrentGCThread "G1 Main Marker" [stack: 0x000000b2e8d00000,0x000000b2e8e00000] [id=17980]
  0x000001b5cd229800 ConcurrentGCThread "G1 Conc#0" [stack: 0x000000b2e8e00000,0x000000b2e8f00000] [id=22340]
  0x000001b5eae93800 ConcurrentGCThread "G1 Conc#1" [stack: 0x000000b2eb600000,0x000000b2eb700000] [id=3680]
  0x000001b5ecac8800 ConcurrentGCThread "G1 Conc#2" [stack: 0x000000b2eb700000,0x000000b2eb800000] [id=12040]
  0x000001b5e9462800 ConcurrentGCThread "G1 Refine#0" [stack: 0x000000b2e8f00000,0x000000b2e9000000] [id=21664]
  0x000001b5e9463800 ConcurrentGCThread "G1 Young RemSet Sampling" [stack: 0x000000b2e9000000,0x000000b2e9100000] [id=5520]

Threads with active compile tasks:
C2 CompilerThread0    11486 7105       4       groovy.lang.MetaClassImpl::inheritInterfaceNewMetaMethods (195 bytes)
C2 CompilerThread1    11486 7104       4       java.lang.Class::privateGetPublicMethods (224 bytes)
C2 CompilerThread2    11486 6692   !   4       io.spring.gradle.dependencymanagement.org.codehaus.plexus.interpolation.StringSearchInterpolator::interpolate (665 bytes)

VM state:at safepoint (normal execution)

VM Mutex/Monitor currently owned by a thread:  ([mutex/lock_event])
[0x000001b5cd1f8940] Safepoint_lock - owner thread: 0x000001b5e95cb000
[0x000001b5cd1f7ce0] Threads_lock - owner thread: 0x000001b5e95cb000

Heap address: 0x00000000e0000000, size: 512 MB, Compressed Oops mode: 32-bit
Narrow klass base: 0x0000000000000000, Narrow klass shift: 3
Compressed class space size: 260046848 Address: 0x0000000100000000

Heap:
 garbage-first heap   total 262144K, used 88261K [0x00000000e0000000, 0x0000000100000000)
  region size 1024K, 58 young (59392K), 17 survivors (17408K)
 Metaspace       used 60674K, capacity 62856K, committed 63056K, reserved 309248K
  class space    used 7844K, capacity 8651K, committed 8704K, reserved 253952K
Heap Regions: E=young(eden), S=young(survivor), O=old, HS=humongous(starts), HC=humongous(continues), CS=collection set, F=free, A=archive, TAMS=top-at-mark-start (previous, next)
|   0|0x00000000e0000000, 0x00000000e0100000, 0x00000000e0100000|100%| O|  |TAMS 0x00000000e0100000, 0x00000000e0000000| Untracked 
|   1|0x00000000e0100000, 0x00000000e0200000, 0x00000000e0200000|100%| O|  |TAMS 0x00000000e0200000, 0x00000000e0100000| Untracked 
|   2|0x00000000e0200000, 0x00000000e0300000, 0x00000000e0300000|100%| O|  |TAMS 0x00000000e0300000, 0x00000000e0200000| Untracked 
|   3|0x00000000e0300000, 0x00000000e0400000, 0x00000000e0400000|100%|HS|  |TAMS 0x00000000e0400000, 0x00000000e0300000| Complete 
|   4|0x00000000e0400000, 0x00000000e0500000, 0x00000000e0500000|100%|HC|  |TAMS 0x00000000e0500000, 0x00000000e0400000| Complete 
|   5|0x00000000e0500000, 0x00000000e0600000, 0x00000000e0600000|100%|HC|  |TAMS 0x00000000e0600000, 0x00000000e0500000| Complete 
|   6|0x00000000e0600000, 0x00000000e0700000, 0x00000000e0700000|100%| O|  |TAMS 0x00000000e0700000, 0x00000000e0600000| Untracked 
|   7|0x00000000e0700000, 0x00000000e0800000, 0x00000000e0800000|100%| O|  |TAMS 0x00000000e0800000, 0x00000000e0700000| Untracked 
|   8|0x00000000e0800000, 0x00000000e0900000, 0x00000000e0900000|100%| O|  |TAMS 0x00000000e0900000, 0x00000000e0800000| Untracked 
|   9|0x00000000e0900000, 0x00000000e0a00000, 0x00000000e0a00000|100%| O|  |TAMS 0x00000000e0a00000, 0x00000000e0900000| Untracked 
|  10|0x00000000e0a00000, 0x00000000e0b00000, 0x00000000e0b00000|100%| O|  |TAMS 0x00000000e0b00000, 0x00000000e0a00000| Untracked 
|  11|0x00000000e0b00000, 0x00000000e0c00000, 0x00000000e0c00000|100%| O|  |TAMS 0x00000000e0c00000, 0x00000000e0b00000| Untracked 
|  12|0x00000000e0c00000, 0x00000000e0d00000, 0x00000000e0d00000|100%| O|  |TAMS 0x00000000e0d00000, 0x00000000e0c00000| Untracked 
|  13|0x00000000e0d00000, 0x00000000e0e00000, 0x00000000e0e00000|100%| O|  |TAMS 0x00000000e0e00000, 0x00000000e0d00000| Untracked 
|  14|0x00000000e0e00000, 0x00000000e0f00000, 0x00000000e0f00000|100%| O|  |TAMS 0x00000000e0f00000, 0x00000000e0e00000| Untracked 
|  15|0x00000000e0f00000, 0x00000000e1000000, 0x00000000e1000000|100%| O|  |TAMS 0x00000000e1000000, 0x00000000e0f00000| Untracked 
|  16|0x00000000e1000000, 0x00000000e1100000, 0x00000000e1100000|100%| O|  |TAMS 0x00000000e1100000, 0x00000000e1000000| Untracked 
|  17|0x00000000e1100000, 0x00000000e1200000, 0x00000000e1200000|100%| O|  |TAMS 0x00000000e1164e00, 0x00000000e1100000| Untracked 
|  18|0x00000000e1200000, 0x00000000e1300000, 0x00000000e1300000|100%| O|  |TAMS 0x00000000e1200000, 0x00000000e1200000| Untracked 
|  19|0x00000000e1300000, 0x00000000e1400000, 0x00000000e1400000|100%| O|  |TAMS 0x00000000e1300000, 0x00000000e1300000| Untracked 
|  20|0x00000000e1400000, 0x00000000e1500000, 0x00000000e1500000|100%| O|  |TAMS 0x00000000e1400000, 0x00000000e1400000| Untracked 
|  21|0x00000000e1500000, 0x00000000e1600000, 0x00000000e1600000|100%| O|  |TAMS 0x00000000e1500000, 0x00000000e1500000| Untracked 
|  22|0x00000000e1600000, 0x00000000e1700000, 0x00000000e1700000|100%| O|  |TAMS 0x00000000e1600000, 0x00000000e1600000| Untracked 
|  23|0x00000000e1700000, 0x00000000e1800000, 0x00000000e1800000|100%| O|  |TAMS 0x00000000e1700000, 0x00000000e1700000| Untracked 
|  24|0x00000000e1800000, 0x00000000e1900000, 0x00000000e1900000|100%| O|  |TAMS 0x00000000e1800000, 0x00000000e1800000| Untracked 
|  25|0x00000000e1900000, 0x00000000e1a00000, 0x00000000e1a00000|100%| O|  |TAMS 0x00000000e1900000, 0x00000000e1900000| Untracked 
|  26|0x00000000e1a00000, 0x00000000e1b00000, 0x00000000e1b00000|100%| O|  |TAMS 0x00000000e1a00000, 0x00000000e1a00000| Untracked 
|  27|0x00000000e1b00000, 0x00000000e1c00000, 0x00000000e1c00000|100%| O|  |TAMS 0x00000000e1b00000, 0x00000000e1b00000| Untracked 
|  28|0x00000000e1c00000, 0x00000000e1d00000, 0x00000000e1d00000|100%| O|  |TAMS 0x00000000e1c00000, 0x00000000e1c00000| Untracked 
|  29|0x00000000e1d00000, 0x00000000e1db1000, 0x00000000e1e00000| 69%| O|  |TAMS 0x00000000e1d00000, 0x00000000e1d00000| Untracked 
|  30|0x00000000e1e00000, 0x00000000e1e00000, 0x00000000e1f00000|  0%| F|  |TAMS 0x00000000e1e00000, 0x00000000e1e00000| Untracked 
|  31|0x00000000e1f00000, 0x00000000e1f00000, 0x00000000e2000000|  0%| F|  |TAMS 0x00000000e1f00000, 0x00000000e1f00000| Untracked 
|  32|0x00000000e2000000, 0x00000000e2000000, 0x00000000e2100000|  0%| F|  |TAMS 0x00000000e2000000, 0x00000000e2000000| Untracked 
|  33|0x00000000e2100000, 0x00000000e2100000, 0x00000000e2200000|  0%| F|  |TAMS 0x00000000e2100000, 0x00000000e2100000| Untracked 
|  34|0x00000000e2200000, 0x00000000e2200000, 0x00000000e2300000|  0%| F|  |TAMS 0x00000000e2200000, 0x00000000e2200000| Untracked 
|  35|0x00000000e2300000, 0x00000000e2300000, 0x00000000e2400000|  0%| F|  |TAMS 0x00000000e2300000, 0x00000000e2300000| Untracked 
|  36|0x00000000e2400000, 0x00000000e2400000, 0x00000000e2500000|  0%| F|  |TAMS 0x00000000e2400000, 0x00000000e2400000| Untracked 
|  37|0x00000000e2500000, 0x00000000e2500000, 0x00000000e2600000|  0%| F|  |TAMS 0x00000000e2500000, 0x00000000e2500000| Untracked 
|  38|0x00000000e2600000, 0x00000000e2600000, 0x00000000e2700000|  0%| F|  |TAMS 0x00000000e2600000, 0x00000000e2600000| Untracked 
|  39|0x00000000e2700000, 0x00000000e2700000, 0x00000000e2800000|  0%| F|  |TAMS 0x00000000e2700000, 0x00000000e2700000| Untracked 
|  40|0x00000000e2800000, 0x00000000e2800000, 0x00000000e2900000|  0%| F|  |TAMS 0x00000000e2800000, 0x00000000e2800000| Untracked 
|  41|0x00000000e2900000, 0x00000000e2900000, 0x00000000e2a00000|  0%| F|  |TAMS 0x00000000e2900000, 0x00000000e2900000| Untracked 
|  42|0x00000000e2a00000, 0x00000000e2a00000, 0x00000000e2b00000|  0%| F|  |TAMS 0x00000000e2a00000, 0x00000000e2a00000| Untracked 
|  43|0x00000000e2b00000, 0x00000000e2b00000, 0x00000000e2c00000|  0%| F|  |TAMS 0x00000000e2b00000, 0x00000000e2b00000| Untracked 
|  44|0x00000000e2c00000, 0x00000000e2c00000, 0x00000000e2d00000|  0%| F|  |TAMS 0x00000000e2c00000, 0x00000000e2c00000| Untracked 
|  45|0x00000000e2d00000, 0x00000000e2d00000, 0x00000000e2e00000|  0%| F|  |TAMS 0x00000000e2d00000, 0x00000000e2d00000| Untracked 
|  46|0x00000000e2e00000, 0x00000000e2e00000, 0x00000000e2f00000|  0%| F|  |TAMS 0x00000000e2e00000, 0x00000000e2e00000| Untracked 
|  47|0x00000000e2f00000, 0x00000000e2f00000, 0x00000000e3000000|  0%| F|  |TAMS 0x00000000e2f00000, 0x00000000e2f00000| Untracked 
|  48|0x00000000e3000000, 0x00000000e3000000, 0x00000000e3100000|  0%| F|  |TAMS 0x00000000e3000000, 0x00000000e3000000| Untracked 
|  49|0x00000000e3100000, 0x00000000e3100000, 0x00000000e3200000|  0%| F|  |TAMS 0x00000000e3100000, 0x00000000e3100000| Untracked 
|  50|0x00000000e3200000, 0x00000000e3200000, 0x00000000e3300000|  0%| F|  |TAMS 0x00000000e3200000, 0x00000000e3200000| Untracked 
|  51|0x00000000e3300000, 0x00000000e3300000, 0x00000000e3400000|  0%| F|  |TAMS 0x00000000e3300000, 0x00000000e3300000| Untracked 
|  52|0x00000000e3400000, 0x00000000e3400000, 0x00000000e3500000|  0%| F|  |TAMS 0x00000000e3400000, 0x00000000e3400000| Untracked 
|  53|0x00000000e3500000, 0x00000000e3500000, 0x00000000e3600000|  0%| F|  |TAMS 0x00000000e3500000, 0x00000000e3500000| Untracked 
|  54|0x00000000e3600000, 0x00000000e3600000, 0x00000000e3700000|  0%| F|  |TAMS 0x00000000e3600000, 0x00000000e3600000| Untracked 
|  55|0x00000000e3700000, 0x00000000e3700000, 0x00000000e3800000|  0%| F|  |TAMS 0x00000000e3700000, 0x00000000e3700000| Untracked 
|  56|0x00000000e3800000, 0x00000000e3800000, 0x00000000e3900000|  0%| F|  |TAMS 0x00000000e3800000, 0x00000000e3800000| Untracked 
|  57|0x00000000e3900000, 0x00000000e3900000, 0x00000000e3a00000|  0%| F|  |TAMS 0x00000000e3900000, 0x00000000e3900000| Untracked 
|  58|0x00000000e3a00000, 0x00000000e3a00000, 0x00000000e3b00000|  0%| F|  |TAMS 0x00000000e3a00000, 0x00000000e3a00000| Untracked 
|  59|0x00000000e3b00000, 0x00000000e3b00000, 0x00000000e3c00000|  0%| F|  |TAMS 0x00000000e3b00000, 0x00000000e3b00000| Untracked 
|  60|0x00000000e3c00000, 0x00000000e3c00000, 0x00000000e3d00000|  0%| F|  |TAMS 0x00000000e3c00000, 0x00000000e3c00000| Untracked 
|  61|0x00000000e3d00000, 0x00000000e3d00000, 0x00000000e3e00000|  0%| F|  |TAMS 0x00000000e3d00000, 0x00000000e3d00000| Untracked 
|  62|0x00000000e3e00000, 0x00000000e3e00000, 0x00000000e3f00000|  0%| F|  |TAMS 0x00000000e3e00000, 0x00000000e3e00000| Untracked 
|  63|0x00000000e3f00000, 0x00000000e3f00000, 0x00000000e4000000|  0%| F|  |TAMS 0x00000000e3f00000, 0x00000000e3f00000| Untracked 
|  64|0x00000000e4000000, 0x00000000e4000000, 0x00000000e4100000|  0%| F|  |TAMS 0x00000000e4000000, 0x00000000e4000000| Untracked 
|  65|0x00000000e4100000, 0x00000000e4100000, 0x00000000e4200000|  0%| F|  |TAMS 0x00000000e4100000, 0x00000000e4100000| Untracked 
|  66|0x00000000e4200000, 0x00000000e4200000, 0x00000000e4300000|  0%| F|  |TAMS 0x00000000e4200000, 0x00000000e4200000| Untracked 
|  67|0x00000000e4300000, 0x00000000e4300000, 0x00000000e4400000|  0%| F|  |TAMS 0x00000000e4300000, 0x00000000e4300000| Untracked 
|  68|0x00000000e4400000, 0x00000000e4400000, 0x00000000e4500000|  0%| F|  |TAMS 0x00000000e4400000, 0x00000000e4400000| Untracked 
|  69|0x00000000e4500000, 0x00000000e4500000, 0x00000000e4600000|  0%| F|  |TAMS 0x00000000e4500000, 0x00000000e4500000| Untracked 
|  70|0x00000000e4600000, 0x00000000e4600000, 0x00000000e4700000|  0%| F|  |TAMS 0x00000000e4600000, 0x00000000e4600000| Untracked 
|  71|0x00000000e4700000, 0x00000000e4700000, 0x00000000e4800000|  0%| F|  |TAMS 0x00000000e4700000, 0x00000000e4700000| Untracked 
|  72|0x00000000e4800000, 0x00000000e4800000, 0x00000000e4900000|  0%| F|  |TAMS 0x00000000e4800000, 0x00000000e4800000| Untracked 
|  73|0x00000000e4900000, 0x00000000e4900000, 0x00000000e4a00000|  0%| F|  |TAMS 0x00000000e4900000, 0x00000000e4900000| Untracked 
|  74|0x00000000e4a00000, 0x00000000e4a00000, 0x00000000e4b00000|  0%| F|  |TAMS 0x00000000e4a00000, 0x00000000e4a00000| Untracked 
|  75|0x00000000e4b00000, 0x00000000e4b00000, 0x00000000e4c00000|  0%| F|  |TAMS 0x00000000e4b00000, 0x00000000e4b00000| Untracked 
|  76|0x00000000e4c00000, 0x00000000e4c00000, 0x00000000e4d00000|  0%| F|  |TAMS 0x00000000e4c00000, 0x00000000e4c00000| Untracked 
|  77|0x00000000e4d00000, 0x00000000e4d00000, 0x00000000e4e00000|  0%| F|  |TAMS 0x00000000e4d00000, 0x00000000e4d00000| Untracked 
|  78|0x00000000e4e00000, 0x00000000e4e00000, 0x00000000e4f00000|  0%| F|  |TAMS 0x00000000e4e00000, 0x00000000e4e00000| Untracked 
|  79|0x00000000e4f00000, 0x00000000e4f00000, 0x00000000e5000000|  0%| F|  |TAMS 0x00000000e4f00000, 0x00000000e4f00000| Untracked 
|  80|0x00000000e5000000, 0x00000000e5000000, 0x00000000e5100000|  0%| F|  |TAMS 0x00000000e5000000, 0x00000000e5000000| Untracked 
|  81|0x00000000e5100000, 0x00000000e5100000, 0x00000000e5200000|  0%| F|  |TAMS 0x00000000e5100000, 0x00000000e5100000| Untracked 
|  82|0x00000000e5200000, 0x00000000e5200000, 0x00000000e5300000|  0%| F|  |TAMS 0x00000000e5200000, 0x00000000e5200000| Untracked 
|  83|0x00000000e5300000, 0x00000000e5300000, 0x00000000e5400000|  0%| F|  |TAMS 0x00000000e5300000, 0x00000000e5300000| Untracked 
|  84|0x00000000e5400000, 0x00000000e5400000, 0x00000000e5500000|  0%| F|  |TAMS 0x00000000e5400000, 0x00000000e5400000| Untracked 
|  85|0x00000000e5500000, 0x00000000e5500000, 0x00000000e5600000|  0%| F|  |TAMS 0x00000000e5500000, 0x00000000e5500000| Untracked 
|  86|0x00000000e5600000, 0x00000000e5600000, 0x00000000e5700000|  0%| F|  |TAMS 0x00000000e5600000, 0x00000000e5600000| Untracked 
|  87|0x00000000e5700000, 0x00000000e5700000, 0x00000000e5800000|  0%| F|  |TAMS 0x00000000e5700000, 0x00000000e5700000| Untracked 
|  88|0x00000000e5800000, 0x00000000e5800000, 0x00000000e5900000|  0%| F|  |TAMS 0x00000000e5800000, 0x00000000e5800000| Untracked 
|  89|0x00000000e5900000, 0x00000000e5900000, 0x00000000e5a00000|  0%| F|  |TAMS 0x00000000e5900000, 0x00000000e5900000| Untracked 
|  90|0x00000000e5a00000, 0x00000000e5a00000, 0x00000000e5b00000|  0%| F|  |TAMS 0x00000000e5a00000, 0x00000000e5a00000| Untracked 
|  91|0x00000000e5b00000, 0x00000000e5b00000, 0x00000000e5c00000|  0%| F|  |TAMS 0x00000000e5b00000, 0x00000000e5b00000| Untracked 
|  92|0x00000000e5c00000, 0x00000000e5c00000, 0x00000000e5d00000|  0%| F|  |TAMS 0x00000000e5c00000, 0x00000000e5c00000| Untracked 
|  93|0x00000000e5d00000, 0x00000000e5d00000, 0x00000000e5e00000|  0%| F|  |TAMS 0x00000000e5d00000, 0x00000000e5d00000| Untracked 
|  94|0x00000000e5e00000, 0x00000000e5e00000, 0x00000000e5f00000|  0%| F|  |TAMS 0x00000000e5e00000, 0x00000000e5e00000| Untracked 
|  95|0x00000000e5f00000, 0x00000000e5f00000, 0x00000000e6000000|  0%| F|  |TAMS 0x00000000e5f00000, 0x00000000e5f00000| Untracked 
|  96|0x00000000e6000000, 0x00000000e6000000, 0x00000000e6100000|  0%| F|  |TAMS 0x00000000e6000000, 0x00000000e6000000| Untracked 
|  97|0x00000000e6100000, 0x00000000e6100000, 0x00000000e6200000|  0%| F|  |TAMS 0x00000000e6100000, 0x00000000e6100000| Untracked 
|  98|0x00000000e6200000, 0x00000000e6200000, 0x00000000e6300000|  0%| F|  |TAMS 0x00000000e6200000, 0x00000000e6200000| Untracked 
|  99|0x00000000e6300000, 0x00000000e63806d0, 0x00000000e6400000| 50%| S|CS|TAMS 0x00000000e6300000, 0x00000000e6300000| Complete 
| 100|0x00000000e6400000, 0x00000000e6500000, 0x00000000e6500000|100%| S|CS|TAMS 0x00000000e6400000, 0x00000000e6400000| Complete 
| 101|0x00000000e6500000, 0x00000000e6600000, 0x00000000e6600000|100%| S|CS|TAMS 0x00000000e6500000, 0x00000000e6500000| Complete 
| 102|0x00000000e6600000, 0x00000000e6700000, 0x00000000e6700000|100%| S|CS|TAMS 0x00000000e6600000, 0x00000000e6600000| Complete 
| 103|0x00000000e6700000, 0x00000000e6800000, 0x00000000e6800000|100%| S|CS|TAMS 0x00000000e6700000, 0x00000000e6700000| Complete 
| 104|0x00000000e6800000, 0x00000000e6900000, 0x00000000e6900000|100%| S|CS|TAMS 0x00000000e6800000, 0x00000000e6800000| Complete 
| 105|0x00000000e6900000, 0x00000000e6a00000, 0x00000000e6a00000|100%| S|CS|TAMS 0x00000000e6900000, 0x00000000e6900000| Complete 
| 106|0x00000000e6a00000, 0x00000000e6b00000, 0x00000000e6b00000|100%| S|CS|TAMS 0x00000000e6a00000, 0x00000000e6a00000| Complete 
| 107|0x00000000e6b00000, 0x00000000e6c00000, 0x00000000e6c00000|100%| S|CS|TAMS 0x00000000e6b00000, 0x00000000e6b00000| Complete 
| 108|0x00000000e6c00000, 0x00000000e6d00000, 0x00000000e6d00000|100%| S|CS|TAMS 0x00000000e6c00000, 0x00000000e6c00000| Complete 
| 109|0x00000000e6d00000, 0x00000000e6e00000, 0x00000000e6e00000|100%| S|CS|TAMS 0x00000000e6d00000, 0x00000000e6d00000| Complete 
| 110|0x00000000e6e00000, 0x00000000e6f00000, 0x00000000e6f00000|100%| S|CS|TAMS 0x00000000e6e00000, 0x00000000e6e00000| Complete 
| 111|0x00000000e6f00000, 0x00000000e6f00000, 0x00000000e7000000|  0%| F|  |TAMS 0x00000000e6f00000, 0x00000000e6f00000| Untracked 
| 112|0x00000000e7000000, 0x00000000e7000000, 0x00000000e7100000|  0%| F|  |TAMS 0x00000000e7000000, 0x00000000e7000000| Untracked 
| 113|0x00000000e7100000, 0x00000000e7100000, 0x00000000e7200000|  0%| F|  |TAMS 0x00000000e7100000, 0x00000000e7100000| Untracked 
| 114|0x00000000e7200000, 0x00000000e7200000, 0x00000000e7300000|  0%| F|  |TAMS 0x00000000e7200000, 0x00000000e7200000| Untracked 
| 115|0x00000000e7300000, 0x00000000e7300000, 0x00000000e7400000|  0%| F|  |TAMS 0x00000000e7300000, 0x00000000e7300000| Untracked 
| 116|0x00000000e7400000, 0x00000000e7400000, 0x00000000e7500000|  0%| F|  |TAMS 0x00000000e7400000, 0x00000000e7400000| Untracked 
| 117|0x00000000e7500000, 0x00000000e7500000, 0x00000000e7600000|  0%| F|  |TAMS 0x00000000e7500000, 0x00000000e7500000| Untracked 
| 118|0x00000000e7600000, 0x00000000e7600000, 0x00000000e7700000|  0%| F|  |TAMS 0x00000000e7600000, 0x00000000e7600000| Untracked 
| 119|0x00000000e7700000, 0x00000000e7700000, 0x00000000e7800000|  0%| F|  |TAMS 0x00000000e7700000, 0x00000000e7700000| Untracked 
| 120|0x00000000e7800000, 0x00000000e7800000, 0x00000000e7900000|  0%| F|  |TAMS 0x00000000e7800000, 0x00000000e7800000| Untracked 
| 121|0x00000000e7900000, 0x00000000e7900000, 0x00000000e7a00000|  0%| F|  |TAMS 0x00000000e7900000, 0x00000000e7900000| Untracked 
| 122|0x00000000e7a00000, 0x00000000e7a00000, 0x00000000e7b00000|  0%| F|  |TAMS 0x00000000e7a00000, 0x00000000e7a00000| Untracked 
| 123|0x00000000e7b00000, 0x00000000e7b00000, 0x00000000e7c00000|  0%| F|  |TAMS 0x00000000e7b00000, 0x00000000e7b00000| Untracked 
| 124|0x00000000e7c00000, 0x00000000e7c00000, 0x00000000e7d00000|  0%| F|  |TAMS 0x00000000e7c00000, 0x00000000e7c00000| Untracked 
| 125|0x00000000e7d00000, 0x00000000e7d00000, 0x00000000e7e00000|  0%| F|  |TAMS 0x00000000e7d00000, 0x00000000e7d00000| Untracked 
| 126|0x00000000e7e00000, 0x00000000e7f00000, 0x00000000e7f00000|100%| S|CS|TAMS 0x00000000e7e00000, 0x00000000e7e00000| Complete 
| 127|0x00000000e7f00000, 0x00000000e8000000, 0x00000000e8000000|100%| S|CS|TAMS 0x00000000e7f00000, 0x00000000e7f00000| Complete 
| 128|0x00000000e8000000, 0x00000000e8100000, 0x00000000e8100000|100%| S|CS|TAMS 0x00000000e8000000, 0x00000000e8000000| Complete 
| 129|0x00000000e8100000, 0x00000000e8200000, 0x00000000e8200000|100%| S|CS|TAMS 0x00000000e8100000, 0x00000000e8100000| Complete 
| 130|0x00000000e8200000, 0x00000000e8300000, 0x00000000e8300000|100%| S|CS|TAMS 0x00000000e8200000, 0x00000000e8200000| Complete 
| 131|0x00000000e8300000, 0x00000000e8300000, 0x00000000e8400000|  0%| F|  |TAMS 0x00000000e8300000, 0x00000000e8300000| Untracked 
| 132|0x00000000e8400000, 0x00000000e8400000, 0x00000000e8500000|  0%| F|  |TAMS 0x00000000e8400000, 0x00000000e8400000| Untracked 
| 133|0x00000000e8500000, 0x00000000e8500000, 0x00000000e8600000|  0%| F|  |TAMS 0x00000000e8500000, 0x00000000e8500000| Untracked 
| 134|0x00000000e8600000, 0x00000000e8600000, 0x00000000e8700000|  0%| F|  |TAMS 0x00000000e8600000, 0x00000000e8600000| Untracked 
| 135|0x00000000e8700000, 0x00000000e8700000, 0x00000000e8800000|  0%| F|  |TAMS 0x00000000e8700000, 0x00000000e8700000| Untracked 
| 136|0x00000000e8800000, 0x00000000e8800000, 0x00000000e8900000|  0%| F|  |TAMS 0x00000000e8800000, 0x00000000e8800000| Untracked 
| 137|0x00000000e8900000, 0x00000000e8900000, 0x00000000e8a00000|  0%| F|  |TAMS 0x00000000e8900000, 0x00000000e8900000| Untracked 
| 138|0x00000000e8a00000, 0x00000000e8a00000, 0x00000000e8b00000|  0%| F|  |TAMS 0x00000000e8a00000, 0x00000000e8a00000| Untracked 
| 139|0x00000000e8b00000, 0x00000000e8b00000, 0x00000000e8c00000|  0%| F|  |TAMS 0x00000000e8b00000, 0x00000000e8b00000| Untracked 
| 140|0x00000000e8c00000, 0x00000000e8c00000, 0x00000000e8d00000|  0%| F|  |TAMS 0x00000000e8c00000, 0x00000000e8c00000| Untracked 
| 141|0x00000000e8d00000, 0x00000000e8d00000, 0x00000000e8e00000|  0%| F|  |TAMS 0x00000000e8d00000, 0x00000000e8d00000| Untracked 
| 142|0x00000000e8e00000, 0x00000000e8e00000, 0x00000000e8f00000|  0%| F|  |TAMS 0x00000000e8e00000, 0x00000000e8e00000| Untracked 
| 143|0x00000000e8f00000, 0x00000000e8f00000, 0x00000000e9000000|  0%| F|  |TAMS 0x00000000e8f00000, 0x00000000e8f00000| Untracked 
| 144|0x00000000e9000000, 0x00000000e9000000, 0x00000000e9100000|  0%| F|  |TAMS 0x00000000e9000000, 0x00000000e9000000| Untracked 
| 145|0x00000000e9100000, 0x00000000e9100000, 0x00000000e9200000|  0%| F|  |TAMS 0x00000000e9100000, 0x00000000e9100000| Untracked 
| 146|0x00000000e9200000, 0x00000000e9200000, 0x00000000e9300000|  0%| F|  |TAMS 0x00000000e9200000, 0x00000000e9200000| Untracked 
| 147|0x00000000e9300000, 0x00000000e9300000, 0x00000000e9400000|  0%| F|  |TAMS 0x00000000e9300000, 0x00000000e9300000| Untracked 
| 148|0x00000000e9400000, 0x00000000e9400000, 0x00000000e9500000|  0%| F|  |TAMS 0x00000000e9400000, 0x00000000e9400000| Untracked 
| 149|0x00000000e9500000, 0x00000000e9500000, 0x00000000e9600000|  0%| F|  |TAMS 0x00000000e9500000, 0x00000000e9500000| Untracked 
| 150|0x00000000e9600000, 0x00000000e9600000, 0x00000000e9700000|  0%| F|  |TAMS 0x00000000e9600000, 0x00000000e9600000| Untracked 
| 151|0x00000000e9700000, 0x00000000e9700000, 0x00000000e9800000|  0%| F|  |TAMS 0x00000000e9700000, 0x00000000e9700000| Untracked 
| 152|0x00000000e9800000, 0x00000000e9800000, 0x00000000e9900000|  0%| F|  |TAMS 0x00000000e9800000, 0x00000000e9800000| Untracked 
| 153|0x00000000e9900000, 0x00000000e9900000, 0x00000000e9a00000|  0%| F|  |TAMS 0x00000000e9900000, 0x00000000e9900000| Untracked 
| 154|0x00000000e9a00000, 0x00000000e9a00000, 0x00000000e9b00000|  0%| F|  |TAMS 0x00000000e9a00000, 0x00000000e9a00000| Untracked 
| 155|0x00000000e9b00000, 0x00000000e9b00000, 0x00000000e9c00000|  0%| F|  |TAMS 0x00000000e9b00000, 0x00000000e9b00000| Untracked 
| 156|0x00000000e9c00000, 0x00000000e9c00000, 0x00000000e9d00000|  0%| F|  |TAMS 0x00000000e9c00000, 0x00000000e9c00000| Untracked 
| 157|0x00000000e9d00000, 0x00000000e9d00000, 0x00000000e9e00000|  0%| F|  |TAMS 0x00000000e9d00000, 0x00000000e9d00000| Untracked 
| 158|0x00000000e9e00000, 0x00000000e9e00000, 0x00000000e9f00000|  0%| F|  |TAMS 0x00000000e9e00000, 0x00000000e9e00000| Untracked 
| 159|0x00000000e9f00000, 0x00000000e9f00000, 0x00000000ea000000|  0%| F|  |TAMS 0x00000000e9f00000, 0x00000000e9f00000| Untracked 
| 160|0x00000000ea000000, 0x00000000ea000000, 0x00000000ea100000|  0%| F|  |TAMS 0x00000000ea000000, 0x00000000ea000000| Untracked 
| 161|0x00000000ea100000, 0x00000000ea100000, 0x00000000ea200000|  0%| F|  |TAMS 0x00000000ea100000, 0x00000000ea100000| Untracked 
| 162|0x00000000ea200000, 0x00000000ea200000, 0x00000000ea300000|  0%| F|  |TAMS 0x00000000ea200000, 0x00000000ea200000| Untracked 
| 163|0x00000000ea300000, 0x00000000ea300000, 0x00000000ea400000|  0%| F|  |TAMS 0x00000000ea300000, 0x00000000ea300000| Untracked 
| 164|0x00000000ea400000, 0x00000000ea400000, 0x00000000ea500000|  0%| F|  |TAMS 0x00000000ea400000, 0x00000000ea400000| Untracked 
| 165|0x00000000ea500000, 0x00000000ea500000, 0x00000000ea600000|  0%| F|  |TAMS 0x00000000ea500000, 0x00000000ea500000| Untracked 
| 166|0x00000000ea600000, 0x00000000ea600000, 0x00000000ea700000|  0%| F|  |TAMS 0x00000000ea600000, 0x00000000ea600000| Untracked 
| 167|0x00000000ea700000, 0x00000000ea700000, 0x00000000ea800000|  0%| F|  |TAMS 0x00000000ea700000, 0x00000000ea700000| Untracked 
| 168|0x00000000ea800000, 0x00000000ea800000, 0x00000000ea900000|  0%| F|  |TAMS 0x00000000ea800000, 0x00000000ea800000| Untracked 
| 169|0x00000000ea900000, 0x00000000ea900000, 0x00000000eaa00000|  0%| F|  |TAMS 0x00000000ea900000, 0x00000000ea900000| Untracked 
| 170|0x00000000eaa00000, 0x00000000eaa00000, 0x00000000eab00000|  0%| F|  |TAMS 0x00000000eaa00000, 0x00000000eaa00000| Untracked 
| 171|0x00000000eab00000, 0x00000000eab00000, 0x00000000eac00000|  0%| F|  |TAMS 0x00000000eab00000, 0x00000000eab00000| Untracked 
| 172|0x00000000eac00000, 0x00000000eac00000, 0x00000000ead00000|  0%| F|  |TAMS 0x00000000eac00000, 0x00000000eac00000| Untracked 
| 173|0x00000000ead00000, 0x00000000ead00000, 0x00000000eae00000|  0%| F|  |TAMS 0x00000000ead00000, 0x00000000ead00000| Untracked 
| 174|0x00000000eae00000, 0x00000000eae00000, 0x00000000eaf00000|  0%| F|  |TAMS 0x00000000eae00000, 0x00000000eae00000| Untracked 
| 175|0x00000000eaf00000, 0x00000000eaf00000, 0x00000000eb000000|  0%| F|  |TAMS 0x00000000eaf00000, 0x00000000eaf00000| Untracked 
| 176|0x00000000eb000000, 0x00000000eb000000, 0x00000000eb100000|  0%| F|  |TAMS 0x00000000eb000000, 0x00000000eb000000| Untracked 
| 177|0x00000000eb100000, 0x00000000eb100000, 0x00000000eb200000|  0%| F|  |TAMS 0x00000000eb100000, 0x00000000eb100000| Untracked 
| 178|0x00000000eb200000, 0x00000000eb200000, 0x00000000eb300000|  0%| F|  |TAMS 0x00000000eb200000, 0x00000000eb200000| Untracked 
| 179|0x00000000eb300000, 0x00000000eb300000, 0x00000000eb400000|  0%| F|  |TAMS 0x00000000eb300000, 0x00000000eb300000| Untracked 
| 180|0x00000000eb400000, 0x00000000eb400000, 0x00000000eb500000|  0%| F|  |TAMS 0x00000000eb400000, 0x00000000eb400000| Untracked 
| 181|0x00000000eb500000, 0x00000000eb500000, 0x00000000eb600000|  0%| F|  |TAMS 0x00000000eb500000, 0x00000000eb500000| Untracked 
| 182|0x00000000eb600000, 0x00000000eb600000, 0x00000000eb700000|  0%| F|  |TAMS 0x00000000eb600000, 0x00000000eb600000| Untracked 
| 183|0x00000000eb700000, 0x00000000eb700000, 0x00000000eb800000|  0%| F|  |TAMS 0x00000000eb700000, 0x00000000eb700000| Untracked 
| 184|0x00000000eb800000, 0x00000000eb800000, 0x00000000eb900000|  0%| F|  |TAMS 0x00000000eb800000, 0x00000000eb800000| Untracked 
| 185|0x00000000eb900000, 0x00000000eb900000, 0x00000000eba00000|  0%| F|  |TAMS 0x00000000eb900000, 0x00000000eb900000| Untracked 
| 186|0x00000000eba00000, 0x00000000eba00000, 0x00000000ebb00000|  0%| F|  |TAMS 0x00000000eba00000, 0x00000000eba00000| Untracked 
| 187|0x00000000ebb00000, 0x00000000ebb00000, 0x00000000ebc00000|  0%| F|  |TAMS 0x00000000ebb00000, 0x00000000ebb00000| Untracked 
| 188|0x00000000ebc00000, 0x00000000ebc00000, 0x00000000ebd00000|  0%| F|  |TAMS 0x00000000ebc00000, 0x00000000ebc00000| Untracked 
| 189|0x00000000ebd00000, 0x00000000ebd00000, 0x00000000ebe00000|  0%| F|  |TAMS 0x00000000ebd00000, 0x00000000ebd00000| Untracked 
| 190|0x00000000ebe00000, 0x00000000ebe00000, 0x00000000ebf00000|  0%| F|  |TAMS 0x00000000ebe00000, 0x00000000ebe00000| Untracked 
| 191|0x00000000ebf00000, 0x00000000ebf00000, 0x00000000ec000000|  0%| F|  |TAMS 0x00000000ebf00000, 0x00000000ebf00000| Untracked 
| 192|0x00000000ec000000, 0x00000000ec000000, 0x00000000ec100000|  0%| F|  |TAMS 0x00000000ec000000, 0x00000000ec000000| Untracked 
| 193|0x00000000ec100000, 0x00000000ec100000, 0x00000000ec200000|  0%| F|  |TAMS 0x00000000ec100000, 0x00000000ec100000| Untracked 
| 194|0x00000000ec200000, 0x00000000ec200000, 0x00000000ec300000|  0%| F|  |TAMS 0x00000000ec200000, 0x00000000ec200000| Untracked 
| 195|0x00000000ec300000, 0x00000000ec300000, 0x00000000ec400000|  0%| F|  |TAMS 0x00000000ec300000, 0x00000000ec300000| Untracked 
| 196|0x00000000ec400000, 0x00000000ec400000, 0x00000000ec500000|  0%| F|  |TAMS 0x00000000ec400000, 0x00000000ec400000| Untracked 
| 197|0x00000000ec500000, 0x00000000ec500000, 0x00000000ec600000|  0%| F|  |TAMS 0x00000000ec500000, 0x00000000ec500000| Untracked 
| 198|0x00000000ec600000, 0x00000000ec600000, 0x00000000ec700000|  0%| F|  |TAMS 0x00000000ec600000, 0x00000000ec600000| Untracked 
| 199|0x00000000ec700000, 0x00000000ec700000, 0x00000000ec800000|  0%| F|  |TAMS 0x00000000ec700000, 0x00000000ec700000| Untracked 
| 200|0x00000000ec800000, 0x00000000ec800000, 0x00000000ec900000|  0%| F|  |TAMS 0x00000000ec800000, 0x00000000ec800000| Untracked 
| 201|0x00000000ec900000, 0x00000000ec900000, 0x00000000eca00000|  0%| F|  |TAMS 0x00000000ec900000, 0x00000000ec900000| Untracked 
| 202|0x00000000eca00000, 0x00000000eca00000, 0x00000000ecb00000|  0%| F|  |TAMS 0x00000000eca00000, 0x00000000eca00000| Untracked 
| 203|0x00000000ecb00000, 0x00000000ecb00000, 0x00000000ecc00000|  0%| F|  |TAMS 0x00000000ecb00000, 0x00000000ecb00000| Untracked 
| 204|0x00000000ecc00000, 0x00000000ecc00000, 0x00000000ecd00000|  0%| F|  |TAMS 0x00000000ecc00000, 0x00000000ecc00000| Untracked 
| 205|0x00000000ecd00000, 0x00000000ecd00000, 0x00000000ece00000|  0%| F|  |TAMS 0x00000000ecd00000, 0x00000000ecd00000| Untracked 
| 206|0x00000000ece00000, 0x00000000ece00000, 0x00000000ecf00000|  0%| F|  |TAMS 0x00000000ece00000, 0x00000000ece00000| Untracked 
| 207|0x00000000ecf00000, 0x00000000ecf00000, 0x00000000ed000000|  0%| F|  |TAMS 0x00000000ecf00000, 0x00000000ecf00000| Untracked 
| 208|0x00000000ed000000, 0x00000000ed000000, 0x00000000ed100000|  0%| F|  |TAMS 0x00000000ed000000, 0x00000000ed000000| Untracked 
| 209|0x00000000ed100000, 0x00000000ed100000, 0x00000000ed200000|  0%| F|  |TAMS 0x00000000ed100000, 0x00000000ed100000| Untracked 
| 210|0x00000000ed200000, 0x00000000ed200000, 0x00000000ed300000|  0%| F|  |TAMS 0x00000000ed200000, 0x00000000ed200000| Untracked 
| 211|0x00000000ed300000, 0x00000000ed300000, 0x00000000ed400000|  0%| F|  |TAMS 0x00000000ed300000, 0x00000000ed300000| Untracked 
| 212|0x00000000ed400000, 0x00000000ed400000, 0x00000000ed500000|  0%| F|  |TAMS 0x00000000ed400000, 0x00000000ed400000| Untracked 
| 213|0x00000000ed500000, 0x00000000ed500000, 0x00000000ed600000|  0%| F|  |TAMS 0x00000000ed500000, 0x00000000ed500000| Untracked 
| 214|0x00000000ed600000, 0x00000000ed600000, 0x00000000ed700000|  0%| F|  |TAMS 0x00000000ed600000, 0x00000000ed600000| Untracked 
| 215|0x00000000ed700000, 0x00000000ed75c580, 0x00000000ed800000| 36%| E|  |TAMS 0x00000000ed700000, 0x00000000ed700000| Complete 
| 216|0x00000000ed800000, 0x00000000ed900000, 0x00000000ed900000|100%| E|CS|TAMS 0x00000000ed800000, 0x00000000ed800000| Complete 
| 217|0x00000000ed900000, 0x00000000eda00000, 0x00000000eda00000|100%| E|CS|TAMS 0x00000000ed900000, 0x00000000ed900000| Complete 
| 218|0x00000000eda00000, 0x00000000edb00000, 0x00000000edb00000|100%| E|CS|TAMS 0x00000000eda00000, 0x00000000eda00000| Complete 
| 219|0x00000000edb00000, 0x00000000edc00000, 0x00000000edc00000|100%| E|CS|TAMS 0x00000000edb00000, 0x00000000edb00000| Complete 
| 220|0x00000000edc00000, 0x00000000edd00000, 0x00000000edd00000|100%| E|CS|TAMS 0x00000000edc00000, 0x00000000edc00000| Complete 
| 221|0x00000000edd00000, 0x00000000ede00000, 0x00000000ede00000|100%| E|CS|TAMS 0x00000000edd00000, 0x00000000edd00000| Complete 
| 222|0x00000000ede00000, 0x00000000edf00000, 0x00000000edf00000|100%| E|CS|TAMS 0x00000000ede00000, 0x00000000ede00000| Complete 
| 223|0x00000000edf00000, 0x00000000ee000000, 0x00000000ee000000|100%| E|CS|TAMS 0x00000000edf00000, 0x00000000edf00000| Complete 
| 224|0x00000000ee000000, 0x00000000ee100000, 0x00000000ee100000|100%| E|CS|TAMS 0x00000000ee000000, 0x00000000ee000000| Complete 
| 225|0x00000000ee100000, 0x00000000ee200000, 0x00000000ee200000|100%| E|CS|TAMS 0x00000000ee100000, 0x00000000ee100000| Complete 
| 226|0x00000000ee200000, 0x00000000ee300000, 0x00000000ee300000|100%| E|CS|TAMS 0x00000000ee200000, 0x00000000ee200000| Complete 
| 227|0x00000000ee300000, 0x00000000ee400000, 0x00000000ee400000|100%| E|CS|TAMS 0x00000000ee300000, 0x00000000ee300000| Complete 
| 228|0x00000000ee400000, 0x00000000ee500000, 0x00000000ee500000|100%| E|CS|TAMS 0x00000000ee400000, 0x00000000ee400000| Complete 
| 229|0x00000000ee500000, 0x00000000ee600000, 0x00000000ee600000|100%| E|CS|TAMS 0x00000000ee500000, 0x00000000ee500000| Complete 
| 230|0x00000000ee600000, 0x00000000ee700000, 0x00000000ee700000|100%| E|CS|TAMS 0x00000000ee600000, 0x00000000ee600000| Complete 
| 231|0x00000000ee700000, 0x00000000ee800000, 0x00000000ee800000|100%| E|CS|TAMS 0x00000000ee700000, 0x00000000ee700000| Complete 
| 232|0x00000000ee800000, 0x00000000ee900000, 0x00000000ee900000|100%| E|CS|TAMS 0x00000000ee800000, 0x00000000ee800000| Complete 
| 233|0x00000000ee900000, 0x00000000eea00000, 0x00000000eea00000|100%| E|CS|TAMS 0x00000000ee900000, 0x00000000ee900000| Complete 
| 234|0x00000000eea00000, 0x00000000eeb00000, 0x00000000eeb00000|100%| E|CS|TAMS 0x00000000eea00000, 0x00000000eea00000| Complete 
| 235|0x00000000eeb00000, 0x00000000eec00000, 0x00000000eec00000|100%| E|CS|TAMS 0x00000000eeb00000, 0x00000000eeb00000| Complete 
| 236|0x00000000eec00000, 0x00000000eed00000, 0x00000000eed00000|100%| E|CS|TAMS 0x00000000eec00000, 0x00000000eec00000| Complete 
| 237|0x00000000eed00000, 0x00000000eee00000, 0x00000000eee00000|100%| E|CS|TAMS 0x00000000eed00000, 0x00000000eed00000| Complete 
| 238|0x00000000eee00000, 0x00000000eef00000, 0x00000000eef00000|100%| E|CS|TAMS 0x00000000eee00000, 0x00000000eee00000| Complete 
| 239|0x00000000eef00000, 0x00000000ef000000, 0x00000000ef000000|100%| E|CS|TAMS 0x00000000eef00000, 0x00000000eef00000| Complete 
| 240|0x00000000ef000000, 0x00000000ef100000, 0x00000000ef100000|100%| E|CS|TAMS 0x00000000ef000000, 0x00000000ef000000| Complete 
| 241|0x00000000ef100000, 0x00000000ef200000, 0x00000000ef200000|100%| E|CS|TAMS 0x00000000ef100000, 0x00000000ef100000| Complete 
| 242|0x00000000ef200000, 0x00000000ef300000, 0x00000000ef300000|100%| E|CS|TAMS 0x00000000ef200000, 0x00000000ef200000| Complete 
| 243|0x00000000ef300000, 0x00000000ef400000, 0x00000000ef400000|100%| E|CS|TAMS 0x00000000ef300000, 0x00000000ef300000| Complete 
| 244|0x00000000ef400000, 0x00000000ef500000, 0x00000000ef500000|100%| E|CS|TAMS 0x00000000ef400000, 0x00000000ef400000| Complete 
| 245|0x00000000ef500000, 0x00000000ef600000, 0x00000000ef600000|100%| E|CS|TAMS 0x00000000ef500000, 0x00000000ef500000| Complete 
| 246|0x00000000ef600000, 0x00000000ef700000, 0x00000000ef700000|100%| E|CS|TAMS 0x00000000ef600000, 0x00000000ef600000| Complete 
| 247|0x00000000ef700000, 0x00000000ef800000, 0x00000000ef800000|100%| E|CS|TAMS 0x00000000ef700000, 0x00000000ef700000| Complete 
| 248|0x00000000ef800000, 0x00000000ef900000, 0x00000000ef900000|100%| E|CS|TAMS 0x00000000ef800000, 0x00000000ef800000| Complete 
| 249|0x00000000ef900000, 0x00000000efa00000, 0x00000000efa00000|100%| E|CS|TAMS 0x00000000ef900000, 0x00000000ef900000| Complete 
| 250|0x00000000efa00000, 0x00000000efb00000, 0x00000000efb00000|100%| E|CS|TAMS 0x00000000efa00000, 0x00000000efa00000| Complete 
| 251|0x00000000efb00000, 0x00000000efc00000, 0x00000000efc00000|100%| E|CS|TAMS 0x00000000efb00000, 0x00000000efb00000| Complete 
| 252|0x00000000efc00000, 0x00000000efd00000, 0x00000000efd00000|100%| E|CS|TAMS 0x00000000efc00000, 0x00000000efc00000| Complete 
| 253|0x00000000efd00000, 0x00000000efe00000, 0x00000000efe00000|100%| E|CS|TAMS 0x00000000efd00000, 0x00000000efd00000| Complete 
| 254|0x00000000efe00000, 0x00000000eff00000, 0x00000000eff00000|100%| E|CS|TAMS 0x00000000efe00000, 0x00000000efe00000| Complete 
| 255|0x00000000eff00000, 0x00000000f0000000, 0x00000000f0000000|100%| E|CS|TAMS 0x00000000eff00000, 0x00000000eff00000| Complete 

Card table byte_map: [0x000001b5e5730000,0x000001b5e5830000] _byte_map_base: 0x000001b5e5030000

Marking Bits (Prev, Next): (CMBitMap*) 0x000001b5cd224490, (CMBitMap*) 0x000001b5cd224458
 Prev Bits: [0x000001b5e6130000, 0x000001b5e6930000)
 Next Bits: [0x000001b5e5930000, 0x000001b5e6130000)

Polling page: 0x000001b5cb840000

Metaspace:

Usage:
  Non-class:     52.94 MB capacity,    51.61 MB ( 97%) used,     1.12 MB (  2%) free+waste,   215.44 KB ( <1%) overhead. 
      Class:      8.45 MB capacity,     7.66 MB ( 91%) used,   700.82 KB (  8%) free+waste,   103.38 KB (  1%) overhead. 
       Both:     61.39 MB capacity,    59.27 MB ( 97%) used,     1.80 MB (  3%) free+waste,   318.81 KB ( <1%) overhead. 

Virtual space:
  Non-class space:       54.00 MB reserved,      53.08 MB ( 98%) committed 
      Class space:      248.00 MB reserved,       8.50 MB (  3%) committed 
             Both:      302.00 MB reserved,      61.58 MB ( 20%) committed 

Chunk freelists:
   Non-Class:  15.00 KB
       Class:  0 bytes
        Both:  15.00 KB

MaxMetaspaceSize: 256.00 MB
CompressedClassSpaceSize: 248.00 MB
Initial GC threshold: 20.80 MB
Current GC threshold: 74.71 MB
CDS: off

CodeHeap 'non-profiled nmethods': size=120000Kb used=5001Kb max_used=5001Kb free=114998Kb
 bounds [0x000001b5dd440000, 0x000001b5dd930000, 0x000001b5e4970000]
CodeHeap 'profiled nmethods': size=120000Kb used=15689Kb max_used=15689Kb free=104310Kb
 bounds [0x000001b5d5f10000, 0x000001b5d6e70000, 0x000001b5dd440000]
CodeHeap 'non-nmethods': size=5760Kb used=2449Kb max_used=2452Kb free=3310Kb
 bounds [0x000001b5d5970000, 0x000001b5d5c00000, 0x000001b5d5f10000]
 total_blobs=7948 nmethods=7136 adapters=728
 compilation: enabled
              stopped_count=0, restarted_count=0
 full_count=0

Compilation events (20 events):
Event: 11.425 Thread 0x000001b5e9607800 7134       3       jdk.internal.org.objectweb.asm.ClassWriter::newConst (9 bytes)
Event: 11.425 Thread 0x000001b5e9607800 nmethod 7134 0x000001b5d6e5be90 code [0x000001b5d6e5c040, 0x000001b5d6e5c1a8]
Event: 11.425 Thread 0x000001b5e9607800 7135       3       java.lang.invoke.InvokerBytecodeGenerator$CpPatch::<init> (20 bytes)
Event: 11.425 Thread 0x000001b5e9607800 nmethod 7135 0x000001b5d6e5c290 code [0x000001b5d6e5c440, 0x000001b5d6e5c658]
Event: 11.429 Thread 0x000001b5e9607800 7136       3       java.lang.Thread::checkAccess (14 bytes)
Event: 11.429 Thread 0x000001b5e9607800 nmethod 7136 0x000001b5d6e5c710 code [0x000001b5d6e5c900, 0x000001b5d6e5cd08]
Event: 11.464 Thread 0x000001b5e9607800 7137       3       org.gradle.internal.io.LineBufferingOutputStream::write (59 bytes)
Event: 11.465 Thread 0x000001b5e9607800 nmethod 7137 0x000001b5d6e5ce90 code [0x000001b5d6e5d160, 0x000001b5d6e5df78]
Event: 11.465 Thread 0x000001b5e9607800 7143       2       org.gradle.internal.logging.text.AbstractLineChoppingStyledTextOutput::doAppend (43 bytes)
Event: 11.465 Thread 0x000001b5e9607800 nmethod 7143 0x000001b5d6e5e590 code [0x000001b5d6e5e760, 0x000001b5d6e5ea28]
Event: 11.465 Thread 0x000001b5e9607800 7139       2       org.gradle.internal.logging.text.AbstractLineChoppingStyledTextOutput$1::execute (9 bytes)
Event: 11.465 Thread 0x000001b5e9607800 nmethod 7139 0x000001b5d6e5eb90 code [0x000001b5d6e5ed40, 0x000001b5d6e5ee88]
Event: 11.465 Thread 0x000001b5e9607800 7140       2       org.gradle.internal.logging.text.AbstractLineChoppingStyledTextOutput$2::execute (77 bytes)
Event: 11.466 Thread 0x000001b5e9607800 nmethod 7140 0x000001b5d6e5ef90 code [0x000001b5d6e5f1a0, 0x000001b5d6e5f578]
Event: 11.466 Thread 0x000001b5e9607800 7138       3       org.gradle.internal.io.StreamByteBuffer$StreamByteBufferOutputStream::write (22 bytes)
Event: 11.466 Thread 0x000001b5e9607800 nmethod 7138 0x000001b5d6e5f910 code [0x000001b5d6e5fae0, 0x000001b5d6e5fd48]
Event: 11.466 Thread 0x000001b5e9607800 7141       3       org.gradle.internal.io.StreamByteBuffer$StreamByteBufferChunk::write (32 bytes)
Event: 11.466 Thread 0x000001b5e9607800 nmethod 7141 0x000001b5dd922310 code [0x000001b5dd9224c0, 0x000001b5dd922658]
Event: 11.466 Thread 0x000001b5e9607800 7142       3       org.gradle.internal.io.LineBufferingOutputStream::endsWithLineSeparator (27 bytes)
Event: 11.467 Thread 0x000001b5e9607800 nmethod 7142 0x000001b5d6e5ff10 code [0x000001b5d6e600c0, 0x000001b5d6e60258]

GC Heap History (16 events):
Event: 1.010 GC heap before
{Heap before GC invocations=0 (full 0):
 garbage-first heap   total 262144K, used 29696K [0x00000000e0000000, 0x0000000100000000)
  region size 1024K, 24 young (24576K), 0 survivors (0K)
 Metaspace       used 10161K, capacity 10456K, committed 10624K, reserved 264192K
  class space    used 1026K, capacity 1105K, committed 1152K, reserved 253952K
}
Event: 1.015 GC heap after
{Heap after GC invocations=1 (full 0):
 garbage-first heap   total 262144K, used 9684K [0x00000000e0000000, 0x0000000100000000)
  region size 1024K, 3 young (3072K), 3 survivors (3072K)
 Metaspace       used 10161K, capacity 10456K, committed 10624K, reserved 264192K
  class space    used 1026K, capacity 1105K, committed 1152K, reserved 253952K
}
Event: 3.660 GC heap before
{Heap before GC invocations=1 (full 0):
 garbage-first heap   total 262144K, used 106964K [0x00000000e0000000, 0x0000000100000000)
  region size 1024K, 98 young (100352K), 3 survivors (3072K)
 Metaspace       used 20756K, capacity 21146K, committed 21296K, reserved 274432K
  class space    used 2494K, capacity 2647K, committed 2688K, reserved 253952K
}
Event: 3.673 GC heap after
{Heap after GC invocations=2 (full 0):
 garbage-first heap   total 262144K, used 17089K [0x00000000e0000000, 0x0000000100000000)
  region size 1024K, 11 young (11264K), 11 survivors (11264K)
 Metaspace       used 20756K, capacity 21146K, committed 21296K, reserved 274432K
  class space    used 2494K, capacity 2647K, committed 2688K, reserved 253952K
}
Event: 3.918 GC heap before
{Heap before GC invocations=3 (full 0):
 garbage-first heap   total 262144K, used 28353K [0x00000000e0000000, 0x0000000100000000)
  region size 1024K, 22 young (22528K), 11 survivors (11264K)
 Metaspace       used 22265K, capacity 22787K, committed 23088K, reserved 274432K
  class space    used 2739K, capacity 2901K, committed 2944K, reserved 253952K
}
Event: 3.926 GC heap after
{Heap after GC invocations=4 (full 0):
 garbage-first heap   total 262144K, used 18748K [0x00000000e0000000, 0x0000000100000000)
  region size 1024K, 1 young (1024K), 1 survivors (1024K)
 Metaspace       used 22265K, capacity 22787K, committed 23088K, reserved 274432K
  class space    used 2739K, capacity 2901K, committed 2944K, reserved 253952K
}
Event: 5.813 GC heap before
{Heap before GC invocations=4 (full 0):
 garbage-first heap   total 262144K, used 126268K [0x00000000e0000000, 0x0000000100000000)
  region size 1024K, 106 young (108544K), 1 survivors (1024K)
 Metaspace       used 33964K, capacity 34770K, committed 34864K, reserved 284672K
  class space    used 4407K, capacity 4705K, committed 4736K, reserved 253952K
}
Event: 5.821 GC heap after
{Heap after GC invocations=5 (full 0):
 garbage-first heap   total 262144K, used 22730K [0x00000000e0000000, 0x0000000100000000)
  region size 1024K, 5 young (5120K), 5 survivors (5120K)
 Metaspace       used 33964K, capacity 34770K, committed 34864K, reserved 284672K
  class space    used 4407K, capacity 4705K, committed 4736K, reserved 253952K
}
Event: 5.880 GC heap before
{Heap before GC invocations=5 (full 0):
 garbage-first heap   total 262144K, used 23754K [0x00000000e0000000, 0x0000000100000000)
  region size 1024K, 7 young (7168K), 5 survivors (5120K)
 Metaspace       used 34999K, capacity 35770K, committed 35920K, reserved 286720K
  class space    used 4460K, capacity 4806K, committed 4864K, reserved 253952K
}
Event: 5.890 GC heap after
{Heap after GC invocations=6 (full 0):
 garbage-first heap   total 262144K, used 23512K [0x00000000e0000000, 0x0000000100000000)
  region size 1024K, 6 young (6144K), 6 survivors (6144K)
 Metaspace       used 34999K, capacity 35770K, committed 35920K, reserved 286720K
  class space    used 4460K, capacity 4806K, committed 4864K, reserved 253952K
}
Event: 7.799 GC heap before
{Heap before GC invocations=7 (full 0):
 garbage-first heap   total 262144K, used 135128K [0x00000000e0000000, 0x0000000100000000)
  region size 1024K, 113 young (115712K), 6 survivors (6144K)
 Metaspace       used 44503K, capacity 45683K, committed 45904K, reserved 294912K
  class space    used 5638K, capacity 6029K, committed 6144K, reserved 253952K
}
Event: 7.820 GC heap after
{Heap after GC invocations=8 (full 0):
 garbage-first heap   total 262144K, used 30854K [0x00000000e0000000, 0x0000000100000000)
  region size 1024K, 13 young (13312K), 13 survivors (13312K)
 Metaspace       used 44503K, capacity 45683K, committed 45904K, reserved 294912K
  class space    used 5638K, capacity 6029K, committed 6144K, reserved 253952K
}
Event: 9.447 GC heap before
{Heap before GC invocations=9 (full 0):
 garbage-first heap   total 262144K, used 151686K [0x00000000e0000000, 0x0000000100000000)
  region size 1024K, 130 young (133120K), 13 survivors (13312K)
 Metaspace       used 53291K, capacity 55019K, committed 55248K, reserved 303104K
  class space    used 6841K, capacity 7449K, committed 7552K, reserved 253952K
}
Event: 9.469 GC heap after
{Heap after GC invocations=10 (full 0):
 garbage-first heap   total 262144K, used 37572K [0x00000000e0000000, 0x0000000100000000)
  region size 1024K, 15 young (15360K), 15 survivors (15360K)
 Metaspace       used 53291K, capacity 55019K, committed 55248K, reserved 303104K
  class space    used 6841K, capacity 7449K, committed 7552K, reserved 253952K
}
Event: 11.084 GC heap before
{Heap before GC invocations=10 (full 0):
 garbage-first heap   total 262144K, used 165572K [0x00000000e0000000, 0x0000000100000000)
  region size 1024K, 140 young (143360K), 15 survivors (15360K)
 Metaspace       used 59338K, capacity 61444K, committed 61520K, reserved 307200K
  class space    used 7665K, capacity 8419K, committed 8448K, reserved 253952K
}
Event: 11.100 GC heap after
{Heap after GC invocations=11 (full 0):
 garbage-first heap   total 262144K, used 47301K [0x00000000e0000000, 0x0000000100000000)
  region size 1024K, 17 young (17408K), 17 survivors (17408K)
 Metaspace       used 59338K, capacity 61444K, committed 61520K, reserved 307200K
  class space    used 7665K, capacity 8419K, committed 8448K, reserved 253952K
}

Deoptimization events (20 events):
Event: 11.426 Thread 0x000001b5ef9a1000 DEOPT PACKING pc=0x000001b5d6020441 sp=0x000000b2f1bfe1e0
Event: 11.426 Thread 0x000001b5ef9a1000 DEOPT UNPACKING pc=0x000001b5d59ba95e sp=0x000000b2f1bfd688 mode 1
Event: 11.426 Thread 0x000001b5ef9a1000 DEOPT PACKING pc=0x000001b5d6a365cc sp=0x000000b2f1bfe240
Event: 11.426 Thread 0x000001b5ef9a1000 DEOPT UNPACKING pc=0x000001b5d59ba95e sp=0x000000b2f1bfd7d8 mode 1
Event: 11.426 Thread 0x000001b5ef9a1000 DEOPT PACKING pc=0x000001b5d6a365cc sp=0x000000b2f1bfe3d0
Event: 11.426 Thread 0x000001b5ef9a1000 DEOPT UNPACKING pc=0x000001b5d59ba95e sp=0x000000b2f1bfd968 mode 1
Event: 11.427 Thread 0x000001b5ef9a1000 DEOPT PACKING pc=0x000001b5d6020441 sp=0x000000b2f1bfe340
Event: 11.427 Thread 0x000001b5ef9a1000 DEOPT UNPACKING pc=0x000001b5d59ba95e sp=0x000000b2f1bfd7e8 mode 1
Event: 11.427 Thread 0x000001b5ef9a1000 DEOPT PACKING pc=0x000001b5d6a365cc sp=0x000000b2f1bfe3a0
Event: 11.427 Thread 0x000001b5ef9a1000 DEOPT UNPACKING pc=0x000001b5d59ba95e sp=0x000000b2f1bfd938 mode 1
Event: 11.427 Thread 0x000001b5ef9a1000 DEOPT PACKING pc=0x000001b5d6a365cc sp=0x000000b2f1bfe530
Event: 11.427 Thread 0x000001b5ef9a1000 DEOPT UNPACKING pc=0x000001b5d59ba95e sp=0x000000b2f1bfdac8 mode 1
Event: 11.463 Thread 0x000001b5ef99d000 Uncommon trap: trap_request=0xffffff4d fr.pc=0x000001b5dd811d68 relative=0x0000000000000428
Event: 11.463 Thread 0x000001b5ef99d000 Uncommon trap: reason=unstable_if action=reinterpret pc=0x000001b5dd811d68 method=java.lang.String.<init>([CIILjava/lang/Void;)V @ 43 c2
Event: 11.463 Thread 0x000001b5ef99d000 DEOPT PACKING pc=0x000001b5dd811d68 sp=0x000000b2f1efe9b0
Event: 11.464 Thread 0x000001b5ef99d000 DEOPT UNPACKING pc=0x000001b5d59ba1af sp=0x000000b2f1efe938 mode 2
Event: 11.464 Thread 0x000001b5ef99d000 Uncommon trap: trap_request=0xffffff4d fr.pc=0x000001b5dd4569bc relative=0x000000000000027c
Event: 11.464 Thread 0x000001b5ef99d000 Uncommon trap: reason=unstable_if action=reinterpret pc=0x000001b5dd4569bc method=java.lang.String.isLatin1()Z @ 10 c2
Event: 11.464 Thread 0x000001b5ef99d000 DEOPT PACKING pc=0x000001b5dd4569bc sp=0x000000b2f1efd660
Event: 11.464 Thread 0x000001b5ef99d000 DEOPT UNPACKING pc=0x000001b5d59ba1af sp=0x000000b2f1efd5b8 mode 2

Classes redefined (0 events):
No events

Internal exceptions (20 events):
Event: 10.217 Thread 0x000001b5ebf83800 Exception <a 'java/lang/NoSuchMethodError'{0x00000000ec184f80}: <clinit>> (0x00000000ec184f80) thrown at [./src/hotspot/share/prims/jni.cpp, line 1367]
Event: 10.281 Thread 0x000001b5efd24000 Exception <a 'java/lang/IncompatibleClassChangeError'{0x00000000ebed3fa8}: Found class java.lang.Object, but interface was expected> (0x00000000ebed3fa8) thrown at [./src/hotspot/share/interpreter/linkResolver.cpp, line 839]
Event: 11.254 Thread 0x000001b5efd24000 Exception <a 'java/lang/NoSuchMethodError'{0x00000000ee794e88}: 'int java.lang.invoke.DirectMethodHandle$Holder.invokeStaticInit(java.lang.Object, java.lang.Object, java.lang.Object, java.lang.Object, java.lang.Object)'> (0x00000000ee794e88) thrown at [./src/hotspot/share/interpreter/linkResolver.cpp, line 773]
Event: 11.281 Thread 0x000001b5ebf83800 Exception <a 'java/lang/NoSuchMethodError'{0x00000000ee581f20}: <clinit>> (0x00000000ee581f20) thrown at [./src/hotspot/share/prims/jni.cpp, line 1367]
Event: 11.284 Thread 0x000001b5ebf83800 Exception <a 'java/lang/NoSuchMethodError'{0x00000000ee421700}: <clinit>> (0x00000000ee421700) thrown at [./src/hotspot/share/prims/jni.cpp, line 1367]
Event: 11.284 Thread 0x000001b5ebf83800 Exception <a 'java/lang/NoSuchMethodError'{0x00000000ee4229d8}: <clinit>> (0x00000000ee4229d8) thrown at [./src/hotspot/share/prims/jni.cpp, line 1367]
Event: 11.284 Thread 0x000001b5ebf83800 Exception <a 'java/lang/NoSuchMethodError'{0x00000000ee4474f8}: <clinit>> (0x00000000ee4474f8) thrown at [./src/hotspot/share/prims/jni.cpp, line 1367]
Event: 11.337 Thread 0x000001b5efd24000 Exception <a 'java/lang/NoSuchMethodError'{0x00000000edcf4da0}: 'void java.lang.invoke.DirectMethodHandle$Holder.invokeInterface(java.lang.Object, java.lang.Object, java.lang.Object, java.lang.Object)'> (0x00000000edcf4da0) thrown at [./src/hotspot/share/interpreter/linkResolver.cpp, line 773]
Event: 11.341 Thread 0x000001b5efd24000 Exception <a 'java/lang/NoSuchMethodError'{0x00000000edb30040}: 'void java.lang.invoke.DirectMethodHandle$Holder.invokeVirtual(java.lang.Object, java.lang.Object)'> (0x00000000edb30040) thrown at [./src/hotspot/share/interpreter/linkResolver.cpp, line 773]
Event: 11.353 Thread 0x000001b5efd24000 Exception <a 'java/lang/ClassNotFoundException'{0x00000000edbc0b68}: com/intellij/openapi/externalSystem/rt/execution/ForkedDebuggerHelperBeanInfo> (0x00000000edbc0b68) thrown at [./src/hotspot/share/classfile/systemDictionary.cpp, line 230]
Event: 11.353 Thread 0x000001b5efd24000 Exception <a 'java/lang/ClassNotFoundException'{0x00000000edbc8570}: com/intellij/openapi/externalSystem/rt/execution/ForkedDebuggerHelperCustomizer> (0x00000000edbc8570) thrown at [./src/hotspot/share/classfile/systemDictionary.cpp, line 230]
Event: 11.382 Thread 0x000001b5efd24000 Exception <a 'java/lang/ClassNotFoundException'{0x00000000edae6ab0}: org/gradle/api/internal/file/collections/DefaultConfigurableFileCollectionBeanInfo> (0x00000000edae6ab0) thrown at [./src/hotspot/share/classfile/systemDictionary.cpp, line 230]
Event: 11.383 Thread 0x000001b5efd24000 Exception <a 'java/lang/ClassNotFoundException'{0x00000000ed90f570}: org/gradle/api/internal/file/CompositeFileCollectionBeanInfo> (0x00000000ed90f570) thrown at [./src/hotspot/share/classfile/systemDictionary.cpp, line 230]
Event: 11.385 Thread 0x000001b5efd24000 Exception <a 'java/lang/ClassNotFoundException'{0x00000000ed937cb8}: org/gradle/api/internal/file/CompositeFileCollectionCustomizer> (0x00000000ed937cb8) thrown at [./src/hotspot/share/classfile/systemDictionary.cpp, line 230]
Event: 11.390 Thread 0x000001b5efd24000 Exception <a 'java/lang/ClassNotFoundException'{0x00000000ed96dc38}: org/gradle/api/internal/file/collections/DefaultConfigurableFileCollectionCustomizer> (0x00000000ed96dc38) thrown at [./src/hotspot/share/classfile/systemDictionary.cpp, line 230]
Event: 11.420 Thread 0x000001b5ef9a1000 Exception <a 'java/lang/NoSuchMethodError'{0x00000000ed88f968}: 'void java.lang.invoke.DirectMethodHandle$Holder.invokeStatic(java.lang.Object, long)'> (0x00000000ed88f968) thrown at [./src/hotspot/share/interpreter/linkResolver.cpp, line 773]
Event: 11.420 Thread 0x000001b5ef9a1000 Exception <a 'java/lang/NoSuchMethodError'{0x00000000ed894b18}: 'java.lang.Object java.lang.invoke.DirectMethodHandle$Holder.invokeStatic(java.lang.Object, long)'> (0x00000000ed894b18) thrown at [./src/hotspot/share/interpreter/linkResolver.cpp, line 773]
Event: 11.424 Thread 0x000001b5ef9a1000 Exception <a 'java/lang/NoSuchMethodError'{0x00000000ed8a2e28}: 'java.lang.Object java.lang.invoke.DirectMethodHandle$Holder.invokeStaticInit(java.lang.Object, java.lang.Object, long, java.lang.Object)'> (0x00000000ed8a2e28) thrown at [./src/hotspot/share/interpreter/linkResolver.cpp, line 773]
Event: 11.424 Thread 0x000001b5ef9a1000 Exception <a 'java/lang/NoSuchMethodError'{0x00000000ed8a8d18}: 'java.lang.Object java.lang.invoke.DirectMethodHandle$Holder.invokeStatic(java.lang.Object, java.lang.Object, long)'> (0x00000000ed8a8d18) thrown at [./src/hotspot/share/interpreter/linkResolver.cpp, line 773]
Event: 11.425 Thread 0x000001b5ef9a1000 Exception <a 'java/lang/NoSuchMethodError'{0x00000000ed8aefe8}: 'java.lang.Object java.lang.invoke.Invokers$Holder.linkToTargetMethod(java.lang.Object, long, java.lang.Object)'> (0x00000000ed8aefe8) thrown at [./src/hotspot/share/interpreter/linkResolver.cpp, line 773]

Events (20 events):
Event: 11.415 loading class net/rubygrapefruit/platform/internal/jni/WindowsHandleFunctions
Event: 11.415 loading class net/rubygrapefruit/platform/internal/jni/WindowsHandleFunctions done
Event: 11.415 loading class java/lang/ProcessImpl
Event: 11.416 loading class java/lang/ProcessImpl done
Event: 11.421 loading class java/lang/ProcessHandleImpl
Event: 11.421 loading class java/lang/ProcessHandleImpl done
Event: 11.425 loading class java/lang/ProcessImpl$2
Event: 11.425 loading class java/lang/ProcessImpl$2 done
Event: 11.425 loading class java/lang/Process$PipeInputStream
Event: 11.425 loading class java/lang/Process$PipeInputStream done
Event: 11.426 loading class org/gradle/util/internal/DisconnectableInputStream$ThreadExecuter
Event: 11.426 loading class org/gradle/util/internal/DisconnectableInputStream$ThreadExecuter done
Event: 11.426 loading class org/gradle/util/internal/DisconnectableInputStream$1
Event: 11.426 loading class org/gradle/util/internal/DisconnectableInputStream$1 done
Event: 11.427 Thread 0x000001b5ef99b800 Thread added: 0x000001b5ef99b800
Event: 11.427 loading class org/gradle/process/internal/streams/ExecOutputHandleRunner
Event: 11.427 loading class org/gradle/process/internal/streams/ExecOutputHandleRunner done
Event: 11.429 Thread 0x000001b5ef9a2000 Thread added: 0x000001b5ef9a2000
Event: 11.429 Thread 0x000001b5ef99d000 Thread added: 0x000001b5ef99d000
Event: 11.429 Thread 0x000001b5ef9a3800 Thread added: 0x000001b5ef9a3800


Dynamic libraries:
0x00007ff61c880000 - 0x00007ff61c88d000 	C:\Program Files\BellSoft\LibericaJDK-11\bin\java.exe
0x00007ff8ba6d0000 - 0x00007ff8ba8c8000 	C:\WINDOWS\SYSTEM32\ntdll.dll
0x00007ff8b8790000 - 0x00007ff8b884d000 	C:\WINDOWS\System32\KERNEL32.DLL
0x00007ff8b7df0000 - 0x00007ff8b80be000 	C:\WINDOWS\System32\KERNELBASE.dll
0x00007ff8b8390000 - 0x00007ff8b8490000 	C:\WINDOWS\System32\ucrtbase.dll
0x00007ff8b1080000 - 0x00007ff8b1095000 	C:\Program Files\BellSoft\LibericaJDK-11\bin\VCRUNTIME140.dll
0x00007ff8b1060000 - 0x00007ff8b1077000 	C:\Program Files\BellSoft\LibericaJDK-11\bin\jli.dll
0x00007ff8ba450000 - 0x00007ff8ba5f0000 	C:\WINDOWS\System32\USER32.dll
0x00007ff8b85f0000 - 0x00007ff8b8612000 	C:\WINDOWS\System32\win32u.dll
0x00007ff8b95e0000 - 0x00007ff8b960a000 	C:\WINDOWS\System32\GDI32.dll
0x00007ff8b8620000 - 0x00007ff8b872b000 	C:\WINDOWS\System32\gdi32full.dll
0x00007ff8b8240000 - 0x00007ff8b82dd000 	C:\WINDOWS\System32\msvcp_win.dll
0x00007ff89f4a0000 - 0x00007ff89f73a000 	C:\WINDOWS\WinSxS\amd64_microsoft.windows.common-controls_6595b64144ccf1df_6.0.19041.1110_none_60b5254171f9507e\COMCTL32.dll
0x00007ff8b8850000 - 0x00007ff8b88ee000 	C:\WINDOWS\System32\msvcrt.dll
0x00007ff8b9e50000 - 0x00007ff8b9e80000 	C:\WINDOWS\System32\IMM32.DLL
0x00007ff8b0fc0000 - 0x00007ff8b105b000 	C:\Program Files\BellSoft\LibericaJDK-11\bin\msvcp140.dll
0x00007ff878840000 - 0x00007ff8793bb000 	C:\Program Files\BellSoft\LibericaJDK-11\bin\server\jvm.dll
0x00007ff8b9370000 - 0x00007ff8b941e000 	C:\WINDOWS\System32\ADVAPI32.dll
0x00007ff8ba5f0000 - 0x00007ff8ba68c000 	C:\WINDOWS\System32\sechost.dll
0x00007ff8b9030000 - 0x00007ff8b9155000 	C:\WINDOWS\System32\RPCRT4.dll
0x00007ff8b9e80000 - 0x00007ff8b9e88000 	C:\WINDOWS\System32\PSAPI.DLL
0x00007ff88c8e0000 - 0x00007ff88c8e9000 	C:\WINDOWS\SYSTEM32\WSOCK32.dll
0x00007ff8abbe0000 - 0x00007ff8abbea000 	C:\WINDOWS\SYSTEM32\VERSION.dll
0x00007ff8b4db0000 - 0x00007ff8b4dd7000 	C:\WINDOWS\SYSTEM32\WINMM.dll
0x00007ff8b9610000 - 0x00007ff8b967b000 	C:\WINDOWS\System32\WS2_32.dll
0x00007ff8b6690000 - 0x00007ff8b66a2000 	C:\WINDOWS\SYSTEM32\kernel.appcore.dll
0x00007ff8b0f70000 - 0x00007ff8b0f80000 	C:\Program Files\BellSoft\LibericaJDK-11\bin\verify.dll
0x00007ff8b5700000 - 0x00007ff8b58e4000 	C:\WINDOWS\SYSTEM32\DBGHELP.DLL
0x00007ff8af890000 - 0x00007ff8af8bc000 	C:\WINDOWS\SYSTEM32\dbgcore.DLL
0x00007ff8b81b0000 - 0x00007ff8b8232000 	C:\WINDOWS\System32\bcryptPrimitives.dll
0x00007ff8b0f40000 - 0x00007ff8b0f68000 	C:\Program Files\BellSoft\LibericaJDK-11\bin\java.dll
0x00007ff8b0f30000 - 0x00007ff8b0f3a000 	C:\Program Files\BellSoft\LibericaJDK-11\bin\jimage.dll
0x00007ff8b0d90000 - 0x00007ff8b0dc8000 	C:\Program Files\BellSoft\LibericaJDK-11\bin\jdwp.dll
0x00007ff8b0f10000 - 0x00007ff8b0f28000 	C:\Program Files\BellSoft\LibericaJDK-11\bin\zip.dll
0x00007ff8b9680000 - 0x00007ff8b9dc4000 	C:\WINDOWS\System32\SHELL32.dll
0x00007ff8b58f0000 - 0x00007ff8b6084000 	C:\WINDOWS\SYSTEM32\windows.storage.dll
0x00007ff8b9ef0000 - 0x00007ff8ba244000 	C:\WINDOWS\System32\combase.dll
0x00007ff8b77e0000 - 0x00007ff8b7810000 	C:\WINDOWS\SYSTEM32\Wldp.dll
0x00007ff8b8ef0000 - 0x00007ff8b8f9d000 	C:\WINDOWS\System32\SHCORE.dll
0x00007ff8b8730000 - 0x00007ff8b8785000 	C:\WINDOWS\System32\shlwapi.dll
0x00007ff8b7d30000 - 0x00007ff8b7d4f000 	C:\WINDOWS\SYSTEM32\profapi.dll
0x00007ff8b2010000 - 0x00007ff8b201a000 	C:\Program Files\BellSoft\LibericaJDK-11\bin\dt_socket.dll
0x00007ff8b7540000 - 0x00007ff8b75aa000 	C:\WINDOWS\system32\mswsock.dll
0x00007ff8b0ef0000 - 0x00007ff8b0f09000 	C:\Program Files\BellSoft\LibericaJDK-11\bin\net.dll
0x00007ff8ae3f0000 - 0x00007ff8ae4fa000 	C:\WINDOWS\SYSTEM32\WINHTTP.dll
0x00007ff8b0ed0000 - 0x00007ff8b0ee3000 	C:\Program Files\BellSoft\LibericaJDK-11\bin\nio.dll
0x00007ff8b10a0000 - 0x00007ff8b10c7000 	C:\Users\V\.gradle\native\e1d6ef7f7dcc3fd88c89a11ec53ec762bb8ba0a96d01ffa2cd45eb1d1d8dd5c5\windows-amd64\native-platform.dll
0x00007ff8ae510000 - 0x00007ff8ae654000 	C:\Users\V\.gradle\native\0d407fdbe67a94daf76414ababcb853783967236a71b16ec16e742cd7a986fd3\windows-amd64\native-platform-file-events.dll
0x00007ff8b0ec0000 - 0x00007ff8b0ec9000 	C:\Program Files\BellSoft\LibericaJDK-11\bin\management.dll
0x00007ff8b0eb0000 - 0x00007ff8b0ebb000 	C:\Program Files\BellSoft\LibericaJDK-11\bin\management_ext.dll
0x00007ff8b7740000 - 0x00007ff8b7758000 	C:\WINDOWS\SYSTEM32\CRYPTSP.dll
0x00007ff8b6e30000 - 0x00007ff8b6e64000 	C:\WINDOWS\system32\rsaenh.dll
0x00007ff8b8180000 - 0x00007ff8b81a7000 	C:\WINDOWS\System32\bcrypt.dll
0x00007ff8b7cb0000 - 0x00007ff8b7cde000 	C:\WINDOWS\SYSTEM32\USERENV.dll
0x00007ff8b7730000 - 0x00007ff8b773c000 	C:\WINDOWS\SYSTEM32\CRYPTBASE.dll
0x00007ff8b7230000 - 0x00007ff8b726b000 	C:\WINDOWS\SYSTEM32\IPHLPAPI.DLL
0x00007ff8ba390000 - 0x00007ff8ba398000 	C:\WINDOWS\System32\NSI.dll
0x00007ff8b08e0000 - 0x00007ff8b08f7000 	C:\WINDOWS\SYSTEM32\dhcpcsvc6.DLL
0x00007ff8b08c0000 - 0x00007ff8b08dd000 	C:\WINDOWS\SYSTEM32\dhcpcsvc.DLL
0x00007ff8b7270000 - 0x00007ff8b733b000 	C:\WINDOWS\SYSTEM32\DNSAPI.dll

dbghelp: loaded successfully - version: 4.0.5 - missing functions: none
symbol engine: initialized successfully - sym options: 0x614 - pdb path: .;C:\Program Files\BellSoft\LibericaJDK-11\bin;C:\WINDOWS\SYSTEM32;C:\WINDOWS\WinSxS\amd64_microsoft.windows.common-controls_6595b64144ccf1df_6.0.19041.1110_none_60b5254171f9507e;C:\Program Files\BellSoft\LibericaJDK-11\bin\server;C:\Users\V\.gradle\native\e1d6ef7f7dcc3fd88c89a11ec53ec762bb8ba0a96d01ffa2cd45eb1d1d8dd5c5\windows-amd64;C:\Users\V\.gradle\native\0d407fdbe67a94daf76414ababcb853783967236a71b16ec16e742cd7a986fd3\windows-amd64

VM Arguments:
jvm_args: -XX:MaxMetaspaceSize=256m -XX:+HeapDumpOnOutOfMemoryError -agentlib:jdwp=transport=dt_socket,server=n,suspend=y,address=127.0.0.1:52479 --add-opens=java.base/java.util=ALL-UNNAMED --add-opens=java.base/java.lang=ALL-UNNAMED --add-opens=java.base/java.lang.invoke=ALL-UNNAMED --add-opens=java.base/java.util=ALL-UNNAMED --add-opens=java.prefs/java.util.prefs=ALL-UNNAMED --add-opens=java.prefs/java.util.prefs=ALL-UNNAMED --add-opens=java.base/java.nio.charset=ALL-UNNAMED --add-opens=java.base/java.net=ALL-UNNAMED --add-opens=java.base/java.util.concurrent.atomic=ALL-UNNAMED -Xms256m -Xmx512m -Dfile.encoding=windows-1251 -Duser.country=RU -Duser.language=ru -Duser.variant 
java_command: org.gradle.launcher.daemon.bootstrap.GradleDaemon 7.4.1
java_class_path (initial): C:\Users\V\.gradle\wrapper\dists\gradle-7.4.1-bin\58kw26xllvsiedyf3nujyarhn\gradle-7.4.1\lib\gradle-launcher-7.4.1.jar
Launcher Type: SUN_STANDARD

[Global flags]
     intx CICompilerCount                          = 4                                         {product} {ergonomic}
   size_t CompressedClassSpaceSize                 = 260046848                                 {product} {ergonomic}
     uint ConcGCThreads                            = 3                                         {product} {ergonomic}
     uint G1ConcRefinementThreads                  = 10                                        {product} {ergonomic}
   size_t G1HeapRegionSize                         = 1048576                                   {product} {ergonomic}
    uintx GCDrainStackTargetSize                   = 64                                        {product} {ergonomic}
     bool HeapDumpOnOutOfMemoryError               = true                                   {manageable} {command line}
   size_t InitialHeapSize                          = 268435456                                 {product} {command line}
   size_t MarkStackSize                            = 4194304                                   {product} {ergonomic}
   size_t MaxHeapSize                              = 536870912                                 {product} {command line}
   size_t MaxMetaspaceSize                         = 268435456                                 {product} {command line}
   size_t MaxNewSize                               = 321912832                                 {product} {ergonomic}
   size_t MinHeapDeltaBytes                        = 1048576                                   {product} {ergonomic}
    uintx NonNMethodCodeHeapSize                   = 5836300                                {pd product} {ergonomic}
    uintx NonProfiledCodeHeapSize                  = 122910970                              {pd product} {ergonomic}
    uintx ProfiledCodeHeapSize                     = 122910970                              {pd product} {ergonomic}
    uintx ReservedCodeCacheSize                    = 251658240                              {pd product} {ergonomic}
     bool SegmentedCodeCache                       = true                                      {product} {ergonomic}
     bool UseCompressedClassPointers               = true                                 {lp64_product} {ergonomic}
     bool UseCompressedOops                        = true                                 {lp64_product} {ergonomic}
     bool UseG1GC                                  = true                                      {product} {ergonomic}
     bool UseLargePagesIndividualAllocation        = false                                  {pd product} {ergonomic}

Logging:
Log output configuration:
 #0: stdout all=warning uptime,level,tags
 #1: stderr all=off uptime,level,tags

Environment Variables:
JAVA_HOME=C:\Program Files\BellSoft\LibericaJDK-11\
PATH=C:\Program Files\BellSoft\LibericaJDK-11\bin\;C:\WINDOWS\system32;C:\WINDOWS;C:\WINDOWS\System32\Wbem;C:\WINDOWS\System32\WindowsPowerShell\v1.0\;C:\WINDOWS\System32\OpenSSH\;C:\Program Files\Docker\Docker\resources\bin;C:\ProgramData\DockerDesktop\version-bin;C:\Program Files\Git\cmd;C:\Users\V\AppData\Local\Microsoft\WindowsApps;
USERNAME=V
OS=Windows_NT
PROCESSOR_IDENTIFIER=AMD64 Family 23 Model 96 Stepping 1, AuthenticAMD



---------------  S Y S T E M  ---------------

OS: Windows 10 , 64 bit Build 19041 (10.0.19041.1806)
OS uptime: 7 days 13:55 hours
Hyper-V role detected

CPU:total 12 (initial active 12) (12 cores per cpu, 2 threads per core) family 23 model 96 stepping 1 microcode 0x0, cmov, cx8, fxsr, mmx, sse, sse2, sse3, ssse3, sse4.1, sse4.2, popcnt, avx, avx2, aes, clmul, mmxext, 3dnowpref, lzcnt, sse4a, ht, tsc, tscinvbit, tscinv, bmi1, bmi2, adx, sha, fma

Memory: 4k page, system-wide physical 15741M (2380M free)
TotalPageFile size 30741M (AvailPageFile size 325M)
current process WorkingSet (physical memory assigned to process): 408M, peak: 412M
current process commit charge ("private bytes"): 529M, peak: 533M

vm_info: OpenJDK 64-Bit Server VM (11.0.15.1+2-LTS) for windows-amd64 JRE (11.0.15.1+2-LTS), built on May 26 2022 19:26:10 by "" with unknown MS VC++:1916

END.
