#
# There is insufficient memory for the Java Runtime Environment to continue.
# Native memory allocation (malloc) failed to allocate 32744 bytes for ChunkPool::allocate
# Possible reasons:
#   The system is out of physical RAM or swap space
#   The process is running with CompressedOops enabled, and the Java Heap may be blocking the growth of the native heap
# Possible solutions:
#   Reduce memory load on the system
#   Increase physical memory or swap space
#   Check if swap backing store is full
#   Decrease Java heap size (-Xmx/-Xms)
#   Decrease number of Java threads
#   Decrease Java thread stack sizes (-Xss)
#   Set larger code cache with -XX:ReservedCodeCacheSize=
#   JVM is running with Unscaled Compressed Oops mode in which the Java heap is
#     placed in the first 4GB address space. The Java Heap base address is the
#     maximum limit for the native heap growth. Please use -XX:HeapBaseMinAddress
#     to set the Java Heap base and to place the Java Heap above 4GB virtual address.
# This output file may be truncated or incomplete.
#
#  Out of Memory Error (./src/hotspot/share/memory/arena.cpp:81), pid=22172, tid=7328
#
# JRE version: OpenJDK Runtime Environment (11.0.15.1+2) (build 11.0.15.1+2-LTS)
# Java VM: OpenJDK 64-Bit Server VM (11.0.15.1+2-LTS, mixed mode, tiered, compressed oops, g1 gc, windows-amd64)
# No core dump will be written. Minidumps are not enabled by default on client versions of Windows
#

---------------  S U M M A R Y ------------

Command Line: --add-opens=java.base/java.util=ALL-UNNAMED --add-opens=java.base/java.lang=ALL-UNNAMED --add-opens=java.base/java.lang.invoke=ALL-UNNAMED --add-opens=java.base/java.util=ALL-UNNAMED --add-opens=java.prefs/java.util.prefs=ALL-UNNAMED --add-opens=java.prefs/java.util.prefs=ALL-UNNAMED --add-opens=java.base/java.nio.charset=ALL-UNNAMED --add-opens=java.base/java.net=ALL-UNNAMED --add-opens=java.base/java.util.concurrent.atomic=ALL-UNNAMED -XX:MaxMetaspaceSize=256m -XX:+HeapDumpOnOutOfMemoryError -Xms256m -Xmx512m -Dfile.encoding=windows-1251 -Duser.country=RU -Duser.language=ru -Duser.variant org.gradle.launcher.daemon.bootstrap.GradleDaemon 7.4.1

Host: AMD Ryzen 5 4600H with Radeon Graphics         , 12 cores, 15G,  Windows 10 , 64 bit Build 19041 (10.0.19041.1806)
Time: Sun Jul 10 09:24:09 2022 RTZ 2 (s 10 , 64 bit Build 19041 (10.0.19041.1806) elapsed time: 64.690396 seconds (0d 0h 1m 4s)

---------------  T H R E A D  ---------------

Current thread (0x0000019319ed2000):  JavaThread "C1 CompilerThread0" daemon [_thread_in_native, id=7328, stack(0x0000006906900000,0x0000006906a00000)]


Current CompileTask:
C1:  64690 9850       3       org.codehaus.groovy.ast.GroovyCodeVisitor::visitListOfExpressions (17 bytes)

Stack: [0x0000006906900000,0x0000006906a00000]
Native frames: (J=compiled Java code, j=interpreted, Vv=VM code, C=native code)
V  [jvm.dll+0x61a02a]
V  [jvm.dll+0x7a4a49]
V  [jvm.dll+0x7a6229]
V  [jvm.dll+0x7a6913]
V  [jvm.dll+0x24dfe8]
V  [jvm.dll+0xc245b]
V  [jvm.dll+0xc27bc]
V  [jvm.dll+0xcdf9a]
V  [jvm.dll+0x161acf]
V  [jvm.dll+0x158405]
V  [jvm.dll+0x1555de]
V  [jvm.dll+0x141bc0]
V  [jvm.dll+0x12a029]
V  [jvm.dll+0x12992f]
V  [jvm.dll+0x129b5f]
V  [jvm.dll+0x128e04]
V  [jvm.dll+0x12ad17]
V  [jvm.dll+0x216004]
V  [jvm.dll+0x21424b]
V  [jvm.dll+0x767850]
V  [jvm.dll+0x7606e4]
V  [jvm.dll+0x618e86]
C  [ucrtbase.dll+0x21bb2]
C  [KERNEL32.DLL+0x17034]
C  [ntdll.dll+0x52651]


---------------  P R O C E S S  ---------------

Threads class SMR info:
_java_thread_list=0x0000019320f9f280, length=69, elements={
0x000001937b8f9000, 0x000001937fe3b000, 0x000001937fe3c000, 0x000001937fe39800,
0x000001937fe38800, 0x000001937fe3c800, 0x0000019319ecd000, 0x0000019319ed2000,
0x0000019319ed5800, 0x000001937fe3a000, 0x000001937fe3d800, 0x000001937fe37800,
0x000001937fe3e800, 0x000001931c695000, 0x000001931c696000, 0x000001931c69c800,
0x000001931c69a000, 0x000001931c69d800, 0x000001931c69e000, 0x000001931c698800,
0x000001931c6a3000, 0x000001931c6a4000, 0x000001931c6a0800, 0x000001931c69f000,
0x000001931c6a0000, 0x000001931c6a1800, 0x000001931c6a2800, 0x000001931d627800,
0x000001931d62a000, 0x000001931d629000, 0x000001931d625000, 0x000001931d628800,
0x000001931d62c800, 0x000001931d626800, 0x000001931dc1d000, 0x000001931dc1a800,
0x000001931dc13800, 0x000001931dc16000, 0x000001931dc14000, 0x000001931dc12800,
0x000001931dc15000, 0x000001931dc12000, 0x000001931bf9a800, 0x000001931dc10000,
0x000001931dc16800, 0x000001931dc11000, 0x000001931dc17800, 0x000001931dc1a000,
0x000001931dc1b800, 0x0000019324d7d000, 0x000001931dc1c800, 0x000001931dc1e000,
0x000001931dc18800, 0x000001931dc1f000, 0x000001931dc19000, 0x000001931d624800,
0x000001931d62b000, 0x000001931d62b800, 0x000001931d626000, 0x000001931d631800,
0x000001931d630800, 0x000001931d62e000, 0x000001931d632000, 0x000001931d62d800,
0x000001931c699800, 0x000001931c69b000, 0x000001931c69b800, 0x000001931c697000,
0x000001931c697800
}

Java Threads: ( => current thread )
  0x000001937b8f9000 JavaThread "main" [_thread_blocked, id=15736, stack(0x0000006905c00000,0x0000006905d00000)]
  0x000001937fe3b000 JavaThread "Reference Handler" daemon [_thread_blocked, id=22532, stack(0x0000006906300000,0x0000006906400000)]
  0x000001937fe3c000 JavaThread "Finalizer" daemon [_thread_blocked, id=25156, stack(0x0000006906400000,0x0000006906500000)]
  0x000001937fe39800 JavaThread "Signal Dispatcher" daemon [_thread_blocked, id=24196, stack(0x0000006906500000,0x0000006906600000)]
  0x000001937fe38800 JavaThread "Attach Listener" daemon [_thread_blocked, id=25924, stack(0x0000006906600000,0x0000006906700000)]
  0x000001937fe3c800 JavaThread "Service Thread" daemon [_thread_blocked, id=18924, stack(0x0000006906700000,0x0000006906800000)]
  0x0000019319ecd000 JavaThread "C2 CompilerThread0" daemon [_thread_in_native, id=18128, stack(0x0000006906800000,0x0000006906900000)]
=>0x0000019319ed2000 JavaThread "C1 CompilerThread0" daemon [_thread_in_native, id=7328, stack(0x0000006906900000,0x0000006906a00000)]
  0x0000019319ed5800 JavaThread "Sweeper thread" daemon [_thread_blocked, id=22616, stack(0x0000006906a00000,0x0000006906b00000)]
  0x000001937fe3a000 JavaThread "Common-Cleaner" daemon [_thread_blocked, id=23184, stack(0x0000006906b00000,0x0000006906c00000)]
  0x000001937fe3d800 JavaThread "Daemon health stats" [_thread_blocked, id=24872, stack(0x0000006907400000,0x0000006907500000)]
  0x000001937fe37800 JavaThread "Incoming local TCP Connector on port 51177" [_thread_in_native, id=25448, stack(0x0000006906d00000,0x0000006906e00000)]
  0x000001937fe3e800 JavaThread "Daemon periodic checks" [_thread_blocked, id=19952, stack(0x0000006906e00000,0x0000006906f00000)]
  0x000001931c695000 JavaThread "Daemon" [_thread_blocked, id=26136, stack(0x0000006907500000,0x0000006907600000)]
  0x000001931c696000 JavaThread "Daemon worker" [_thread_blocked, id=8156, stack(0x0000006907800000,0x0000006907900000)]
  0x000001931c69c800 JavaThread "Cache worker for journal cache (C:\Users\V\.gradle\caches\journal-1)" [_thread_blocked, id=24740, stack(0x0000006907c00000,0x0000006907d00000)]
  0x000001931c69a000 JavaThread "File lock request listener" [_thread_in_native, id=11808, stack(0x0000006907d00000,0x0000006907e00000)]
  0x000001931c69d800 JavaThread "Cache worker for file hash cache (C:\Users\V\.gradle\caches\7.4.1\fileHashes)" [_thread_blocked, id=13840, stack(0x0000006908400000,0x0000006908500000)]
  0x000001931c69e000 JavaThread "File watcher server" daemon [_thread_in_native, id=17504, stack(0x0000006908600000,0x0000006908700000)]
  0x000001931c698800 JavaThread "File watcher consumer" daemon [_thread_blocked, id=21340, stack(0x0000006908700000,0x0000006908800000)]
  0x000001931c6a3000 JavaThread "jar transforms" [_thread_blocked, id=21512, stack(0x0000006908900000,0x0000006908a00000)]
  0x000001931c6a4000 JavaThread "jar transforms Thread 2" [_thread_blocked, id=24908, stack(0x0000006908a00000,0x0000006908b00000)]
  0x000001931c6a0800 JavaThread "jar transforms Thread 3" [_thread_in_native, id=25916, stack(0x0000006908b00000,0x0000006908c00000)]
  0x000001931c69f000 JavaThread "jar transforms Thread 4" [_thread_blocked, id=25648, stack(0x0000006908c00000,0x0000006908d00000)]
  0x000001931c6a0000 JavaThread "jar transforms Thread 5" [_thread_blocked, id=18672, stack(0x0000006908d00000,0x0000006908e00000)]
  0x000001931c6a1800 JavaThread "jar transforms Thread 6" [_thread_blocked, id=11416, stack(0x0000006908e00000,0x0000006908f00000)]
  0x000001931c6a2800 JavaThread "jar transforms Thread 7" [_thread_blocked, id=4652, stack(0x0000006908f00000,0x0000006909000000)]
  0x000001931d627800 JavaThread "jar transforms Thread 8" [_thread_blocked, id=16064, stack(0x0000006909000000,0x0000006909100000)]
  0x000001931d62a000 JavaThread "jar transforms Thread 9" [_thread_blocked, id=1148, stack(0x0000006909100000,0x0000006909200000)]
  0x000001931d629000 JavaThread "jar transforms Thread 10" [_thread_blocked, id=24656, stack(0x0000006909200000,0x0000006909300000)]
  0x000001931d625000 JavaThread "jar transforms Thread 11" [_thread_blocked, id=25552, stack(0x0000006909300000,0x0000006909400000)]
  0x000001931d628800 JavaThread "jar transforms Thread 12" [_thread_blocked, id=988, stack(0x0000006909400000,0x0000006909500000)]
  0x000001931d62c800 JavaThread "Cache worker for execution history cache (C:\Users\V\.gradle\caches\7.4.1\executionHistory)" [_thread_blocked, id=5448, stack(0x0000006909900000,0x0000006909a00000)]
  0x000001931d626800 JavaThread "Cache worker for file content cache (C:\Users\V\.gradle\caches\7.4.1\fileContent)" [_thread_blocked, id=1072, stack(0x0000006909a00000,0x0000006909b00000)]
  0x000001931dc1d000 JavaThread "Memory manager" [_thread_blocked, id=24424, stack(0x000000690b000000,0x000000690b100000)]
  0x000001931dc1a800 JavaThread "included builds" [_thread_blocked, id=19676, stack(0x000000690b100000,0x000000690b200000)]
  0x000001931dc13800 JavaThread "Handler for socket connection from /127.0.0.1:51177 to /127.0.0.1:51377" [_thread_in_native, id=17140, stack(0x0000006905900000,0x0000006905a00000)]
  0x000001931dc16000 JavaThread "Daemon Thread 2" [_thread_blocked, id=20764, stack(0x0000006905a00000,0x0000006905b00000)]
  0x000001931dc14000 JavaThread "Cancel handler" [_thread_blocked, id=14688, stack(0x0000006907900000,0x0000006907a00000)]
  0x000001931dc12800 JavaThread "Asynchronous log dispatcher for DefaultDaemonConnection: socket connection from /127.0.0.1:51177 to /127.0.0.1:51377" [_thread_blocked, id=24716, stack(0x0000006905b00000,0x0000006905c00000)]
  0x000001931dc15000 JavaThread "Stdin handler" [_thread_blocked, id=15752, stack(0x0000006907a00000,0x0000006907b00000)]
  0x000001931dc12000 JavaThread "Daemon client event forwarder" [_thread_blocked, id=26020, stack(0x0000006907b00000,0x0000006907c00000)]
  0x000001931bf9a800 JavaThread "C2 CompilerThread1" daemon [_thread_in_native, id=26276, stack(0x0000006908500000,0x0000006908600000)]
  0x000001931dc10000 JavaThread "Cache worker for checksums cache (C:\Users\V\IdeaProjects\spingexamples\restfull\.gradle\7.4.1\checksums)" [_thread_blocked, id=2604, stack(0x0000006908800000,0x0000006908900000)]
  0x000001931dc16800 JavaThread "Cache worker for cache directory md-rule (C:\Users\V\.gradle\caches\7.4.1\md-rule)" [_thread_blocked, id=10832, stack(0x0000006909600000,0x0000006909700000)]
  0x000001931dc11000 JavaThread "Cache worker for file hash cache (C:\Users\V\IdeaProjects\spingexamples\restfull\.gradle\7.4.1\fileHashes)" [_thread_blocked, id=10112, stack(0x0000006909700000,0x0000006909800000)]
  0x000001931dc17800 JavaThread "Cache worker for cache directory md-supplier (C:\Users\V\.gradle\caches\7.4.1\md-supplier)" [_thread_blocked, id=20400, stack(0x0000006909800000,0x0000006909900000)]
  0x000001931dc1a000 JavaThread "Cache worker for dependencies-accessors (C:\Users\V\IdeaProjects\spingexamples\restfull\.gradle\7.4.1\dependencies-accessors)" [_thread_blocked, id=25740, stack(0x0000006909b00000,0x0000006909c00000)]
  0x000001931dc1b800 JavaThread "Cache worker for Build Output Cleanup Cache (C:\Users\V\IdeaProjects\spingexamples\restfull\.gradle\buildOutputCleanup)" [_thread_blocked, id=24916, stack(0x0000006909c00000,0x0000006909d00000)]
  0x0000019324d7d000 JavaThread "C2 CompilerThread2" daemon [_thread_in_native, id=9584, stack(0x0000006909d00000,0x0000006909e00000)]
  0x000001931dc1c800 JavaThread "Unconstrained build operations" [_thread_blocked, id=24072, stack(0x0000006909e00000,0x0000006909f00000)]
  0x000001931dc1e000 JavaThread "Unconstrained build operations Thread 2" [_thread_blocked, id=16492, stack(0x0000006909f00000,0x000000690a000000)]
  0x000001931dc18800 JavaThread "Unconstrained build operations Thread 3" [_thread_blocked, id=25120, stack(0x000000690a000000,0x000000690a100000)]
  0x000001931dc1f000 JavaThread "Unconstrained build operations Thread 4" [_thread_blocked, id=8320, stack(0x000000690a100000,0x000000690a200000)]
  0x000001931dc19000 JavaThread "Unconstrained build operations Thread 5" [_thread_blocked, id=22048, stack(0x000000690a200000,0x000000690a300000)]
  0x000001931d624800 JavaThread "Unconstrained build operations Thread 6" [_thread_blocked, id=24604, stack(0x000000690a300000,0x000000690a400000)]
  0x000001931d62b000 JavaThread "Unconstrained build operations Thread 7" [_thread_blocked, id=772, stack(0x000000690a400000,0x000000690a500000)]
  0x000001931d62b800 JavaThread "Unconstrained build operations Thread 8" [_thread_blocked, id=25444, stack(0x000000690a500000,0x000000690a600000)]
  0x000001931d626000 JavaThread "Unconstrained build operations Thread 9" [_thread_blocked, id=16624, stack(0x000000690a600000,0x000000690a700000)]
  0x000001931d631800 JavaThread "Unconstrained build operations Thread 10" [_thread_blocked, id=21860, stack(0x000000690a700000,0x000000690a800000)]
  0x000001931d630800 JavaThread "Unconstrained build operations Thread 11" [_thread_blocked, id=8, stack(0x000000690a800000,0x000000690a900000)]
  0x000001931d62e000 JavaThread "Unconstrained build operations Thread 12" [_thread_blocked, id=7344, stack(0x000000690a900000,0x000000690aa00000)]
  0x000001931d632000 JavaThread "Unconstrained build operations Thread 13" [_thread_blocked, id=10416, stack(0x000000690aa00000,0x000000690ab00000)]
  0x000001931d62d800 JavaThread "Unconstrained build operations Thread 14" [_thread_blocked, id=23024, stack(0x000000690ab00000,0x000000690ac00000)]
  0x000001931c699800 JavaThread "Unconstrained build operations Thread 15" [_thread_blocked, id=20024, stack(0x000000690ac00000,0x000000690ad00000)]
  0x000001931c69b000 JavaThread "Unconstrained build operations Thread 16" [_thread_blocked, id=10460, stack(0x000000690ad00000,0x000000690ae00000)]
  0x000001931c69b800 JavaThread "Unconstrained build operations Thread 17" [_thread_blocked, id=17852, stack(0x000000690ae00000,0x000000690af00000)]
  0x000001931c697000 JavaThread "Unconstrained build operations Thread 18" [_thread_blocked, id=19632, stack(0x000000690af00000,0x000000690b000000)]
  0x000001931c697800 JavaThread "Unconstrained build operations Thread 19" [_thread_blocked, id=1132, stack(0x000000690b200000,0x000000690b300000)]

Other Threads:
  0x000001937fe11800 VMThread "VM Thread" [stack: 0x0000006906200000,0x0000006906300000] [id=10436]
  0x000001931a06d000 WatcherThread [stack: 0x0000006906c00000,0x0000006906d00000] [id=8288]
  0x000001937b913800 GCTaskThread "GC Thread#0" [stack: 0x0000006905d00000,0x0000006905e00000] [id=23656]
  0x000001931a6c3800 GCTaskThread "GC Thread#1" [stack: 0x0000006906f00000,0x0000006907000000] [id=24052]
  0x000001931aec6000 GCTaskThread "GC Thread#2" [stack: 0x0000006907000000,0x0000006907100000] [id=17580]
  0x000001931aec6800 GCTaskThread "GC Thread#3" [stack: 0x0000006907100000,0x0000006907200000] [id=12956]
  0x000001931ac07000 GCTaskThread "GC Thread#4" [stack: 0x0000006907200000,0x0000006907300000] [id=22176]
  0x000001931ac07800 GCTaskThread "GC Thread#5" [stack: 0x0000006907300000,0x0000006907400000] [id=21028]
  0x000001931ce2a800 GCTaskThread "GC Thread#6" [stack: 0x0000006907e00000,0x0000006907f00000] [id=13548]
  0x000001931ce8c800 GCTaskThread "GC Thread#7" [stack: 0x0000006907f00000,0x0000006908000000] [id=1864]
  0x000001931c1d3800 GCTaskThread "GC Thread#8" [stack: 0x0000006908000000,0x0000006908100000] [id=17128]
  0x000001931b846800 GCTaskThread "GC Thread#9" [stack: 0x0000006908100000,0x0000006908200000] [id=25960]
  0x000001937b924000 ConcurrentGCThread "G1 Main Marker" [stack: 0x0000006905e00000,0x0000006905f00000] [id=17848]
  0x000001937b925000 ConcurrentGCThread "G1 Conc#0" [stack: 0x0000006905f00000,0x0000006906000000] [id=832]
  0x000001931bf16800 ConcurrentGCThread "G1 Conc#1" [stack: 0x0000006908200000,0x0000006908300000] [id=22764]
  0x000001931b01b000 ConcurrentGCThread "G1 Conc#2" [stack: 0x0000006908300000,0x0000006908400000] [id=22284]
  0x000001937b9dd800 ConcurrentGCThread "G1 Refine#0" [stack: 0x0000006906000000,0x0000006906100000] [id=16520]
  0x000001932059c800 ConcurrentGCThread "G1 Refine#1" [stack: 0x0000006909500000,0x0000006909600000] [id=4000]
  0x000001937b9de800 ConcurrentGCThread "G1 Young RemSet Sampling" [stack: 0x0000006906100000,0x0000006906200000] [id=20904]

Threads with active compile tasks:
C2 CompilerThread0    64712 9602   !   4       org.gradle.internal.service.DefaultServiceRegistry$ManagedObjectServiceProvider::getInstance (47 bytes)
C1 CompilerThread0    64712 9850       3       org.codehaus.groovy.ast.GroovyCodeVisitor::visitListOfExpressions (17 bytes)
C2 CompilerThread1    64712 9601       4       org.gradle.internal.service.DefaultServiceRegistry$SingletonService::get (5 bytes)
C2 CompilerThread2    64712 9632       4       groovyjarjarantlr4.v4.runtime.atn.PredictionContext::getCachedContext (297 bytes)

VM state:not at safepoint (normal execution)

VM Mutex/Monitor currently owned by a thread: None

Heap address: 0x00000000e0000000, size: 512 MB, Compressed Oops mode: 32-bit
Narrow klass base: 0x0000000000000000, Narrow klass shift: 3
Compressed class space size: 260046848 Address: 0x0000000100000000

Heap:
 garbage-first heap   total 262144K, used 165932K [0x00000000e0000000, 0x0000000100000000)
  region size 1024K, 8 young (8192K), 3 survivors (3072K)
 Metaspace       used 76495K, capacity 79130K, committed 79348K, reserved 323584K
  class space    used 9736K, capacity 10620K, committed 10624K, reserved 253952K
Heap Regions: E=young(eden), S=young(survivor), O=old, HS=humongous(starts), HC=humongous(continues), CS=collection set, F=free, A=archive, TAMS=top-at-mark-start (previous, next)
|   0|0x00000000e0000000, 0x00000000e0100000, 0x00000000e0100000|100%| O|  |TAMS 0x00000000e0100000, 0x00000000e0000000| Untracked 
|   1|0x00000000e0100000, 0x00000000e0200000, 0x00000000e0200000|100%| O|  |TAMS 0x00000000e0200000, 0x00000000e0100000| Untracked 
|   2|0x00000000e0200000, 0x00000000e0300000, 0x00000000e0300000|100%| O|  |TAMS 0x00000000e0300000, 0x00000000e0200000| Untracked 
|   3|0x00000000e0300000, 0x00000000e0400000, 0x00000000e0400000|100%|HS|  |TAMS 0x00000000e0400000, 0x00000000e0300000| Complete 
|   4|0x00000000e0400000, 0x00000000e0500000, 0x00000000e0500000|100%|HC|  |TAMS 0x00000000e0500000, 0x00000000e0400000| Complete 
|   5|0x00000000e0500000, 0x00000000e0600000, 0x00000000e0600000|100%|HC|  |TAMS 0x00000000e0600000, 0x00000000e0500000| Complete 
|   6|0x00000000e0600000, 0x00000000e0700000, 0x00000000e0700000|100%| O|  |TAMS 0x00000000e0700000, 0x00000000e0600000| Untracked 
|   7|0x00000000e0700000, 0x00000000e0800000, 0x00000000e0800000|100%| O|  |TAMS 0x00000000e0800000, 0x00000000e0700000| Untracked 
|   8|0x00000000e0800000, 0x00000000e0900000, 0x00000000e0900000|100%| O|  |TAMS 0x00000000e0900000, 0x00000000e0800000| Untracked 
|   9|0x00000000e0900000, 0x00000000e0a00000, 0x00000000e0a00000|100%| O|  |TAMS 0x00000000e0a00000, 0x00000000e0900000| Untracked 
|  10|0x00000000e0a00000, 0x00000000e0b00000, 0x00000000e0b00000|100%| O|  |TAMS 0x00000000e0b00000, 0x00000000e0a00000| Untracked 
|  11|0x00000000e0b00000, 0x00000000e0c00000, 0x00000000e0c00000|100%| O|  |TAMS 0x00000000e0c00000, 0x00000000e0b00000| Untracked 
|  12|0x00000000e0c00000, 0x00000000e0d00000, 0x00000000e0d00000|100%| O|  |TAMS 0x00000000e0d00000, 0x00000000e0c00000| Untracked 
|  13|0x00000000e0d00000, 0x00000000e0e00000, 0x00000000e0e00000|100%| O|  |TAMS 0x00000000e0e00000, 0x00000000e0d00000| Untracked 
|  14|0x00000000e0e00000, 0x00000000e0f00000, 0x00000000e0f00000|100%| O|  |TAMS 0x00000000e0f00000, 0x00000000e0e00000| Untracked 
|  15|0x00000000e0f00000, 0x00000000e1000000, 0x00000000e1000000|100%| O|  |TAMS 0x00000000e1000000, 0x00000000e0f00000| Untracked 
|  16|0x00000000e1000000, 0x00000000e1100000, 0x00000000e1100000|100%| O|  |TAMS 0x00000000e1100000, 0x00000000e1000000| Untracked 
|  17|0x00000000e1100000, 0x00000000e1200000, 0x00000000e1200000|100%|HS|  |TAMS 0x00000000e1200000, 0x00000000e1100000| Complete 
|  18|0x00000000e1200000, 0x00000000e1300000, 0x00000000e1300000|100%|HC|  |TAMS 0x00000000e1300000, 0x00000000e1200000| Complete 
|  19|0x00000000e1300000, 0x00000000e1400000, 0x00000000e1400000|100%|HS|  |TAMS 0x00000000e1400000, 0x00000000e1300000| Complete 
|  20|0x00000000e1400000, 0x00000000e1500000, 0x00000000e1500000|100%|HC|  |TAMS 0x00000000e1500000, 0x00000000e1400000| Complete 
|  21|0x00000000e1500000, 0x00000000e1600000, 0x00000000e1600000|100%|HC|  |TAMS 0x00000000e1600000, 0x00000000e1500000| Complete 
|  22|0x00000000e1600000, 0x00000000e1700000, 0x00000000e1700000|100%|HS|  |TAMS 0x00000000e1700000, 0x00000000e1600000| Complete 
|  23|0x00000000e1700000, 0x00000000e1800000, 0x00000000e1800000|100%|HC|  |TAMS 0x00000000e1800000, 0x00000000e1700000| Complete 
|  24|0x00000000e1800000, 0x00000000e1900000, 0x00000000e1900000|100%|HC|  |TAMS 0x00000000e1900000, 0x00000000e1800000| Complete 
|  25|0x00000000e1900000, 0x00000000e1a00000, 0x00000000e1a00000|100%|HS|  |TAMS 0x00000000e1a00000, 0x00000000e1900000| Complete 
|  26|0x00000000e1a00000, 0x00000000e1b00000, 0x00000000e1b00000|100%|HC|  |TAMS 0x00000000e1b00000, 0x00000000e1a00000| Complete 
|  27|0x00000000e1b00000, 0x00000000e1c00000, 0x00000000e1c00000|100%|HS|  |TAMS 0x00000000e1c00000, 0x00000000e1b00000| Complete 
|  28|0x00000000e1c00000, 0x00000000e1d00000, 0x00000000e1d00000|100%|HC|  |TAMS 0x00000000e1d00000, 0x00000000e1c00000| Complete 
|  29|0x00000000e1d00000, 0x00000000e1e00000, 0x00000000e1e00000|100%|HC|  |TAMS 0x00000000e1e00000, 0x00000000e1d00000| Complete 
|  30|0x00000000e1e00000, 0x00000000e1f00000, 0x00000000e1f00000|100%|HC|  |TAMS 0x00000000e1f00000, 0x00000000e1e00000| Complete 
|  31|0x00000000e1f00000, 0x00000000e2000000, 0x00000000e2000000|100%|HC|  |TAMS 0x00000000e2000000, 0x00000000e1f00000| Complete 
|  32|0x00000000e2000000, 0x00000000e2100000, 0x00000000e2100000|100%|HC|  |TAMS 0x00000000e2100000, 0x00000000e2000000| Complete 
|  33|0x00000000e2100000, 0x00000000e2200000, 0x00000000e2200000|100%|HC|  |TAMS 0x00000000e2200000, 0x00000000e2100000| Complete 
|  34|0x00000000e2200000, 0x00000000e2300000, 0x00000000e2300000|100%|HS|  |TAMS 0x00000000e2300000, 0x00000000e2200000| Complete 
|  35|0x00000000e2300000, 0x00000000e2400000, 0x00000000e2400000|100%|HS|  |TAMS 0x00000000e2400000, 0x00000000e2300000| Complete 
|  36|0x00000000e2400000, 0x00000000e2500000, 0x00000000e2500000|100%| O|  |TAMS 0x00000000e2500000, 0x00000000e2400000| Untracked 
|  37|0x00000000e2500000, 0x00000000e2600000, 0x00000000e2600000|100%| O|  |TAMS 0x00000000e2600000, 0x00000000e2500000| Untracked 
|  38|0x00000000e2600000, 0x00000000e2700000, 0x00000000e2700000|100%|HS|  |TAMS 0x00000000e2700000, 0x00000000e2600000| Complete 
|  39|0x00000000e2700000, 0x00000000e2800000, 0x00000000e2800000|100%|HC|  |TAMS 0x00000000e2800000, 0x00000000e2700000| Complete 
|  40|0x00000000e2800000, 0x00000000e2900000, 0x00000000e2900000|100%|HS|  |TAMS 0x00000000e2900000, 0x00000000e2800000| Complete 
|  41|0x00000000e2900000, 0x00000000e2a00000, 0x00000000e2a00000|100%|HC|  |TAMS 0x00000000e2a00000, 0x00000000e2900000| Complete 
|  42|0x00000000e2a00000, 0x00000000e2b00000, 0x00000000e2b00000|100%|HC|  |TAMS 0x00000000e2b00000, 0x00000000e2a00000| Complete 
|  43|0x00000000e2b00000, 0x00000000e2c00000, 0x00000000e2c00000|100%|HS|  |TAMS 0x00000000e2c00000, 0x00000000e2b00000| Complete 
|  44|0x00000000e2c00000, 0x00000000e2d00000, 0x00000000e2d00000|100%|HC|  |TAMS 0x00000000e2d00000, 0x00000000e2c00000| Complete 
|  45|0x00000000e2d00000, 0x00000000e2e00000, 0x00000000e2e00000|100%|HC|  |TAMS 0x00000000e2e00000, 0x00000000e2d00000| Complete 
|  46|0x00000000e2e00000, 0x00000000e2f00000, 0x00000000e2f00000|100%|HS|  |TAMS 0x00000000e2f00000, 0x00000000e2e00000| Complete 
|  47|0x00000000e2f00000, 0x00000000e3000000, 0x00000000e3000000|100%|HC|  |TAMS 0x00000000e3000000, 0x00000000e2f00000| Complete 
|  48|0x00000000e3000000, 0x00000000e3100000, 0x00000000e3100000|100%|HC|  |TAMS 0x00000000e3100000, 0x00000000e3000000| Complete 
|  49|0x00000000e3100000, 0x00000000e3200000, 0x00000000e3200000|100%|HC|  |TAMS 0x00000000e3200000, 0x00000000e3100000| Complete 
|  50|0x00000000e3200000, 0x00000000e3300000, 0x00000000e3300000|100%|HC|  |TAMS 0x00000000e3300000, 0x00000000e3200000| Complete 
|  51|0x00000000e3300000, 0x00000000e3400000, 0x00000000e3400000|100%|HC|  |TAMS 0x00000000e3400000, 0x00000000e3300000| Complete 
|  52|0x00000000e3400000, 0x00000000e3500000, 0x00000000e3500000|100%|HC|  |TAMS 0x00000000e3500000, 0x00000000e3400000| Complete 
|  53|0x00000000e3500000, 0x00000000e3600000, 0x00000000e3600000|100%|HC|  |TAMS 0x00000000e3600000, 0x00000000e3500000| Complete 
|  54|0x00000000e3600000, 0x00000000e3700000, 0x00000000e3700000|100%|HC|  |TAMS 0x00000000e3700000, 0x00000000e3600000| Complete 
|  55|0x00000000e3700000, 0x00000000e3800000, 0x00000000e3800000|100%|HC|  |TAMS 0x00000000e3800000, 0x00000000e3700000| Complete 
|  56|0x00000000e3800000, 0x00000000e3900000, 0x00000000e3900000|100%|HS|  |TAMS 0x00000000e3900000, 0x00000000e3800000| Complete 
|  57|0x00000000e3900000, 0x00000000e3a00000, 0x00000000e3a00000|100%|HC|  |TAMS 0x00000000e3a00000, 0x00000000e3900000| Complete 
|  58|0x00000000e3a00000, 0x00000000e3b00000, 0x00000000e3b00000|100%|HS|  |TAMS 0x00000000e3b00000, 0x00000000e3a00000| Complete 
|  59|0x00000000e3b00000, 0x00000000e3c00000, 0x00000000e3c00000|100%|HC|  |TAMS 0x00000000e3c00000, 0x00000000e3b00000| Complete 
|  60|0x00000000e3c00000, 0x00000000e3d00000, 0x00000000e3d00000|100%|HC|  |TAMS 0x00000000e3d00000, 0x00000000e3c00000| Complete 
|  61|0x00000000e3d00000, 0x00000000e3e00000, 0x00000000e3e00000|100%|HC|  |TAMS 0x00000000e3e00000, 0x00000000e3d00000| Complete 
|  62|0x00000000e3e00000, 0x00000000e3f00000, 0x00000000e3f00000|100%|HC|  |TAMS 0x00000000e3f00000, 0x00000000e3e00000| Complete 
|  63|0x00000000e3f00000, 0x00000000e4000000, 0x00000000e4000000|100%|HC|  |TAMS 0x00000000e4000000, 0x00000000e3f00000| Complete 
|  64|0x00000000e4000000, 0x00000000e4100000, 0x00000000e4100000|100%|HC|  |TAMS 0x00000000e4100000, 0x00000000e4000000| Complete 
|  65|0x00000000e4100000, 0x00000000e4200000, 0x00000000e4200000|100%|HC|  |TAMS 0x00000000e4200000, 0x00000000e4100000| Complete 
|  66|0x00000000e4200000, 0x00000000e4300000, 0x00000000e4300000|100%| O|  |TAMS 0x00000000e4300000, 0x00000000e4200000| Untracked 
|  67|0x00000000e4300000, 0x00000000e4400000, 0x00000000e4400000|100%| O|  |TAMS 0x00000000e4400000, 0x00000000e4300000| Untracked 
|  68|0x00000000e4400000, 0x00000000e4500000, 0x00000000e4500000|100%| O|  |TAMS 0x00000000e4500000, 0x00000000e4400000| Untracked 
|  69|0x00000000e4500000, 0x00000000e4600000, 0x00000000e4600000|100%| O|  |TAMS 0x00000000e4600000, 0x00000000e4500000| Untracked 
|  70|0x00000000e4600000, 0x00000000e4700000, 0x00000000e4700000|100%| O|  |TAMS 0x00000000e4700000, 0x00000000e4600000| Untracked 
|  71|0x00000000e4700000, 0x00000000e4800000, 0x00000000e4800000|100%| O|  |TAMS 0x00000000e4800000, 0x00000000e4700000| Untracked 
|  72|0x00000000e4800000, 0x00000000e4900000, 0x00000000e4900000|100%| O|  |TAMS 0x00000000e4900000, 0x00000000e4800000| Untracked 
|  73|0x00000000e4900000, 0x00000000e4a00000, 0x00000000e4a00000|100%| O|  |TAMS 0x00000000e4a00000, 0x00000000e4900000| Untracked 
|  74|0x00000000e4a00000, 0x00000000e4b00000, 0x00000000e4b00000|100%| O|  |TAMS 0x00000000e4b00000, 0x00000000e4a00000| Untracked 
|  75|0x00000000e4b00000, 0x00000000e4c00000, 0x00000000e4c00000|100%| O|  |TAMS 0x00000000e4c00000, 0x00000000e4b00000| Untracked 
|  76|0x00000000e4c00000, 0x00000000e4d00000, 0x00000000e4d00000|100%| O|  |TAMS 0x00000000e4d00000, 0x00000000e4c00000| Untracked 
|  77|0x00000000e4d00000, 0x00000000e4e00000, 0x00000000e4e00000|100%| O|  |TAMS 0x00000000e4e00000, 0x00000000e4d00000| Untracked 
|  78|0x00000000e4e00000, 0x00000000e4f00000, 0x00000000e4f00000|100%| O|  |TAMS 0x00000000e4f00000, 0x00000000e4e00000| Untracked 
|  79|0x00000000e4f00000, 0x00000000e5000000, 0x00000000e5000000|100%| O|  |TAMS 0x00000000e5000000, 0x00000000e4f00000| Untracked 
|  80|0x00000000e5000000, 0x00000000e5100000, 0x00000000e5100000|100%| O|  |TAMS 0x00000000e5100000, 0x00000000e5000000| Untracked 
|  81|0x00000000e5100000, 0x00000000e5200000, 0x00000000e5200000|100%|HS|  |TAMS 0x00000000e5200000, 0x00000000e5100000| Complete 
|  82|0x00000000e5200000, 0x00000000e5300000, 0x00000000e5300000|100%|HS|  |TAMS 0x00000000e5300000, 0x00000000e5200000| Complete 
|  83|0x00000000e5300000, 0x00000000e5400000, 0x00000000e5400000|100%|HC|  |TAMS 0x00000000e5400000, 0x00000000e5300000| Complete 
|  84|0x00000000e5400000, 0x00000000e5500000, 0x00000000e5500000|100%|HC|  |TAMS 0x00000000e5500000, 0x00000000e5400000| Complete 
|  85|0x00000000e5500000, 0x00000000e5600000, 0x00000000e5600000|100%|HC|  |TAMS 0x00000000e5600000, 0x00000000e5500000| Complete 
|  86|0x00000000e5600000, 0x00000000e5700000, 0x00000000e5700000|100%|HC|  |TAMS 0x00000000e5700000, 0x00000000e5600000| Complete 
|  87|0x00000000e5700000, 0x00000000e5800000, 0x00000000e5800000|100%|HC|  |TAMS 0x00000000e5800000, 0x00000000e5700000| Complete 
|  88|0x00000000e5800000, 0x00000000e5900000, 0x00000000e5900000|100%|HC|  |TAMS 0x00000000e5900000, 0x00000000e5800000| Complete 
|  89|0x00000000e5900000, 0x00000000e5a00000, 0x00000000e5a00000|100%|HC|  |TAMS 0x00000000e5a00000, 0x00000000e5900000| Complete 
|  90|0x00000000e5a00000, 0x00000000e5b00000, 0x00000000e5b00000|100%|HC|  |TAMS 0x00000000e5b00000, 0x00000000e5a00000| Complete 
|  91|0x00000000e5b00000, 0x00000000e5c00000, 0x00000000e5c00000|100%|HC|  |TAMS 0x00000000e5c00000, 0x00000000e5b00000| Complete 
|  92|0x00000000e5c00000, 0x00000000e5d00000, 0x00000000e5d00000|100%|HS|  |TAMS 0x00000000e5d00000, 0x00000000e5c00000| Complete 
|  93|0x00000000e5d00000, 0x00000000e5e00000, 0x00000000e5e00000|100%|HC|  |TAMS 0x00000000e5e00000, 0x00000000e5d00000| Complete 
|  94|0x00000000e5e00000, 0x00000000e5f00000, 0x00000000e5f00000|100%|HS|  |TAMS 0x00000000e5f00000, 0x00000000e5e00000| Complete 
|  95|0x00000000e5f00000, 0x00000000e6000000, 0x00000000e6000000|100%|HC|  |TAMS 0x00000000e6000000, 0x00000000e5f00000| Complete 
|  96|0x00000000e6000000, 0x00000000e6100000, 0x00000000e6100000|100%|HS|  |TAMS 0x00000000e6100000, 0x00000000e6000000| Complete 
|  97|0x00000000e6100000, 0x00000000e6200000, 0x00000000e6200000|100%|HC|  |TAMS 0x00000000e6200000, 0x00000000e6100000| Complete 
|  98|0x00000000e6200000, 0x00000000e6300000, 0x00000000e6300000|100%|HC|  |TAMS 0x00000000e6300000, 0x00000000e6200000| Complete 
|  99|0x00000000e6300000, 0x00000000e6400000, 0x00000000e6400000|100%|HS|  |TAMS 0x00000000e6400000, 0x00000000e6300000| Complete 
| 100|0x00000000e6400000, 0x00000000e6500000, 0x00000000e6500000|100%|HC|  |TAMS 0x00000000e6500000, 0x00000000e6400000| Complete 
| 101|0x00000000e6500000, 0x00000000e6600000, 0x00000000e6600000|100%|HC|  |TAMS 0x00000000e6600000, 0x00000000e6500000| Complete 
| 102|0x00000000e6600000, 0x00000000e6700000, 0x00000000e6700000|100%|HS|  |TAMS 0x00000000e6700000, 0x00000000e6600000| Complete 
| 103|0x00000000e6700000, 0x00000000e6800000, 0x00000000e6800000|100%|HC|  |TAMS 0x00000000e6800000, 0x00000000e6700000| Complete 
| 104|0x00000000e6800000, 0x00000000e6900000, 0x00000000e6900000|100%|HS|  |TAMS 0x00000000e6900000, 0x00000000e6800000| Complete 
| 105|0x00000000e6900000, 0x00000000e6a00000, 0x00000000e6a00000|100%|HC|  |TAMS 0x00000000e6a00000, 0x00000000e6900000| Complete 
| 106|0x00000000e6a00000, 0x00000000e6b00000, 0x00000000e6b00000|100%|HC|  |TAMS 0x00000000e6b00000, 0x00000000e6a00000| Complete 
| 107|0x00000000e6b00000, 0x00000000e6c00000, 0x00000000e6c00000|100%|HC|  |TAMS 0x00000000e6c00000, 0x00000000e6b00000| Complete 
| 108|0x00000000e6c00000, 0x00000000e6d00000, 0x00000000e6d00000|100%|HC|  |TAMS 0x00000000e6d00000, 0x00000000e6c00000| Complete 
| 109|0x00000000e6d00000, 0x00000000e6e00000, 0x00000000e6e00000|100%|HC|  |TAMS 0x00000000e6e00000, 0x00000000e6d00000| Complete 
| 110|0x00000000e6e00000, 0x00000000e6f00000, 0x00000000e6f00000|100%|HC|  |TAMS 0x00000000e6f00000, 0x00000000e6e00000| Complete 
| 111|0x00000000e6f00000, 0x00000000e7000000, 0x00000000e7000000|100%|HS|  |TAMS 0x00000000e7000000, 0x00000000e6f00000| Complete 
| 112|0x00000000e7000000, 0x00000000e7100000, 0x00000000e7100000|100%|HS|  |TAMS 0x00000000e7100000, 0x00000000e7000000| Complete 
| 113|0x00000000e7100000, 0x00000000e7200000, 0x00000000e7200000|100%|HS|  |TAMS 0x00000000e7200000, 0x00000000e7100000| Complete 
| 114|0x00000000e7200000, 0x00000000e7300000, 0x00000000e7300000|100%|HC|  |TAMS 0x00000000e7300000, 0x00000000e7200000| Complete 
| 115|0x00000000e7300000, 0x00000000e7400000, 0x00000000e7400000|100%|HC|  |TAMS 0x00000000e7400000, 0x00000000e7300000| Complete 
| 116|0x00000000e7400000, 0x00000000e7500000, 0x00000000e7500000|100%|HC|  |TAMS 0x00000000e7500000, 0x00000000e7400000| Complete 
| 117|0x00000000e7500000, 0x00000000e7600000, 0x00000000e7600000|100%|HC|  |TAMS 0x00000000e7600000, 0x00000000e7500000| Complete 
| 118|0x00000000e7600000, 0x00000000e7700000, 0x00000000e7700000|100%|HC|  |TAMS 0x00000000e7700000, 0x00000000e7600000| Complete 
| 119|0x00000000e7700000, 0x00000000e7800000, 0x00000000e7800000|100%|HC|  |TAMS 0x00000000e7800000, 0x00000000e7700000| Complete 
| 120|0x00000000e7800000, 0x00000000e7900000, 0x00000000e7900000|100%|HC|  |TAMS 0x00000000e7900000, 0x00000000e7800000| Complete 
| 121|0x00000000e7900000, 0x00000000e7a00000, 0x00000000e7a00000|100%|HC|  |TAMS 0x00000000e7a00000, 0x00000000e7900000| Complete 
| 122|0x00000000e7a00000, 0x00000000e7b00000, 0x00000000e7b00000|100%|HC|  |TAMS 0x00000000e7b00000, 0x00000000e7a00000| Complete 
| 123|0x00000000e7b00000, 0x00000000e7c00000, 0x00000000e7c00000|100%|HS|  |TAMS 0x00000000e7c00000, 0x00000000e7b00000| Complete 
| 124|0x00000000e7c00000, 0x00000000e7d00000, 0x00000000e7d00000|100%|HC|  |TAMS 0x00000000e7d00000, 0x00000000e7c00000| Complete 
| 125|0x00000000e7d00000, 0x00000000e7e00000, 0x00000000e7e00000|100%| O|  |TAMS 0x00000000e7e00000, 0x00000000e7d00000| Untracked 
| 126|0x00000000e7e00000, 0x00000000e7f00000, 0x00000000e7f00000|100%| O|  |TAMS 0x00000000e7f00000, 0x00000000e7e00000| Untracked 
| 127|0x00000000e7f00000, 0x00000000e8000000, 0x00000000e8000000|100%| O|  |TAMS 0x00000000e8000000, 0x00000000e7f00000| Untracked 
| 128|0x00000000e8000000, 0x00000000e8100000, 0x00000000e8100000|100%| O|  |TAMS 0x00000000e8100000, 0x00000000e8000000| Untracked 
| 129|0x00000000e8100000, 0x00000000e8200000, 0x00000000e8200000|100%| O|  |TAMS 0x00000000e8200000, 0x00000000e8100000| Untracked 
| 130|0x00000000e8200000, 0x00000000e8300000, 0x00000000e8300000|100%| O|  |TAMS 0x00000000e8300000, 0x00000000e8200000| Untracked 
| 131|0x00000000e8300000, 0x00000000e8400000, 0x00000000e8400000|100%| O|  |TAMS 0x00000000e8400000, 0x00000000e8300000| Untracked 
| 132|0x00000000e8400000, 0x00000000e8500000, 0x00000000e8500000|100%| O|  |TAMS 0x00000000e8500000, 0x00000000e8400000| Untracked 
| 133|0x00000000e8500000, 0x00000000e8600000, 0x00000000e8600000|100%| O|  |TAMS 0x00000000e8600000, 0x00000000e8500000| Untracked 
| 134|0x00000000e8600000, 0x00000000e8700000, 0x00000000e8700000|100%| O|  |TAMS 0x00000000e8700000, 0x00000000e8600000| Untracked 
| 135|0x00000000e8700000, 0x00000000e8800000, 0x00000000e8800000|100%| O|  |TAMS 0x00000000e8800000, 0x00000000e8700000| Untracked 
| 136|0x00000000e8800000, 0x00000000e8900000, 0x00000000e8900000|100%| O|  |TAMS 0x00000000e8900000, 0x00000000e8800000| Untracked 
| 137|0x00000000e8900000, 0x00000000e8a00000, 0x00000000e8a00000|100%| O|  |TAMS 0x00000000e8a00000, 0x00000000e8900000| Untracked 
| 138|0x00000000e8a00000, 0x00000000e8b00000, 0x00000000e8b00000|100%| O|  |TAMS 0x00000000e8b00000, 0x00000000e8a00000| Untracked 
| 139|0x00000000e8b00000, 0x00000000e8c00000, 0x00000000e8c00000|100%| O|  |TAMS 0x00000000e8c00000, 0x00000000e8b00000| Untracked 
| 140|0x00000000e8c00000, 0x00000000e8d00000, 0x00000000e8d00000|100%| O|  |TAMS 0x00000000e8d00000, 0x00000000e8c00000| Untracked 
| 141|0x00000000e8d00000, 0x00000000e8e00000, 0x00000000e8e00000|100%| O|  |TAMS 0x00000000e8e00000, 0x00000000e8d00000| Untracked 
| 142|0x00000000e8e00000, 0x00000000e8f00000, 0x00000000e8f00000|100%| O|  |TAMS 0x00000000e8f00000, 0x00000000e8e00000| Untracked 
| 143|0x00000000e8f00000, 0x00000000e9000000, 0x00000000e9000000|100%| O|  |TAMS 0x00000000e9000000, 0x00000000e8f00000| Untracked 
| 144|0x00000000e9000000, 0x00000000e9100000, 0x00000000e9100000|100%| O|  |TAMS 0x00000000e9100000, 0x00000000e9000000| Untracked 
| 145|0x00000000e9100000, 0x00000000e9200000, 0x00000000e9200000|100%| O|  |TAMS 0x00000000e9200000, 0x00000000e9100000| Untracked 
| 146|0x00000000e9200000, 0x00000000e9300000, 0x00000000e9300000|100%| O|  |TAMS 0x00000000e9300000, 0x00000000e9200000| Untracked 
| 147|0x00000000e9300000, 0x00000000e9400000, 0x00000000e9400000|100%| O|  |TAMS 0x00000000e9400000, 0x00000000e9300000| Untracked 
| 148|0x00000000e9400000, 0x00000000e9500000, 0x00000000e9500000|100%| O|  |TAMS 0x00000000e9500000, 0x00000000e9400000| Untracked 
| 149|0x00000000e9500000, 0x00000000e9600000, 0x00000000e9600000|100%| O|  |TAMS 0x00000000e9600000, 0x00000000e9500000| Untracked 
| 150|0x00000000e9600000, 0x00000000e9700000, 0x00000000e9700000|100%| O|  |TAMS 0x00000000e9700000, 0x00000000e9600000| Untracked 
| 151|0x00000000e9700000, 0x00000000e9800000, 0x00000000e9800000|100%| O|  |TAMS 0x00000000e9800000, 0x00000000e9700000| Untracked 
| 152|0x00000000e9800000, 0x00000000e9900000, 0x00000000e9900000|100%| O|  |TAMS 0x00000000e9900000, 0x00000000e9800000| Untracked 
| 153|0x00000000e9900000, 0x00000000e9a00000, 0x00000000e9a00000|100%| O|  |TAMS 0x00000000e9a00000, 0x00000000e9900000| Untracked 
| 154|0x00000000e9a00000, 0x00000000e9b00000, 0x00000000e9b00000|100%| O|  |TAMS 0x00000000e9b00000, 0x00000000e9a00000| Untracked 
| 155|0x00000000e9b00000, 0x00000000e9b4f000, 0x00000000e9c00000| 30%| O|  |TAMS 0x00000000e9b4f000, 0x00000000e9b00000| Untracked 
| 156|0x00000000e9c00000, 0x00000000e9c00000, 0x00000000e9d00000|  0%| F|  |TAMS 0x00000000e9c00000, 0x00000000e9c00000| Untracked 
| 157|0x00000000e9d00000, 0x00000000e9d00000, 0x00000000e9e00000|  0%| F|  |TAMS 0x00000000e9d00000, 0x00000000e9d00000| Untracked 
| 158|0x00000000e9e00000, 0x00000000e9e00000, 0x00000000e9f00000|  0%| F|  |TAMS 0x00000000e9e00000, 0x00000000e9e00000| Untracked 
| 159|0x00000000e9f00000, 0x00000000e9f00000, 0x00000000ea000000|  0%| F|  |TAMS 0x00000000e9f00000, 0x00000000e9f00000| Untracked 
| 160|0x00000000ea000000, 0x00000000ea000000, 0x00000000ea100000|  0%| F|  |TAMS 0x00000000ea000000, 0x00000000ea000000| Untracked 
| 161|0x00000000ea100000, 0x00000000ea100000, 0x00000000ea200000|  0%| F|  |TAMS 0x00000000ea100000, 0x00000000ea100000| Untracked 
| 162|0x00000000ea200000, 0x00000000ea200000, 0x00000000ea300000|  0%| F|  |TAMS 0x00000000ea200000, 0x00000000ea200000| Untracked 
| 163|0x00000000ea300000, 0x00000000ea300000, 0x00000000ea400000|  0%| F|  |TAMS 0x00000000ea300000, 0x00000000ea300000| Untracked 
| 164|0x00000000ea400000, 0x00000000ea400000, 0x00000000ea500000|  0%| F|  |TAMS 0x00000000ea400000, 0x00000000ea400000| Untracked 
| 165|0x00000000ea500000, 0x00000000ea500000, 0x00000000ea600000|  0%| F|  |TAMS 0x00000000ea500000, 0x00000000ea500000| Untracked 
| 166|0x00000000ea600000, 0x00000000ea600000, 0x00000000ea700000|  0%| F|  |TAMS 0x00000000ea600000, 0x00000000ea600000| Untracked 
| 167|0x00000000ea700000, 0x00000000ea700000, 0x00000000ea800000|  0%| F|  |TAMS 0x00000000ea700000, 0x00000000ea700000| Untracked 
| 168|0x00000000ea800000, 0x00000000ea800000, 0x00000000ea900000|  0%| F|  |TAMS 0x00000000ea800000, 0x00000000ea800000| Untracked 
| 169|0x00000000ea900000, 0x00000000ea900000, 0x00000000eaa00000|  0%| F|  |TAMS 0x00000000ea900000, 0x00000000ea900000| Untracked 
| 170|0x00000000eaa00000, 0x00000000eaa00000, 0x00000000eab00000|  0%| F|  |TAMS 0x00000000eaa00000, 0x00000000eaa00000| Untracked 
| 171|0x00000000eab00000, 0x00000000eab00000, 0x00000000eac00000|  0%| F|  |TAMS 0x00000000eab00000, 0x00000000eab00000| Untracked 
| 172|0x00000000eac00000, 0x00000000eac00000, 0x00000000ead00000|  0%| F|  |TAMS 0x00000000eac00000, 0x00000000eac00000| Untracked 
| 173|0x00000000ead00000, 0x00000000ead00000, 0x00000000eae00000|  0%| F|  |TAMS 0x00000000ead00000, 0x00000000ead00000| Untracked 
| 174|0x00000000eae00000, 0x00000000eae00000, 0x00000000eaf00000|  0%| F|  |TAMS 0x00000000eae00000, 0x00000000eae00000| Untracked 
| 175|0x00000000eaf00000, 0x00000000eaf00000, 0x00000000eb000000|  0%| F|  |TAMS 0x00000000eaf00000, 0x00000000eaf00000| Untracked 
| 176|0x00000000eb000000, 0x00000000eb000000, 0x00000000eb100000|  0%| F|  |TAMS 0x00000000eb000000, 0x00000000eb000000| Untracked 
| 177|0x00000000eb100000, 0x00000000eb100000, 0x00000000eb200000|  0%| F|  |TAMS 0x00000000eb100000, 0x00000000eb100000| Untracked 
| 178|0x00000000eb200000, 0x00000000eb200000, 0x00000000eb300000|  0%| F|  |TAMS 0x00000000eb200000, 0x00000000eb200000| Untracked 
| 179|0x00000000eb300000, 0x00000000eb300000, 0x00000000eb400000|  0%| F|  |TAMS 0x00000000eb300000, 0x00000000eb300000| Untracked 
| 180|0x00000000eb400000, 0x00000000eb400000, 0x00000000eb500000|  0%| F|  |TAMS 0x00000000eb400000, 0x00000000eb400000| Untracked 
| 181|0x00000000eb500000, 0x00000000eb500000, 0x00000000eb600000|  0%| F|  |TAMS 0x00000000eb500000, 0x00000000eb500000| Untracked 
| 182|0x00000000eb600000, 0x00000000eb600000, 0x00000000eb700000|  0%| F|  |TAMS 0x00000000eb600000, 0x00000000eb600000| Untracked 
| 183|0x00000000eb700000, 0x00000000eb700000, 0x00000000eb800000|  0%| F|  |TAMS 0x00000000eb700000, 0x00000000eb700000| Untracked 
| 184|0x00000000eb800000, 0x00000000eb800000, 0x00000000eb900000|  0%| F|  |TAMS 0x00000000eb800000, 0x00000000eb800000| Untracked 
| 185|0x00000000eb900000, 0x00000000eb900000, 0x00000000eba00000|  0%| F|  |TAMS 0x00000000eb900000, 0x00000000eb900000| Untracked 
| 186|0x00000000eba00000, 0x00000000eba00000, 0x00000000ebb00000|  0%| F|  |TAMS 0x00000000eba00000, 0x00000000eba00000| Untracked 
| 187|0x00000000ebb00000, 0x00000000ebb00000, 0x00000000ebc00000|  0%| F|  |TAMS 0x00000000ebb00000, 0x00000000ebb00000| Untracked 
| 188|0x00000000ebc00000, 0x00000000ebc00000, 0x00000000ebd00000|  0%| F|  |TAMS 0x00000000ebc00000, 0x00000000ebc00000| Untracked 
| 189|0x00000000ebd00000, 0x00000000ebd00000, 0x00000000ebe00000|  0%| F|  |TAMS 0x00000000ebd00000, 0x00000000ebd00000| Untracked 
| 190|0x00000000ebe00000, 0x00000000ebe00000, 0x00000000ebf00000|  0%| F|  |TAMS 0x00000000ebe00000, 0x00000000ebe00000| Untracked 
| 191|0x00000000ebf00000, 0x00000000ebf00000, 0x00000000ec000000|  0%| F|  |TAMS 0x00000000ebf00000, 0x00000000ebf00000| Untracked 
| 192|0x00000000ec000000, 0x00000000ec000000, 0x00000000ec100000|  0%| F|  |TAMS 0x00000000ec000000, 0x00000000ec000000| Untracked 
| 193|0x00000000ec100000, 0x00000000ec100000, 0x00000000ec200000|  0%| F|  |TAMS 0x00000000ec100000, 0x00000000ec100000| Untracked 
| 194|0x00000000ec200000, 0x00000000ec200000, 0x00000000ec300000|  0%| F|  |TAMS 0x00000000ec200000, 0x00000000ec200000| Untracked 
| 195|0x00000000ec300000, 0x00000000ec300000, 0x00000000ec400000|  0%| F|  |TAMS 0x00000000ec300000, 0x00000000ec300000| Untracked 
| 196|0x00000000ec400000, 0x00000000ec4bc3c0, 0x00000000ec500000| 73%| S|CS|TAMS 0x00000000ec400000, 0x00000000ec400000| Complete 
| 197|0x00000000ec500000, 0x00000000ec600000, 0x00000000ec600000|100%| S|CS|TAMS 0x00000000ec500000, 0x00000000ec500000| Complete 
| 198|0x00000000ec600000, 0x00000000ec700000, 0x00000000ec700000|100%| S|CS|TAMS 0x00000000ec600000, 0x00000000ec600000| Complete 
| 199|0x00000000ec700000, 0x00000000ec700000, 0x00000000ec800000|  0%| F|  |TAMS 0x00000000ec700000, 0x00000000ec700000| Untracked 
| 200|0x00000000ec800000, 0x00000000ec800000, 0x00000000ec900000|  0%| F|  |TAMS 0x00000000ec800000, 0x00000000ec800000| Untracked 
| 201|0x00000000ec900000, 0x00000000ec900000, 0x00000000eca00000|  0%| F|  |TAMS 0x00000000ec900000, 0x00000000ec900000| Untracked 
| 202|0x00000000eca00000, 0x00000000eca00000, 0x00000000ecb00000|  0%| F|  |TAMS 0x00000000eca00000, 0x00000000eca00000| Untracked 
| 203|0x00000000ecb00000, 0x00000000ecb00000, 0x00000000ecc00000|  0%| F|  |TAMS 0x00000000ecb00000, 0x00000000ecb00000| Untracked 
| 204|0x00000000ecc00000, 0x00000000ecc00000, 0x00000000ecd00000|  0%| F|  |TAMS 0x00000000ecc00000, 0x00000000ecc00000| Untracked 
| 205|0x00000000ecd00000, 0x00000000ecd00000, 0x00000000ece00000|  0%| F|  |TAMS 0x00000000ecd00000, 0x00000000ecd00000| Untracked 
| 206|0x00000000ece00000, 0x00000000ece00000, 0x00000000ecf00000|  0%| F|  |TAMS 0x00000000ece00000, 0x00000000ece00000| Untracked 
| 207|0x00000000ecf00000, 0x00000000ecf00000, 0x00000000ed000000|  0%| F|  |TAMS 0x00000000ecf00000, 0x00000000ecf00000| Untracked 
| 208|0x00000000ed000000, 0x00000000ed000000, 0x00000000ed100000|  0%| F|  |TAMS 0x00000000ed000000, 0x00000000ed000000| Untracked 
| 209|0x00000000ed100000, 0x00000000ed100000, 0x00000000ed200000|  0%| F|  |TAMS 0x00000000ed100000, 0x00000000ed100000| Untracked 
| 210|0x00000000ed200000, 0x00000000ed200000, 0x00000000ed300000|  0%| F|  |TAMS 0x00000000ed200000, 0x00000000ed200000| Untracked 
| 211|0x00000000ed300000, 0x00000000ed300000, 0x00000000ed400000|  0%| F|  |TAMS 0x00000000ed300000, 0x00000000ed300000| Untracked 
| 212|0x00000000ed400000, 0x00000000ed400000, 0x00000000ed500000|  0%| F|  |TAMS 0x00000000ed400000, 0x00000000ed400000| Untracked 
| 213|0x00000000ed500000, 0x00000000ed500000, 0x00000000ed600000|  0%| F|  |TAMS 0x00000000ed500000, 0x00000000ed500000| Untracked 
| 214|0x00000000ed600000, 0x00000000ed600000, 0x00000000ed700000|  0%| F|  |TAMS 0x00000000ed600000, 0x00000000ed600000| Untracked 
| 215|0x00000000ed700000, 0x00000000ed700000, 0x00000000ed800000|  0%| F|  |TAMS 0x00000000ed700000, 0x00000000ed700000| Untracked 
| 216|0x00000000ed800000, 0x00000000ed800000, 0x00000000ed900000|  0%| F|  |TAMS 0x00000000ed800000, 0x00000000ed800000| Untracked 
| 217|0x00000000ed900000, 0x00000000ed900000, 0x00000000eda00000|  0%| F|  |TAMS 0x00000000ed900000, 0x00000000ed900000| Untracked 
| 218|0x00000000eda00000, 0x00000000eda00000, 0x00000000edb00000|  0%| F|  |TAMS 0x00000000eda00000, 0x00000000eda00000| Untracked 
| 219|0x00000000edb00000, 0x00000000edb00000, 0x00000000edc00000|  0%| F|  |TAMS 0x00000000edb00000, 0x00000000edb00000| Untracked 
| 220|0x00000000edc00000, 0x00000000edc00000, 0x00000000edd00000|  0%| F|  |TAMS 0x00000000edc00000, 0x00000000edc00000| Untracked 
| 221|0x00000000edd00000, 0x00000000edd00000, 0x00000000ede00000|  0%| F|  |TAMS 0x00000000edd00000, 0x00000000edd00000| Untracked 
| 222|0x00000000ede00000, 0x00000000ede00000, 0x00000000edf00000|  0%| F|  |TAMS 0x00000000ede00000, 0x00000000ede00000| Untracked 
| 223|0x00000000edf00000, 0x00000000edf00000, 0x00000000ee000000|  0%| F|  |TAMS 0x00000000edf00000, 0x00000000edf00000| Untracked 
| 224|0x00000000ee000000, 0x00000000ee000000, 0x00000000ee100000|  0%| F|  |TAMS 0x00000000ee000000, 0x00000000ee000000| Untracked 
| 225|0x00000000ee100000, 0x00000000ee100000, 0x00000000ee200000|  0%| F|  |TAMS 0x00000000ee100000, 0x00000000ee100000| Untracked 
| 226|0x00000000ee200000, 0x00000000ee200000, 0x00000000ee300000|  0%| F|  |TAMS 0x00000000ee200000, 0x00000000ee200000| Untracked 
| 227|0x00000000ee300000, 0x00000000ee300000, 0x00000000ee400000|  0%| F|  |TAMS 0x00000000ee300000, 0x00000000ee300000| Untracked 
| 228|0x00000000ee400000, 0x00000000ee400000, 0x00000000ee500000|  0%| F|  |TAMS 0x00000000ee400000, 0x00000000ee400000| Untracked 
| 229|0x00000000ee500000, 0x00000000ee500000, 0x00000000ee600000|  0%| F|  |TAMS 0x00000000ee500000, 0x00000000ee500000| Untracked 
| 230|0x00000000ee600000, 0x00000000ee600000, 0x00000000ee700000|  0%| F|  |TAMS 0x00000000ee600000, 0x00000000ee600000| Untracked 
| 231|0x00000000ee700000, 0x00000000ee700000, 0x00000000ee800000|  0%| F|  |TAMS 0x00000000ee700000, 0x00000000ee700000| Untracked 
| 232|0x00000000ee800000, 0x00000000ee800000, 0x00000000ee900000|  0%| F|  |TAMS 0x00000000ee800000, 0x00000000ee800000| Untracked 
| 233|0x00000000ee900000, 0x00000000ee900000, 0x00000000eea00000|  0%| F|  |TAMS 0x00000000ee900000, 0x00000000ee900000| Untracked 
| 234|0x00000000eea00000, 0x00000000eea00000, 0x00000000eeb00000|  0%| F|  |TAMS 0x00000000eea00000, 0x00000000eea00000| Untracked 
| 235|0x00000000eeb00000, 0x00000000eeb00000, 0x00000000eec00000|  0%| F|  |TAMS 0x00000000eeb00000, 0x00000000eeb00000| Untracked 
| 236|0x00000000eec00000, 0x00000000eec00000, 0x00000000eed00000|  0%| F|  |TAMS 0x00000000eec00000, 0x00000000eec00000| Untracked 
| 237|0x00000000eed00000, 0x00000000eed00000, 0x00000000eee00000|  0%| F|  |TAMS 0x00000000eed00000, 0x00000000eed00000| Untracked 
| 238|0x00000000eee00000, 0x00000000eee00000, 0x00000000eef00000|  0%| F|  |TAMS 0x00000000eee00000, 0x00000000eee00000| Untracked 
| 239|0x00000000eef00000, 0x00000000eef00000, 0x00000000ef000000|  0%| F|  |TAMS 0x00000000eef00000, 0x00000000eef00000| Untracked 
| 240|0x00000000ef000000, 0x00000000ef000000, 0x00000000ef100000|  0%| F|  |TAMS 0x00000000ef000000, 0x00000000ef000000| Untracked 
| 241|0x00000000ef100000, 0x00000000ef100000, 0x00000000ef200000|  0%| F|  |TAMS 0x00000000ef100000, 0x00000000ef100000| Untracked 
| 242|0x00000000ef200000, 0x00000000ef200000, 0x00000000ef300000|  0%| F|  |TAMS 0x00000000ef200000, 0x00000000ef200000| Untracked 
| 243|0x00000000ef300000, 0x00000000ef300000, 0x00000000ef400000|  0%| F|  |TAMS 0x00000000ef300000, 0x00000000ef300000| Untracked 
| 244|0x00000000ef400000, 0x00000000ef400000, 0x00000000ef500000|  0%| F|  |TAMS 0x00000000ef400000, 0x00000000ef400000| Untracked 
| 245|0x00000000ef500000, 0x00000000ef500000, 0x00000000ef600000|  0%| F|  |TAMS 0x00000000ef500000, 0x00000000ef500000| Untracked 
| 246|0x00000000ef600000, 0x00000000ef600000, 0x00000000ef700000|  0%| F|  |TAMS 0x00000000ef600000, 0x00000000ef600000| Untracked 
| 247|0x00000000ef700000, 0x00000000ef700000, 0x00000000ef800000|  0%| F|  |TAMS 0x00000000ef700000, 0x00000000ef700000| Untracked 
| 248|0x00000000ef800000, 0x00000000ef800000, 0x00000000ef900000|  0%| F|  |TAMS 0x00000000ef800000, 0x00000000ef800000| Untracked 
| 249|0x00000000ef900000, 0x00000000ef900000, 0x00000000efa00000|  0%| F|  |TAMS 0x00000000ef900000, 0x00000000ef900000| Untracked 
| 250|0x00000000efa00000, 0x00000000efa80800, 0x00000000efb00000| 50%| E|  |TAMS 0x00000000efa00000, 0x00000000efa00000| Complete 
| 251|0x00000000efb00000, 0x00000000efc00000, 0x00000000efc00000|100%| E|CS|TAMS 0x00000000efb00000, 0x00000000efb00000| Complete 
| 252|0x00000000efc00000, 0x00000000efd00000, 0x00000000efd00000|100%| E|CS|TAMS 0x00000000efc00000, 0x00000000efc00000| Complete 
| 253|0x00000000efd00000, 0x00000000efe00000, 0x00000000efe00000|100%| E|CS|TAMS 0x00000000efd00000, 0x00000000efd00000| Complete 
| 254|0x00000000efe00000, 0x00000000eff00000, 0x00000000eff00000|100%| E|CS|TAMS 0x00000000efe00000, 0x00000000efe00000| Complete 
| 255|0x00000000eff00000, 0x00000000f0000000, 0x00000000f0000000|100%| E|CS|TAMS 0x00000000eff00000, 0x00000000eff00000| Complete 

Card table byte_map: [0x000001937df70000,0x000001937e070000] _byte_map_base: 0x000001937d870000

Marking Bits (Prev, Next): (CMBitMap*) 0x000001937b921008, (CMBitMap*) 0x000001937b921040
 Prev Bits: [0x000001937e170000, 0x000001937e970000)
 Next Bits: [0x000001937e970000, 0x000001937f170000)

Polling page: 0x000001937b9e0000

Metaspace:

Usage:
  Non-class:     66.92 MB capacity,    65.20 MB ( 97%) used,     1.46 MB (  2%) free+waste,   256.06 KB ( <1%) overhead. 
      Class:     10.38 MB capacity,     9.51 MB ( 92%) used,   763.51 KB (  7%) free+waste,   121.13 KB (  1%) overhead. 
       Both:     77.29 MB capacity,    74.72 MB ( 97%) used,     2.21 MB (  3%) free+waste,   377.19 KB ( <1%) overhead. 

Virtual space:
  Non-class space:       68.00 MB reserved,      67.11 MB ( 99%) committed 
      Class space:      248.00 MB reserved,      10.38 MB (  4%) committed 
             Both:      316.00 MB reserved,      77.49 MB ( 25%) committed 

Chunk freelists:
   Non-Class:  10.00 KB
       Class:  0 bytes
        Both:  10.00 KB

MaxMetaspaceSize: 256.00 MB
CompressedClassSpaceSize: 248.00 MB
Initial GC threshold: 20.80 MB
Current GC threshold: 128.73 MB
CDS: off

CodeHeap 'non-profiled nmethods': size=120000Kb used=6733Kb max_used=6733Kb free=113266Kb
 bounds [0x0000019310150000, 0x00000193107f0000, 0x0000019317680000]
CodeHeap 'profiled nmethods': size=120000Kb used=21270Kb max_used=21270Kb free=98729Kb
 bounds [0x0000019308c20000, 0x000001930a0f0000, 0x0000019310150000]
CodeHeap 'non-nmethods': size=5760Kb used=2342Kb max_used=2414Kb free=3417Kb
 bounds [0x0000019308680000, 0x00000193088f0000, 0x0000019308c20000]
 total_blobs=10644 nmethods=9788 adapters=768
 compilation: enabled
              stopped_count=0, restarted_count=0
 full_count=0

Compilation events (20 events):
Event: 64.684 Thread 0x0000019319ed2000 nmethod 9835 0x00000193107e2b90 code [0x00000193107e2d40, 0x00000193107e2df8]
Event: 64.684 Thread 0x0000019319ed2000 9808       1       java.util.Spliterators$EmptySpliterator::estimateSize (2 bytes)
Event: 64.685 Thread 0x0000019319ed2000 nmethod 9808 0x00000193107e2e90 code [0x00000193107e3040, 0x00000193107e30f8]
Event: 64.685 Thread 0x0000019319ed2000 9843       1       org.codehaus.groovy.ast.ModuleNode::getStarImports (5 bytes)
Event: 64.685 Thread 0x0000019319ed2000 nmethod 9843 0x00000193107e3190 code [0x00000193107e3340, 0x00000193107e33f8]
Event: 64.685 Thread 0x0000019319ed2000 9844       3       groovyjarjarasm.asm.MethodWriter::visitTypeInsn (116 bytes)
Event: 64.686 Thread 0x0000019319ed2000 nmethod 9844 0x000001930a0e3010 code [0x000001930a0e3200, 0x000001930a0e3668]
Event: 64.686 Thread 0x0000019319ed2000 9845       3       org.codehaus.groovy.ast.decompiled.DecompiledClassNode::getInterfaces (9 bytes)
Event: 64.686 Thread 0x0000019319ed2000 nmethod 9845 0x000001930a0e3890 code [0x000001930a0e3a80, 0x000001930a0e3d68]
Event: 64.686 Thread 0x0000019319ed2000 9846       3       java.util.HashMap$Values::size (8 bytes)
Event: 64.686 Thread 0x0000019319ed2000 nmethod 9846 0x000001930a0e3e90 code [0x000001930a0e4040, 0x000001930a0e4158]
Event: 64.686 Thread 0x0000019319ed2000 9847       3       java.util.ArrayList::forEach (74 bytes)
Event: 64.687 Thread 0x0000019319ed2000 nmethod 9847 0x000001930a0e4210 code [0x000001930a0e4420, 0x000001930a0e49e8]
Event: 64.687 Thread 0x0000019319ed2000 9851       3       org.codehaus.groovy.ast.GroovyCodeVisitor$$Lambda$525/0x0000000100697440::get$Lambda (9 bytes)
Event: 64.687 Thread 0x0000019319ed2000 nmethod 9851 0x000001930a0e4c90 code [0x000001930a0e4e60, 0x000001930a0e50b8]
Event: 64.687 Thread 0x0000019319ed2000 9852       3       org.codehaus.groovy.ast.GroovyCodeVisitor$$Lambda$525/0x0000000100697440::<init> (10 bytes)
Event: 64.687 Thread 0x0000019319ed2000 nmethod 9852 0x000001930a0e5190 code [0x000001930a0e5340, 0x000001930a0e54f8]
Event: 64.687 Thread 0x0000019319ed2000 9849       3       org.codehaus.groovy.ast.CodeVisitorSupport::visitTupleExpression (9 bytes)
Event: 64.687 Thread 0x0000019319ed2000 nmethod 9849 0x000001930a0e5590 code [0x000001930a0e5760, 0x000001930a0e59d8]
Event: 64.687 Thread 0x0000019319ed2000 9850       3       org.codehaus.groovy.ast.GroovyCodeVisitor::visitListOfExpressions (17 bytes)

GC Heap History (20 events):
Event: 5.582 GC heap before
{Heap before GC invocations=7 (full 0):
 garbage-first heap   total 262144K, used 207482K [0x00000000e0000000, 0x0000000100000000)
  region size 1024K, 145 young (148480K), 7 survivors (7168K)
 Metaspace       used 49467K, capacity 50752K, committed 50992K, reserved 299008K
  class space    used 6301K, capacity 6771K, committed 6784K, reserved 253952K
}
Event: 5.617 GC heap after
{Heap after GC invocations=8 (full 0):
 garbage-first heap   total 262144K, used 74339K [0x00000000e0000000, 0x0000000100000000)
  region size 1024K, 18 young (18432K), 18 survivors (18432K)
 Metaspace       used 49467K, capacity 50752K, committed 50992K, reserved 299008K
  class space    used 6301K, capacity 6771K, committed 6784K, reserved 253952K
}
Event: 7.646 GC heap before
{Heap before GC invocations=8 (full 0):
 garbage-first heap   total 262144K, used 196195K [0x00000000e0000000, 0x0000000100000000)
  region size 1024K, 129 young (132096K), 18 survivors (18432K)
 Metaspace       used 57757K, capacity 59511K, committed 59696K, reserved 307200K
  class space    used 7525K, capacity 8195K, committed 8320K, reserved 253952K
}
Event: 7.664 GC heap after
{Heap after GC invocations=9 (full 0):
 garbage-first heap   total 262144K, used 89496K [0x00000000e0000000, 0x0000000100000000)
  region size 1024K, 7 young (7168K), 7 survivors (7168K)
 Metaspace       used 57757K, capacity 59511K, committed 59696K, reserved 307200K
  class space    used 7525K, capacity 8195K, committed 8320K, reserved 253952K
}
Event: 8.160 GC heap before
{Heap before GC invocations=10 (full 0):
 garbage-first heap   total 262144K, used 166296K [0x00000000e0000000, 0x0000000100000000)
  region size 1024K, 51 young (52224K), 7 survivors (7168K)
 Metaspace       used 60968K, capacity 62903K, committed 63092K, reserved 309248K
  class space    used 7976K, capacity 8682K, committed 8704K, reserved 253952K
}
Event: 8.165 GC heap after
{Heap after GC invocations=11 (full 0):
 garbage-first heap   total 262144K, used 128287K [0x00000000e0000000, 0x0000000100000000)
  region size 1024K, 13 young (13312K), 13 survivors (13312K)
 Metaspace       used 60968K, capacity 62903K, committed 63092K, reserved 309248K
  class space    used 7976K, capacity 8682K, committed 8704K, reserved 253952K
}
Event: 8.582 GC heap before
{Heap before GC invocations=12 (full 0):
 garbage-first heap   total 262144K, used 217375K [0x00000000e0000000, 0x0000000100000000)
  region size 1024K, 88 young (90112K), 13 survivors (13312K)
 Metaspace       used 64350K, capacity 66466K, committed 66676K, reserved 313344K
  class space    used 8465K, capacity 9196K, committed 9216K, reserved 253952K
}
Event: 8.588 GC heap after
{Heap after GC invocations=13 (full 0):
 garbage-first heap   total 262144K, used 143193K [0x00000000e0000000, 0x0000000100000000)
  region size 1024K, 10 young (10240K), 10 survivors (10240K)
 Metaspace       used 64350K, capacity 66466K, committed 66676K, reserved 313344K
  class space    used 8465K, capacity 9196K, committed 9216K, reserved 253952K
}
Event: 9.419 GC heap before
{Heap before GC invocations=13 (full 0):
 garbage-first heap   total 262144K, used 212825K [0x00000000e0000000, 0x0000000100000000)
  region size 1024K, 78 young (79872K), 10 survivors (10240K)
 Metaspace       used 67761K, capacity 70159K, committed 70260K, reserved 315392K
  class space    used 8824K, capacity 9646K, committed 9728K, reserved 253952K
}
Event: 9.429 GC heap after
{Heap after GC invocations=14 (full 0):
 garbage-first heap   total 262144K, used 148600K [0x00000000e0000000, 0x0000000100000000)
  region size 1024K, 9 young (9216K), 9 survivors (9216K)
 Metaspace       used 67761K, capacity 70159K, committed 70260K, reserved 315392K
  class space    used 8824K, capacity 9646K, committed 9728K, reserved 253952K
}
Event: 10.155 GC heap before
{Heap before GC invocations=15 (full 0):
 garbage-first heap   total 262144K, used 215160K [0x00000000e0000000, 0x0000000100000000)
  region size 1024K, 74 young (75776K), 9 survivors (9216K)
 Metaspace       used 68890K, capacity 71208K, committed 71412K, reserved 317440K
  class space    used 8897K, capacity 9731K, committed 9856K, reserved 253952K
}
Event: 10.162 GC heap after
{Heap after GC invocations=16 (full 0):
 garbage-first heap   total 262144K, used 152850K [0x00000000e0000000, 0x0000000100000000)
  region size 1024K, 5 young (5120K), 5 survivors (5120K)
 Metaspace       used 68890K, capacity 71208K, committed 71412K, reserved 317440K
  class space    used 8897K, capacity 9731K, committed 9856K, reserved 253952K
}
Event: 10.609 GC heap before
{Heap before GC invocations=16 (full 0):
 garbage-first heap   total 262144K, used 218386K [0x00000000e0000000, 0x0000000100000000)
  region size 1024K, 69 young (70656K), 5 survivors (5120K)
 Metaspace       used 70562K, capacity 72977K, committed 73076K, reserved 317440K
  class space    used 9079K, capacity 9944K, committed 9984K, reserved 253952K
}
Event: 10.613 GC heap after
{Heap after GC invocations=17 (full 0):
 garbage-first heap   total 262144K, used 153852K [0x00000000e0000000, 0x0000000100000000)
  region size 1024K, 6 young (6144K), 6 survivors (6144K)
 Metaspace       used 70562K, capacity 72977K, committed 73076K, reserved 317440K
  class space    used 9079K, capacity 9944K, committed 9984K, reserved 253952K
}
Event: 10.916 GC heap before
{Heap before GC invocations=18 (full 0):
 garbage-first heap   total 262144K, used 177404K [0x00000000e0000000, 0x0000000100000000)
  region size 1024K, 31 young (31744K), 6 survivors (6144K)
 Metaspace       used 72311K, capacity 74670K, committed 74868K, reserved 319488K
  class space    used 9294K, capacity 10143K, committed 10240K, reserved 253952K
}
Event: 10.920 GC heap after
{Heap after GC invocations=19 (full 0):
 garbage-first heap   total 262144K, used 155060K [0x00000000e0000000, 0x0000000100000000)
  region size 1024K, 4 young (4096K), 4 survivors (4096K)
 Metaspace       used 72311K, capacity 74670K, committed 74868K, reserved 319488K
  class space    used 9294K, capacity 10143K, committed 10240K, reserved 253952K
}
Event: 11.350 GC heap before
{Heap before GC invocations=20 (full 0):
 garbage-first heap   total 262144K, used 216500K [0x00000000e0000000, 0x0000000100000000)
  region size 1024K, 63 young (64512K), 4 survivors (4096K)
 Metaspace       used 74260K, capacity 76705K, committed 76788K, reserved 321536K
  class space    used 9463K, capacity 10289K, committed 10368K, reserved 253952K
}
Event: 11.355 GC heap after
{Heap after GC invocations=21 (full 0):
 garbage-first heap   total 262144K, used 159373K [0x00000000e0000000, 0x0000000100000000)
  region size 1024K, 8 young (8192K), 8 survivors (8192K)
 Metaspace       used 74260K, capacity 76705K, committed 76788K, reserved 321536K
  class space    used 9463K, capacity 10289K, committed 10368K, reserved 253952K
}
Event: 64.594 GC heap before
{Heap before GC invocations=21 (full 0):
 garbage-first heap   total 262144K, used 217741K [0x00000000e0000000, 0x0000000100000000)
  region size 1024K, 65 young (66560K), 8 survivors (8192K)
 Metaspace       used 76385K, capacity 78953K, committed 79092K, reserved 323584K
  class space    used 9727K, capacity 10608K, committed 10624K, reserved 253952K
}
Event: 64.602 GC heap after
{Heap after GC invocations=22 (full 0):
 garbage-first heap   total 262144K, used 161836K [0x00000000e0000000, 0x0000000100000000)
  region size 1024K, 3 young (3072K), 3 survivors (3072K)
 Metaspace       used 76385K, capacity 78953K, committed 79092K, reserved 323584K
  class space    used 9727K, capacity 10608K, committed 10624K, reserved 253952K
}

Deoptimization events (20 events):
Event: 64.369 Thread 0x000001931c696000 Uncommon trap: trap_request=0xffffff4d fr.pc=0x000001931077bed4 relative=0x0000000000000034
Event: 64.369 Thread 0x000001931c696000 Uncommon trap: reason=unstable_if action=reinterpret pc=0x000001931077bed4 method=java.util.Formatter$Conversion.isGeneral(C)Z @ 1 c2
Event: 64.369 Thread 0x000001931c696000 DEOPT PACKING pc=0x000001931077bed4 sp=0x00000069078fe640
Event: 64.369 Thread 0x000001931c696000 DEOPT UNPACKING pc=0x00000193086ca1af sp=0x00000069078fe5c8 mode 2
Event: 64.393 Thread 0x000001931c696000 Uncommon trap: trap_request=0xffffff4d fr.pc=0x0000019310397a9c relative=0x000000000000007c
Event: 64.393 Thread 0x000001931c696000 Uncommon trap: reason=unstable_if action=reinterpret pc=0x0000019310397a9c method=java.util.Spliterator.getExactSizeIfKnown()J @ 9 c2
Event: 64.393 Thread 0x000001931c696000 DEOPT PACKING pc=0x0000019310397a9c sp=0x00000069078fc5f0
Event: 64.393 Thread 0x000001931c696000 DEOPT UNPACKING pc=0x00000193086ca1af sp=0x00000069078fc588 mode 2
Event: 64.433 Thread 0x000001931c696000 DEOPT PACKING pc=0x000001930948e14a sp=0x00000069078f8930
Event: 64.433 Thread 0x000001931c696000 DEOPT UNPACKING pc=0x00000193086ca95e sp=0x00000069078f7d90 mode 0
Event: 64.448 Thread 0x000001931c696000 Uncommon trap: trap_request=0xffffff4d fr.pc=0x00000193107c9ce0 relative=0x00000000000001a0
Event: 64.448 Thread 0x000001931c696000 Uncommon trap: reason=unstable_if action=reinterpret pc=0x00000193107c9ce0 method=org.gradle.internal.hash.HashCode.equals(Ljava/lang/Object;)Z @ 66 c2
Event: 64.448 Thread 0x000001931c696000 DEOPT PACKING pc=0x00000193107c9ce0 sp=0x00000069078f9400
Event: 64.448 Thread 0x000001931c696000 DEOPT UNPACKING pc=0x00000193086ca1af sp=0x00000069078f9388 mode 2
Event: 64.524 Thread 0x000001931c696000 DEOPT PACKING pc=0x0000019309722771 sp=0x00000069078f7570
Event: 64.524 Thread 0x000001931c696000 DEOPT UNPACKING pc=0x00000193086ca95e sp=0x00000069078f6a68 mode 0
Event: 64.541 Thread 0x000001931c696000 Uncommon trap: trap_request=0xffffffc6 fr.pc=0x00000193107a84ac relative=0x0000000000000bac
Event: 64.541 Thread 0x000001931c696000 Uncommon trap: reason=bimorphic_or_optimized_type_check action=maybe_recompile pc=0x00000193107a84ac method=java.util.HashMap.removeNode(ILjava/lang/Object;Ljava/lang/Object;ZZ)Ljava/util/HashMap$Node; @ 68 c2
Event: 64.541 Thread 0x000001931c696000 DEOPT PACKING pc=0x00000193107a84ac sp=0x00000069078f9510
Event: 64.541 Thread 0x000001931c696000 DEOPT UNPACKING pc=0x00000193086ca1af sp=0x00000069078f9498 mode 2

Classes redefined (0 events):
No events

Internal exceptions (20 events):
Event: 11.768 Thread 0x000001937fe3e800 Implicit null exception at 0x00000193102666f7 to 0x0000019310266c80
Event: 11.768 Thread 0x000001937fe3e800 Implicit null exception at 0x00000193101aa574 to 0x00000193101aab0c
Event: 64.367 Thread 0x000001931dc10000 Exception <a 'java/io/IOException'{0x00000000ed0c7638}> (0x00000000ed0c7638) thrown at [./src/hotspot/share/prims/jni.cpp, line 617]
Event: 64.388 Thread 0x000001931dc10000 Exception <a 'java/lang/NoSuchMethodError'{0x00000000ecfa0bb0}: <clinit>> (0x00000000ecfa0bb0) thrown at [./src/hotspot/share/prims/jni.cpp, line 1367]
Event: 64.389 Thread 0x000001931dc10000 Exception <a 'java/lang/NoSuchMethodError'{0x00000000ecfa9028}: <clinit>> (0x00000000ecfa9028) thrown at [./src/hotspot/share/prims/jni.cpp, line 1367]
Event: 64.422 Thread 0x000001931d628800 Exception <a 'sun/nio/fs/WindowsException'{0x00000000eceb8d88}> (0x00000000eceb8d88) thrown at [./src/hotspot/share/prims/jni.cpp, line 617]
Event: 64.428 Thread 0x000001931d628800 Exception <a 'sun/nio/fs/WindowsException'{0x00000000ecee6ad0}> (0x00000000ecee6ad0) thrown at [./src/hotspot/share/prims/jni.cpp, line 617]
Event: 64.429 Thread 0x000001931d628800 Exception <a 'sun/nio/fs/WindowsException'{0x00000000ecee6c38}> (0x00000000ecee6c38) thrown at [./src/hotspot/share/prims/jni.cpp, line 617]
Event: 64.433 Thread 0x000001931c696000 Exception <a 'java/lang/ClassNotFoundException'{0x00000000ecd147f8}: sync_studio_tooling1354_5o9705k8wccsekffzl012vc5yBeanInfo> (0x00000000ecd147f8) thrown at [./src/hotspot/share/classfile/systemDictionary.cpp, line 230]
Event: 64.433 Thread 0x000001931c696000 Exception <a 'java/lang/ClassNotFoundException'{0x00000000ecd22200}: sync_studio_tooling1354_5o9705k8wccsekffzl012vc5yCustomizer> (0x00000000ecd22200) thrown at [./src/hotspot/share/classfile/systemDictionary.cpp, line 230]
Event: 64.438 Thread 0x000001931c696000 Exception <a 'java/lang/ClassNotFoundException'{0x00000000ecd768a0}: sync_studio_tooling1354_5o9705k8wccsekffzl012vc5y$_run_closure1BeanInfo> (0x00000000ecd768a0) thrown at [./src/hotspot/share/classfile/systemDictionary.cpp, line 230]
Event: 64.438 Thread 0x000001931c696000 Exception <a 'java/lang/ClassNotFoundException'{0x00000000ecd7d988}: sync_studio_tooling1354_5o9705k8wccsekffzl012vc5y$_run_closure1Customizer> (0x00000000ecd7d988) thrown at [./src/hotspot/share/classfile/systemDictionary.cpp, line 230]
Event: 64.452 Thread 0x000001931c69f000 Exception <a 'sun/nio/fs/WindowsException'{0x00000000ecc212b0}> (0x00000000ecc212b0) thrown at [./src/hotspot/share/prims/jni.cpp, line 617]
Event: 64.458 Thread 0x000001931c69f000 Exception <a 'sun/nio/fs/WindowsException'{0x00000000ecc3fb40}> (0x00000000ecc3fb40) thrown at [./src/hotspot/share/prims/jni.cpp, line 617]
Event: 64.459 Thread 0x000001931c69f000 Exception <a 'sun/nio/fs/WindowsException'{0x00000000ecc3fc98}> (0x00000000ecc3fc98) thrown at [./src/hotspot/share/prims/jni.cpp, line 617]
Event: 64.465 Thread 0x000001931c696000 Exception <a 'java/lang/ClassNotFoundException'{0x00000000ecc6bbe0}: sync_studio_tooling1354_5o9705k8wccsekffzl012vc5yBeanInfo> (0x00000000ecc6bbe0) thrown at [./src/hotspot/share/classfile/systemDictionary.cpp, line 230]
Event: 64.465 Thread 0x000001931c696000 Exception <a 'java/lang/ClassNotFoundException'{0x00000000ecc79588}: sync_studio_tooling1354_5o9705k8wccsekffzl012vc5yCustomizer> (0x00000000ecc79588) thrown at [./src/hotspot/share/classfile/systemDictionary.cpp, line 230]
Event: 64.544 Thread 0x000001931c696000 Exception <a 'java/lang/ClassNotFoundException'{0x00000000ec85f2e0}: build_d561yeq80pi8ftwf3fprt5z58BeanInfo> (0x00000000ec85f2e0) thrown at [./src/hotspot/share/classfile/systemDictionary.cpp, line 230]
Event: 64.544 Thread 0x000001931c696000 Exception <a 'java/lang/ClassNotFoundException'{0x00000000ec86b130}: build_d561yeq80pi8ftwf3fprt5z58Customizer> (0x00000000ec86b130) thrown at [./src/hotspot/share/classfile/systemDictionary.cpp, line 230]
Event: 64.624 Thread 0x000001931c696000 Exception <a 'java/lang/NoClassDefFoundError'{0x00000000eff42f10}: org/jetbrains/kotlin/gradle/plugin/KotlinPluginWrapper> (0x00000000eff42f10) thrown at [./src/hotspot/share/oops/constantPool.cpp, line 775]

Events (20 events):
Event: 64.607 Thread 0x000001931c69b000 Thread added: 0x000001931c69b000
Event: 64.607 Thread 0x000001931c69b800 Thread added: 0x000001931c69b800
Event: 64.607 Thread 0x000001931c697000 Thread added: 0x000001931c697000
Event: 64.608 Thread 0x000001931c697800 Thread added: 0x000001931c697800
Event: 64.608 Executing VM operation: RevokeBias
Event: 64.608 Executing coalesced safepoint VM operation: RevokeBias
Event: 64.608 Executing coalesced safepoint VM operation: RevokeBias done
Event: 64.608 Executing coalesced safepoint VM operation: RevokeBias
Event: 64.608 Executing coalesced safepoint VM operation: RevokeBias done
Event: 64.608 Executing coalesced safepoint VM operation: RevokeBias
Event: 64.608 Executing coalesced safepoint VM operation: RevokeBias done
Event: 64.608 Executing coalesced safepoint VM operation: RevokeBias
Event: 64.608 Executing coalesced safepoint VM operation: RevokeBias done
Event: 64.608 Executing coalesced safepoint VM operation: RevokeBias
Event: 64.608 Executing coalesced safepoint VM operation: RevokeBias done
Event: 64.608 Executing VM operation: RevokeBias done
Event: 64.644 Executing VM operation: CGC_Operation
Event: 64.655 Executing VM operation: CGC_Operation done
Event: 64.676 Executing VM operation: CGC_Operation
Event: 64.676 Executing VM operation: CGC_Operation done


Dynamic libraries:
0x00007ff61c880000 - 0x00007ff61c88d000 	C:\Program Files\BellSoft\LibericaJDK-11\bin\java.exe
0x00007ff8ba6d0000 - 0x00007ff8ba8c8000 	C:\WINDOWS\SYSTEM32\ntdll.dll
0x00007ff8b8790000 - 0x00007ff8b884d000 	C:\WINDOWS\System32\KERNEL32.DLL
0x00007ff8b7df0000 - 0x00007ff8b80be000 	C:\WINDOWS\System32\KERNELBASE.dll
0x00007ff8b8390000 - 0x00007ff8b8490000 	C:\WINDOWS\System32\ucrtbase.dll
0x00007ff8b1fd0000 - 0x00007ff8b1fe7000 	C:\Program Files\BellSoft\LibericaJDK-11\bin\jli.dll
0x00007ff8b1fb0000 - 0x00007ff8b1fc5000 	C:\Program Files\BellSoft\LibericaJDK-11\bin\VCRUNTIME140.dll
0x00007ff8ba450000 - 0x00007ff8ba5f0000 	C:\WINDOWS\System32\USER32.dll
0x00007ff89f4a0000 - 0x00007ff89f73a000 	C:\WINDOWS\WinSxS\amd64_microsoft.windows.common-controls_6595b64144ccf1df_6.0.19041.1110_none_60b5254171f9507e\COMCTL32.dll
0x00007ff8b85f0000 - 0x00007ff8b8612000 	C:\WINDOWS\System32\win32u.dll
0x00007ff8b8850000 - 0x00007ff8b88ee000 	C:\WINDOWS\System32\msvcrt.dll
0x00007ff8b95e0000 - 0x00007ff8b960a000 	C:\WINDOWS\System32\GDI32.dll
0x00007ff8b8620000 - 0x00007ff8b872b000 	C:\WINDOWS\System32\gdi32full.dll
0x00007ff8b8240000 - 0x00007ff8b82dd000 	C:\WINDOWS\System32\msvcp_win.dll
0x00007ff8b9e50000 - 0x00007ff8b9e80000 	C:\WINDOWS\System32\IMM32.DLL
0x00007ff8b1000000 - 0x00007ff8b109b000 	C:\Program Files\BellSoft\LibericaJDK-11\bin\msvcp140.dll
0x00007ff878840000 - 0x00007ff8793bb000 	C:\Program Files\BellSoft\LibericaJDK-11\bin\server\jvm.dll
0x00007ff8b9370000 - 0x00007ff8b941e000 	C:\WINDOWS\System32\ADVAPI32.dll
0x00007ff8ba5f0000 - 0x00007ff8ba68c000 	C:\WINDOWS\System32\sechost.dll
0x00007ff8b9030000 - 0x00007ff8b9155000 	C:\WINDOWS\System32\RPCRT4.dll
0x00007ff8b9e80000 - 0x00007ff8b9e88000 	C:\WINDOWS\System32\PSAPI.DLL
0x00007ff8abbe0000 - 0x00007ff8abbea000 	C:\WINDOWS\SYSTEM32\VERSION.dll
0x00007ff8b4db0000 - 0x00007ff8b4dd7000 	C:\WINDOWS\SYSTEM32\WINMM.dll
0x00007ff88c8e0000 - 0x00007ff88c8e9000 	C:\WINDOWS\SYSTEM32\WSOCK32.dll
0x00007ff8b9610000 - 0x00007ff8b967b000 	C:\WINDOWS\System32\WS2_32.dll
0x00007ff8b6690000 - 0x00007ff8b66a2000 	C:\WINDOWS\SYSTEM32\kernel.appcore.dll
0x00007ff8b2320000 - 0x00007ff8b2330000 	C:\Program Files\BellSoft\LibericaJDK-11\bin\verify.dll
0x00007ff8b5700000 - 0x00007ff8b58e4000 	C:\WINDOWS\SYSTEM32\DBGHELP.DLL
0x00007ff8af890000 - 0x00007ff8af8bc000 	C:\WINDOWS\SYSTEM32\dbgcore.DLL
0x00007ff8b81b0000 - 0x00007ff8b8232000 	C:\WINDOWS\System32\bcryptPrimitives.dll
0x00007ff8b1120000 - 0x00007ff8b1148000 	C:\Program Files\BellSoft\LibericaJDK-11\bin\java.dll
0x00007ff8b1fa0000 - 0x00007ff8b1faa000 	C:\Program Files\BellSoft\LibericaJDK-11\bin\jimage.dll
0x00007ff8b1f40000 - 0x00007ff8b1f58000 	C:\Program Files\BellSoft\LibericaJDK-11\bin\zip.dll
0x00007ff8b9680000 - 0x00007ff8b9dc4000 	C:\WINDOWS\System32\SHELL32.dll
0x00007ff8b58f0000 - 0x00007ff8b6084000 	C:\WINDOWS\SYSTEM32\windows.storage.dll
0x00007ff8b9ef0000 - 0x00007ff8ba244000 	C:\WINDOWS\System32\combase.dll
0x00007ff8b77e0000 - 0x00007ff8b7810000 	C:\WINDOWS\SYSTEM32\Wldp.dll
0x00007ff8b8ef0000 - 0x00007ff8b8f9d000 	C:\WINDOWS\System32\SHCORE.dll
0x00007ff8b8730000 - 0x00007ff8b8785000 	C:\WINDOWS\System32\shlwapi.dll
0x00007ff8b7d30000 - 0x00007ff8b7d4f000 	C:\WINDOWS\SYSTEM32\profapi.dll
0x00007ff8b1ed0000 - 0x00007ff8b1ee9000 	C:\Program Files\BellSoft\LibericaJDK-11\bin\net.dll
0x00007ff8ae3f0000 - 0x00007ff8ae4fa000 	C:\WINDOWS\SYSTEM32\WINHTTP.dll
0x00007ff8b7540000 - 0x00007ff8b75aa000 	C:\WINDOWS\system32\mswsock.dll
0x00007ff8b10d0000 - 0x00007ff8b10e3000 	C:\Program Files\BellSoft\LibericaJDK-11\bin\nio.dll
0x00007ff8b0f10000 - 0x00007ff8b0f37000 	C:\Users\V\.gradle\native\e1d6ef7f7dcc3fd88c89a11ec53ec762bb8ba0a96d01ffa2cd45eb1d1d8dd5c5\windows-amd64\native-platform.dll
0x00007ff893c30000 - 0x00007ff893d74000 	C:\Users\V\.gradle\native\0d407fdbe67a94daf76414ababcb853783967236a71b16ec16e742cd7a986fd3\windows-amd64\native-platform-file-events.dll
0x00007ff8b0f60000 - 0x00007ff8b0f69000 	C:\Program Files\BellSoft\LibericaJDK-11\bin\management.dll
0x00007ff8b0f50000 - 0x00007ff8b0f5b000 	C:\Program Files\BellSoft\LibericaJDK-11\bin\management_ext.dll
0x00007ff8b7740000 - 0x00007ff8b7758000 	C:\WINDOWS\SYSTEM32\CRYPTSP.dll
0x00007ff8b6e30000 - 0x00007ff8b6e64000 	C:\WINDOWS\system32\rsaenh.dll
0x00007ff8b8180000 - 0x00007ff8b81a7000 	C:\WINDOWS\System32\bcrypt.dll
0x00007ff8b7cb0000 - 0x00007ff8b7cde000 	C:\WINDOWS\SYSTEM32\USERENV.dll
0x00007ff8b7730000 - 0x00007ff8b773c000 	C:\WINDOWS\SYSTEM32\CRYPTBASE.dll
0x00007ff8b7230000 - 0x00007ff8b726b000 	C:\WINDOWS\SYSTEM32\IPHLPAPI.DLL
0x00007ff8ba390000 - 0x00007ff8ba398000 	C:\WINDOWS\System32\NSI.dll
0x00007ff8b08e0000 - 0x00007ff8b08f7000 	C:\WINDOWS\SYSTEM32\dhcpcsvc6.DLL
0x00007ff8b08c0000 - 0x00007ff8b08dd000 	C:\WINDOWS\SYSTEM32\dhcpcsvc.DLL
0x00007ff8b7270000 - 0x00007ff8b733b000 	C:\WINDOWS\SYSTEM32\DNSAPI.dll

dbghelp: loaded successfully - version: 4.0.5 - missing functions: none
symbol engine: initialized successfully - sym options: 0x614 - pdb path: .;C:\Program Files\BellSoft\LibericaJDK-11\bin;C:\WINDOWS\SYSTEM32;C:\WINDOWS\WinSxS\amd64_microsoft.windows.common-controls_6595b64144ccf1df_6.0.19041.1110_none_60b5254171f9507e;C:\Program Files\BellSoft\LibericaJDK-11\bin\server;C:\Users\V\.gradle\native\e1d6ef7f7dcc3fd88c89a11ec53ec762bb8ba0a96d01ffa2cd45eb1d1d8dd5c5\windows-amd64;C:\Users\V\.gradle\native\0d407fdbe67a94daf76414ababcb853783967236a71b16ec16e742cd7a986fd3\windows-amd64

VM Arguments:
jvm_args: --add-opens=java.base/java.util=ALL-UNNAMED --add-opens=java.base/java.lang=ALL-UNNAMED --add-opens=java.base/java.lang.invoke=ALL-UNNAMED --add-opens=java.base/java.util=ALL-UNNAMED --add-opens=java.prefs/java.util.prefs=ALL-UNNAMED --add-opens=java.prefs/java.util.prefs=ALL-UNNAMED --add-opens=java.base/java.nio.charset=ALL-UNNAMED --add-opens=java.base/java.net=ALL-UNNAMED --add-opens=java.base/java.util.concurrent.atomic=ALL-UNNAMED -XX:MaxMetaspaceSize=256m -XX:+HeapDumpOnOutOfMemoryError -Xms256m -Xmx512m -Dfile.encoding=windows-1251 -Duser.country=RU -Duser.language=ru -Duser.variant 
java_command: org.gradle.launcher.daemon.bootstrap.GradleDaemon 7.4.1
java_class_path (initial): C:\Users\V\.gradle\wrapper\dists\gradle-7.4.1-bin\58kw26xllvsiedyf3nujyarhn\gradle-7.4.1\lib\gradle-launcher-7.4.1.jar
Launcher Type: SUN_STANDARD

[Global flags]
     intx CICompilerCount                          = 4                                         {product} {ergonomic}
   size_t CompressedClassSpaceSize                 = 260046848                                 {product} {ergonomic}
     uint ConcGCThreads                            = 3                                         {product} {ergonomic}
     uint G1ConcRefinementThreads                  = 10                                        {product} {ergonomic}
   size_t G1HeapRegionSize                         = 1048576                                   {product} {ergonomic}
    uintx GCDrainStackTargetSize                   = 64                                        {product} {ergonomic}
     bool HeapDumpOnOutOfMemoryError               = true                                   {manageable} {command line}
   size_t InitialHeapSize                          = 268435456                                 {product} {command line}
   size_t MarkStackSize                            = 4194304                                   {product} {ergonomic}
   size_t MaxHeapSize                              = 536870912                                 {product} {command line}
   size_t MaxMetaspaceSize                         = 268435456                                 {product} {command line}
   size_t MaxNewSize                               = 321912832                                 {product} {ergonomic}
   size_t MinHeapDeltaBytes                        = 1048576                                   {product} {ergonomic}
    uintx NonNMethodCodeHeapSize                   = 5836300                                {pd product} {ergonomic}
    uintx NonProfiledCodeHeapSize                  = 122910970                              {pd product} {ergonomic}
    uintx ProfiledCodeHeapSize                     = 122910970                              {pd product} {ergonomic}
    uintx ReservedCodeCacheSize                    = 251658240                              {pd product} {ergonomic}
     bool SegmentedCodeCache                       = true                                      {product} {ergonomic}
     bool UseCompressedClassPointers               = true                                 {lp64_product} {ergonomic}
     bool UseCompressedOops                        = true                                 {lp64_product} {ergonomic}
     bool UseG1GC                                  = true                                      {product} {ergonomic}
     bool UseLargePagesIndividualAllocation        = false                                  {pd product} {ergonomic}

Logging:
Log output configuration:
 #0: stdout all=warning uptime,level,tags
 #1: stderr all=off uptime,level,tags

Environment Variables:
JAVA_HOME=C:\Program Files\BellSoft\LibericaJDK-11\
PATH=C:\Program Files\BellSoft\LibericaJDK-11\bin\;C:\WINDOWS\system32;C:\WINDOWS;C:\WINDOWS\System32\Wbem;C:\WINDOWS\System32\WindowsPowerShell\v1.0\;C:\WINDOWS\System32\OpenSSH\;C:\Program Files\Docker\Docker\resources\bin;C:\ProgramData\DockerDesktop\version-bin;C:\Program Files\Git\cmd;C:\Users\V\AppData\Local\Microsoft\WindowsApps;
USERNAME=V
OS=Windows_NT
PROCESSOR_IDENTIFIER=AMD64 Family 23 Model 96 Stepping 1, AuthenticAMD



---------------  S Y S T E M  ---------------

OS: Windows 10 , 64 bit Build 19041 (10.0.19041.1806)
OS uptime: 9 days 1:14 hours
Hyper-V role detected

CPU:total 12 (initial active 12) (12 cores per cpu, 2 threads per core) family 23 model 96 stepping 1 microcode 0x0, cmov, cx8, fxsr, mmx, sse, sse2, sse3, ssse3, sse4.1, sse4.2, popcnt, avx, avx2, aes, clmul, mmxext, 3dnowpref, lzcnt, sse4a, ht, tsc, tscinvbit, tscinv, bmi1, bmi2, adx, sha, fma

Memory: 4k page, system-wide physical 15741M (2871M free)
TotalPageFile size 30741M (AvailPageFile size 4M)
current process WorkingSet (physical memory assigned to process): 490M, peak: 508M
current process commit charge ("private bytes"): 545M, peak: 564M

vm_info: OpenJDK 64-Bit Server VM (11.0.15.1+2-LTS) for windows-amd64 JRE (11.0.15.1+2-LTS), built on May 26 2022 19:26:10 by "" with unknown MS VC++:1916

END.
